[2025-04-21T14:35:56.630+0800] {local_task_job_runner.py:123} INFO - ::group::Pre task execution logs
[2025-04-21T14:35:56.636+0800] {taskinstance.py:2614} INFO - Dependencies all met for dep_context=non-requeueable deps ti=<TaskInstance: weather_etl.fetch_weather manual__2025-04-21T06:28:01.929813+00:00 [queued]>
[2025-04-21T14:35:56.639+0800] {taskinstance.py:2614} INFO - Dependencies all met for dep_context=requeueable deps ti=<TaskInstance: weather_etl.fetch_weather manual__2025-04-21T06:28:01.929813+00:00 [queued]>
[2025-04-21T14:35:56.640+0800] {taskinstance.py:2867} INFO - Starting attempt 3 of 4
[2025-04-21T14:35:56.647+0800] {taskinstance.py:2890} INFO - Executing <Task(PythonOperator): fetch_weather> on 2025-04-21 06:28:01.929813+00:00
[2025-04-21T14:35:56.651+0800] {standard_task_runner.py:72} INFO - Started process 8427 to run task
[2025-04-21T14:35:56.655+0800] {standard_task_runner.py:104} INFO - Running: ['airflow', 'tasks', 'run', 'weather_etl', 'fetch_weather', 'manual__2025-04-21T06:28:01.929813+00:00', '--job-id', '12', '--raw', '--subdir', 'DAGS_FOLDER/weather_etl_dag.py', '--cfg-path', '/var/folders/mz/6xjq0zld5fj5_cth7lsfpxlr0000gp/T/tmpuxqcolre']
[2025-04-21T14:35:56.657+0800] {standard_task_runner.py:105} INFO - Job 12: Subtask fetch_weather
[2025-04-21T14:35:56.684+0800] {task_command.py:467} INFO - Running <TaskInstance: weather_etl.fetch_weather manual__2025-04-21T06:28:01.929813+00:00 [running]> on host luiss-mbp.realtek
[2025-04-21T14:35:56.717+0800] {taskinstance.py:3134} INFO - Exporting env vars: AIRFLOW_CTX_DAG_OWNER='you' AIRFLOW_CTX_DAG_ID='weather_etl' AIRFLOW_CTX_TASK_ID='fetch_weather' AIRFLOW_CTX_EXECUTION_DATE='2025-04-21T06:28:01.929813+00:00' AIRFLOW_CTX_TRY_NUMBER='3' AIRFLOW_CTX_DAG_RUN_ID='manual__2025-04-21T06:28:01.929813+00:00'
[2025-04-21T14:35:56.717+0800] {logging_mixin.py:190} INFO - Task instance is in running state
[2025-04-21T14:35:56.718+0800] {logging_mixin.py:190} INFO -  Previous state of the Task instance: queued
[2025-04-21T14:35:56.718+0800] {logging_mixin.py:190} INFO - Current task name:fetch_weather state:running start_date:2025-04-21 06:35:56.636951+00:00
[2025-04-21T14:35:56.718+0800] {logging_mixin.py:190} INFO - Dag name:weather_etl and current dag run status:running
[2025-04-21T14:35:56.718+0800] {taskinstance.py:732} INFO - ::endgroup::
[2025-04-21T14:35:56.719+0800] {fetch_weather.py:12} INFO - Starting the fetch_weather function.
[2025-04-21T14:35:56.719+0800] {fetch_weather.py:22} INFO - Sending request to http://api.weatherapi.com/v1/current.json with params {'key': '2d400348a10b463586852804252104', 'q': 'Singapore', 'aqi': 'no'}
[2025-04-21T14:35:56.995+0800] {local_task_job_runner.py:266} INFO - Task exited with return code -9. For more information, see https://airflow.apache.org/docs/apache-airflow/stable/troubleshooting.html#LocalTaskJob-killed
[2025-04-21T14:35:57.007+0800] {taskinstance.py:3901} INFO - 0 downstream tasks scheduled from follow-on schedule check
[2025-04-21T14:35:57.008+0800] {local_task_job_runner.py:245} INFO - ::endgroup::
