[2025-04-21T15:09:26.274+0800] {local_task_job_runner.py:123} INFO - ::group::Pre task execution logs
[2025-04-21T15:09:26.279+0800] {taskinstance.py:2614} INFO - Dependencies all met for dep_context=non-requeueable deps ti=<TaskInstance: weather_etl.fetch_weather manual__2025-04-21T07:00:36.233762+00:00 [queued]>
[2025-04-21T15:09:26.282+0800] {taskinstance.py:2614} INFO - Dependencies all met for dep_context=requeueable deps ti=<TaskInstance: weather_etl.fetch_weather manual__2025-04-21T07:00:36.233762+00:00 [queued]>
[2025-04-21T15:09:26.282+0800] {taskinstance.py:2867} INFO - Starting attempt 4 of 5
[2025-04-21T15:09:26.286+0800] {taskinstance.py:2890} INFO - Executing <Task(PythonOperator): fetch_weather> on 2025-04-21 07:00:36.233762+00:00
[2025-04-21T15:09:26.289+0800] {standard_task_runner.py:72} INFO - Started process 12495 to run task
[2025-04-21T15:09:26.293+0800] {standard_task_runner.py:104} INFO - Running: ['airflow', 'tasks', 'run', 'weather_etl', 'fetch_weather', 'manual__2025-04-21T07:00:36.233762+00:00', '--job-id', '12', '--raw', '--subdir', 'DAGS_FOLDER/weather_etl_dag.py', '--cfg-path', '/var/folders/mz/6xjq0zld5fj5_cth7lsfpxlr0000gp/T/tmpws7kz6sa']
[2025-04-21T15:09:26.294+0800] {standard_task_runner.py:105} INFO - Job 12: Subtask fetch_weather
[2025-04-21T15:09:26.323+0800] {task_command.py:467} INFO - Running <TaskInstance: weather_etl.fetch_weather manual__2025-04-21T07:00:36.233762+00:00 [running]> on host luiss-mbp.realtek
[2025-04-21T15:09:26.346+0800] {taskinstance.py:3134} INFO - Exporting env vars: AIRFLOW_CTX_DAG_OWNER='you' AIRFLOW_CTX_DAG_ID='weather_etl' AIRFLOW_CTX_TASK_ID='fetch_weather' AIRFLOW_CTX_EXECUTION_DATE='2025-04-21T07:00:36.233762+00:00' AIRFLOW_CTX_TRY_NUMBER='4' AIRFLOW_CTX_DAG_RUN_ID='manual__2025-04-21T07:00:36.233762+00:00'
[2025-04-21T15:09:26.347+0800] {logging_mixin.py:190} INFO - Task instance is in running state
[2025-04-21T15:09:26.347+0800] {logging_mixin.py:190} INFO -  Previous state of the Task instance: queued
[2025-04-21T15:09:26.347+0800] {logging_mixin.py:190} INFO - Current task name:fetch_weather state:running start_date:2025-04-21 07:09:26.279594+00:00
[2025-04-21T15:09:26.348+0800] {logging_mixin.py:190} INFO - Dag name:weather_etl and current dag run status:running
[2025-04-21T15:09:26.348+0800] {taskinstance.py:732} INFO - ::endgroup::
[2025-04-21T15:09:26.348+0800] {fetch_weather.py:12} INFO - Starting the fetch_weather function.
[2025-04-21T15:09:26.348+0800] {fetch_weather.py:22} INFO - Sending request to http://api.weatherapi.com/v1/current.json with params {'key': '2d400348a10b463586852804252104', 'q': 'Singapore', 'aqi': 'no'}
[2025-04-21T15:09:26.552+0800] {local_task_job_runner.py:266} INFO - Task exited with return code -9. For more information, see https://airflow.apache.org/docs/apache-airflow/stable/troubleshooting.html#LocalTaskJob-killed
[2025-04-21T15:09:26.560+0800] {taskinstance.py:3901} INFO - 0 downstream tasks scheduled from follow-on schedule check
[2025-04-21T15:09:26.560+0800] {local_task_job_runner.py:245} INFO - ::endgroup::
