[2025-04-21T15:06:23.336+0800] {local_task_job_runner.py:123} INFO - ::group::Pre task execution logs
[2025-04-21T15:06:23.341+0800] {taskinstance.py:2614} INFO - Dependencies all met for dep_context=non-requeueable deps ti=<TaskInstance: weather_etl.fetch_weather manual__2025-04-21T07:00:36.233762+00:00 [queued]>
[2025-04-21T15:06:23.343+0800] {taskinstance.py:2614} INFO - Dependencies all met for dep_context=requeueable deps ti=<TaskInstance: weather_etl.fetch_weather manual__2025-04-21T07:00:36.233762+00:00 [queued]>
[2025-04-21T15:06:23.343+0800] {taskinstance.py:2867} INFO - Starting attempt 3 of 4
[2025-04-21T15:06:23.349+0800] {taskinstance.py:2890} INFO - Executing <Task(PythonOperator): fetch_weather> on 2025-04-21 07:00:36.233762+00:00
[2025-04-21T15:06:23.353+0800] {standard_task_runner.py:72} INFO - Started process 12128 to run task
[2025-04-21T15:06:23.356+0800] {standard_task_runner.py:104} INFO - Running: ['airflow', 'tasks', 'run', 'weather_etl', 'fetch_weather', 'manual__2025-04-21T07:00:36.233762+00:00', '--job-id', '10', '--raw', '--subdir', 'DAGS_FOLDER/weather_etl_dag.py', '--cfg-path', '/var/folders/mz/6xjq0zld5fj5_cth7lsfpxlr0000gp/T/tmp2xwrt3ys']
[2025-04-21T15:06:23.357+0800] {standard_task_runner.py:105} INFO - Job 10: Subtask fetch_weather
[2025-04-21T15:06:23.383+0800] {task_command.py:467} INFO - Running <TaskInstance: weather_etl.fetch_weather manual__2025-04-21T07:00:36.233762+00:00 [running]> on host luiss-mbp.realtek
[2025-04-21T15:06:23.408+0800] {taskinstance.py:3134} INFO - Exporting env vars: AIRFLOW_CTX_DAG_OWNER='you' AIRFLOW_CTX_DAG_ID='weather_etl' AIRFLOW_CTX_TASK_ID='fetch_weather' AIRFLOW_CTX_EXECUTION_DATE='2025-04-21T07:00:36.233762+00:00' AIRFLOW_CTX_TRY_NUMBER='3' AIRFLOW_CTX_DAG_RUN_ID='manual__2025-04-21T07:00:36.233762+00:00'
[2025-04-21T15:06:23.408+0800] {logging_mixin.py:190} INFO - Task instance is in running state
[2025-04-21T15:06:23.409+0800] {logging_mixin.py:190} INFO -  Previous state of the Task instance: queued
[2025-04-21T15:06:23.409+0800] {logging_mixin.py:190} INFO - Current task name:fetch_weather state:running start_date:2025-04-21 07:06:23.341222+00:00
[2025-04-21T15:06:23.409+0800] {logging_mixin.py:190} INFO - Dag name:weather_etl and current dag run status:running
[2025-04-21T15:06:23.409+0800] {taskinstance.py:732} INFO - ::endgroup::
[2025-04-21T15:06:23.409+0800] {fetch_weather.py:11} INFO - Starting the simplified fetch_weather function.
[2025-04-21T15:06:23.410+0800] {fetch_weather.py:22} INFO - Saving fetched data: {'location': 'Singapore', 'temperature': 30, 'condition': 'Sunny'}
[2025-04-21T15:06:23.411+0800] {fetch_weather.py:27} INFO - Weather data saved successfully.
[2025-04-21T15:06:23.411+0800] {python.py:240} INFO - Done. Returned value was: None
[2025-04-21T15:06:23.413+0800] {taskinstance.py:341} INFO - ::group::Post task execution logs
[2025-04-21T15:06:23.414+0800] {taskinstance.py:353} INFO - Marking task as SUCCESS. dag_id=weather_etl, task_id=fetch_weather, run_id=manual__2025-04-21T07:00:36.233762+00:00, execution_date=20250421T070036, start_date=20250421T070623, end_date=20250421T070623
[2025-04-21T15:06:23.420+0800] {logging_mixin.py:190} INFO - Task instance in success state
[2025-04-21T15:06:23.420+0800] {logging_mixin.py:190} INFO -  Previous state of the Task instance: running
[2025-04-21T15:06:23.420+0800] {logging_mixin.py:190} INFO - Dag name:weather_etl queued_at:2025-04-21 07:00:36.252279+00:00
[2025-04-21T15:06:23.420+0800] {logging_mixin.py:190} INFO - Task hostname:luiss-mbp.realtek operator:PythonOperator
[2025-04-21T15:06:23.450+0800] {local_task_job_runner.py:266} INFO - Task exited with return code 0
[2025-04-21T15:06:23.462+0800] {taskinstance.py:3901} INFO - 1 downstream tasks scheduled from follow-on schedule check
[2025-04-21T15:06:23.463+0800] {local_task_job_runner.py:245} INFO - ::endgroup::
