[2025-04-21T16:56:28.319+0800] {local_task_job_runner.py:123} INFO - ::group::Pre task execution logs
[2025-04-21T16:56:28.323+0800] {taskinstance.py:2614} INFO - Dependencies all met for dep_context=non-requeueable deps ti=<TaskInstance: weather_etl.clean_weather manual__2025-04-21T07:00:36.233762+00:00 [queued]>
[2025-04-21T16:56:28.326+0800] {taskinstance.py:2614} INFO - Dependencies all met for dep_context=requeueable deps ti=<TaskInstance: weather_etl.clean_weather manual__2025-04-21T07:00:36.233762+00:00 [queued]>
[2025-04-21T16:56:28.326+0800] {taskinstance.py:2867} INFO - Starting attempt 8 of 8
[2025-04-21T16:56:28.332+0800] {taskinstance.py:2890} INFO - Executing <Task(PythonOperator): clean_weather> on 2025-04-21 07:00:36.233762+00:00
[2025-04-21T16:56:28.335+0800] {standard_task_runner.py:72} INFO - Started process 22229 to run task
[2025-04-21T16:56:28.338+0800] {standard_task_runner.py:104} INFO - Running: ['airflow', 'tasks', 'run', 'weather_etl', 'clean_weather', 'manual__2025-04-21T07:00:36.233762+00:00', '--job-id', '41', '--raw', '--subdir', 'DAGS_FOLDER/weather_etl_dag.py', '--cfg-path', '/var/folders/mz/6xjq0zld5fj5_cth7lsfpxlr0000gp/T/tmpy_gvsg2k']
[2025-04-21T16:56:28.339+0800] {standard_task_runner.py:105} INFO - Job 41: Subtask clean_weather
[2025-04-21T16:56:28.357+0800] {task_command.py:467} INFO - Running <TaskInstance: weather_etl.clean_weather manual__2025-04-21T07:00:36.233762+00:00 [running]> on host luiss-mbp.realtek
[2025-04-21T16:56:28.385+0800] {taskinstance.py:3134} INFO - Exporting env vars: AIRFLOW_CTX_DAG_OWNER='you' AIRFLOW_CTX_DAG_ID='weather_etl' AIRFLOW_CTX_TASK_ID='clean_weather' AIRFLOW_CTX_EXECUTION_DATE='2025-04-21T07:00:36.233762+00:00' AIRFLOW_CTX_TRY_NUMBER='8' AIRFLOW_CTX_DAG_RUN_ID='manual__2025-04-21T07:00:36.233762+00:00'
[2025-04-21T16:56:28.386+0800] {logging_mixin.py:190} INFO - Task instance is in running state
[2025-04-21T16:56:28.386+0800] {logging_mixin.py:190} INFO -  Previous state of the Task instance: queued
[2025-04-21T16:56:28.386+0800] {logging_mixin.py:190} INFO - Current task name:clean_weather state:running start_date:2025-04-21 08:56:28.323835+00:00
[2025-04-21T16:56:28.386+0800] {logging_mixin.py:190} INFO - Dag name:weather_etl and current dag run status:running
[2025-04-21T16:56:28.386+0800] {taskinstance.py:732} INFO - ::endgroup::
[2025-04-21T16:56:28.387+0800] {weather_etl_dag.py:64} INFO - Starting the clean_weather function.
[2025-04-21T16:56:28.387+0800] {weather_etl_dag.py:86} ERROR - Data format is incorrect. Please check the raw weather data.
[2025-04-21T16:56:28.387+0800] {python.py:240} INFO - Done. Returned value was: None
[2025-04-21T16:56:28.390+0800] {taskinstance.py:341} INFO - ::group::Post task execution logs
[2025-04-21T16:56:28.390+0800] {taskinstance.py:353} INFO - Marking task as SUCCESS. dag_id=weather_etl, task_id=clean_weather, run_id=manual__2025-04-21T07:00:36.233762+00:00, execution_date=20250421T070036, start_date=20250421T085628, end_date=20250421T085628
[2025-04-21T16:56:28.397+0800] {logging_mixin.py:190} INFO - Task instance in success state
[2025-04-21T16:56:28.397+0800] {logging_mixin.py:190} INFO -  Previous state of the Task instance: running
[2025-04-21T16:56:28.397+0800] {logging_mixin.py:190} INFO - Dag name:weather_etl queued_at:2025-04-21 08:56:26.662004+00:00
[2025-04-21T16:56:28.397+0800] {logging_mixin.py:190} INFO - Task hostname:luiss-mbp.realtek operator:PythonOperator
[2025-04-21T16:56:28.431+0800] {local_task_job_runner.py:266} INFO - Task exited with return code 0
[2025-04-21T16:56:28.441+0800] {taskinstance.py:3901} INFO - 1 downstream tasks scheduled from follow-on schedule check
[2025-04-21T16:56:28.442+0800] {local_task_job_runner.py:245} INFO - ::endgroup::
