[2025-04-21T14:42:44.276+0800] {local_task_job_runner.py:123} INFO - ::group::Pre task execution logs
[2025-04-21T14:42:44.282+0800] {taskinstance.py:2614} INFO - Dependencies all met for dep_context=non-requeueable deps ti=<TaskInstance: weather_etl.fetch_weather manual__2025-04-21T06:42:41.627658+00:00 [queued]>
[2025-04-21T14:42:44.285+0800] {taskinstance.py:2614} INFO - Dependencies all met for dep_context=requeueable deps ti=<TaskInstance: weather_etl.fetch_weather manual__2025-04-21T06:42:41.627658+00:00 [queued]>
[2025-04-21T14:42:44.285+0800] {taskinstance.py:2867} INFO - Starting attempt 1 of 2
[2025-04-21T14:42:44.292+0800] {taskinstance.py:2890} INFO - Executing <Task(PythonOperator): fetch_weather> on 2025-04-21 06:42:41.627658+00:00
[2025-04-21T14:42:44.296+0800] {standard_task_runner.py:72} INFO - Started process 9397 to run task
[2025-04-21T14:42:44.299+0800] {standard_task_runner.py:104} INFO - Running: ['airflow', 'tasks', 'run', 'weather_etl', 'fetch_weather', 'manual__2025-04-21T06:42:41.627658+00:00', '--job-id', '14', '--raw', '--subdir', 'DAGS_FOLDER/weather_etl_dag.py', '--cfg-path', '/var/folders/mz/6xjq0zld5fj5_cth7lsfpxlr0000gp/T/tmpuv7u1scr']
[2025-04-21T14:42:44.301+0800] {standard_task_runner.py:105} INFO - Job 14: Subtask fetch_weather
[2025-04-21T14:42:44.323+0800] {task_command.py:467} INFO - Running <TaskInstance: weather_etl.fetch_weather manual__2025-04-21T06:42:41.627658+00:00 [running]> on host luiss-mbp.realtek
[2025-04-21T14:42:44.354+0800] {taskinstance.py:3134} INFO - Exporting env vars: AIRFLOW_CTX_DAG_OWNER='you' AIRFLOW_CTX_DAG_ID='weather_etl' AIRFLOW_CTX_TASK_ID='fetch_weather' AIRFLOW_CTX_EXECUTION_DATE='2025-04-21T06:42:41.627658+00:00' AIRFLOW_CTX_TRY_NUMBER='1' AIRFLOW_CTX_DAG_RUN_ID='manual__2025-04-21T06:42:41.627658+00:00'
[2025-04-21T14:42:44.355+0800] {logging_mixin.py:190} INFO - Task instance is in running state
[2025-04-21T14:42:44.355+0800] {logging_mixin.py:190} INFO -  Previous state of the Task instance: queued
[2025-04-21T14:42:44.356+0800] {logging_mixin.py:190} INFO - Current task name:fetch_weather state:running start_date:2025-04-21 06:42:44.282521+00:00
[2025-04-21T14:42:44.356+0800] {logging_mixin.py:190} INFO - Dag name:weather_etl and current dag run status:running
[2025-04-21T14:42:44.356+0800] {taskinstance.py:732} INFO - ::endgroup::
[2025-04-21T14:42:44.356+0800] {fetch_weather.py:12} INFO - Starting the fetch_weather function.
[2025-04-21T14:42:44.357+0800] {fetch_weather.py:22} INFO - Sending request to http://api.weatherapi.com/v1/current.json with params {'key': '2d400348a10b463586852804252104', 'q': 'Singapore', 'aqi': 'no'}
[2025-04-21T14:42:44.599+0800] {local_task_job_runner.py:266} INFO - Task exited with return code -9. For more information, see https://airflow.apache.org/docs/apache-airflow/stable/troubleshooting.html#LocalTaskJob-killed
[2025-04-21T14:42:44.610+0800] {taskinstance.py:3901} INFO - 0 downstream tasks scheduled from follow-on schedule check
[2025-04-21T14:42:44.611+0800] {local_task_job_runner.py:245} INFO - ::endgroup::
[2025-04-21T14:49:01.210+0800] {executor_loader.py:258} INFO - Loaded executor: SequentialExecutor
[2025-04-21T14:49:01.211+0800] {logging_mixin.py:190} INFO - Sending to executor.
[2025-04-21T14:49:01.211+0800] {base_executor.py:169} INFO - Adding to queue: ['airflow', 'tasks', 'run', 'weather_etl', 'fetch_weather', 'manual__2025-04-21T06:42:41.627658+00:00', '--local', '--pool', 'default_pool', '--subdir', 'DAGS_FOLDER/weather_etl_dag.py']
[2025-04-21T14:49:01.211+0800] {sequential_executor.py:84} INFO - Executing command: ['airflow', 'tasks', 'run', 'weather_etl', 'fetch_weather', 'manual__2025-04-21T06:42:41.627658+00:00', '--local', '--pool', 'default_pool', '--subdir', 'DAGS_FOLDER/weather_etl_dag.py']
[2025-04-21T14:49:02.386+0800] {local_task_job_runner.py:123} INFO - ::group::Pre task execution logs
[2025-04-21T14:49:02.391+0800] {taskinstance.py:2614} INFO - Dependencies all met for dep_context=non-requeueable deps ti=<TaskInstance: weather_etl.fetch_weather manual__2025-04-21T06:42:41.627658+00:00 [up_for_retry]>
[2025-04-21T14:49:02.394+0800] {taskinstance.py:2614} INFO - Dependencies all met for dep_context=requeueable deps ti=<TaskInstance: weather_etl.fetch_weather manual__2025-04-21T06:42:41.627658+00:00 [up_for_retry]>
[2025-04-21T14:49:02.394+0800] {taskinstance.py:2867} INFO - Starting attempt 1 of 2
[2025-04-21T14:49:02.398+0800] {taskinstance.py:2890} INFO - Executing <Task(PythonOperator): fetch_weather> on 2025-04-21 06:42:41.627658+00:00
[2025-04-21T14:49:02.401+0800] {standard_task_runner.py:72} INFO - Started process 9945 to run task
[2025-04-21T14:49:02.405+0800] {standard_task_runner.py:104} INFO - Running: ['airflow', 'tasks', 'run', 'weather_etl', 'fetch_weather', 'manual__2025-04-21T06:42:41.627658+00:00', '--job-id', '15', '--pool', 'default_pool', '--raw', '--subdir', 'DAGS_FOLDER/weather_etl_dag.py', '--cfg-path', '/var/folders/mz/6xjq0zld5fj5_cth7lsfpxlr0000gp/T/tmpke1e22di']
[2025-04-21T14:49:02.405+0800] {standard_task_runner.py:105} INFO - Job 15: Subtask fetch_weather
[2025-04-21T14:49:02.428+0800] {task_command.py:467} INFO - Running <TaskInstance: weather_etl.fetch_weather manual__2025-04-21T06:42:41.627658+00:00 [running]> on host luiss-mbp.realtek
[2025-04-21T14:49:02.449+0800] {taskinstance.py:3134} INFO - Exporting env vars: AIRFLOW_CTX_DAG_OWNER='you' AIRFLOW_CTX_DAG_ID='weather_etl' AIRFLOW_CTX_TASK_ID='fetch_weather' AIRFLOW_CTX_EXECUTION_DATE='2025-04-21T06:42:41.627658+00:00' AIRFLOW_CTX_TRY_NUMBER='1' AIRFLOW_CTX_DAG_RUN_ID='manual__2025-04-21T06:42:41.627658+00:00'
[2025-04-21T14:49:02.450+0800] {logging_mixin.py:190} INFO - Task instance is in running state
[2025-04-21T14:49:02.450+0800] {logging_mixin.py:190} INFO -  Previous state of the Task instance: queued
[2025-04-21T14:49:02.450+0800] {logging_mixin.py:190} INFO - Current task name:fetch_weather state:running start_date:2025-04-21 06:49:02.391605+00:00
[2025-04-21T14:49:02.450+0800] {logging_mixin.py:190} INFO - Dag name:weather_etl and current dag run status:running
[2025-04-21T14:49:02.450+0800] {taskinstance.py:732} INFO - ::endgroup::
[2025-04-21T14:49:02.451+0800] {fetch_weather.py:12} INFO - Starting the fetch_weather function.
[2025-04-21T14:49:02.451+0800] {fetch_weather.py:22} INFO - Sending request to http://api.weatherapi.com/v1/current.json with params {'key': '2d400348a10b463586852804252104', 'q': 'Singapore', 'aqi': 'no'}
[2025-04-21T14:49:02.622+0800] {local_task_job_runner.py:266} INFO - Task exited with return code -9. For more information, see https://airflow.apache.org/docs/apache-airflow/stable/troubleshooting.html#LocalTaskJob-killed
[2025-04-21T14:49:02.630+0800] {taskinstance.py:3901} INFO - 0 downstream tasks scheduled from follow-on schedule check
[2025-04-21T14:49:02.630+0800] {local_task_job_runner.py:245} INFO - ::endgroup::
