[2025-04-21T13:42:59.208+0800] {processor.py:186} INFO - Started process (PID=1464) to work on /Users/luisl/Library/Python/3.9/lib/python/site-packages/airflow/example_dags/example_complex.py
[2025-04-21T13:42:59.211+0800] {processor.py:914} INFO - Processing file /Users/luisl/Library/Python/3.9/lib/python/site-packages/airflow/example_dags/example_complex.py for tasks to queue
[2025-04-21T13:42:59.211+0800] {logging_mixin.py:190} INFO - [2025-04-21T13:42:59.211+0800] {dagbag.py:588} INFO - Filling up the DagBag from /Users/luisl/Library/Python/3.9/lib/python/site-packages/airflow/example_dags/example_complex.py
[2025-04-21T13:42:59.220+0800] {processor.py:925} INFO - DAG(s) 'example_complex' retrieved from /Users/luisl/Library/Python/3.9/lib/python/site-packages/airflow/example_dags/example_complex.py
[2025-04-21T13:42:59.331+0800] {logging_mixin.py:190} INFO - [2025-04-21T13:42:59.331+0800] {override.py:1930} INFO - Created Permission View: can delete on DAG:example_complex
[2025-04-21T13:42:59.336+0800] {logging_mixin.py:190} INFO - [2025-04-21T13:42:59.336+0800] {override.py:1930} INFO - Created Permission View: can edit on DAG:example_complex
[2025-04-21T13:42:59.338+0800] {logging_mixin.py:190} INFO - [2025-04-21T13:42:59.338+0800] {override.py:1930} INFO - Created Permission View: can read on DAG:example_complex
[2025-04-21T13:42:59.342+0800] {logging_mixin.py:190} INFO - [2025-04-21T13:42:59.342+0800] {override.py:1930} INFO - Created Permission View: menu access on DAG Run:example_complex
[2025-04-21T13:42:59.344+0800] {logging_mixin.py:190} INFO - [2025-04-21T13:42:59.344+0800] {override.py:1930} INFO - Created Permission View: can create on DAG Run:example_complex
[2025-04-21T13:42:59.347+0800] {logging_mixin.py:190} INFO - [2025-04-21T13:42:59.347+0800] {override.py:1930} INFO - Created Permission View: can delete on DAG Run:example_complex
[2025-04-21T13:42:59.350+0800] {logging_mixin.py:190} INFO - [2025-04-21T13:42:59.350+0800] {override.py:1930} INFO - Created Permission View: can read on DAG Run:example_complex
[2025-04-21T13:42:59.350+0800] {logging_mixin.py:190} INFO - [2025-04-21T13:42:59.350+0800] {dag.py:3239} INFO - Sync 1 DAGs
[2025-04-21T13:42:59.356+0800] {logging_mixin.py:190} INFO - [2025-04-21T13:42:59.356+0800] {dag.py:3262} INFO - Creating ORM DAG for example_complex
[2025-04-21T13:42:59.357+0800] {logging_mixin.py:190} INFO - [2025-04-21T13:42:59.357+0800] {dag.py:4180} INFO - Setting next_dagrun for example_complex to None, run_after=None
[2025-04-21T13:42:59.365+0800] {processor.py:208} INFO - Processing /Users/luisl/Library/Python/3.9/lib/python/site-packages/airflow/example_dags/example_complex.py took 0.159 seconds
[2025-04-21T13:46:16.314+0800] {processor.py:186} INFO - Started process (PID=1811) to work on /Users/luisl/Library/Python/3.9/lib/python/site-packages/airflow/example_dags/example_complex.py
[2025-04-21T13:46:16.318+0800] {processor.py:914} INFO - Processing file /Users/luisl/Library/Python/3.9/lib/python/site-packages/airflow/example_dags/example_complex.py for tasks to queue
[2025-04-21T13:46:16.319+0800] {logging_mixin.py:190} INFO - [2025-04-21T13:46:16.319+0800] {dagbag.py:588} INFO - Filling up the DagBag from /Users/luisl/Library/Python/3.9/lib/python/site-packages/airflow/example_dags/example_complex.py
[2025-04-21T13:46:16.328+0800] {processor.py:925} INFO - DAG(s) 'example_complex' retrieved from /Users/luisl/Library/Python/3.9/lib/python/site-packages/airflow/example_dags/example_complex.py
[2025-04-21T13:46:16.397+0800] {logging_mixin.py:190} INFO - [2025-04-21T13:46:16.397+0800] {dag.py:3239} INFO - Sync 1 DAGs
[2025-04-21T13:46:16.403+0800] {logging_mixin.py:190} INFO - [2025-04-21T13:46:16.403+0800] {dag.py:4180} INFO - Setting next_dagrun for example_complex to None, run_after=None
[2025-04-21T13:46:16.413+0800] {processor.py:208} INFO - Processing /Users/luisl/Library/Python/3.9/lib/python/site-packages/airflow/example_dags/example_complex.py took 0.101 seconds
[2025-04-21T13:49:25.535+0800] {processor.py:186} INFO - Started process (PID=2368) to work on /Users/luisl/Library/Python/3.9/lib/python/site-packages/airflow/example_dags/example_complex.py
[2025-04-21T13:49:25.539+0800] {processor.py:914} INFO - Processing file /Users/luisl/Library/Python/3.9/lib/python/site-packages/airflow/example_dags/example_complex.py for tasks to queue
[2025-04-21T13:49:25.539+0800] {logging_mixin.py:190} INFO - [2025-04-21T13:49:25.539+0800] {dagbag.py:588} INFO - Filling up the DagBag from /Users/luisl/Library/Python/3.9/lib/python/site-packages/airflow/example_dags/example_complex.py
[2025-04-21T13:49:25.548+0800] {processor.py:925} INFO - DAG(s) 'example_complex' retrieved from /Users/luisl/Library/Python/3.9/lib/python/site-packages/airflow/example_dags/example_complex.py
[2025-04-21T13:49:25.614+0800] {logging_mixin.py:190} INFO - [2025-04-21T13:49:25.614+0800] {dag.py:3239} INFO - Sync 1 DAGs
[2025-04-21T13:49:25.620+0800] {logging_mixin.py:190} INFO - [2025-04-21T13:49:25.620+0800] {dag.py:4180} INFO - Setting next_dagrun for example_complex to None, run_after=None
[2025-04-21T13:49:25.630+0800] {processor.py:208} INFO - Processing /Users/luisl/Library/Python/3.9/lib/python/site-packages/airflow/example_dags/example_complex.py took 0.097 seconds
[2025-04-21T13:52:34.216+0800] {processor.py:186} INFO - Started process (PID=2763) to work on /Users/luisl/Library/Python/3.9/lib/python/site-packages/airflow/example_dags/example_complex.py
[2025-04-21T13:52:34.219+0800] {processor.py:914} INFO - Processing file /Users/luisl/Library/Python/3.9/lib/python/site-packages/airflow/example_dags/example_complex.py for tasks to queue
[2025-04-21T13:52:34.220+0800] {logging_mixin.py:190} INFO - [2025-04-21T13:52:34.220+0800] {dagbag.py:588} INFO - Filling up the DagBag from /Users/luisl/Library/Python/3.9/lib/python/site-packages/airflow/example_dags/example_complex.py
[2025-04-21T13:52:34.228+0800] {processor.py:925} INFO - DAG(s) 'example_complex' retrieved from /Users/luisl/Library/Python/3.9/lib/python/site-packages/airflow/example_dags/example_complex.py
[2025-04-21T13:52:34.294+0800] {logging_mixin.py:190} INFO - [2025-04-21T13:52:34.294+0800] {dag.py:3239} INFO - Sync 1 DAGs
[2025-04-21T13:52:34.300+0800] {logging_mixin.py:190} INFO - [2025-04-21T13:52:34.300+0800] {dag.py:4180} INFO - Setting next_dagrun for example_complex to None, run_after=None
[2025-04-21T13:52:34.309+0800] {processor.py:208} INFO - Processing /Users/luisl/Library/Python/3.9/lib/python/site-packages/airflow/example_dags/example_complex.py took 0.095 seconds
[2025-04-21T13:55:42.317+0800] {processor.py:186} INFO - Started process (PID=3368) to work on /Users/luisl/Library/Python/3.9/lib/python/site-packages/airflow/example_dags/example_complex.py
[2025-04-21T13:55:42.320+0800] {processor.py:914} INFO - Processing file /Users/luisl/Library/Python/3.9/lib/python/site-packages/airflow/example_dags/example_complex.py for tasks to queue
[2025-04-21T13:55:42.321+0800] {logging_mixin.py:190} INFO - [2025-04-21T13:55:42.321+0800] {dagbag.py:588} INFO - Filling up the DagBag from /Users/luisl/Library/Python/3.9/lib/python/site-packages/airflow/example_dags/example_complex.py
[2025-04-21T13:55:42.329+0800] {processor.py:925} INFO - DAG(s) 'example_complex' retrieved from /Users/luisl/Library/Python/3.9/lib/python/site-packages/airflow/example_dags/example_complex.py
[2025-04-21T13:55:42.394+0800] {logging_mixin.py:190} INFO - [2025-04-21T13:55:42.394+0800] {dag.py:3239} INFO - Sync 1 DAGs
[2025-04-21T13:55:42.400+0800] {logging_mixin.py:190} INFO - [2025-04-21T13:55:42.400+0800] {dag.py:4180} INFO - Setting next_dagrun for example_complex to None, run_after=None
[2025-04-21T13:55:42.409+0800] {processor.py:208} INFO - Processing /Users/luisl/Library/Python/3.9/lib/python/site-packages/airflow/example_dags/example_complex.py took 0.094 seconds
[2025-04-21T13:58:59.132+0800] {processor.py:186} INFO - Started process (PID=3778) to work on /Users/luisl/Library/Python/3.9/lib/python/site-packages/airflow/example_dags/example_complex.py
[2025-04-21T13:58:59.135+0800] {processor.py:914} INFO - Processing file /Users/luisl/Library/Python/3.9/lib/python/site-packages/airflow/example_dags/example_complex.py for tasks to queue
[2025-04-21T13:58:59.136+0800] {logging_mixin.py:190} INFO - [2025-04-21T13:58:59.136+0800] {dagbag.py:588} INFO - Filling up the DagBag from /Users/luisl/Library/Python/3.9/lib/python/site-packages/airflow/example_dags/example_complex.py
[2025-04-21T13:58:59.144+0800] {processor.py:925} INFO - DAG(s) 'example_complex' retrieved from /Users/luisl/Library/Python/3.9/lib/python/site-packages/airflow/example_dags/example_complex.py
[2025-04-21T13:58:59.209+0800] {logging_mixin.py:190} INFO - [2025-04-21T13:58:59.208+0800] {dag.py:3239} INFO - Sync 1 DAGs
[2025-04-21T13:58:59.214+0800] {logging_mixin.py:190} INFO - [2025-04-21T13:58:59.214+0800] {dag.py:4180} INFO - Setting next_dagrun for example_complex to None, run_after=None
[2025-04-21T13:58:59.223+0800] {processor.py:208} INFO - Processing /Users/luisl/Library/Python/3.9/lib/python/site-packages/airflow/example_dags/example_complex.py took 0.093 seconds
[2025-04-21T14:02:15.561+0800] {processor.py:186} INFO - Started process (PID=4052) to work on /Users/luisl/Library/Python/3.9/lib/python/site-packages/airflow/example_dags/example_complex.py
[2025-04-21T14:02:15.564+0800] {processor.py:914} INFO - Processing file /Users/luisl/Library/Python/3.9/lib/python/site-packages/airflow/example_dags/example_complex.py for tasks to queue
[2025-04-21T14:02:15.565+0800] {logging_mixin.py:190} INFO - [2025-04-21T14:02:15.565+0800] {dagbag.py:588} INFO - Filling up the DagBag from /Users/luisl/Library/Python/3.9/lib/python/site-packages/airflow/example_dags/example_complex.py
[2025-04-21T14:02:15.574+0800] {processor.py:925} INFO - DAG(s) 'example_complex' retrieved from /Users/luisl/Library/Python/3.9/lib/python/site-packages/airflow/example_dags/example_complex.py
[2025-04-21T14:02:15.640+0800] {logging_mixin.py:190} INFO - [2025-04-21T14:02:15.640+0800] {dag.py:3239} INFO - Sync 1 DAGs
[2025-04-21T14:02:15.646+0800] {logging_mixin.py:190} INFO - [2025-04-21T14:02:15.646+0800] {dag.py:4180} INFO - Setting next_dagrun for example_complex to None, run_after=None
[2025-04-21T14:02:15.655+0800] {processor.py:208} INFO - Processing /Users/luisl/Library/Python/3.9/lib/python/site-packages/airflow/example_dags/example_complex.py took 0.096 seconds
[2025-04-21T14:06:52.472+0800] {processor.py:186} INFO - Started process (PID=4851) to work on /Users/luisl/Library/Python/3.9/lib/python/site-packages/airflow/example_dags/example_complex.py
[2025-04-21T14:06:52.476+0800] {processor.py:914} INFO - Processing file /Users/luisl/Library/Python/3.9/lib/python/site-packages/airflow/example_dags/example_complex.py for tasks to queue
[2025-04-21T14:06:52.476+0800] {logging_mixin.py:190} INFO - [2025-04-21T14:06:52.476+0800] {dagbag.py:588} INFO - Filling up the DagBag from /Users/luisl/Library/Python/3.9/lib/python/site-packages/airflow/example_dags/example_complex.py
[2025-04-21T14:06:52.485+0800] {processor.py:925} INFO - DAG(s) 'example_complex' retrieved from /Users/luisl/Library/Python/3.9/lib/python/site-packages/airflow/example_dags/example_complex.py
[2025-04-21T14:06:52.550+0800] {logging_mixin.py:190} INFO - [2025-04-21T14:06:52.550+0800] {dag.py:3239} INFO - Sync 1 DAGs
[2025-04-21T14:06:52.555+0800] {logging_mixin.py:190} INFO - [2025-04-21T14:06:52.555+0800] {dag.py:4180} INFO - Setting next_dagrun for example_complex to None, run_after=None
[2025-04-21T14:06:52.565+0800] {processor.py:208} INFO - Processing /Users/luisl/Library/Python/3.9/lib/python/site-packages/airflow/example_dags/example_complex.py took 0.095 seconds
[2025-04-21T14:11:08.621+0800] {processor.py:186} INFO - Started process (PID=5370) to work on /Users/luisl/Library/Python/3.9/lib/python/site-packages/airflow/example_dags/example_complex.py
[2025-04-21T14:11:08.624+0800] {processor.py:914} INFO - Processing file /Users/luisl/Library/Python/3.9/lib/python/site-packages/airflow/example_dags/example_complex.py for tasks to queue
[2025-04-21T14:11:08.625+0800] {logging_mixin.py:190} INFO - [2025-04-21T14:11:08.625+0800] {dagbag.py:588} INFO - Filling up the DagBag from /Users/luisl/Library/Python/3.9/lib/python/site-packages/airflow/example_dags/example_complex.py
[2025-04-21T14:11:08.639+0800] {processor.py:925} INFO - DAG(s) 'example_complex' retrieved from /Users/luisl/Library/Python/3.9/lib/python/site-packages/airflow/example_dags/example_complex.py
[2025-04-21T14:11:08.711+0800] {logging_mixin.py:190} INFO - [2025-04-21T14:11:08.710+0800] {dag.py:3239} INFO - Sync 1 DAGs
[2025-04-21T14:11:08.717+0800] {logging_mixin.py:190} INFO - [2025-04-21T14:11:08.717+0800] {dag.py:4180} INFO - Setting next_dagrun for example_complex to None, run_after=None
[2025-04-21T14:11:08.732+0800] {processor.py:208} INFO - Processing /Users/luisl/Library/Python/3.9/lib/python/site-packages/airflow/example_dags/example_complex.py took 0.113 seconds
[2025-04-21T14:16:58.585+0800] {processor.py:186} INFO - Started process (PID=5881) to work on /Users/luisl/Library/Python/3.9/lib/python/site-packages/airflow/example_dags/example_complex.py
[2025-04-21T14:16:58.588+0800] {processor.py:914} INFO - Processing file /Users/luisl/Library/Python/3.9/lib/python/site-packages/airflow/example_dags/example_complex.py for tasks to queue
[2025-04-21T14:16:58.589+0800] {logging_mixin.py:190} INFO - [2025-04-21T14:16:58.589+0800] {dagbag.py:588} INFO - Filling up the DagBag from /Users/luisl/Library/Python/3.9/lib/python/site-packages/airflow/example_dags/example_complex.py
[2025-04-21T14:16:58.599+0800] {processor.py:925} INFO - DAG(s) 'example_complex' retrieved from /Users/luisl/Library/Python/3.9/lib/python/site-packages/airflow/example_dags/example_complex.py
[2025-04-21T14:16:58.668+0800] {logging_mixin.py:190} INFO - [2025-04-21T14:16:58.668+0800] {dag.py:3239} INFO - Sync 1 DAGs
[2025-04-21T14:16:58.674+0800] {logging_mixin.py:190} INFO - [2025-04-21T14:16:58.674+0800] {dag.py:4180} INFO - Setting next_dagrun for example_complex to None, run_after=None
[2025-04-21T14:16:58.685+0800] {processor.py:208} INFO - Processing /Users/luisl/Library/Python/3.9/lib/python/site-packages/airflow/example_dags/example_complex.py took 0.102 seconds
[2025-04-21T14:20:12.735+0800] {processor.py:186} INFO - Started process (PID=6188) to work on /Users/luisl/Library/Python/3.9/lib/python/site-packages/airflow/example_dags/example_complex.py
[2025-04-21T14:20:12.739+0800] {processor.py:914} INFO - Processing file /Users/luisl/Library/Python/3.9/lib/python/site-packages/airflow/example_dags/example_complex.py for tasks to queue
[2025-04-21T14:20:12.739+0800] {logging_mixin.py:190} INFO - [2025-04-21T14:20:12.739+0800] {dagbag.py:588} INFO - Filling up the DagBag from /Users/luisl/Library/Python/3.9/lib/python/site-packages/airflow/example_dags/example_complex.py
[2025-04-21T14:20:12.747+0800] {processor.py:925} INFO - DAG(s) 'example_complex' retrieved from /Users/luisl/Library/Python/3.9/lib/python/site-packages/airflow/example_dags/example_complex.py
[2025-04-21T14:20:12.812+0800] {logging_mixin.py:190} INFO - [2025-04-21T14:20:12.812+0800] {dag.py:3239} INFO - Sync 1 DAGs
[2025-04-21T14:20:12.818+0800] {logging_mixin.py:190} INFO - [2025-04-21T14:20:12.817+0800] {dag.py:4180} INFO - Setting next_dagrun for example_complex to None, run_after=None
[2025-04-21T14:20:12.827+0800] {processor.py:208} INFO - Processing /Users/luisl/Library/Python/3.9/lib/python/site-packages/airflow/example_dags/example_complex.py took 0.093 seconds
[2025-04-21T14:21:57.632+0800] {processor.py:186} INFO - Started process (PID=6431) to work on /Users/luisl/Library/Python/3.9/lib/python/site-packages/airflow/example_dags/example_complex.py
[2025-04-21T14:21:57.636+0800] {processor.py:914} INFO - Processing file /Users/luisl/Library/Python/3.9/lib/python/site-packages/airflow/example_dags/example_complex.py for tasks to queue
[2025-04-21T14:21:57.637+0800] {logging_mixin.py:190} INFO - [2025-04-21T14:21:57.637+0800] {dagbag.py:588} INFO - Filling up the DagBag from /Users/luisl/Library/Python/3.9/lib/python/site-packages/airflow/example_dags/example_complex.py
[2025-04-21T14:21:57.645+0800] {processor.py:925} INFO - DAG(s) 'example_complex' retrieved from /Users/luisl/Library/Python/3.9/lib/python/site-packages/airflow/example_dags/example_complex.py
[2025-04-21T14:21:57.710+0800] {logging_mixin.py:190} INFO - [2025-04-21T14:21:57.710+0800] {dag.py:3239} INFO - Sync 1 DAGs
[2025-04-21T14:21:57.716+0800] {logging_mixin.py:190} INFO - [2025-04-21T14:21:57.715+0800] {dag.py:4180} INFO - Setting next_dagrun for example_complex to None, run_after=None
[2025-04-21T14:21:57.725+0800] {processor.py:208} INFO - Processing /Users/luisl/Library/Python/3.9/lib/python/site-packages/airflow/example_dags/example_complex.py took 0.094 seconds
[2025-04-21T14:23:40.906+0800] {processor.py:186} INFO - Started process (PID=6656) to work on /Users/luisl/Library/Python/3.9/lib/python/site-packages/airflow/example_dags/example_complex.py
[2025-04-21T14:23:40.910+0800] {processor.py:914} INFO - Processing file /Users/luisl/Library/Python/3.9/lib/python/site-packages/airflow/example_dags/example_complex.py for tasks to queue
[2025-04-21T14:23:40.910+0800] {logging_mixin.py:190} INFO - [2025-04-21T14:23:40.910+0800] {dagbag.py:588} INFO - Filling up the DagBag from /Users/luisl/Library/Python/3.9/lib/python/site-packages/airflow/example_dags/example_complex.py
[2025-04-21T14:23:40.920+0800] {processor.py:925} INFO - DAG(s) 'example_complex' retrieved from /Users/luisl/Library/Python/3.9/lib/python/site-packages/airflow/example_dags/example_complex.py
[2025-04-21T14:23:40.985+0800] {logging_mixin.py:190} INFO - [2025-04-21T14:23:40.985+0800] {dag.py:3239} INFO - Sync 1 DAGs
[2025-04-21T14:23:40.991+0800] {logging_mixin.py:190} INFO - [2025-04-21T14:23:40.991+0800] {dag.py:4180} INFO - Setting next_dagrun for example_complex to None, run_after=None
[2025-04-21T14:23:41.000+0800] {processor.py:208} INFO - Processing /Users/luisl/Library/Python/3.9/lib/python/site-packages/airflow/example_dags/example_complex.py took 0.096 seconds
[2025-04-21T14:25:26.023+0800] {processor.py:186} INFO - Started process (PID=6888) to work on /Users/luisl/Library/Python/3.9/lib/python/site-packages/airflow/example_dags/example_complex.py
[2025-04-21T14:25:26.027+0800] {processor.py:914} INFO - Processing file /Users/luisl/Library/Python/3.9/lib/python/site-packages/airflow/example_dags/example_complex.py for tasks to queue
[2025-04-21T14:25:26.028+0800] {logging_mixin.py:190} INFO - [2025-04-21T14:25:26.028+0800] {dagbag.py:588} INFO - Filling up the DagBag from /Users/luisl/Library/Python/3.9/lib/python/site-packages/airflow/example_dags/example_complex.py
[2025-04-21T14:25:26.036+0800] {processor.py:925} INFO - DAG(s) 'example_complex' retrieved from /Users/luisl/Library/Python/3.9/lib/python/site-packages/airflow/example_dags/example_complex.py
[2025-04-21T14:25:26.103+0800] {logging_mixin.py:190} INFO - [2025-04-21T14:25:26.103+0800] {dag.py:3239} INFO - Sync 1 DAGs
[2025-04-21T14:25:26.108+0800] {logging_mixin.py:190} INFO - [2025-04-21T14:25:26.108+0800] {dag.py:4180} INFO - Setting next_dagrun for example_complex to None, run_after=None
[2025-04-21T14:25:26.118+0800] {processor.py:208} INFO - Processing /Users/luisl/Library/Python/3.9/lib/python/site-packages/airflow/example_dags/example_complex.py took 0.096 seconds
[2025-04-21T14:27:14.645+0800] {processor.py:186} INFO - Started process (PID=7289) to work on /Users/luisl/Library/Python/3.9/lib/python/site-packages/airflow/example_dags/example_complex.py
[2025-04-21T14:27:14.648+0800] {processor.py:914} INFO - Processing file /Users/luisl/Library/Python/3.9/lib/python/site-packages/airflow/example_dags/example_complex.py for tasks to queue
[2025-04-21T14:27:14.649+0800] {logging_mixin.py:190} INFO - [2025-04-21T14:27:14.649+0800] {dagbag.py:588} INFO - Filling up the DagBag from /Users/luisl/Library/Python/3.9/lib/python/site-packages/airflow/example_dags/example_complex.py
[2025-04-21T14:27:14.659+0800] {processor.py:925} INFO - DAG(s) 'example_complex' retrieved from /Users/luisl/Library/Python/3.9/lib/python/site-packages/airflow/example_dags/example_complex.py
[2025-04-21T14:27:14.727+0800] {logging_mixin.py:190} INFO - [2025-04-21T14:27:14.726+0800] {dag.py:3239} INFO - Sync 1 DAGs
[2025-04-21T14:27:14.733+0800] {logging_mixin.py:190} INFO - [2025-04-21T14:27:14.733+0800] {dag.py:4180} INFO - Setting next_dagrun for example_complex to None, run_after=None
[2025-04-21T14:27:14.743+0800] {processor.py:208} INFO - Processing /Users/luisl/Library/Python/3.9/lib/python/site-packages/airflow/example_dags/example_complex.py took 0.100 seconds
[2025-04-21T14:29:04.397+0800] {processor.py:186} INFO - Started process (PID=7525) to work on /Users/luisl/Library/Python/3.9/lib/python/site-packages/airflow/example_dags/example_complex.py
[2025-04-21T14:29:04.400+0800] {processor.py:914} INFO - Processing file /Users/luisl/Library/Python/3.9/lib/python/site-packages/airflow/example_dags/example_complex.py for tasks to queue
[2025-04-21T14:29:04.401+0800] {logging_mixin.py:190} INFO - [2025-04-21T14:29:04.401+0800] {dagbag.py:588} INFO - Filling up the DagBag from /Users/luisl/Library/Python/3.9/lib/python/site-packages/airflow/example_dags/example_complex.py
[2025-04-21T14:29:04.409+0800] {processor.py:925} INFO - DAG(s) 'example_complex' retrieved from /Users/luisl/Library/Python/3.9/lib/python/site-packages/airflow/example_dags/example_complex.py
[2025-04-21T14:29:04.473+0800] {logging_mixin.py:190} INFO - [2025-04-21T14:29:04.473+0800] {dag.py:3239} INFO - Sync 1 DAGs
[2025-04-21T14:29:04.478+0800] {logging_mixin.py:190} INFO - [2025-04-21T14:29:04.478+0800] {dag.py:4180} INFO - Setting next_dagrun for example_complex to None, run_after=None
[2025-04-21T14:29:04.488+0800] {processor.py:208} INFO - Processing /Users/luisl/Library/Python/3.9/lib/python/site-packages/airflow/example_dags/example_complex.py took 0.092 seconds
[2025-04-21T14:30:40.216+0800] {processor.py:186} INFO - Started process (PID=7718) to work on /Users/luisl/Library/Python/3.9/lib/python/site-packages/airflow/example_dags/example_complex.py
[2025-04-21T14:30:40.220+0800] {processor.py:914} INFO - Processing file /Users/luisl/Library/Python/3.9/lib/python/site-packages/airflow/example_dags/example_complex.py for tasks to queue
[2025-04-21T14:30:40.221+0800] {logging_mixin.py:190} INFO - [2025-04-21T14:30:40.221+0800] {dagbag.py:588} INFO - Filling up the DagBag from /Users/luisl/Library/Python/3.9/lib/python/site-packages/airflow/example_dags/example_complex.py
[2025-04-21T14:30:40.230+0800] {processor.py:925} INFO - DAG(s) 'example_complex' retrieved from /Users/luisl/Library/Python/3.9/lib/python/site-packages/airflow/example_dags/example_complex.py
[2025-04-21T14:30:40.295+0800] {logging_mixin.py:190} INFO - [2025-04-21T14:30:40.295+0800] {dag.py:3239} INFO - Sync 1 DAGs
[2025-04-21T14:30:40.301+0800] {logging_mixin.py:190} INFO - [2025-04-21T14:30:40.301+0800] {dag.py:4180} INFO - Setting next_dagrun for example_complex to None, run_after=None
[2025-04-21T14:30:40.311+0800] {processor.py:208} INFO - Processing /Users/luisl/Library/Python/3.9/lib/python/site-packages/airflow/example_dags/example_complex.py took 0.097 seconds
[2025-04-21T14:32:23.703+0800] {processor.py:186} INFO - Started process (PID=7953) to work on /Users/luisl/Library/Python/3.9/lib/python/site-packages/airflow/example_dags/example_complex.py
[2025-04-21T14:32:23.707+0800] {processor.py:914} INFO - Processing file /Users/luisl/Library/Python/3.9/lib/python/site-packages/airflow/example_dags/example_complex.py for tasks to queue
[2025-04-21T14:32:23.707+0800] {logging_mixin.py:190} INFO - [2025-04-21T14:32:23.707+0800] {dagbag.py:588} INFO - Filling up the DagBag from /Users/luisl/Library/Python/3.9/lib/python/site-packages/airflow/example_dags/example_complex.py
[2025-04-21T14:32:23.716+0800] {processor.py:925} INFO - DAG(s) 'example_complex' retrieved from /Users/luisl/Library/Python/3.9/lib/python/site-packages/airflow/example_dags/example_complex.py
[2025-04-21T14:32:23.784+0800] {logging_mixin.py:190} INFO - [2025-04-21T14:32:23.784+0800] {dag.py:3239} INFO - Sync 1 DAGs
[2025-04-21T14:32:23.790+0800] {logging_mixin.py:190} INFO - [2025-04-21T14:32:23.790+0800] {dag.py:4180} INFO - Setting next_dagrun for example_complex to None, run_after=None
[2025-04-21T14:32:23.800+0800] {processor.py:208} INFO - Processing /Users/luisl/Library/Python/3.9/lib/python/site-packages/airflow/example_dags/example_complex.py took 0.099 seconds
[2025-04-21T14:34:09.883+0800] {processor.py:186} INFO - Started process (PID=8203) to work on /Users/luisl/Library/Python/3.9/lib/python/site-packages/airflow/example_dags/example_complex.py
[2025-04-21T14:34:09.887+0800] {processor.py:914} INFO - Processing file /Users/luisl/Library/Python/3.9/lib/python/site-packages/airflow/example_dags/example_complex.py for tasks to queue
[2025-04-21T14:34:09.887+0800] {logging_mixin.py:190} INFO - [2025-04-21T14:34:09.887+0800] {dagbag.py:588} INFO - Filling up the DagBag from /Users/luisl/Library/Python/3.9/lib/python/site-packages/airflow/example_dags/example_complex.py
[2025-04-21T14:34:09.896+0800] {processor.py:925} INFO - DAG(s) 'example_complex' retrieved from /Users/luisl/Library/Python/3.9/lib/python/site-packages/airflow/example_dags/example_complex.py
[2025-04-21T14:34:09.967+0800] {logging_mixin.py:190} INFO - [2025-04-21T14:34:09.967+0800] {dag.py:3239} INFO - Sync 1 DAGs
[2025-04-21T14:34:09.973+0800] {logging_mixin.py:190} INFO - [2025-04-21T14:34:09.973+0800] {dag.py:4180} INFO - Setting next_dagrun for example_complex to None, run_after=None
[2025-04-21T14:34:09.983+0800] {processor.py:208} INFO - Processing /Users/luisl/Library/Python/3.9/lib/python/site-packages/airflow/example_dags/example_complex.py took 0.102 seconds
[2025-04-21T14:35:54.370+0800] {processor.py:186} INFO - Started process (PID=8417) to work on /Users/luisl/Library/Python/3.9/lib/python/site-packages/airflow/example_dags/example_complex.py
[2025-04-21T14:35:54.372+0800] {processor.py:914} INFO - Processing file /Users/luisl/Library/Python/3.9/lib/python/site-packages/airflow/example_dags/example_complex.py for tasks to queue
[2025-04-21T14:35:54.374+0800] {logging_mixin.py:190} INFO - [2025-04-21T14:35:54.374+0800] {dagbag.py:588} INFO - Filling up the DagBag from /Users/luisl/Library/Python/3.9/lib/python/site-packages/airflow/example_dags/example_complex.py
[2025-04-21T14:35:54.383+0800] {processor.py:925} INFO - DAG(s) 'example_complex' retrieved from /Users/luisl/Library/Python/3.9/lib/python/site-packages/airflow/example_dags/example_complex.py
[2025-04-21T14:35:54.453+0800] {logging_mixin.py:190} INFO - [2025-04-21T14:35:54.453+0800] {dag.py:3239} INFO - Sync 1 DAGs
[2025-04-21T14:35:54.460+0800] {logging_mixin.py:190} INFO - [2025-04-21T14:35:54.460+0800] {dag.py:4180} INFO - Setting next_dagrun for example_complex to None, run_after=None
[2025-04-21T14:35:54.469+0800] {processor.py:208} INFO - Processing /Users/luisl/Library/Python/3.9/lib/python/site-packages/airflow/example_dags/example_complex.py took 0.102 seconds
[2025-04-21T14:37:42.013+0800] {processor.py:186} INFO - Started process (PID=8647) to work on /Users/luisl/Library/Python/3.9/lib/python/site-packages/airflow/example_dags/example_complex.py
[2025-04-21T14:37:42.017+0800] {processor.py:914} INFO - Processing file /Users/luisl/Library/Python/3.9/lib/python/site-packages/airflow/example_dags/example_complex.py for tasks to queue
[2025-04-21T14:37:42.018+0800] {logging_mixin.py:190} INFO - [2025-04-21T14:37:42.018+0800] {dagbag.py:588} INFO - Filling up the DagBag from /Users/luisl/Library/Python/3.9/lib/python/site-packages/airflow/example_dags/example_complex.py
[2025-04-21T14:37:42.027+0800] {processor.py:925} INFO - DAG(s) 'example_complex' retrieved from /Users/luisl/Library/Python/3.9/lib/python/site-packages/airflow/example_dags/example_complex.py
[2025-04-21T14:37:42.094+0800] {logging_mixin.py:190} INFO - [2025-04-21T14:37:42.094+0800] {dag.py:3239} INFO - Sync 1 DAGs
[2025-04-21T14:37:42.100+0800] {logging_mixin.py:190} INFO - [2025-04-21T14:37:42.100+0800] {dag.py:4180} INFO - Setting next_dagrun for example_complex to None, run_after=None
[2025-04-21T14:37:42.110+0800] {processor.py:208} INFO - Processing /Users/luisl/Library/Python/3.9/lib/python/site-packages/airflow/example_dags/example_complex.py took 0.098 seconds
[2025-04-21T14:39:27.231+0800] {processor.py:186} INFO - Started process (PID=8928) to work on /Users/luisl/Library/Python/3.9/lib/python/site-packages/airflow/example_dags/example_complex.py
[2025-04-21T14:39:27.235+0800] {processor.py:914} INFO - Processing file /Users/luisl/Library/Python/3.9/lib/python/site-packages/airflow/example_dags/example_complex.py for tasks to queue
[2025-04-21T14:39:27.235+0800] {logging_mixin.py:190} INFO - [2025-04-21T14:39:27.235+0800] {dagbag.py:588} INFO - Filling up the DagBag from /Users/luisl/Library/Python/3.9/lib/python/site-packages/airflow/example_dags/example_complex.py
[2025-04-21T14:39:27.244+0800] {processor.py:925} INFO - DAG(s) 'example_complex' retrieved from /Users/luisl/Library/Python/3.9/lib/python/site-packages/airflow/example_dags/example_complex.py
[2025-04-21T14:39:27.311+0800] {logging_mixin.py:190} INFO - [2025-04-21T14:39:27.311+0800] {dag.py:3239} INFO - Sync 1 DAGs
[2025-04-21T14:39:27.317+0800] {logging_mixin.py:190} INFO - [2025-04-21T14:39:27.317+0800] {dag.py:4180} INFO - Setting next_dagrun for example_complex to None, run_after=None
[2025-04-21T14:39:27.327+0800] {processor.py:208} INFO - Processing /Users/luisl/Library/Python/3.9/lib/python/site-packages/airflow/example_dags/example_complex.py took 0.098 seconds
[2025-04-21T14:41:13.084+0800] {processor.py:186} INFO - Started process (PID=9161) to work on /Users/luisl/Library/Python/3.9/lib/python/site-packages/airflow/example_dags/example_complex.py
[2025-04-21T14:41:13.087+0800] {processor.py:914} INFO - Processing file /Users/luisl/Library/Python/3.9/lib/python/site-packages/airflow/example_dags/example_complex.py for tasks to queue
[2025-04-21T14:41:13.088+0800] {logging_mixin.py:190} INFO - [2025-04-21T14:41:13.088+0800] {dagbag.py:588} INFO - Filling up the DagBag from /Users/luisl/Library/Python/3.9/lib/python/site-packages/airflow/example_dags/example_complex.py
[2025-04-21T14:41:13.096+0800] {processor.py:925} INFO - DAG(s) 'example_complex' retrieved from /Users/luisl/Library/Python/3.9/lib/python/site-packages/airflow/example_dags/example_complex.py
[2025-04-21T14:41:13.162+0800] {logging_mixin.py:190} INFO - [2025-04-21T14:41:13.162+0800] {dag.py:3239} INFO - Sync 1 DAGs
[2025-04-21T14:41:13.168+0800] {logging_mixin.py:190} INFO - [2025-04-21T14:41:13.168+0800] {dag.py:4180} INFO - Setting next_dagrun for example_complex to None, run_after=None
[2025-04-21T14:41:13.177+0800] {processor.py:208} INFO - Processing /Users/luisl/Library/Python/3.9/lib/python/site-packages/airflow/example_dags/example_complex.py took 0.095 seconds
[2025-04-21T14:43:01.496+0800] {processor.py:186} INFO - Started process (PID=9445) to work on /Users/luisl/Library/Python/3.9/lib/python/site-packages/airflow/example_dags/example_complex.py
[2025-04-21T14:43:01.499+0800] {processor.py:914} INFO - Processing file /Users/luisl/Library/Python/3.9/lib/python/site-packages/airflow/example_dags/example_complex.py for tasks to queue
[2025-04-21T14:43:01.500+0800] {logging_mixin.py:190} INFO - [2025-04-21T14:43:01.500+0800] {dagbag.py:588} INFO - Filling up the DagBag from /Users/luisl/Library/Python/3.9/lib/python/site-packages/airflow/example_dags/example_complex.py
[2025-04-21T14:43:01.509+0800] {processor.py:925} INFO - DAG(s) 'example_complex' retrieved from /Users/luisl/Library/Python/3.9/lib/python/site-packages/airflow/example_dags/example_complex.py
[2025-04-21T14:43:01.576+0800] {logging_mixin.py:190} INFO - [2025-04-21T14:43:01.576+0800] {dag.py:3239} INFO - Sync 1 DAGs
[2025-04-21T14:43:01.582+0800] {logging_mixin.py:190} INFO - [2025-04-21T14:43:01.582+0800] {dag.py:4180} INFO - Setting next_dagrun for example_complex to None, run_after=None
[2025-04-21T14:43:01.591+0800] {processor.py:208} INFO - Processing /Users/luisl/Library/Python/3.9/lib/python/site-packages/airflow/example_dags/example_complex.py took 0.098 seconds
[2025-04-21T14:59:50.233+0800] {processor.py:186} INFO - Started process (PID=11056) to work on /Users/luisl/Library/Python/3.9/lib/python/site-packages/airflow/example_dags/example_complex.py
[2025-04-21T14:59:50.235+0800] {processor.py:914} INFO - Processing file /Users/luisl/Library/Python/3.9/lib/python/site-packages/airflow/example_dags/example_complex.py for tasks to queue
[2025-04-21T14:59:50.236+0800] {logging_mixin.py:190} INFO - [2025-04-21T14:59:50.236+0800] {dagbag.py:588} INFO - Filling up the DagBag from /Users/luisl/Library/Python/3.9/lib/python/site-packages/airflow/example_dags/example_complex.py
[2025-04-21T14:59:50.242+0800] {processor.py:925} INFO - DAG(s) 'example_complex' retrieved from /Users/luisl/Library/Python/3.9/lib/python/site-packages/airflow/example_dags/example_complex.py
[2025-04-21T14:59:50.292+0800] {logging_mixin.py:190} INFO - [2025-04-21T14:59:50.292+0800] {dag.py:3239} INFO - Sync 1 DAGs
[2025-04-21T14:59:50.297+0800] {logging_mixin.py:190} INFO - [2025-04-21T14:59:50.297+0800] {dag.py:4180} INFO - Setting next_dagrun for example_complex to None, run_after=None
[2025-04-21T14:59:50.304+0800] {processor.py:208} INFO - Processing /Users/luisl/Library/Python/3.9/lib/python/site-packages/airflow/example_dags/example_complex.py took 0.072 seconds
[2025-04-21T15:01:31.201+0800] {processor.py:186} INFO - Started process (PID=11302) to work on /Users/luisl/Library/Python/3.9/lib/python/site-packages/airflow/example_dags/example_complex.py
[2025-04-21T15:01:31.203+0800] {processor.py:914} INFO - Processing file /Users/luisl/Library/Python/3.9/lib/python/site-packages/airflow/example_dags/example_complex.py for tasks to queue
[2025-04-21T15:01:31.203+0800] {logging_mixin.py:190} INFO - [2025-04-21T15:01:31.203+0800] {dagbag.py:588} INFO - Filling up the DagBag from /Users/luisl/Library/Python/3.9/lib/python/site-packages/airflow/example_dags/example_complex.py
[2025-04-21T15:01:31.210+0800] {processor.py:925} INFO - DAG(s) 'example_complex' retrieved from /Users/luisl/Library/Python/3.9/lib/python/site-packages/airflow/example_dags/example_complex.py
[2025-04-21T15:01:31.259+0800] {logging_mixin.py:190} INFO - [2025-04-21T15:01:31.259+0800] {dag.py:3239} INFO - Sync 1 DAGs
[2025-04-21T15:01:31.263+0800] {logging_mixin.py:190} INFO - [2025-04-21T15:01:31.263+0800] {dag.py:4180} INFO - Setting next_dagrun for example_complex to None, run_after=None
[2025-04-21T15:01:31.270+0800] {processor.py:208} INFO - Processing /Users/luisl/Library/Python/3.9/lib/python/site-packages/airflow/example_dags/example_complex.py took 0.071 seconds
[2025-04-21T15:02:32.471+0800] {processor.py:186} INFO - Started process (PID=11464) to work on /Users/luisl/Library/Python/3.9/lib/python/site-packages/airflow/example_dags/example_complex.py
[2025-04-21T15:02:32.474+0800] {processor.py:914} INFO - Processing file /Users/luisl/Library/Python/3.9/lib/python/site-packages/airflow/example_dags/example_complex.py for tasks to queue
[2025-04-21T15:02:32.474+0800] {logging_mixin.py:190} INFO - [2025-04-21T15:02:32.474+0800] {dagbag.py:588} INFO - Filling up the DagBag from /Users/luisl/Library/Python/3.9/lib/python/site-packages/airflow/example_dags/example_complex.py
[2025-04-21T15:02:32.481+0800] {processor.py:925} INFO - DAG(s) 'example_complex' retrieved from /Users/luisl/Library/Python/3.9/lib/python/site-packages/airflow/example_dags/example_complex.py
[2025-04-21T15:02:32.533+0800] {logging_mixin.py:190} INFO - [2025-04-21T15:02:32.533+0800] {dag.py:3239} INFO - Sync 1 DAGs
[2025-04-21T15:02:32.537+0800] {logging_mixin.py:190} INFO - [2025-04-21T15:02:32.537+0800] {dag.py:4180} INFO - Setting next_dagrun for example_complex to None, run_after=None
[2025-04-21T15:02:32.545+0800] {processor.py:208} INFO - Processing /Users/luisl/Library/Python/3.9/lib/python/site-packages/airflow/example_dags/example_complex.py took 0.076 seconds
[2025-04-21T15:03:35.810+0800] {processor.py:186} INFO - Started process (PID=11639) to work on /Users/luisl/Library/Python/3.9/lib/python/site-packages/airflow/example_dags/example_complex.py
[2025-04-21T15:03:35.813+0800] {processor.py:914} INFO - Processing file /Users/luisl/Library/Python/3.9/lib/python/site-packages/airflow/example_dags/example_complex.py for tasks to queue
[2025-04-21T15:03:35.813+0800] {logging_mixin.py:190} INFO - [2025-04-21T15:03:35.813+0800] {dagbag.py:588} INFO - Filling up the DagBag from /Users/luisl/Library/Python/3.9/lib/python/site-packages/airflow/example_dags/example_complex.py
[2025-04-21T15:03:35.819+0800] {processor.py:925} INFO - DAG(s) 'example_complex' retrieved from /Users/luisl/Library/Python/3.9/lib/python/site-packages/airflow/example_dags/example_complex.py
[2025-04-21T15:03:35.866+0800] {logging_mixin.py:190} INFO - [2025-04-21T15:03:35.866+0800] {dag.py:3239} INFO - Sync 1 DAGs
[2025-04-21T15:03:35.870+0800] {logging_mixin.py:190} INFO - [2025-04-21T15:03:35.870+0800] {dag.py:4180} INFO - Setting next_dagrun for example_complex to None, run_after=None
[2025-04-21T15:03:35.878+0800] {processor.py:208} INFO - Processing /Users/luisl/Library/Python/3.9/lib/python/site-packages/airflow/example_dags/example_complex.py took 0.069 seconds
[2025-04-21T15:04:39.193+0800] {processor.py:186} INFO - Started process (PID=11831) to work on /Users/luisl/Library/Python/3.9/lib/python/site-packages/airflow/example_dags/example_complex.py
[2025-04-21T15:04:39.195+0800] {processor.py:914} INFO - Processing file /Users/luisl/Library/Python/3.9/lib/python/site-packages/airflow/example_dags/example_complex.py for tasks to queue
[2025-04-21T15:04:39.195+0800] {logging_mixin.py:190} INFO - [2025-04-21T15:04:39.195+0800] {dagbag.py:588} INFO - Filling up the DagBag from /Users/luisl/Library/Python/3.9/lib/python/site-packages/airflow/example_dags/example_complex.py
[2025-04-21T15:04:39.201+0800] {processor.py:925} INFO - DAG(s) 'example_complex' retrieved from /Users/luisl/Library/Python/3.9/lib/python/site-packages/airflow/example_dags/example_complex.py
[2025-04-21T15:04:39.248+0800] {logging_mixin.py:190} INFO - [2025-04-21T15:04:39.248+0800] {dag.py:3239} INFO - Sync 1 DAGs
[2025-04-21T15:04:39.252+0800] {logging_mixin.py:190} INFO - [2025-04-21T15:04:39.252+0800] {dag.py:4180} INFO - Setting next_dagrun for example_complex to None, run_after=None
[2025-04-21T15:04:39.259+0800] {processor.py:208} INFO - Processing /Users/luisl/Library/Python/3.9/lib/python/site-packages/airflow/example_dags/example_complex.py took 0.067 seconds
[2025-04-21T15:05:40.263+0800] {processor.py:186} INFO - Started process (PID=11995) to work on /Users/luisl/Library/Python/3.9/lib/python/site-packages/airflow/example_dags/example_complex.py
[2025-04-21T15:05:40.265+0800] {processor.py:914} INFO - Processing file /Users/luisl/Library/Python/3.9/lib/python/site-packages/airflow/example_dags/example_complex.py for tasks to queue
[2025-04-21T15:05:40.266+0800] {logging_mixin.py:190} INFO - [2025-04-21T15:05:40.265+0800] {dagbag.py:588} INFO - Filling up the DagBag from /Users/luisl/Library/Python/3.9/lib/python/site-packages/airflow/example_dags/example_complex.py
[2025-04-21T15:05:40.271+0800] {processor.py:925} INFO - DAG(s) 'example_complex' retrieved from /Users/luisl/Library/Python/3.9/lib/python/site-packages/airflow/example_dags/example_complex.py
[2025-04-21T15:05:40.317+0800] {logging_mixin.py:190} INFO - [2025-04-21T15:05:40.317+0800] {dag.py:3239} INFO - Sync 1 DAGs
[2025-04-21T15:05:40.321+0800] {logging_mixin.py:190} INFO - [2025-04-21T15:05:40.321+0800] {dag.py:4180} INFO - Setting next_dagrun for example_complex to None, run_after=None
[2025-04-21T15:05:40.328+0800] {processor.py:208} INFO - Processing /Users/luisl/Library/Python/3.9/lib/python/site-packages/airflow/example_dags/example_complex.py took 0.066 seconds
[2025-04-21T15:07:01.232+0800] {processor.py:186} INFO - Started process (PID=12228) to work on /Users/luisl/Library/Python/3.9/lib/python/site-packages/airflow/example_dags/example_complex.py
[2025-04-21T15:07:01.234+0800] {processor.py:914} INFO - Processing file /Users/luisl/Library/Python/3.9/lib/python/site-packages/airflow/example_dags/example_complex.py for tasks to queue
[2025-04-21T15:07:01.234+0800] {logging_mixin.py:190} INFO - [2025-04-21T15:07:01.234+0800] {dagbag.py:588} INFO - Filling up the DagBag from /Users/luisl/Library/Python/3.9/lib/python/site-packages/airflow/example_dags/example_complex.py
[2025-04-21T15:07:01.241+0800] {processor.py:925} INFO - DAG(s) 'example_complex' retrieved from /Users/luisl/Library/Python/3.9/lib/python/site-packages/airflow/example_dags/example_complex.py
[2025-04-21T15:07:01.292+0800] {logging_mixin.py:190} INFO - [2025-04-21T15:07:01.292+0800] {dag.py:3239} INFO - Sync 1 DAGs
[2025-04-21T15:07:01.297+0800] {logging_mixin.py:190} INFO - [2025-04-21T15:07:01.297+0800] {dag.py:4180} INFO - Setting next_dagrun for example_complex to None, run_after=None
[2025-04-21T15:07:01.304+0800] {processor.py:208} INFO - Processing /Users/luisl/Library/Python/3.9/lib/python/site-packages/airflow/example_dags/example_complex.py took 0.073 seconds
[2025-04-21T15:09:40.447+0800] {processor.py:186} INFO - Started process (PID=12532) to work on /Users/luisl/Library/Python/3.9/lib/python/site-packages/airflow/example_dags/example_complex.py
[2025-04-21T15:09:40.449+0800] {processor.py:914} INFO - Processing file /Users/luisl/Library/Python/3.9/lib/python/site-packages/airflow/example_dags/example_complex.py for tasks to queue
[2025-04-21T15:09:40.449+0800] {logging_mixin.py:190} INFO - [2025-04-21T15:09:40.449+0800] {dagbag.py:588} INFO - Filling up the DagBag from /Users/luisl/Library/Python/3.9/lib/python/site-packages/airflow/example_dags/example_complex.py
[2025-04-21T15:09:40.456+0800] {processor.py:925} INFO - DAG(s) 'example_complex' retrieved from /Users/luisl/Library/Python/3.9/lib/python/site-packages/airflow/example_dags/example_complex.py
[2025-04-21T15:09:40.505+0800] {logging_mixin.py:190} INFO - [2025-04-21T15:09:40.505+0800] {dag.py:3239} INFO - Sync 1 DAGs
[2025-04-21T15:09:40.509+0800] {logging_mixin.py:190} INFO - [2025-04-21T15:09:40.509+0800] {dag.py:4180} INFO - Setting next_dagrun for example_complex to None, run_after=None
[2025-04-21T15:09:40.517+0800] {processor.py:208} INFO - Processing /Users/luisl/Library/Python/3.9/lib/python/site-packages/airflow/example_dags/example_complex.py took 0.071 seconds
[2025-04-21T15:10:54.852+0800] {processor.py:186} INFO - Started process (PID=12780) to work on /Users/luisl/Library/Python/3.9/lib/python/site-packages/airflow/example_dags/example_complex.py
[2025-04-21T15:10:54.855+0800] {processor.py:914} INFO - Processing file /Users/luisl/Library/Python/3.9/lib/python/site-packages/airflow/example_dags/example_complex.py for tasks to queue
[2025-04-21T15:10:54.855+0800] {logging_mixin.py:190} INFO - [2025-04-21T15:10:54.855+0800] {dagbag.py:588} INFO - Filling up the DagBag from /Users/luisl/Library/Python/3.9/lib/python/site-packages/airflow/example_dags/example_complex.py
[2025-04-21T15:10:54.862+0800] {processor.py:925} INFO - DAG(s) 'example_complex' retrieved from /Users/luisl/Library/Python/3.9/lib/python/site-packages/airflow/example_dags/example_complex.py
[2025-04-21T15:10:54.910+0800] {logging_mixin.py:190} INFO - [2025-04-21T15:10:54.910+0800] {dag.py:3239} INFO - Sync 1 DAGs
[2025-04-21T15:10:54.915+0800] {logging_mixin.py:190} INFO - [2025-04-21T15:10:54.914+0800] {dag.py:4180} INFO - Setting next_dagrun for example_complex to None, run_after=None
[2025-04-21T15:10:54.922+0800] {processor.py:208} INFO - Processing /Users/luisl/Library/Python/3.9/lib/python/site-packages/airflow/example_dags/example_complex.py took 0.071 seconds
[2025-04-21T15:11:55.358+0800] {processor.py:186} INFO - Started process (PID=12941) to work on /Users/luisl/Library/Python/3.9/lib/python/site-packages/airflow/example_dags/example_complex.py
[2025-04-21T15:11:55.360+0800] {processor.py:914} INFO - Processing file /Users/luisl/Library/Python/3.9/lib/python/site-packages/airflow/example_dags/example_complex.py for tasks to queue
[2025-04-21T15:11:55.361+0800] {logging_mixin.py:190} INFO - [2025-04-21T15:11:55.361+0800] {dagbag.py:588} INFO - Filling up the DagBag from /Users/luisl/Library/Python/3.9/lib/python/site-packages/airflow/example_dags/example_complex.py
[2025-04-21T15:11:55.367+0800] {processor.py:925} INFO - DAG(s) 'example_complex' retrieved from /Users/luisl/Library/Python/3.9/lib/python/site-packages/airflow/example_dags/example_complex.py
[2025-04-21T15:11:55.419+0800] {logging_mixin.py:190} INFO - [2025-04-21T15:11:55.419+0800] {dag.py:3239} INFO - Sync 1 DAGs
[2025-04-21T15:11:55.424+0800] {logging_mixin.py:190} INFO - [2025-04-21T15:11:55.424+0800] {dag.py:4180} INFO - Setting next_dagrun for example_complex to None, run_after=None
[2025-04-21T15:11:55.432+0800] {processor.py:208} INFO - Processing /Users/luisl/Library/Python/3.9/lib/python/site-packages/airflow/example_dags/example_complex.py took 0.076 seconds
[2025-04-21T15:13:01.252+0800] {processor.py:186} INFO - Started process (PID=13164) to work on /Users/luisl/Library/Python/3.9/lib/python/site-packages/airflow/example_dags/example_complex.py
[2025-04-21T15:13:01.255+0800] {processor.py:914} INFO - Processing file /Users/luisl/Library/Python/3.9/lib/python/site-packages/airflow/example_dags/example_complex.py for tasks to queue
[2025-04-21T15:13:01.256+0800] {logging_mixin.py:190} INFO - [2025-04-21T15:13:01.256+0800] {dagbag.py:588} INFO - Filling up the DagBag from /Users/luisl/Library/Python/3.9/lib/python/site-packages/airflow/example_dags/example_complex.py
[2025-04-21T15:13:01.262+0800] {processor.py:925} INFO - DAG(s) 'example_complex' retrieved from /Users/luisl/Library/Python/3.9/lib/python/site-packages/airflow/example_dags/example_complex.py
[2025-04-21T15:13:01.314+0800] {logging_mixin.py:190} INFO - [2025-04-21T15:13:01.314+0800] {dag.py:3239} INFO - Sync 1 DAGs
[2025-04-21T15:13:01.319+0800] {logging_mixin.py:190} INFO - [2025-04-21T15:13:01.319+0800] {dag.py:4180} INFO - Setting next_dagrun for example_complex to None, run_after=None
[2025-04-21T15:13:01.326+0800] {processor.py:208} INFO - Processing /Users/luisl/Library/Python/3.9/lib/python/site-packages/airflow/example_dags/example_complex.py took 0.076 seconds
[2025-04-21T15:14:09.422+0800] {processor.py:186} INFO - Started process (PID=13351) to work on /Users/luisl/Library/Python/3.9/lib/python/site-packages/airflow/example_dags/example_complex.py
[2025-04-21T15:14:09.425+0800] {processor.py:914} INFO - Processing file /Users/luisl/Library/Python/3.9/lib/python/site-packages/airflow/example_dags/example_complex.py for tasks to queue
[2025-04-21T15:14:09.425+0800] {logging_mixin.py:190} INFO - [2025-04-21T15:14:09.425+0800] {dagbag.py:588} INFO - Filling up the DagBag from /Users/luisl/Library/Python/3.9/lib/python/site-packages/airflow/example_dags/example_complex.py
[2025-04-21T15:14:09.432+0800] {processor.py:925} INFO - DAG(s) 'example_complex' retrieved from /Users/luisl/Library/Python/3.9/lib/python/site-packages/airflow/example_dags/example_complex.py
[2025-04-21T15:14:09.480+0800] {logging_mixin.py:190} INFO - [2025-04-21T15:14:09.480+0800] {dag.py:3239} INFO - Sync 1 DAGs
[2025-04-21T15:14:09.484+0800] {logging_mixin.py:190} INFO - [2025-04-21T15:14:09.484+0800] {dag.py:4180} INFO - Setting next_dagrun for example_complex to None, run_after=None
[2025-04-21T15:14:09.493+0800] {processor.py:208} INFO - Processing /Users/luisl/Library/Python/3.9/lib/python/site-packages/airflow/example_dags/example_complex.py took 0.072 seconds
[2025-04-21T15:15:12.189+0800] {processor.py:186} INFO - Started process (PID=13509) to work on /Users/luisl/Library/Python/3.9/lib/python/site-packages/airflow/example_dags/example_complex.py
[2025-04-21T15:15:12.192+0800] {processor.py:914} INFO - Processing file /Users/luisl/Library/Python/3.9/lib/python/site-packages/airflow/example_dags/example_complex.py for tasks to queue
[2025-04-21T15:15:12.192+0800] {logging_mixin.py:190} INFO - [2025-04-21T15:15:12.192+0800] {dagbag.py:588} INFO - Filling up the DagBag from /Users/luisl/Library/Python/3.9/lib/python/site-packages/airflow/example_dags/example_complex.py
[2025-04-21T15:15:12.200+0800] {processor.py:925} INFO - DAG(s) 'example_complex' retrieved from /Users/luisl/Library/Python/3.9/lib/python/site-packages/airflow/example_dags/example_complex.py
[2025-04-21T15:15:12.253+0800] {logging_mixin.py:190} INFO - [2025-04-21T15:15:12.253+0800] {dag.py:3239} INFO - Sync 1 DAGs
[2025-04-21T15:15:12.258+0800] {logging_mixin.py:190} INFO - [2025-04-21T15:15:12.257+0800] {dag.py:4180} INFO - Setting next_dagrun for example_complex to None, run_after=None
[2025-04-21T15:15:12.266+0800] {processor.py:208} INFO - Processing /Users/luisl/Library/Python/3.9/lib/python/site-packages/airflow/example_dags/example_complex.py took 0.078 seconds
[2025-04-21T15:17:30.350+0800] {processor.py:186} INFO - Started process (PID=13783) to work on /Users/luisl/Library/Python/3.9/lib/python/site-packages/airflow/example_dags/example_complex.py
[2025-04-21T15:17:30.352+0800] {processor.py:914} INFO - Processing file /Users/luisl/Library/Python/3.9/lib/python/site-packages/airflow/example_dags/example_complex.py for tasks to queue
[2025-04-21T15:17:30.353+0800] {logging_mixin.py:190} INFO - [2025-04-21T15:17:30.353+0800] {dagbag.py:588} INFO - Filling up the DagBag from /Users/luisl/Library/Python/3.9/lib/python/site-packages/airflow/example_dags/example_complex.py
[2025-04-21T15:17:30.360+0800] {processor.py:925} INFO - DAG(s) 'example_complex' retrieved from /Users/luisl/Library/Python/3.9/lib/python/site-packages/airflow/example_dags/example_complex.py
[2025-04-21T15:17:30.409+0800] {logging_mixin.py:190} INFO - [2025-04-21T15:17:30.409+0800] {dag.py:3239} INFO - Sync 1 DAGs
[2025-04-21T15:17:30.413+0800] {logging_mixin.py:190} INFO - [2025-04-21T15:17:30.413+0800] {dag.py:4180} INFO - Setting next_dagrun for example_complex to None, run_after=None
[2025-04-21T15:17:30.420+0800] {processor.py:208} INFO - Processing /Users/luisl/Library/Python/3.9/lib/python/site-packages/airflow/example_dags/example_complex.py took 0.071 seconds
[2025-04-21T15:20:13.538+0800] {processor.py:186} INFO - Started process (PID=14045) to work on /Users/luisl/Library/Python/3.9/lib/python/site-packages/airflow/example_dags/example_complex.py
[2025-04-21T15:20:13.540+0800] {processor.py:914} INFO - Processing file /Users/luisl/Library/Python/3.9/lib/python/site-packages/airflow/example_dags/example_complex.py for tasks to queue
[2025-04-21T15:20:13.540+0800] {logging_mixin.py:190} INFO - [2025-04-21T15:20:13.540+0800] {dagbag.py:588} INFO - Filling up the DagBag from /Users/luisl/Library/Python/3.9/lib/python/site-packages/airflow/example_dags/example_complex.py
[2025-04-21T15:20:13.547+0800] {processor.py:925} INFO - DAG(s) 'example_complex' retrieved from /Users/luisl/Library/Python/3.9/lib/python/site-packages/airflow/example_dags/example_complex.py
[2025-04-21T15:20:13.594+0800] {logging_mixin.py:190} INFO - [2025-04-21T15:20:13.593+0800] {dag.py:3239} INFO - Sync 1 DAGs
[2025-04-21T15:20:13.598+0800] {logging_mixin.py:190} INFO - [2025-04-21T15:20:13.598+0800] {dag.py:4180} INFO - Setting next_dagrun for example_complex to None, run_after=None
[2025-04-21T15:20:13.604+0800] {processor.py:208} INFO - Processing /Users/luisl/Library/Python/3.9/lib/python/site-packages/airflow/example_dags/example_complex.py took 0.068 seconds
[2025-04-21T15:22:57.329+0800] {processor.py:186} INFO - Started process (PID=14397) to work on /Users/luisl/Library/Python/3.9/lib/python/site-packages/airflow/example_dags/example_complex.py
[2025-04-21T15:22:57.331+0800] {processor.py:914} INFO - Processing file /Users/luisl/Library/Python/3.9/lib/python/site-packages/airflow/example_dags/example_complex.py for tasks to queue
[2025-04-21T15:22:57.332+0800] {logging_mixin.py:190} INFO - [2025-04-21T15:22:57.332+0800] {dagbag.py:588} INFO - Filling up the DagBag from /Users/luisl/Library/Python/3.9/lib/python/site-packages/airflow/example_dags/example_complex.py
[2025-04-21T15:22:57.338+0800] {processor.py:925} INFO - DAG(s) 'example_complex' retrieved from /Users/luisl/Library/Python/3.9/lib/python/site-packages/airflow/example_dags/example_complex.py
[2025-04-21T15:22:57.383+0800] {logging_mixin.py:190} INFO - [2025-04-21T15:22:57.383+0800] {dag.py:3239} INFO - Sync 1 DAGs
[2025-04-21T15:22:57.387+0800] {logging_mixin.py:190} INFO - [2025-04-21T15:22:57.387+0800] {dag.py:4180} INFO - Setting next_dagrun for example_complex to None, run_after=None
[2025-04-21T15:22:57.394+0800] {processor.py:208} INFO - Processing /Users/luisl/Library/Python/3.9/lib/python/site-packages/airflow/example_dags/example_complex.py took 0.066 seconds
[2025-04-21T15:24:07.618+0800] {processor.py:186} INFO - Started process (PID=14596) to work on /Users/luisl/Library/Python/3.9/lib/python/site-packages/airflow/example_dags/example_complex.py
[2025-04-21T15:24:07.620+0800] {processor.py:914} INFO - Processing file /Users/luisl/Library/Python/3.9/lib/python/site-packages/airflow/example_dags/example_complex.py for tasks to queue
[2025-04-21T15:24:07.620+0800] {logging_mixin.py:190} INFO - [2025-04-21T15:24:07.620+0800] {dagbag.py:588} INFO - Filling up the DagBag from /Users/luisl/Library/Python/3.9/lib/python/site-packages/airflow/example_dags/example_complex.py
[2025-04-21T15:24:07.627+0800] {processor.py:925} INFO - DAG(s) 'example_complex' retrieved from /Users/luisl/Library/Python/3.9/lib/python/site-packages/airflow/example_dags/example_complex.py
[2025-04-21T15:24:07.680+0800] {logging_mixin.py:190} INFO - [2025-04-21T15:24:07.679+0800] {dag.py:3239} INFO - Sync 1 DAGs
[2025-04-21T15:24:07.685+0800] {logging_mixin.py:190} INFO - [2025-04-21T15:24:07.684+0800] {dag.py:4180} INFO - Setting next_dagrun for example_complex to None, run_after=None
[2025-04-21T15:24:07.692+0800] {processor.py:208} INFO - Processing /Users/luisl/Library/Python/3.9/lib/python/site-packages/airflow/example_dags/example_complex.py took 0.076 seconds
[2025-04-21T15:25:18.506+0800] {processor.py:186} INFO - Started process (PID=14770) to work on /Users/luisl/Library/Python/3.9/lib/python/site-packages/airflow/example_dags/example_complex.py
[2025-04-21T15:25:18.509+0800] {processor.py:914} INFO - Processing file /Users/luisl/Library/Python/3.9/lib/python/site-packages/airflow/example_dags/example_complex.py for tasks to queue
[2025-04-21T15:25:18.510+0800] {logging_mixin.py:190} INFO - [2025-04-21T15:25:18.509+0800] {dagbag.py:588} INFO - Filling up the DagBag from /Users/luisl/Library/Python/3.9/lib/python/site-packages/airflow/example_dags/example_complex.py
[2025-04-21T15:25:18.516+0800] {processor.py:925} INFO - DAG(s) 'example_complex' retrieved from /Users/luisl/Library/Python/3.9/lib/python/site-packages/airflow/example_dags/example_complex.py
[2025-04-21T15:25:18.568+0800] {logging_mixin.py:190} INFO - [2025-04-21T15:25:18.567+0800] {dag.py:3239} INFO - Sync 1 DAGs
[2025-04-21T15:25:18.572+0800] {logging_mixin.py:190} INFO - [2025-04-21T15:25:18.572+0800] {dag.py:4180} INFO - Setting next_dagrun for example_complex to None, run_after=None
[2025-04-21T15:25:18.579+0800] {processor.py:208} INFO - Processing /Users/luisl/Library/Python/3.9/lib/python/site-packages/airflow/example_dags/example_complex.py took 0.075 seconds
[2025-04-21T15:26:26.708+0800] {processor.py:186} INFO - Started process (PID=14916) to work on /Users/luisl/Library/Python/3.9/lib/python/site-packages/airflow/example_dags/example_complex.py
[2025-04-21T15:26:26.710+0800] {processor.py:914} INFO - Processing file /Users/luisl/Library/Python/3.9/lib/python/site-packages/airflow/example_dags/example_complex.py for tasks to queue
[2025-04-21T15:26:26.711+0800] {logging_mixin.py:190} INFO - [2025-04-21T15:26:26.710+0800] {dagbag.py:588} INFO - Filling up the DagBag from /Users/luisl/Library/Python/3.9/lib/python/site-packages/airflow/example_dags/example_complex.py
[2025-04-21T15:26:26.717+0800] {processor.py:925} INFO - DAG(s) 'example_complex' retrieved from /Users/luisl/Library/Python/3.9/lib/python/site-packages/airflow/example_dags/example_complex.py
[2025-04-21T15:26:26.770+0800] {logging_mixin.py:190} INFO - [2025-04-21T15:26:26.769+0800] {dag.py:3239} INFO - Sync 1 DAGs
[2025-04-21T15:26:26.774+0800] {logging_mixin.py:190} INFO - [2025-04-21T15:26:26.774+0800] {dag.py:4180} INFO - Setting next_dagrun for example_complex to None, run_after=None
[2025-04-21T15:26:26.782+0800] {processor.py:208} INFO - Processing /Users/luisl/Library/Python/3.9/lib/python/site-packages/airflow/example_dags/example_complex.py took 0.075 seconds
[2025-04-21T15:27:46.578+0800] {processor.py:186} INFO - Started process (PID=15113) to work on /Users/luisl/Library/Python/3.9/lib/python/site-packages/airflow/example_dags/example_complex.py
[2025-04-21T15:27:46.581+0800] {processor.py:914} INFO - Processing file /Users/luisl/Library/Python/3.9/lib/python/site-packages/airflow/example_dags/example_complex.py for tasks to queue
[2025-04-21T15:27:46.582+0800] {logging_mixin.py:190} INFO - [2025-04-21T15:27:46.582+0800] {dagbag.py:588} INFO - Filling up the DagBag from /Users/luisl/Library/Python/3.9/lib/python/site-packages/airflow/example_dags/example_complex.py
[2025-04-21T15:27:46.589+0800] {processor.py:925} INFO - DAG(s) 'example_complex' retrieved from /Users/luisl/Library/Python/3.9/lib/python/site-packages/airflow/example_dags/example_complex.py
[2025-04-21T15:27:46.642+0800] {logging_mixin.py:190} INFO - [2025-04-21T15:27:46.642+0800] {dag.py:3239} INFO - Sync 1 DAGs
[2025-04-21T15:27:46.648+0800] {logging_mixin.py:190} INFO - [2025-04-21T15:27:46.648+0800] {dag.py:4180} INFO - Setting next_dagrun for example_complex to None, run_after=None
[2025-04-21T15:27:46.657+0800] {processor.py:208} INFO - Processing /Users/luisl/Library/Python/3.9/lib/python/site-packages/airflow/example_dags/example_complex.py took 0.080 seconds
[2025-04-21T15:28:50.506+0800] {processor.py:186} INFO - Started process (PID=15271) to work on /Users/luisl/Library/Python/3.9/lib/python/site-packages/airflow/example_dags/example_complex.py
[2025-04-21T15:28:50.508+0800] {processor.py:914} INFO - Processing file /Users/luisl/Library/Python/3.9/lib/python/site-packages/airflow/example_dags/example_complex.py for tasks to queue
[2025-04-21T15:28:50.509+0800] {logging_mixin.py:190} INFO - [2025-04-21T15:28:50.509+0800] {dagbag.py:588} INFO - Filling up the DagBag from /Users/luisl/Library/Python/3.9/lib/python/site-packages/airflow/example_dags/example_complex.py
[2025-04-21T15:28:50.515+0800] {processor.py:925} INFO - DAG(s) 'example_complex' retrieved from /Users/luisl/Library/Python/3.9/lib/python/site-packages/airflow/example_dags/example_complex.py
[2025-04-21T15:28:50.565+0800] {logging_mixin.py:190} INFO - [2025-04-21T15:28:50.565+0800] {dag.py:3239} INFO - Sync 1 DAGs
[2025-04-21T15:28:50.570+0800] {logging_mixin.py:190} INFO - [2025-04-21T15:28:50.570+0800] {dag.py:4180} INFO - Setting next_dagrun for example_complex to None, run_after=None
[2025-04-21T15:28:50.578+0800] {processor.py:208} INFO - Processing /Users/luisl/Library/Python/3.9/lib/python/site-packages/airflow/example_dags/example_complex.py took 0.074 seconds
[2025-04-21T15:43:30.037+0800] {processor.py:186} INFO - Started process (PID=16065) to work on /Users/luisl/Library/Python/3.9/lib/python/site-packages/airflow/example_dags/example_complex.py
[2025-04-21T15:43:30.039+0800] {processor.py:914} INFO - Processing file /Users/luisl/Library/Python/3.9/lib/python/site-packages/airflow/example_dags/example_complex.py for tasks to queue
[2025-04-21T15:43:30.040+0800] {logging_mixin.py:190} INFO - [2025-04-21T15:43:30.039+0800] {dagbag.py:588} INFO - Filling up the DagBag from /Users/luisl/Library/Python/3.9/lib/python/site-packages/airflow/example_dags/example_complex.py
[2025-04-21T15:43:30.046+0800] {processor.py:925} INFO - DAG(s) 'example_complex' retrieved from /Users/luisl/Library/Python/3.9/lib/python/site-packages/airflow/example_dags/example_complex.py
[2025-04-21T15:43:30.092+0800] {logging_mixin.py:190} INFO - [2025-04-21T15:43:30.092+0800] {dag.py:3239} INFO - Sync 1 DAGs
[2025-04-21T15:43:30.096+0800] {logging_mixin.py:190} INFO - [2025-04-21T15:43:30.096+0800] {dag.py:4180} INFO - Setting next_dagrun for example_complex to None, run_after=None
[2025-04-21T15:43:30.103+0800] {processor.py:208} INFO - Processing /Users/luisl/Library/Python/3.9/lib/python/site-packages/airflow/example_dags/example_complex.py took 0.067 seconds
[2025-04-21T15:44:33.514+0800] {processor.py:186} INFO - Started process (PID=16191) to work on /Users/luisl/Library/Python/3.9/lib/python/site-packages/airflow/example_dags/example_complex.py
[2025-04-21T15:44:33.516+0800] {processor.py:914} INFO - Processing file /Users/luisl/Library/Python/3.9/lib/python/site-packages/airflow/example_dags/example_complex.py for tasks to queue
[2025-04-21T15:44:33.517+0800] {logging_mixin.py:190} INFO - [2025-04-21T15:44:33.517+0800] {dagbag.py:588} INFO - Filling up the DagBag from /Users/luisl/Library/Python/3.9/lib/python/site-packages/airflow/example_dags/example_complex.py
[2025-04-21T15:44:33.524+0800] {processor.py:925} INFO - DAG(s) 'example_complex' retrieved from /Users/luisl/Library/Python/3.9/lib/python/site-packages/airflow/example_dags/example_complex.py
[2025-04-21T15:44:33.574+0800] {logging_mixin.py:190} INFO - [2025-04-21T15:44:33.574+0800] {dag.py:3239} INFO - Sync 1 DAGs
[2025-04-21T15:44:33.578+0800] {logging_mixin.py:190} INFO - [2025-04-21T15:44:33.578+0800] {dag.py:4180} INFO - Setting next_dagrun for example_complex to None, run_after=None
[2025-04-21T15:44:33.586+0800] {processor.py:208} INFO - Processing /Users/luisl/Library/Python/3.9/lib/python/site-packages/airflow/example_dags/example_complex.py took 0.074 seconds
[2025-04-21T15:45:37.413+0800] {processor.py:186} INFO - Started process (PID=16314) to work on /Users/luisl/Library/Python/3.9/lib/python/site-packages/airflow/example_dags/example_complex.py
[2025-04-21T15:45:37.416+0800] {processor.py:914} INFO - Processing file /Users/luisl/Library/Python/3.9/lib/python/site-packages/airflow/example_dags/example_complex.py for tasks to queue
[2025-04-21T15:45:37.416+0800] {logging_mixin.py:190} INFO - [2025-04-21T15:45:37.416+0800] {dagbag.py:588} INFO - Filling up the DagBag from /Users/luisl/Library/Python/3.9/lib/python/site-packages/airflow/example_dags/example_complex.py
[2025-04-21T15:45:37.423+0800] {processor.py:925} INFO - DAG(s) 'example_complex' retrieved from /Users/luisl/Library/Python/3.9/lib/python/site-packages/airflow/example_dags/example_complex.py
[2025-04-21T15:45:37.476+0800] {logging_mixin.py:190} INFO - [2025-04-21T15:45:37.476+0800] {dag.py:3239} INFO - Sync 1 DAGs
[2025-04-21T15:45:37.481+0800] {logging_mixin.py:190} INFO - [2025-04-21T15:45:37.481+0800] {dag.py:4180} INFO - Setting next_dagrun for example_complex to None, run_after=None
[2025-04-21T15:45:37.489+0800] {processor.py:208} INFO - Processing /Users/luisl/Library/Python/3.9/lib/python/site-packages/airflow/example_dags/example_complex.py took 0.077 seconds
[2025-04-21T15:46:46.843+0800] {processor.py:186} INFO - Started process (PID=16503) to work on /Users/luisl/Library/Python/3.9/lib/python/site-packages/airflow/example_dags/example_complex.py
[2025-04-21T15:46:46.846+0800] {processor.py:914} INFO - Processing file /Users/luisl/Library/Python/3.9/lib/python/site-packages/airflow/example_dags/example_complex.py for tasks to queue
[2025-04-21T15:46:46.847+0800] {logging_mixin.py:190} INFO - [2025-04-21T15:46:46.847+0800] {dagbag.py:588} INFO - Filling up the DagBag from /Users/luisl/Library/Python/3.9/lib/python/site-packages/airflow/example_dags/example_complex.py
[2025-04-21T15:46:46.854+0800] {processor.py:925} INFO - DAG(s) 'example_complex' retrieved from /Users/luisl/Library/Python/3.9/lib/python/site-packages/airflow/example_dags/example_complex.py
[2025-04-21T15:46:46.905+0800] {logging_mixin.py:190} INFO - [2025-04-21T15:46:46.904+0800] {dag.py:3239} INFO - Sync 1 DAGs
[2025-04-21T15:46:46.909+0800] {logging_mixin.py:190} INFO - [2025-04-21T15:46:46.909+0800] {dag.py:4180} INFO - Setting next_dagrun for example_complex to None, run_after=None
[2025-04-21T15:46:46.918+0800] {processor.py:208} INFO - Processing /Users/luisl/Library/Python/3.9/lib/python/site-packages/airflow/example_dags/example_complex.py took 0.076 seconds
[2025-04-21T15:47:53.469+0800] {processor.py:186} INFO - Started process (PID=16648) to work on /Users/luisl/Library/Python/3.9/lib/python/site-packages/airflow/example_dags/example_complex.py
[2025-04-21T15:47:53.472+0800] {processor.py:914} INFO - Processing file /Users/luisl/Library/Python/3.9/lib/python/site-packages/airflow/example_dags/example_complex.py for tasks to queue
[2025-04-21T15:47:53.473+0800] {logging_mixin.py:190} INFO - [2025-04-21T15:47:53.473+0800] {dagbag.py:588} INFO - Filling up the DagBag from /Users/luisl/Library/Python/3.9/lib/python/site-packages/airflow/example_dags/example_complex.py
[2025-04-21T15:47:53.480+0800] {processor.py:925} INFO - DAG(s) 'example_complex' retrieved from /Users/luisl/Library/Python/3.9/lib/python/site-packages/airflow/example_dags/example_complex.py
[2025-04-21T15:47:53.532+0800] {logging_mixin.py:190} INFO - [2025-04-21T15:47:53.532+0800] {dag.py:3239} INFO - Sync 1 DAGs
[2025-04-21T15:47:53.537+0800] {logging_mixin.py:190} INFO - [2025-04-21T15:47:53.536+0800] {dag.py:4180} INFO - Setting next_dagrun for example_complex to None, run_after=None
[2025-04-21T15:47:53.544+0800] {processor.py:208} INFO - Processing /Users/luisl/Library/Python/3.9/lib/python/site-packages/airflow/example_dags/example_complex.py took 0.076 seconds
[2025-04-21T15:48:55.134+0800] {processor.py:186} INFO - Started process (PID=16771) to work on /Users/luisl/Library/Python/3.9/lib/python/site-packages/airflow/example_dags/example_complex.py
[2025-04-21T15:48:55.136+0800] {processor.py:914} INFO - Processing file /Users/luisl/Library/Python/3.9/lib/python/site-packages/airflow/example_dags/example_complex.py for tasks to queue
[2025-04-21T15:48:55.137+0800] {logging_mixin.py:190} INFO - [2025-04-21T15:48:55.137+0800] {dagbag.py:588} INFO - Filling up the DagBag from /Users/luisl/Library/Python/3.9/lib/python/site-packages/airflow/example_dags/example_complex.py
[2025-04-21T15:48:55.143+0800] {processor.py:925} INFO - DAG(s) 'example_complex' retrieved from /Users/luisl/Library/Python/3.9/lib/python/site-packages/airflow/example_dags/example_complex.py
[2025-04-21T15:48:55.190+0800] {logging_mixin.py:190} INFO - [2025-04-21T15:48:55.190+0800] {dag.py:3239} INFO - Sync 1 DAGs
[2025-04-21T15:48:55.194+0800] {logging_mixin.py:190} INFO - [2025-04-21T15:48:55.194+0800] {dag.py:4180} INFO - Setting next_dagrun for example_complex to None, run_after=None
[2025-04-21T15:48:55.200+0800] {processor.py:208} INFO - Processing /Users/luisl/Library/Python/3.9/lib/python/site-packages/airflow/example_dags/example_complex.py took 0.068 seconds
[2025-04-21T15:49:56.522+0800] {processor.py:186} INFO - Started process (PID=16900) to work on /Users/luisl/Library/Python/3.9/lib/python/site-packages/airflow/example_dags/example_complex.py
[2025-04-21T15:49:56.524+0800] {processor.py:914} INFO - Processing file /Users/luisl/Library/Python/3.9/lib/python/site-packages/airflow/example_dags/example_complex.py for tasks to queue
[2025-04-21T15:49:56.525+0800] {logging_mixin.py:190} INFO - [2025-04-21T15:49:56.525+0800] {dagbag.py:588} INFO - Filling up the DagBag from /Users/luisl/Library/Python/3.9/lib/python/site-packages/airflow/example_dags/example_complex.py
[2025-04-21T15:49:56.532+0800] {processor.py:925} INFO - DAG(s) 'example_complex' retrieved from /Users/luisl/Library/Python/3.9/lib/python/site-packages/airflow/example_dags/example_complex.py
[2025-04-21T15:49:56.583+0800] {logging_mixin.py:190} INFO - [2025-04-21T15:49:56.583+0800] {dag.py:3239} INFO - Sync 1 DAGs
[2025-04-21T15:49:56.589+0800] {logging_mixin.py:190} INFO - [2025-04-21T15:49:56.589+0800] {dag.py:4180} INFO - Setting next_dagrun for example_complex to None, run_after=None
[2025-04-21T15:49:56.597+0800] {processor.py:208} INFO - Processing /Users/luisl/Library/Python/3.9/lib/python/site-packages/airflow/example_dags/example_complex.py took 0.077 seconds
[2025-04-21T16:19:43.823+0800] {processor.py:186} INFO - Started process (PID=17537) to work on /Users/luisl/Library/Python/3.9/lib/python/site-packages/airflow/example_dags/example_complex.py
[2025-04-21T16:19:43.826+0800] {processor.py:914} INFO - Processing file /Users/luisl/Library/Python/3.9/lib/python/site-packages/airflow/example_dags/example_complex.py for tasks to queue
[2025-04-21T16:19:43.827+0800] {logging_mixin.py:190} INFO - [2025-04-21T16:19:43.827+0800] {dagbag.py:588} INFO - Filling up the DagBag from /Users/luisl/Library/Python/3.9/lib/python/site-packages/airflow/example_dags/example_complex.py
[2025-04-21T16:19:43.834+0800] {processor.py:925} INFO - DAG(s) 'example_complex' retrieved from /Users/luisl/Library/Python/3.9/lib/python/site-packages/airflow/example_dags/example_complex.py
[2025-04-21T16:19:43.886+0800] {logging_mixin.py:190} INFO - [2025-04-21T16:19:43.886+0800] {dag.py:3239} INFO - Sync 1 DAGs
[2025-04-21T16:19:43.890+0800] {logging_mixin.py:190} INFO - [2025-04-21T16:19:43.890+0800] {dag.py:4180} INFO - Setting next_dagrun for example_complex to None, run_after=None
[2025-04-21T16:19:43.898+0800] {processor.py:208} INFO - Processing /Users/luisl/Library/Python/3.9/lib/python/site-packages/airflow/example_dags/example_complex.py took 0.076 seconds
[2025-04-21T16:20:52.758+0800] {processor.py:186} INFO - Started process (PID=17702) to work on /Users/luisl/Library/Python/3.9/lib/python/site-packages/airflow/example_dags/example_complex.py
[2025-04-21T16:20:52.761+0800] {processor.py:914} INFO - Processing file /Users/luisl/Library/Python/3.9/lib/python/site-packages/airflow/example_dags/example_complex.py for tasks to queue
[2025-04-21T16:20:52.762+0800] {logging_mixin.py:190} INFO - [2025-04-21T16:20:52.762+0800] {dagbag.py:588} INFO - Filling up the DagBag from /Users/luisl/Library/Python/3.9/lib/python/site-packages/airflow/example_dags/example_complex.py
[2025-04-21T16:20:52.770+0800] {processor.py:925} INFO - DAG(s) 'example_complex' retrieved from /Users/luisl/Library/Python/3.9/lib/python/site-packages/airflow/example_dags/example_complex.py
[2025-04-21T16:20:52.823+0800] {logging_mixin.py:190} INFO - [2025-04-21T16:20:52.822+0800] {dag.py:3239} INFO - Sync 1 DAGs
[2025-04-21T16:20:52.827+0800] {logging_mixin.py:190} INFO - [2025-04-21T16:20:52.827+0800] {dag.py:4180} INFO - Setting next_dagrun for example_complex to None, run_after=None
[2025-04-21T16:20:52.835+0800] {processor.py:208} INFO - Processing /Users/luisl/Library/Python/3.9/lib/python/site-packages/airflow/example_dags/example_complex.py took 0.078 seconds
[2025-04-21T16:21:58.517+0800] {processor.py:186} INFO - Started process (PID=17853) to work on /Users/luisl/Library/Python/3.9/lib/python/site-packages/airflow/example_dags/example_complex.py
[2025-04-21T16:21:58.520+0800] {processor.py:914} INFO - Processing file /Users/luisl/Library/Python/3.9/lib/python/site-packages/airflow/example_dags/example_complex.py for tasks to queue
[2025-04-21T16:21:58.520+0800] {logging_mixin.py:190} INFO - [2025-04-21T16:21:58.520+0800] {dagbag.py:588} INFO - Filling up the DagBag from /Users/luisl/Library/Python/3.9/lib/python/site-packages/airflow/example_dags/example_complex.py
[2025-04-21T16:21:58.527+0800] {processor.py:925} INFO - DAG(s) 'example_complex' retrieved from /Users/luisl/Library/Python/3.9/lib/python/site-packages/airflow/example_dags/example_complex.py
[2025-04-21T16:21:58.580+0800] {logging_mixin.py:190} INFO - [2025-04-21T16:21:58.580+0800] {dag.py:3239} INFO - Sync 1 DAGs
[2025-04-21T16:21:58.585+0800] {logging_mixin.py:190} INFO - [2025-04-21T16:21:58.585+0800] {dag.py:4180} INFO - Setting next_dagrun for example_complex to None, run_after=None
[2025-04-21T16:21:58.593+0800] {processor.py:208} INFO - Processing /Users/luisl/Library/Python/3.9/lib/python/site-packages/airflow/example_dags/example_complex.py took 0.077 seconds
[2025-04-21T16:23:05.674+0800] {processor.py:186} INFO - Started process (PID=18026) to work on /Users/luisl/Library/Python/3.9/lib/python/site-packages/airflow/example_dags/example_complex.py
[2025-04-21T16:23:05.676+0800] {processor.py:914} INFO - Processing file /Users/luisl/Library/Python/3.9/lib/python/site-packages/airflow/example_dags/example_complex.py for tasks to queue
[2025-04-21T16:23:05.677+0800] {logging_mixin.py:190} INFO - [2025-04-21T16:23:05.677+0800] {dagbag.py:588} INFO - Filling up the DagBag from /Users/luisl/Library/Python/3.9/lib/python/site-packages/airflow/example_dags/example_complex.py
[2025-04-21T16:23:05.683+0800] {processor.py:925} INFO - DAG(s) 'example_complex' retrieved from /Users/luisl/Library/Python/3.9/lib/python/site-packages/airflow/example_dags/example_complex.py
[2025-04-21T16:23:05.730+0800] {logging_mixin.py:190} INFO - [2025-04-21T16:23:05.730+0800] {dag.py:3239} INFO - Sync 1 DAGs
[2025-04-21T16:23:05.734+0800] {logging_mixin.py:190} INFO - [2025-04-21T16:23:05.734+0800] {dag.py:4180} INFO - Setting next_dagrun for example_complex to None, run_after=None
[2025-04-21T16:23:05.741+0800] {processor.py:208} INFO - Processing /Users/luisl/Library/Python/3.9/lib/python/site-packages/airflow/example_dags/example_complex.py took 0.069 seconds
[2025-04-21T16:24:07.340+0800] {processor.py:186} INFO - Started process (PID=18159) to work on /Users/luisl/Library/Python/3.9/lib/python/site-packages/airflow/example_dags/example_complex.py
[2025-04-21T16:24:07.343+0800] {processor.py:914} INFO - Processing file /Users/luisl/Library/Python/3.9/lib/python/site-packages/airflow/example_dags/example_complex.py for tasks to queue
[2025-04-21T16:24:07.343+0800] {logging_mixin.py:190} INFO - [2025-04-21T16:24:07.343+0800] {dagbag.py:588} INFO - Filling up the DagBag from /Users/luisl/Library/Python/3.9/lib/python/site-packages/airflow/example_dags/example_complex.py
[2025-04-21T16:24:07.349+0800] {processor.py:925} INFO - DAG(s) 'example_complex' retrieved from /Users/luisl/Library/Python/3.9/lib/python/site-packages/airflow/example_dags/example_complex.py
[2025-04-21T16:24:07.394+0800] {logging_mixin.py:190} INFO - [2025-04-21T16:24:07.394+0800] {dag.py:3239} INFO - Sync 1 DAGs
[2025-04-21T16:24:07.398+0800] {logging_mixin.py:190} INFO - [2025-04-21T16:24:07.398+0800] {dag.py:4180} INFO - Setting next_dagrun for example_complex to None, run_after=None
[2025-04-21T16:24:07.405+0800] {processor.py:208} INFO - Processing /Users/luisl/Library/Python/3.9/lib/python/site-packages/airflow/example_dags/example_complex.py took 0.066 seconds
[2025-04-21T16:25:13.724+0800] {processor.py:186} INFO - Started process (PID=18324) to work on /Users/luisl/Library/Python/3.9/lib/python/site-packages/airflow/example_dags/example_complex.py
[2025-04-21T16:25:13.726+0800] {processor.py:914} INFO - Processing file /Users/luisl/Library/Python/3.9/lib/python/site-packages/airflow/example_dags/example_complex.py for tasks to queue
[2025-04-21T16:25:13.727+0800] {logging_mixin.py:190} INFO - [2025-04-21T16:25:13.727+0800] {dagbag.py:588} INFO - Filling up the DagBag from /Users/luisl/Library/Python/3.9/lib/python/site-packages/airflow/example_dags/example_complex.py
[2025-04-21T16:25:13.733+0800] {processor.py:925} INFO - DAG(s) 'example_complex' retrieved from /Users/luisl/Library/Python/3.9/lib/python/site-packages/airflow/example_dags/example_complex.py
[2025-04-21T16:25:13.779+0800] {logging_mixin.py:190} INFO - [2025-04-21T16:25:13.779+0800] {dag.py:3239} INFO - Sync 1 DAGs
[2025-04-21T16:25:13.783+0800] {logging_mixin.py:190} INFO - [2025-04-21T16:25:13.783+0800] {dag.py:4180} INFO - Setting next_dagrun for example_complex to None, run_after=None
[2025-04-21T16:25:13.790+0800] {processor.py:208} INFO - Processing /Users/luisl/Library/Python/3.9/lib/python/site-packages/airflow/example_dags/example_complex.py took 0.067 seconds
[2025-04-21T16:26:16.922+0800] {processor.py:186} INFO - Started process (PID=18462) to work on /Users/luisl/Library/Python/3.9/lib/python/site-packages/airflow/example_dags/example_complex.py
[2025-04-21T16:26:16.925+0800] {processor.py:914} INFO - Processing file /Users/luisl/Library/Python/3.9/lib/python/site-packages/airflow/example_dags/example_complex.py for tasks to queue
[2025-04-21T16:26:16.926+0800] {logging_mixin.py:190} INFO - [2025-04-21T16:26:16.926+0800] {dagbag.py:588} INFO - Filling up the DagBag from /Users/luisl/Library/Python/3.9/lib/python/site-packages/airflow/example_dags/example_complex.py
[2025-04-21T16:26:16.933+0800] {processor.py:925} INFO - DAG(s) 'example_complex' retrieved from /Users/luisl/Library/Python/3.9/lib/python/site-packages/airflow/example_dags/example_complex.py
[2025-04-21T16:26:16.983+0800] {logging_mixin.py:190} INFO - [2025-04-21T16:26:16.983+0800] {dag.py:3239} INFO - Sync 1 DAGs
[2025-04-21T16:26:16.988+0800] {logging_mixin.py:190} INFO - [2025-04-21T16:26:16.988+0800] {dag.py:4180} INFO - Setting next_dagrun for example_complex to None, run_after=None
[2025-04-21T16:26:16.995+0800] {processor.py:208} INFO - Processing /Users/luisl/Library/Python/3.9/lib/python/site-packages/airflow/example_dags/example_complex.py took 0.074 seconds
[2025-04-21T16:27:26.207+0800] {processor.py:186} INFO - Started process (PID=18615) to work on /Users/luisl/Library/Python/3.9/lib/python/site-packages/airflow/example_dags/example_complex.py
[2025-04-21T16:27:26.209+0800] {processor.py:914} INFO - Processing file /Users/luisl/Library/Python/3.9/lib/python/site-packages/airflow/example_dags/example_complex.py for tasks to queue
[2025-04-21T16:27:26.210+0800] {logging_mixin.py:190} INFO - [2025-04-21T16:27:26.210+0800] {dagbag.py:588} INFO - Filling up the DagBag from /Users/luisl/Library/Python/3.9/lib/python/site-packages/airflow/example_dags/example_complex.py
[2025-04-21T16:27:26.217+0800] {processor.py:925} INFO - DAG(s) 'example_complex' retrieved from /Users/luisl/Library/Python/3.9/lib/python/site-packages/airflow/example_dags/example_complex.py
[2025-04-21T16:27:26.269+0800] {logging_mixin.py:190} INFO - [2025-04-21T16:27:26.269+0800] {dag.py:3239} INFO - Sync 1 DAGs
[2025-04-21T16:27:26.274+0800] {logging_mixin.py:190} INFO - [2025-04-21T16:27:26.274+0800] {dag.py:4180} INFO - Setting next_dagrun for example_complex to None, run_after=None
[2025-04-21T16:27:26.282+0800] {processor.py:208} INFO - Processing /Users/luisl/Library/Python/3.9/lib/python/site-packages/airflow/example_dags/example_complex.py took 0.076 seconds
[2025-04-21T16:30:22.897+0800] {processor.py:186} INFO - Started process (PID=19156) to work on /Users/luisl/Library/Python/3.9/lib/python/site-packages/airflow/example_dags/example_complex.py
[2025-04-21T16:30:22.900+0800] {processor.py:914} INFO - Processing file /Users/luisl/Library/Python/3.9/lib/python/site-packages/airflow/example_dags/example_complex.py for tasks to queue
[2025-04-21T16:30:22.901+0800] {logging_mixin.py:190} INFO - [2025-04-21T16:30:22.901+0800] {dagbag.py:588} INFO - Filling up the DagBag from /Users/luisl/Library/Python/3.9/lib/python/site-packages/airflow/example_dags/example_complex.py
[2025-04-21T16:30:22.907+0800] {processor.py:925} INFO - DAG(s) 'example_complex' retrieved from /Users/luisl/Library/Python/3.9/lib/python/site-packages/airflow/example_dags/example_complex.py
[2025-04-21T16:30:22.958+0800] {logging_mixin.py:190} INFO - [2025-04-21T16:30:22.958+0800] {dag.py:3239} INFO - Sync 1 DAGs
[2025-04-21T16:30:22.963+0800] {logging_mixin.py:190} INFO - [2025-04-21T16:30:22.963+0800] {dag.py:4180} INFO - Setting next_dagrun for example_complex to None, run_after=None
[2025-04-21T16:30:22.971+0800] {processor.py:208} INFO - Processing /Users/luisl/Library/Python/3.9/lib/python/site-packages/airflow/example_dags/example_complex.py took 0.075 seconds
[2025-04-21T16:33:18.811+0800] {processor.py:186} INFO - Started process (PID=19523) to work on /Users/luisl/Library/Python/3.9/lib/python/site-packages/airflow/example_dags/example_complex.py
[2025-04-21T16:33:18.813+0800] {processor.py:914} INFO - Processing file /Users/luisl/Library/Python/3.9/lib/python/site-packages/airflow/example_dags/example_complex.py for tasks to queue
[2025-04-21T16:33:18.813+0800] {logging_mixin.py:190} INFO - [2025-04-21T16:33:18.813+0800] {dagbag.py:588} INFO - Filling up the DagBag from /Users/luisl/Library/Python/3.9/lib/python/site-packages/airflow/example_dags/example_complex.py
[2025-04-21T16:33:18.819+0800] {processor.py:925} INFO - DAG(s) 'example_complex' retrieved from /Users/luisl/Library/Python/3.9/lib/python/site-packages/airflow/example_dags/example_complex.py
[2025-04-21T16:33:18.865+0800] {logging_mixin.py:190} INFO - [2025-04-21T16:33:18.865+0800] {dag.py:3239} INFO - Sync 1 DAGs
[2025-04-21T16:33:18.870+0800] {logging_mixin.py:190} INFO - [2025-04-21T16:33:18.870+0800] {dag.py:4180} INFO - Setting next_dagrun for example_complex to None, run_after=None
[2025-04-21T16:33:18.877+0800] {processor.py:208} INFO - Processing /Users/luisl/Library/Python/3.9/lib/python/site-packages/airflow/example_dags/example_complex.py took 0.067 seconds
[2025-04-21T16:36:05.170+0800] {processor.py:186} INFO - Started process (PID=19837) to work on /Users/luisl/Library/Python/3.9/lib/python/site-packages/airflow/example_dags/example_complex.py
[2025-04-21T16:36:05.172+0800] {processor.py:914} INFO - Processing file /Users/luisl/Library/Python/3.9/lib/python/site-packages/airflow/example_dags/example_complex.py for tasks to queue
[2025-04-21T16:36:05.173+0800] {logging_mixin.py:190} INFO - [2025-04-21T16:36:05.173+0800] {dagbag.py:588} INFO - Filling up the DagBag from /Users/luisl/Library/Python/3.9/lib/python/site-packages/airflow/example_dags/example_complex.py
[2025-04-21T16:36:05.180+0800] {processor.py:925} INFO - DAG(s) 'example_complex' retrieved from /Users/luisl/Library/Python/3.9/lib/python/site-packages/airflow/example_dags/example_complex.py
[2025-04-21T16:36:05.228+0800] {logging_mixin.py:190} INFO - [2025-04-21T16:36:05.228+0800] {dag.py:3239} INFO - Sync 1 DAGs
[2025-04-21T16:36:05.233+0800] {logging_mixin.py:190} INFO - [2025-04-21T16:36:05.233+0800] {dag.py:4180} INFO - Setting next_dagrun for example_complex to None, run_after=None
[2025-04-21T16:36:05.240+0800] {processor.py:208} INFO - Processing /Users/luisl/Library/Python/3.9/lib/python/site-packages/airflow/example_dags/example_complex.py took 0.071 seconds
[2025-04-21T16:38:53.062+0800] {processor.py:186} INFO - Started process (PID=20179) to work on /Users/luisl/Library/Python/3.9/lib/python/site-packages/airflow/example_dags/example_complex.py
[2025-04-21T16:38:53.065+0800] {processor.py:914} INFO - Processing file /Users/luisl/Library/Python/3.9/lib/python/site-packages/airflow/example_dags/example_complex.py for tasks to queue
[2025-04-21T16:38:53.065+0800] {logging_mixin.py:190} INFO - [2025-04-21T16:38:53.065+0800] {dagbag.py:588} INFO - Filling up the DagBag from /Users/luisl/Library/Python/3.9/lib/python/site-packages/airflow/example_dags/example_complex.py
[2025-04-21T16:38:53.073+0800] {processor.py:925} INFO - DAG(s) 'example_complex' retrieved from /Users/luisl/Library/Python/3.9/lib/python/site-packages/airflow/example_dags/example_complex.py
[2025-04-21T16:38:53.126+0800] {logging_mixin.py:190} INFO - [2025-04-21T16:38:53.126+0800] {dag.py:3239} INFO - Sync 1 DAGs
[2025-04-21T16:38:53.131+0800] {logging_mixin.py:190} INFO - [2025-04-21T16:38:53.131+0800] {dag.py:4180} INFO - Setting next_dagrun for example_complex to None, run_after=None
[2025-04-21T16:38:53.140+0800] {processor.py:208} INFO - Processing /Users/luisl/Library/Python/3.9/lib/python/site-packages/airflow/example_dags/example_complex.py took 0.079 seconds
[2025-04-21T16:41:48.006+0800] {processor.py:186} INFO - Started process (PID=20467) to work on /Users/luisl/Library/Python/3.9/lib/python/site-packages/airflow/example_dags/example_complex.py
[2025-04-21T16:41:48.009+0800] {processor.py:914} INFO - Processing file /Users/luisl/Library/Python/3.9/lib/python/site-packages/airflow/example_dags/example_complex.py for tasks to queue
[2025-04-21T16:41:48.009+0800] {logging_mixin.py:190} INFO - [2025-04-21T16:41:48.009+0800] {dagbag.py:588} INFO - Filling up the DagBag from /Users/luisl/Library/Python/3.9/lib/python/site-packages/airflow/example_dags/example_complex.py
[2025-04-21T16:41:48.016+0800] {processor.py:925} INFO - DAG(s) 'example_complex' retrieved from /Users/luisl/Library/Python/3.9/lib/python/site-packages/airflow/example_dags/example_complex.py
[2025-04-21T16:41:48.065+0800] {logging_mixin.py:190} INFO - [2025-04-21T16:41:48.064+0800] {dag.py:3239} INFO - Sync 1 DAGs
[2025-04-21T16:41:48.069+0800] {logging_mixin.py:190} INFO - [2025-04-21T16:41:48.069+0800] {dag.py:4180} INFO - Setting next_dagrun for example_complex to None, run_after=None
[2025-04-21T16:41:48.076+0800] {processor.py:208} INFO - Processing /Users/luisl/Library/Python/3.9/lib/python/site-packages/airflow/example_dags/example_complex.py took 0.071 seconds
[2025-04-21T16:44:42.046+0800] {processor.py:186} INFO - Started process (PID=20767) to work on /Users/luisl/Library/Python/3.9/lib/python/site-packages/airflow/example_dags/example_complex.py
[2025-04-21T16:44:42.048+0800] {processor.py:914} INFO - Processing file /Users/luisl/Library/Python/3.9/lib/python/site-packages/airflow/example_dags/example_complex.py for tasks to queue
[2025-04-21T16:44:42.049+0800] {logging_mixin.py:190} INFO - [2025-04-21T16:44:42.048+0800] {dagbag.py:588} INFO - Filling up the DagBag from /Users/luisl/Library/Python/3.9/lib/python/site-packages/airflow/example_dags/example_complex.py
[2025-04-21T16:44:42.055+0800] {processor.py:925} INFO - DAG(s) 'example_complex' retrieved from /Users/luisl/Library/Python/3.9/lib/python/site-packages/airflow/example_dags/example_complex.py
[2025-04-21T16:44:42.100+0800] {logging_mixin.py:190} INFO - [2025-04-21T16:44:42.100+0800] {dag.py:3239} INFO - Sync 1 DAGs
[2025-04-21T16:44:42.104+0800] {logging_mixin.py:190} INFO - [2025-04-21T16:44:42.104+0800] {dag.py:4180} INFO - Setting next_dagrun for example_complex to None, run_after=None
[2025-04-21T16:44:42.111+0800] {processor.py:208} INFO - Processing /Users/luisl/Library/Python/3.9/lib/python/site-packages/airflow/example_dags/example_complex.py took 0.066 seconds
[2025-04-21T16:47:30.879+0800] {processor.py:186} INFO - Started process (PID=21159) to work on /Users/luisl/Library/Python/3.9/lib/python/site-packages/airflow/example_dags/example_complex.py
[2025-04-21T16:47:30.882+0800] {processor.py:914} INFO - Processing file /Users/luisl/Library/Python/3.9/lib/python/site-packages/airflow/example_dags/example_complex.py for tasks to queue
[2025-04-21T16:47:30.882+0800] {logging_mixin.py:190} INFO - [2025-04-21T16:47:30.882+0800] {dagbag.py:588} INFO - Filling up the DagBag from /Users/luisl/Library/Python/3.9/lib/python/site-packages/airflow/example_dags/example_complex.py
[2025-04-21T16:47:30.889+0800] {processor.py:925} INFO - DAG(s) 'example_complex' retrieved from /Users/luisl/Library/Python/3.9/lib/python/site-packages/airflow/example_dags/example_complex.py
[2025-04-21T16:47:30.941+0800] {logging_mixin.py:190} INFO - [2025-04-21T16:47:30.941+0800] {dag.py:3239} INFO - Sync 1 DAGs
[2025-04-21T16:47:30.946+0800] {logging_mixin.py:190} INFO - [2025-04-21T16:47:30.946+0800] {dag.py:4180} INFO - Setting next_dagrun for example_complex to None, run_after=None
[2025-04-21T16:47:30.957+0800] {processor.py:208} INFO - Processing /Users/luisl/Library/Python/3.9/lib/python/site-packages/airflow/example_dags/example_complex.py took 0.079 seconds
[2025-04-21T16:50:23.042+0800] {processor.py:186} INFO - Started process (PID=21532) to work on /Users/luisl/Library/Python/3.9/lib/python/site-packages/airflow/example_dags/example_complex.py
[2025-04-21T16:50:23.044+0800] {processor.py:914} INFO - Processing file /Users/luisl/Library/Python/3.9/lib/python/site-packages/airflow/example_dags/example_complex.py for tasks to queue
[2025-04-21T16:50:23.044+0800] {logging_mixin.py:190} INFO - [2025-04-21T16:50:23.044+0800] {dagbag.py:588} INFO - Filling up the DagBag from /Users/luisl/Library/Python/3.9/lib/python/site-packages/airflow/example_dags/example_complex.py
[2025-04-21T16:50:23.051+0800] {processor.py:925} INFO - DAG(s) 'example_complex' retrieved from /Users/luisl/Library/Python/3.9/lib/python/site-packages/airflow/example_dags/example_complex.py
[2025-04-21T16:50:23.100+0800] {logging_mixin.py:190} INFO - [2025-04-21T16:50:23.100+0800] {dag.py:3239} INFO - Sync 1 DAGs
[2025-04-21T16:50:23.105+0800] {logging_mixin.py:190} INFO - [2025-04-21T16:50:23.105+0800] {dag.py:4180} INFO - Setting next_dagrun for example_complex to None, run_after=None
[2025-04-21T16:50:23.112+0800] {processor.py:208} INFO - Processing /Users/luisl/Library/Python/3.9/lib/python/site-packages/airflow/example_dags/example_complex.py took 0.071 seconds
[2025-04-21T16:53:16.203+0800] {processor.py:186} INFO - Started process (PID=21875) to work on /Users/luisl/Library/Python/3.9/lib/python/site-packages/airflow/example_dags/example_complex.py
[2025-04-21T16:53:16.205+0800] {processor.py:914} INFO - Processing file /Users/luisl/Library/Python/3.9/lib/python/site-packages/airflow/example_dags/example_complex.py for tasks to queue
[2025-04-21T16:53:16.206+0800] {logging_mixin.py:190} INFO - [2025-04-21T16:53:16.206+0800] {dagbag.py:588} INFO - Filling up the DagBag from /Users/luisl/Library/Python/3.9/lib/python/site-packages/airflow/example_dags/example_complex.py
[2025-04-21T16:53:16.212+0800] {processor.py:925} INFO - DAG(s) 'example_complex' retrieved from /Users/luisl/Library/Python/3.9/lib/python/site-packages/airflow/example_dags/example_complex.py
[2025-04-21T16:53:16.262+0800] {logging_mixin.py:190} INFO - [2025-04-21T16:53:16.262+0800] {dag.py:3239} INFO - Sync 1 DAGs
[2025-04-21T16:53:16.267+0800] {logging_mixin.py:190} INFO - [2025-04-21T16:53:16.267+0800] {dag.py:4180} INFO - Setting next_dagrun for example_complex to None, run_after=None
[2025-04-21T16:53:16.275+0800] {processor.py:208} INFO - Processing /Users/luisl/Library/Python/3.9/lib/python/site-packages/airflow/example_dags/example_complex.py took 0.073 seconds
[2025-04-21T16:56:07.263+0800] {processor.py:186} INFO - Started process (PID=22191) to work on /Users/luisl/Library/Python/3.9/lib/python/site-packages/airflow/example_dags/example_complex.py
[2025-04-21T16:56:07.265+0800] {processor.py:914} INFO - Processing file /Users/luisl/Library/Python/3.9/lib/python/site-packages/airflow/example_dags/example_complex.py for tasks to queue
[2025-04-21T16:56:07.266+0800] {logging_mixin.py:190} INFO - [2025-04-21T16:56:07.266+0800] {dagbag.py:588} INFO - Filling up the DagBag from /Users/luisl/Library/Python/3.9/lib/python/site-packages/airflow/example_dags/example_complex.py
[2025-04-21T16:56:07.272+0800] {processor.py:925} INFO - DAG(s) 'example_complex' retrieved from /Users/luisl/Library/Python/3.9/lib/python/site-packages/airflow/example_dags/example_complex.py
[2025-04-21T16:56:07.323+0800] {logging_mixin.py:190} INFO - [2025-04-21T16:56:07.323+0800] {dag.py:3239} INFO - Sync 1 DAGs
[2025-04-21T16:56:07.327+0800] {logging_mixin.py:190} INFO - [2025-04-21T16:56:07.327+0800] {dag.py:4180} INFO - Setting next_dagrun for example_complex to None, run_after=None
[2025-04-21T16:56:07.335+0800] {processor.py:208} INFO - Processing /Users/luisl/Library/Python/3.9/lib/python/site-packages/airflow/example_dags/example_complex.py took 0.074 seconds
[2025-04-21T16:58:54.980+0800] {processor.py:186} INFO - Started process (PID=22504) to work on /Users/luisl/Library/Python/3.9/lib/python/site-packages/airflow/example_dags/example_complex.py
[2025-04-21T16:58:54.983+0800] {processor.py:914} INFO - Processing file /Users/luisl/Library/Python/3.9/lib/python/site-packages/airflow/example_dags/example_complex.py for tasks to queue
[2025-04-21T16:58:54.983+0800] {logging_mixin.py:190} INFO - [2025-04-21T16:58:54.983+0800] {dagbag.py:588} INFO - Filling up the DagBag from /Users/luisl/Library/Python/3.9/lib/python/site-packages/airflow/example_dags/example_complex.py
[2025-04-21T16:58:54.989+0800] {processor.py:925} INFO - DAG(s) 'example_complex' retrieved from /Users/luisl/Library/Python/3.9/lib/python/site-packages/airflow/example_dags/example_complex.py
[2025-04-21T16:58:55.038+0800] {logging_mixin.py:190} INFO - [2025-04-21T16:58:55.038+0800] {dag.py:3239} INFO - Sync 1 DAGs
[2025-04-21T16:58:55.043+0800] {logging_mixin.py:190} INFO - [2025-04-21T16:58:55.043+0800] {dag.py:4180} INFO - Setting next_dagrun for example_complex to None, run_after=None
[2025-04-21T16:58:55.049+0800] {processor.py:208} INFO - Processing /Users/luisl/Library/Python/3.9/lib/python/site-packages/airflow/example_dags/example_complex.py took 0.070 seconds
[2025-04-21T17:03:06.607+0800] {processor.py:186} INFO - Started process (PID=22983) to work on /Users/luisl/Library/Python/3.9/lib/python/site-packages/airflow/example_dags/example_complex.py
[2025-04-21T17:03:06.610+0800] {processor.py:914} INFO - Processing file /Users/luisl/Library/Python/3.9/lib/python/site-packages/airflow/example_dags/example_complex.py for tasks to queue
[2025-04-21T17:03:06.610+0800] {logging_mixin.py:190} INFO - [2025-04-21T17:03:06.610+0800] {dagbag.py:588} INFO - Filling up the DagBag from /Users/luisl/Library/Python/3.9/lib/python/site-packages/airflow/example_dags/example_complex.py
[2025-04-21T17:03:06.617+0800] {processor.py:925} INFO - DAG(s) 'example_complex' retrieved from /Users/luisl/Library/Python/3.9/lib/python/site-packages/airflow/example_dags/example_complex.py
[2025-04-21T17:03:06.665+0800] {logging_mixin.py:190} INFO - [2025-04-21T17:03:06.665+0800] {dag.py:3239} INFO - Sync 1 DAGs
[2025-04-21T17:03:06.670+0800] {logging_mixin.py:190} INFO - [2025-04-21T17:03:06.669+0800] {dag.py:4180} INFO - Setting next_dagrun for example_complex to None, run_after=None
[2025-04-21T17:03:06.677+0800] {processor.py:208} INFO - Processing /Users/luisl/Library/Python/3.9/lib/python/site-packages/airflow/example_dags/example_complex.py took 0.071 seconds
