[2025-04-21T13:43:18.248+0800] {processor.py:186} INFO - Started process (PID=1503) to work on /Users/luisl/Library/Python/3.9/lib/python/site-packages/airflow/example_dags/example_bash_decorator.py
[2025-04-21T13:43:18.251+0800] {processor.py:914} INFO - Processing file /Users/luisl/Library/Python/3.9/lib/python/site-packages/airflow/example_dags/example_bash_decorator.py for tasks to queue
[2025-04-21T13:43:18.252+0800] {logging_mixin.py:190} INFO - [2025-04-21T13:43:18.252+0800] {dagbag.py:588} INFO - Filling up the DagBag from /Users/luisl/Library/Python/3.9/lib/python/site-packages/airflow/example_dags/example_bash_decorator.py
[2025-04-21T13:43:18.277+0800] {processor.py:925} INFO - DAG(s) 'example_bash_decorator' retrieved from /Users/luisl/Library/Python/3.9/lib/python/site-packages/airflow/example_dags/example_bash_decorator.py
[2025-04-21T13:43:18.383+0800] {logging_mixin.py:190} INFO - [2025-04-21T13:43:18.382+0800] {override.py:1930} INFO - Created Permission View: can edit on DAG:example_bash_decorator
[2025-04-21T13:43:18.387+0800] {logging_mixin.py:190} INFO - [2025-04-21T13:43:18.387+0800] {override.py:1930} INFO - Created Permission View: can read on DAG:example_bash_decorator
[2025-04-21T13:43:18.390+0800] {logging_mixin.py:190} INFO - [2025-04-21T13:43:18.390+0800] {override.py:1930} INFO - Created Permission View: can delete on DAG:example_bash_decorator
[2025-04-21T13:43:18.393+0800] {logging_mixin.py:190} INFO - [2025-04-21T13:43:18.393+0800] {override.py:1930} INFO - Created Permission View: menu access on DAG Run:example_bash_decorator
[2025-04-21T13:43:18.396+0800] {logging_mixin.py:190} INFO - [2025-04-21T13:43:18.396+0800] {override.py:1930} INFO - Created Permission View: can read on DAG Run:example_bash_decorator
[2025-04-21T13:43:18.398+0800] {logging_mixin.py:190} INFO - [2025-04-21T13:43:18.398+0800] {override.py:1930} INFO - Created Permission View: can delete on DAG Run:example_bash_decorator
[2025-04-21T13:43:18.401+0800] {logging_mixin.py:190} INFO - [2025-04-21T13:43:18.401+0800] {override.py:1930} INFO - Created Permission View: can create on DAG Run:example_bash_decorator
[2025-04-21T13:43:18.401+0800] {logging_mixin.py:190} INFO - [2025-04-21T13:43:18.401+0800] {dag.py:3239} INFO - Sync 1 DAGs
[2025-04-21T13:43:18.407+0800] {logging_mixin.py:190} INFO - [2025-04-21T13:43:18.407+0800] {dag.py:3262} INFO - Creating ORM DAG for example_bash_decorator
[2025-04-21T13:43:18.407+0800] {logging_mixin.py:190} INFO - [2025-04-21T13:43:18.407+0800] {dag.py:4180} INFO - Setting next_dagrun for example_bash_decorator to None, run_after=None
[2025-04-21T13:43:18.416+0800] {processor.py:208} INFO - Processing /Users/luisl/Library/Python/3.9/lib/python/site-packages/airflow/example_dags/example_bash_decorator.py took 0.169 seconds
[2025-04-21T13:46:33.937+0800] {processor.py:186} INFO - Started process (PID=1851) to work on /Users/luisl/Library/Python/3.9/lib/python/site-packages/airflow/example_dags/example_bash_decorator.py
[2025-04-21T13:46:33.941+0800] {processor.py:914} INFO - Processing file /Users/luisl/Library/Python/3.9/lib/python/site-packages/airflow/example_dags/example_bash_decorator.py for tasks to queue
[2025-04-21T13:46:33.941+0800] {logging_mixin.py:190} INFO - [2025-04-21T13:46:33.941+0800] {dagbag.py:588} INFO - Filling up the DagBag from /Users/luisl/Library/Python/3.9/lib/python/site-packages/airflow/example_dags/example_bash_decorator.py
[2025-04-21T13:46:33.969+0800] {processor.py:925} INFO - DAG(s) 'example_bash_decorator' retrieved from /Users/luisl/Library/Python/3.9/lib/python/site-packages/airflow/example_dags/example_bash_decorator.py
[2025-04-21T13:46:34.090+0800] {logging_mixin.py:190} INFO - [2025-04-21T13:46:34.090+0800] {dag.py:3239} INFO - Sync 1 DAGs
[2025-04-21T13:46:34.096+0800] {logging_mixin.py:190} INFO - [2025-04-21T13:46:34.096+0800] {dag.py:4180} INFO - Setting next_dagrun for example_bash_decorator to None, run_after=None
[2025-04-21T13:46:34.106+0800] {processor.py:208} INFO - Processing /Users/luisl/Library/Python/3.9/lib/python/site-packages/airflow/example_dags/example_bash_decorator.py took 0.170 seconds
[2025-04-21T13:49:43.086+0800] {processor.py:186} INFO - Started process (PID=2403) to work on /Users/luisl/Library/Python/3.9/lib/python/site-packages/airflow/example_dags/example_bash_decorator.py
[2025-04-21T13:49:43.089+0800] {processor.py:914} INFO - Processing file /Users/luisl/Library/Python/3.9/lib/python/site-packages/airflow/example_dags/example_bash_decorator.py for tasks to queue
[2025-04-21T13:49:43.090+0800] {logging_mixin.py:190} INFO - [2025-04-21T13:49:43.090+0800] {dagbag.py:588} INFO - Filling up the DagBag from /Users/luisl/Library/Python/3.9/lib/python/site-packages/airflow/example_dags/example_bash_decorator.py
[2025-04-21T13:49:43.113+0800] {processor.py:925} INFO - DAG(s) 'example_bash_decorator' retrieved from /Users/luisl/Library/Python/3.9/lib/python/site-packages/airflow/example_dags/example_bash_decorator.py
[2025-04-21T13:49:43.224+0800] {logging_mixin.py:190} INFO - [2025-04-21T13:49:43.224+0800] {dag.py:3239} INFO - Sync 1 DAGs
[2025-04-21T13:49:43.230+0800] {logging_mixin.py:190} INFO - [2025-04-21T13:49:43.230+0800] {dag.py:4180} INFO - Setting next_dagrun for example_bash_decorator to None, run_after=None
[2025-04-21T13:49:43.240+0800] {processor.py:208} INFO - Processing /Users/luisl/Library/Python/3.9/lib/python/site-packages/airflow/example_dags/example_bash_decorator.py took 0.156 seconds
[2025-04-21T13:52:50.904+0800] {processor.py:186} INFO - Started process (PID=2798) to work on /Users/luisl/Library/Python/3.9/lib/python/site-packages/airflow/example_dags/example_bash_decorator.py
[2025-04-21T13:52:50.907+0800] {processor.py:914} INFO - Processing file /Users/luisl/Library/Python/3.9/lib/python/site-packages/airflow/example_dags/example_bash_decorator.py for tasks to queue
[2025-04-21T13:52:50.908+0800] {logging_mixin.py:190} INFO - [2025-04-21T13:52:50.908+0800] {dagbag.py:588} INFO - Filling up the DagBag from /Users/luisl/Library/Python/3.9/lib/python/site-packages/airflow/example_dags/example_bash_decorator.py
[2025-04-21T13:52:50.935+0800] {processor.py:925} INFO - DAG(s) 'example_bash_decorator' retrieved from /Users/luisl/Library/Python/3.9/lib/python/site-packages/airflow/example_dags/example_bash_decorator.py
[2025-04-21T13:52:51.056+0800] {logging_mixin.py:190} INFO - [2025-04-21T13:52:51.056+0800] {dag.py:3239} INFO - Sync 1 DAGs
[2025-04-21T13:52:51.062+0800] {logging_mixin.py:190} INFO - [2025-04-21T13:52:51.061+0800] {dag.py:4180} INFO - Setting next_dagrun for example_bash_decorator to None, run_after=None
[2025-04-21T13:52:51.072+0800] {processor.py:208} INFO - Processing /Users/luisl/Library/Python/3.9/lib/python/site-packages/airflow/example_dags/example_bash_decorator.py took 0.170 seconds
[2025-04-21T13:55:59.060+0800] {processor.py:186} INFO - Started process (PID=3471) to work on /Users/luisl/Library/Python/3.9/lib/python/site-packages/airflow/example_dags/example_bash_decorator.py
[2025-04-21T13:55:59.063+0800] {processor.py:914} INFO - Processing file /Users/luisl/Library/Python/3.9/lib/python/site-packages/airflow/example_dags/example_bash_decorator.py for tasks to queue
[2025-04-21T13:55:59.064+0800] {logging_mixin.py:190} INFO - [2025-04-21T13:55:59.064+0800] {dagbag.py:588} INFO - Filling up the DagBag from /Users/luisl/Library/Python/3.9/lib/python/site-packages/airflow/example_dags/example_bash_decorator.py
[2025-04-21T13:55:59.090+0800] {processor.py:925} INFO - DAG(s) 'example_bash_decorator' retrieved from /Users/luisl/Library/Python/3.9/lib/python/site-packages/airflow/example_dags/example_bash_decorator.py
[2025-04-21T13:55:59.208+0800] {logging_mixin.py:190} INFO - [2025-04-21T13:55:59.208+0800] {dag.py:3239} INFO - Sync 1 DAGs
[2025-04-21T13:55:59.214+0800] {logging_mixin.py:190} INFO - [2025-04-21T13:55:59.214+0800] {dag.py:4180} INFO - Setting next_dagrun for example_bash_decorator to None, run_after=None
[2025-04-21T13:55:59.224+0800] {processor.py:208} INFO - Processing /Users/luisl/Library/Python/3.9/lib/python/site-packages/airflow/example_dags/example_bash_decorator.py took 0.166 seconds
[2025-04-21T13:59:15.453+0800] {processor.py:186} INFO - Started process (PID=3801) to work on /Users/luisl/Library/Python/3.9/lib/python/site-packages/airflow/example_dags/example_bash_decorator.py
[2025-04-21T13:59:15.456+0800] {processor.py:914} INFO - Processing file /Users/luisl/Library/Python/3.9/lib/python/site-packages/airflow/example_dags/example_bash_decorator.py for tasks to queue
[2025-04-21T13:59:15.457+0800] {logging_mixin.py:190} INFO - [2025-04-21T13:59:15.457+0800] {dagbag.py:588} INFO - Filling up the DagBag from /Users/luisl/Library/Python/3.9/lib/python/site-packages/airflow/example_dags/example_bash_decorator.py
[2025-04-21T13:59:15.481+0800] {processor.py:925} INFO - DAG(s) 'example_bash_decorator' retrieved from /Users/luisl/Library/Python/3.9/lib/python/site-packages/airflow/example_dags/example_bash_decorator.py
[2025-04-21T13:59:15.590+0800] {logging_mixin.py:190} INFO - [2025-04-21T13:59:15.590+0800] {dag.py:3239} INFO - Sync 1 DAGs
[2025-04-21T13:59:15.596+0800] {logging_mixin.py:190} INFO - [2025-04-21T13:59:15.596+0800] {dag.py:4180} INFO - Setting next_dagrun for example_bash_decorator to None, run_after=None
[2025-04-21T13:59:15.606+0800] {processor.py:208} INFO - Processing /Users/luisl/Library/Python/3.9/lib/python/site-packages/airflow/example_dags/example_bash_decorator.py took 0.155 seconds
[2025-04-21T14:02:32.385+0800] {processor.py:186} INFO - Started process (PID=4072) to work on /Users/luisl/Library/Python/3.9/lib/python/site-packages/airflow/example_dags/example_bash_decorator.py
[2025-04-21T14:02:32.389+0800] {processor.py:914} INFO - Processing file /Users/luisl/Library/Python/3.9/lib/python/site-packages/airflow/example_dags/example_bash_decorator.py for tasks to queue
[2025-04-21T14:02:32.389+0800] {logging_mixin.py:190} INFO - [2025-04-21T14:02:32.389+0800] {dagbag.py:588} INFO - Filling up the DagBag from /Users/luisl/Library/Python/3.9/lib/python/site-packages/airflow/example_dags/example_bash_decorator.py
[2025-04-21T14:02:32.414+0800] {processor.py:925} INFO - DAG(s) 'example_bash_decorator' retrieved from /Users/luisl/Library/Python/3.9/lib/python/site-packages/airflow/example_dags/example_bash_decorator.py
[2025-04-21T14:02:32.525+0800] {logging_mixin.py:190} INFO - [2025-04-21T14:02:32.525+0800] {dag.py:3239} INFO - Sync 1 DAGs
[2025-04-21T14:02:32.531+0800] {logging_mixin.py:190} INFO - [2025-04-21T14:02:32.531+0800] {dag.py:4180} INFO - Setting next_dagrun for example_bash_decorator to None, run_after=None
[2025-04-21T14:02:32.542+0800] {processor.py:208} INFO - Processing /Users/luisl/Library/Python/3.9/lib/python/site-packages/airflow/example_dags/example_bash_decorator.py took 0.159 seconds
[2025-04-21T14:07:08.691+0800] {processor.py:186} INFO - Started process (PID=4910) to work on /Users/luisl/Library/Python/3.9/lib/python/site-packages/airflow/example_dags/example_bash_decorator.py
[2025-04-21T14:07:08.695+0800] {processor.py:914} INFO - Processing file /Users/luisl/Library/Python/3.9/lib/python/site-packages/airflow/example_dags/example_bash_decorator.py for tasks to queue
[2025-04-21T14:07:08.695+0800] {logging_mixin.py:190} INFO - [2025-04-21T14:07:08.695+0800] {dagbag.py:588} INFO - Filling up the DagBag from /Users/luisl/Library/Python/3.9/lib/python/site-packages/airflow/example_dags/example_bash_decorator.py
[2025-04-21T14:07:08.718+0800] {processor.py:925} INFO - DAG(s) 'example_bash_decorator' retrieved from /Users/luisl/Library/Python/3.9/lib/python/site-packages/airflow/example_dags/example_bash_decorator.py
[2025-04-21T14:07:08.831+0800] {logging_mixin.py:190} INFO - [2025-04-21T14:07:08.830+0800] {dag.py:3239} INFO - Sync 1 DAGs
[2025-04-21T14:07:08.836+0800] {logging_mixin.py:190} INFO - [2025-04-21T14:07:08.836+0800] {dag.py:4180} INFO - Setting next_dagrun for example_bash_decorator to None, run_after=None
[2025-04-21T14:07:08.847+0800] {processor.py:208} INFO - Processing /Users/luisl/Library/Python/3.9/lib/python/site-packages/airflow/example_dags/example_bash_decorator.py took 0.158 seconds
[2025-04-21T14:11:26.180+0800] {processor.py:186} INFO - Started process (PID=5410) to work on /Users/luisl/Library/Python/3.9/lib/python/site-packages/airflow/example_dags/example_bash_decorator.py
[2025-04-21T14:11:26.184+0800] {processor.py:914} INFO - Processing file /Users/luisl/Library/Python/3.9/lib/python/site-packages/airflow/example_dags/example_bash_decorator.py for tasks to queue
[2025-04-21T14:11:26.184+0800] {logging_mixin.py:190} INFO - [2025-04-21T14:11:26.184+0800] {dagbag.py:588} INFO - Filling up the DagBag from /Users/luisl/Library/Python/3.9/lib/python/site-packages/airflow/example_dags/example_bash_decorator.py
[2025-04-21T14:11:26.211+0800] {processor.py:925} INFO - DAG(s) 'example_bash_decorator' retrieved from /Users/luisl/Library/Python/3.9/lib/python/site-packages/airflow/example_dags/example_bash_decorator.py
[2025-04-21T14:11:26.333+0800] {logging_mixin.py:190} INFO - [2025-04-21T14:11:26.333+0800] {dag.py:3239} INFO - Sync 1 DAGs
[2025-04-21T14:11:26.338+0800] {logging_mixin.py:190} INFO - [2025-04-21T14:11:26.338+0800] {dag.py:4180} INFO - Setting next_dagrun for example_bash_decorator to None, run_after=None
[2025-04-21T14:11:26.348+0800] {processor.py:208} INFO - Processing /Users/luisl/Library/Python/3.9/lib/python/site-packages/airflow/example_dags/example_bash_decorator.py took 0.170 seconds
[2025-04-21T14:17:16.475+0800] {processor.py:186} INFO - Started process (PID=5905) to work on /Users/luisl/Library/Python/3.9/lib/python/site-packages/airflow/example_dags/example_bash_decorator.py
[2025-04-21T14:17:16.478+0800] {processor.py:914} INFO - Processing file /Users/luisl/Library/Python/3.9/lib/python/site-packages/airflow/example_dags/example_bash_decorator.py for tasks to queue
[2025-04-21T14:17:16.479+0800] {logging_mixin.py:190} INFO - [2025-04-21T14:17:16.479+0800] {dagbag.py:588} INFO - Filling up the DagBag from /Users/luisl/Library/Python/3.9/lib/python/site-packages/airflow/example_dags/example_bash_decorator.py
[2025-04-21T14:17:16.506+0800] {processor.py:925} INFO - DAG(s) 'example_bash_decorator' retrieved from /Users/luisl/Library/Python/3.9/lib/python/site-packages/airflow/example_dags/example_bash_decorator.py
[2025-04-21T14:17:16.618+0800] {logging_mixin.py:190} INFO - [2025-04-21T14:17:16.618+0800] {dag.py:3239} INFO - Sync 1 DAGs
[2025-04-21T14:17:16.624+0800] {logging_mixin.py:190} INFO - [2025-04-21T14:17:16.624+0800] {dag.py:4180} INFO - Setting next_dagrun for example_bash_decorator to None, run_after=None
[2025-04-21T14:17:16.634+0800] {processor.py:208} INFO - Processing /Users/luisl/Library/Python/3.9/lib/python/site-packages/airflow/example_dags/example_bash_decorator.py took 0.162 seconds
[2025-04-21T14:20:23.380+0800] {processor.py:186} INFO - Started process (PID=6216) to work on /Users/luisl/Library/Python/3.9/lib/python/site-packages/airflow/example_dags/example_bash_decorator.py
[2025-04-21T14:20:23.383+0800] {processor.py:914} INFO - Processing file /Users/luisl/Library/Python/3.9/lib/python/site-packages/airflow/example_dags/example_bash_decorator.py for tasks to queue
[2025-04-21T14:20:23.384+0800] {logging_mixin.py:190} INFO - [2025-04-21T14:20:23.384+0800] {dagbag.py:588} INFO - Filling up the DagBag from /Users/luisl/Library/Python/3.9/lib/python/site-packages/airflow/example_dags/example_bash_decorator.py
[2025-04-21T14:20:23.407+0800] {processor.py:925} INFO - DAG(s) 'example_bash_decorator' retrieved from /Users/luisl/Library/Python/3.9/lib/python/site-packages/airflow/example_dags/example_bash_decorator.py
[2025-04-21T14:20:23.516+0800] {logging_mixin.py:190} INFO - [2025-04-21T14:20:23.516+0800] {dag.py:3239} INFO - Sync 1 DAGs
[2025-04-21T14:20:23.522+0800] {logging_mixin.py:190} INFO - [2025-04-21T14:20:23.522+0800] {dag.py:4180} INFO - Setting next_dagrun for example_bash_decorator to None, run_after=None
[2025-04-21T14:20:23.532+0800] {processor.py:208} INFO - Processing /Users/luisl/Library/Python/3.9/lib/python/site-packages/airflow/example_dags/example_bash_decorator.py took 0.154 seconds
[2025-04-21T14:22:08.349+0800] {processor.py:186} INFO - Started process (PID=6451) to work on /Users/luisl/Library/Python/3.9/lib/python/site-packages/airflow/example_dags/example_bash_decorator.py
[2025-04-21T14:22:08.352+0800] {processor.py:914} INFO - Processing file /Users/luisl/Library/Python/3.9/lib/python/site-packages/airflow/example_dags/example_bash_decorator.py for tasks to queue
[2025-04-21T14:22:08.352+0800] {logging_mixin.py:190} INFO - [2025-04-21T14:22:08.352+0800] {dagbag.py:588} INFO - Filling up the DagBag from /Users/luisl/Library/Python/3.9/lib/python/site-packages/airflow/example_dags/example_bash_decorator.py
[2025-04-21T14:22:08.376+0800] {processor.py:925} INFO - DAG(s) 'example_bash_decorator' retrieved from /Users/luisl/Library/Python/3.9/lib/python/site-packages/airflow/example_dags/example_bash_decorator.py
[2025-04-21T14:22:08.488+0800] {logging_mixin.py:190} INFO - [2025-04-21T14:22:08.488+0800] {dag.py:3239} INFO - Sync 1 DAGs
[2025-04-21T14:22:08.494+0800] {logging_mixin.py:190} INFO - [2025-04-21T14:22:08.494+0800] {dag.py:4180} INFO - Setting next_dagrun for example_bash_decorator to None, run_after=None
[2025-04-21T14:22:08.504+0800] {processor.py:208} INFO - Processing /Users/luisl/Library/Python/3.9/lib/python/site-packages/airflow/example_dags/example_bash_decorator.py took 0.157 seconds
[2025-04-21T14:23:51.363+0800] {processor.py:186} INFO - Started process (PID=6677) to work on /Users/luisl/Library/Python/3.9/lib/python/site-packages/airflow/example_dags/example_bash_decorator.py
[2025-04-21T14:23:51.366+0800] {processor.py:914} INFO - Processing file /Users/luisl/Library/Python/3.9/lib/python/site-packages/airflow/example_dags/example_bash_decorator.py for tasks to queue
[2025-04-21T14:23:51.367+0800] {logging_mixin.py:190} INFO - [2025-04-21T14:23:51.366+0800] {dagbag.py:588} INFO - Filling up the DagBag from /Users/luisl/Library/Python/3.9/lib/python/site-packages/airflow/example_dags/example_bash_decorator.py
[2025-04-21T14:23:51.391+0800] {processor.py:925} INFO - DAG(s) 'example_bash_decorator' retrieved from /Users/luisl/Library/Python/3.9/lib/python/site-packages/airflow/example_dags/example_bash_decorator.py
[2025-04-21T14:23:51.502+0800] {logging_mixin.py:190} INFO - [2025-04-21T14:23:51.502+0800] {dag.py:3239} INFO - Sync 1 DAGs
[2025-04-21T14:23:51.507+0800] {logging_mixin.py:190} INFO - [2025-04-21T14:23:51.507+0800] {dag.py:4180} INFO - Setting next_dagrun for example_bash_decorator to None, run_after=None
[2025-04-21T14:23:51.517+0800] {processor.py:208} INFO - Processing /Users/luisl/Library/Python/3.9/lib/python/site-packages/airflow/example_dags/example_bash_decorator.py took 0.157 seconds
[2025-04-21T14:25:36.955+0800] {processor.py:186} INFO - Started process (PID=6922) to work on /Users/luisl/Library/Python/3.9/lib/python/site-packages/airflow/example_dags/example_bash_decorator.py
[2025-04-21T14:25:36.958+0800] {processor.py:914} INFO - Processing file /Users/luisl/Library/Python/3.9/lib/python/site-packages/airflow/example_dags/example_bash_decorator.py for tasks to queue
[2025-04-21T14:25:36.959+0800] {logging_mixin.py:190} INFO - [2025-04-21T14:25:36.959+0800] {dagbag.py:588} INFO - Filling up the DagBag from /Users/luisl/Library/Python/3.9/lib/python/site-packages/airflow/example_dags/example_bash_decorator.py
[2025-04-21T14:25:36.981+0800] {processor.py:925} INFO - DAG(s) 'example_bash_decorator' retrieved from /Users/luisl/Library/Python/3.9/lib/python/site-packages/airflow/example_dags/example_bash_decorator.py
[2025-04-21T14:25:37.088+0800] {logging_mixin.py:190} INFO - [2025-04-21T14:25:37.088+0800] {dag.py:3239} INFO - Sync 1 DAGs
[2025-04-21T14:25:37.093+0800] {logging_mixin.py:190} INFO - [2025-04-21T14:25:37.093+0800] {dag.py:4180} INFO - Setting next_dagrun for example_bash_decorator to None, run_after=None
[2025-04-21T14:25:37.103+0800] {processor.py:208} INFO - Processing /Users/luisl/Library/Python/3.9/lib/python/site-packages/airflow/example_dags/example_bash_decorator.py took 0.150 seconds
[2025-04-21T14:27:26.711+0800] {processor.py:186} INFO - Started process (PID=7311) to work on /Users/luisl/Library/Python/3.9/lib/python/site-packages/airflow/example_dags/example_bash_decorator.py
[2025-04-21T14:27:26.714+0800] {processor.py:914} INFO - Processing file /Users/luisl/Library/Python/3.9/lib/python/site-packages/airflow/example_dags/example_bash_decorator.py for tasks to queue
[2025-04-21T14:27:26.715+0800] {logging_mixin.py:190} INFO - [2025-04-21T14:27:26.715+0800] {dagbag.py:588} INFO - Filling up the DagBag from /Users/luisl/Library/Python/3.9/lib/python/site-packages/airflow/example_dags/example_bash_decorator.py
[2025-04-21T14:27:26.741+0800] {processor.py:925} INFO - DAG(s) 'example_bash_decorator' retrieved from /Users/luisl/Library/Python/3.9/lib/python/site-packages/airflow/example_dags/example_bash_decorator.py
[2025-04-21T14:27:26.852+0800] {logging_mixin.py:190} INFO - [2025-04-21T14:27:26.851+0800] {dag.py:3239} INFO - Sync 1 DAGs
[2025-04-21T14:27:26.857+0800] {logging_mixin.py:190} INFO - [2025-04-21T14:27:26.857+0800] {dag.py:4180} INFO - Setting next_dagrun for example_bash_decorator to None, run_after=None
[2025-04-21T14:27:26.867+0800] {processor.py:208} INFO - Processing /Users/luisl/Library/Python/3.9/lib/python/site-packages/airflow/example_dags/example_bash_decorator.py took 0.159 seconds
[2025-04-21T14:29:14.759+0800] {processor.py:186} INFO - Started process (PID=7546) to work on /Users/luisl/Library/Python/3.9/lib/python/site-packages/airflow/example_dags/example_bash_decorator.py
[2025-04-21T14:29:14.762+0800] {processor.py:914} INFO - Processing file /Users/luisl/Library/Python/3.9/lib/python/site-packages/airflow/example_dags/example_bash_decorator.py for tasks to queue
[2025-04-21T14:29:14.763+0800] {logging_mixin.py:190} INFO - [2025-04-21T14:29:14.763+0800] {dagbag.py:588} INFO - Filling up the DagBag from /Users/luisl/Library/Python/3.9/lib/python/site-packages/airflow/example_dags/example_bash_decorator.py
[2025-04-21T14:29:14.785+0800] {processor.py:925} INFO - DAG(s) 'example_bash_decorator' retrieved from /Users/luisl/Library/Python/3.9/lib/python/site-packages/airflow/example_dags/example_bash_decorator.py
[2025-04-21T14:29:14.900+0800] {logging_mixin.py:190} INFO - [2025-04-21T14:29:14.899+0800] {dag.py:3239} INFO - Sync 1 DAGs
[2025-04-21T14:29:14.905+0800] {logging_mixin.py:190} INFO - [2025-04-21T14:29:14.905+0800] {dag.py:4180} INFO - Setting next_dagrun for example_bash_decorator to None, run_after=None
[2025-04-21T14:29:14.915+0800] {processor.py:208} INFO - Processing /Users/luisl/Library/Python/3.9/lib/python/site-packages/airflow/example_dags/example_bash_decorator.py took 0.158 seconds
[2025-04-21T14:30:51.034+0800] {processor.py:186} INFO - Started process (PID=7745) to work on /Users/luisl/Library/Python/3.9/lib/python/site-packages/airflow/example_dags/example_bash_decorator.py
[2025-04-21T14:30:51.038+0800] {processor.py:914} INFO - Processing file /Users/luisl/Library/Python/3.9/lib/python/site-packages/airflow/example_dags/example_bash_decorator.py for tasks to queue
[2025-04-21T14:30:51.039+0800] {logging_mixin.py:190} INFO - [2025-04-21T14:30:51.039+0800] {dagbag.py:588} INFO - Filling up the DagBag from /Users/luisl/Library/Python/3.9/lib/python/site-packages/airflow/example_dags/example_bash_decorator.py
[2025-04-21T14:30:51.063+0800] {processor.py:925} INFO - DAG(s) 'example_bash_decorator' retrieved from /Users/luisl/Library/Python/3.9/lib/python/site-packages/airflow/example_dags/example_bash_decorator.py
[2025-04-21T14:30:51.183+0800] {logging_mixin.py:190} INFO - [2025-04-21T14:30:51.182+0800] {dag.py:3239} INFO - Sync 1 DAGs
[2025-04-21T14:30:51.188+0800] {logging_mixin.py:190} INFO - [2025-04-21T14:30:51.188+0800] {dag.py:4180} INFO - Setting next_dagrun for example_bash_decorator to None, run_after=None
[2025-04-21T14:30:51.198+0800] {processor.py:208} INFO - Processing /Users/luisl/Library/Python/3.9/lib/python/site-packages/airflow/example_dags/example_bash_decorator.py took 0.166 seconds
[2025-04-21T14:32:34.786+0800] {processor.py:186} INFO - Started process (PID=7981) to work on /Users/luisl/Library/Python/3.9/lib/python/site-packages/airflow/example_dags/example_bash_decorator.py
[2025-04-21T14:32:34.790+0800] {processor.py:914} INFO - Processing file /Users/luisl/Library/Python/3.9/lib/python/site-packages/airflow/example_dags/example_bash_decorator.py for tasks to queue
[2025-04-21T14:32:34.791+0800] {logging_mixin.py:190} INFO - [2025-04-21T14:32:34.791+0800] {dagbag.py:588} INFO - Filling up the DagBag from /Users/luisl/Library/Python/3.9/lib/python/site-packages/airflow/example_dags/example_bash_decorator.py
[2025-04-21T14:32:34.817+0800] {processor.py:925} INFO - DAG(s) 'example_bash_decorator' retrieved from /Users/luisl/Library/Python/3.9/lib/python/site-packages/airflow/example_dags/example_bash_decorator.py
[2025-04-21T14:32:34.930+0800] {logging_mixin.py:190} INFO - [2025-04-21T14:32:34.930+0800] {dag.py:3239} INFO - Sync 1 DAGs
[2025-04-21T14:32:34.935+0800] {logging_mixin.py:190} INFO - [2025-04-21T14:32:34.935+0800] {dag.py:4180} INFO - Setting next_dagrun for example_bash_decorator to None, run_after=None
[2025-04-21T14:32:34.946+0800] {processor.py:208} INFO - Processing /Users/luisl/Library/Python/3.9/lib/python/site-packages/airflow/example_dags/example_bash_decorator.py took 0.162 seconds
[2025-04-21T14:34:21.134+0800] {processor.py:186} INFO - Started process (PID=8225) to work on /Users/luisl/Library/Python/3.9/lib/python/site-packages/airflow/example_dags/example_bash_decorator.py
[2025-04-21T14:34:21.138+0800] {processor.py:914} INFO - Processing file /Users/luisl/Library/Python/3.9/lib/python/site-packages/airflow/example_dags/example_bash_decorator.py for tasks to queue
[2025-04-21T14:34:21.139+0800] {logging_mixin.py:190} INFO - [2025-04-21T14:34:21.139+0800] {dagbag.py:588} INFO - Filling up the DagBag from /Users/luisl/Library/Python/3.9/lib/python/site-packages/airflow/example_dags/example_bash_decorator.py
[2025-04-21T14:34:21.164+0800] {processor.py:925} INFO - DAG(s) 'example_bash_decorator' retrieved from /Users/luisl/Library/Python/3.9/lib/python/site-packages/airflow/example_dags/example_bash_decorator.py
[2025-04-21T14:34:21.275+0800] {logging_mixin.py:190} INFO - [2025-04-21T14:34:21.275+0800] {dag.py:3239} INFO - Sync 1 DAGs
[2025-04-21T14:34:21.281+0800] {logging_mixin.py:190} INFO - [2025-04-21T14:34:21.280+0800] {dag.py:4180} INFO - Setting next_dagrun for example_bash_decorator to None, run_after=None
[2025-04-21T14:34:21.292+0800] {processor.py:208} INFO - Processing /Users/luisl/Library/Python/3.9/lib/python/site-packages/airflow/example_dags/example_bash_decorator.py took 0.159 seconds
[2025-04-21T14:36:08.520+0800] {processor.py:186} INFO - Started process (PID=8452) to work on /Users/luisl/Library/Python/3.9/lib/python/site-packages/airflow/example_dags/example_bash_decorator.py
[2025-04-21T14:36:08.523+0800] {processor.py:914} INFO - Processing file /Users/luisl/Library/Python/3.9/lib/python/site-packages/airflow/example_dags/example_bash_decorator.py for tasks to queue
[2025-04-21T14:36:08.524+0800] {logging_mixin.py:190} INFO - [2025-04-21T14:36:08.524+0800] {dagbag.py:588} INFO - Filling up the DagBag from /Users/luisl/Library/Python/3.9/lib/python/site-packages/airflow/example_dags/example_bash_decorator.py
[2025-04-21T14:36:08.548+0800] {processor.py:925} INFO - DAG(s) 'example_bash_decorator' retrieved from /Users/luisl/Library/Python/3.9/lib/python/site-packages/airflow/example_dags/example_bash_decorator.py
[2025-04-21T14:36:08.660+0800] {logging_mixin.py:190} INFO - [2025-04-21T14:36:08.660+0800] {dag.py:3239} INFO - Sync 1 DAGs
[2025-04-21T14:36:08.666+0800] {logging_mixin.py:190} INFO - [2025-04-21T14:36:08.666+0800] {dag.py:4180} INFO - Setting next_dagrun for example_bash_decorator to None, run_after=None
[2025-04-21T14:36:08.676+0800] {processor.py:208} INFO - Processing /Users/luisl/Library/Python/3.9/lib/python/site-packages/airflow/example_dags/example_bash_decorator.py took 0.158 seconds
[2025-04-21T14:37:53.015+0800] {processor.py:186} INFO - Started process (PID=8733) to work on /Users/luisl/Library/Python/3.9/lib/python/site-packages/airflow/example_dags/example_bash_decorator.py
[2025-04-21T14:37:53.018+0800] {processor.py:914} INFO - Processing file /Users/luisl/Library/Python/3.9/lib/python/site-packages/airflow/example_dags/example_bash_decorator.py for tasks to queue
[2025-04-21T14:37:53.019+0800] {logging_mixin.py:190} INFO - [2025-04-21T14:37:53.019+0800] {dagbag.py:588} INFO - Filling up the DagBag from /Users/luisl/Library/Python/3.9/lib/python/site-packages/airflow/example_dags/example_bash_decorator.py
[2025-04-21T14:37:53.045+0800] {processor.py:925} INFO - DAG(s) 'example_bash_decorator' retrieved from /Users/luisl/Library/Python/3.9/lib/python/site-packages/airflow/example_dags/example_bash_decorator.py
[2025-04-21T14:37:53.160+0800] {logging_mixin.py:190} INFO - [2025-04-21T14:37:53.160+0800] {dag.py:3239} INFO - Sync 1 DAGs
[2025-04-21T14:37:53.166+0800] {logging_mixin.py:190} INFO - [2025-04-21T14:37:53.166+0800] {dag.py:4180} INFO - Setting next_dagrun for example_bash_decorator to None, run_after=None
[2025-04-21T14:37:53.176+0800] {processor.py:208} INFO - Processing /Users/luisl/Library/Python/3.9/lib/python/site-packages/airflow/example_dags/example_bash_decorator.py took 0.163 seconds
[2025-04-21T14:39:38.074+0800] {processor.py:186} INFO - Started process (PID=8950) to work on /Users/luisl/Library/Python/3.9/lib/python/site-packages/airflow/example_dags/example_bash_decorator.py
[2025-04-21T14:39:38.077+0800] {processor.py:914} INFO - Processing file /Users/luisl/Library/Python/3.9/lib/python/site-packages/airflow/example_dags/example_bash_decorator.py for tasks to queue
[2025-04-21T14:39:38.078+0800] {logging_mixin.py:190} INFO - [2025-04-21T14:39:38.078+0800] {dagbag.py:588} INFO - Filling up the DagBag from /Users/luisl/Library/Python/3.9/lib/python/site-packages/airflow/example_dags/example_bash_decorator.py
[2025-04-21T14:39:38.101+0800] {processor.py:925} INFO - DAG(s) 'example_bash_decorator' retrieved from /Users/luisl/Library/Python/3.9/lib/python/site-packages/airflow/example_dags/example_bash_decorator.py
[2025-04-21T14:39:38.209+0800] {logging_mixin.py:190} INFO - [2025-04-21T14:39:38.209+0800] {dag.py:3239} INFO - Sync 1 DAGs
[2025-04-21T14:39:38.215+0800] {logging_mixin.py:190} INFO - [2025-04-21T14:39:38.215+0800] {dag.py:4180} INFO - Setting next_dagrun for example_bash_decorator to None, run_after=None
[2025-04-21T14:39:38.225+0800] {processor.py:208} INFO - Processing /Users/luisl/Library/Python/3.9/lib/python/site-packages/airflow/example_dags/example_bash_decorator.py took 0.153 seconds
[2025-04-21T14:41:23.831+0800] {processor.py:186} INFO - Started process (PID=9188) to work on /Users/luisl/Library/Python/3.9/lib/python/site-packages/airflow/example_dags/example_bash_decorator.py
[2025-04-21T14:41:23.835+0800] {processor.py:914} INFO - Processing file /Users/luisl/Library/Python/3.9/lib/python/site-packages/airflow/example_dags/example_bash_decorator.py for tasks to queue
[2025-04-21T14:41:23.835+0800] {logging_mixin.py:190} INFO - [2025-04-21T14:41:23.835+0800] {dagbag.py:588} INFO - Filling up the DagBag from /Users/luisl/Library/Python/3.9/lib/python/site-packages/airflow/example_dags/example_bash_decorator.py
[2025-04-21T14:41:23.861+0800] {processor.py:925} INFO - DAG(s) 'example_bash_decorator' retrieved from /Users/luisl/Library/Python/3.9/lib/python/site-packages/airflow/example_dags/example_bash_decorator.py
[2025-04-21T14:41:23.973+0800] {logging_mixin.py:190} INFO - [2025-04-21T14:41:23.973+0800] {dag.py:3239} INFO - Sync 1 DAGs
[2025-04-21T14:41:23.979+0800] {logging_mixin.py:190} INFO - [2025-04-21T14:41:23.979+0800] {dag.py:4180} INFO - Setting next_dagrun for example_bash_decorator to None, run_after=None
[2025-04-21T14:41:23.990+0800] {processor.py:208} INFO - Processing /Users/luisl/Library/Python/3.9/lib/python/site-packages/airflow/example_dags/example_bash_decorator.py took 0.160 seconds
[2025-04-21T15:00:04.164+0800] {processor.py:186} INFO - Started process (PID=11091) to work on /Users/luisl/Library/Python/3.9/lib/python/site-packages/airflow/example_dags/example_bash_decorator.py
[2025-04-21T15:00:04.167+0800] {processor.py:914} INFO - Processing file /Users/luisl/Library/Python/3.9/lib/python/site-packages/airflow/example_dags/example_bash_decorator.py for tasks to queue
[2025-04-21T15:00:04.167+0800] {logging_mixin.py:190} INFO - [2025-04-21T15:00:04.167+0800] {dagbag.py:588} INFO - Filling up the DagBag from /Users/luisl/Library/Python/3.9/lib/python/site-packages/airflow/example_dags/example_bash_decorator.py
[2025-04-21T15:00:04.185+0800] {processor.py:925} INFO - DAG(s) 'example_bash_decorator' retrieved from /Users/luisl/Library/Python/3.9/lib/python/site-packages/airflow/example_dags/example_bash_decorator.py
[2025-04-21T15:00:04.263+0800] {logging_mixin.py:190} INFO - [2025-04-21T15:00:04.263+0800] {dag.py:3239} INFO - Sync 1 DAGs
[2025-04-21T15:00:04.267+0800] {logging_mixin.py:190} INFO - [2025-04-21T15:00:04.267+0800] {dag.py:4180} INFO - Setting next_dagrun for example_bash_decorator to None, run_after=None
[2025-04-21T15:00:04.276+0800] {processor.py:208} INFO - Processing /Users/luisl/Library/Python/3.9/lib/python/site-packages/airflow/example_dags/example_bash_decorator.py took 0.114 seconds
[2025-04-21T15:01:39.368+0800] {processor.py:186} INFO - Started process (PID=11325) to work on /Users/luisl/Library/Python/3.9/lib/python/site-packages/airflow/example_dags/example_bash_decorator.py
[2025-04-21T15:01:39.371+0800] {processor.py:914} INFO - Processing file /Users/luisl/Library/Python/3.9/lib/python/site-packages/airflow/example_dags/example_bash_decorator.py for tasks to queue
[2025-04-21T15:01:39.371+0800] {logging_mixin.py:190} INFO - [2025-04-21T15:01:39.371+0800] {dagbag.py:588} INFO - Filling up the DagBag from /Users/luisl/Library/Python/3.9/lib/python/site-packages/airflow/example_dags/example_bash_decorator.py
[2025-04-21T15:01:39.388+0800] {processor.py:925} INFO - DAG(s) 'example_bash_decorator' retrieved from /Users/luisl/Library/Python/3.9/lib/python/site-packages/airflow/example_dags/example_bash_decorator.py
[2025-04-21T15:01:39.466+0800] {logging_mixin.py:190} INFO - [2025-04-21T15:01:39.466+0800] {dag.py:3239} INFO - Sync 1 DAGs
[2025-04-21T15:01:39.470+0800] {logging_mixin.py:190} INFO - [2025-04-21T15:01:39.470+0800] {dag.py:4180} INFO - Setting next_dagrun for example_bash_decorator to None, run_after=None
[2025-04-21T15:01:39.477+0800] {processor.py:208} INFO - Processing /Users/luisl/Library/Python/3.9/lib/python/site-packages/airflow/example_dags/example_bash_decorator.py took 0.111 seconds
[2025-04-21T15:02:40.895+0800] {processor.py:186} INFO - Started process (PID=11484) to work on /Users/luisl/Library/Python/3.9/lib/python/site-packages/airflow/example_dags/example_bash_decorator.py
[2025-04-21T15:02:40.897+0800] {processor.py:914} INFO - Processing file /Users/luisl/Library/Python/3.9/lib/python/site-packages/airflow/example_dags/example_bash_decorator.py for tasks to queue
[2025-04-21T15:02:40.898+0800] {logging_mixin.py:190} INFO - [2025-04-21T15:02:40.898+0800] {dagbag.py:588} INFO - Filling up the DagBag from /Users/luisl/Library/Python/3.9/lib/python/site-packages/airflow/example_dags/example_bash_decorator.py
[2025-04-21T15:02:40.916+0800] {processor.py:925} INFO - DAG(s) 'example_bash_decorator' retrieved from /Users/luisl/Library/Python/3.9/lib/python/site-packages/airflow/example_dags/example_bash_decorator.py
[2025-04-21T15:02:40.997+0800] {logging_mixin.py:190} INFO - [2025-04-21T15:02:40.997+0800] {dag.py:3239} INFO - Sync 1 DAGs
[2025-04-21T15:02:41.001+0800] {logging_mixin.py:190} INFO - [2025-04-21T15:02:41.001+0800] {dag.py:4180} INFO - Setting next_dagrun for example_bash_decorator to None, run_after=None
[2025-04-21T15:02:41.009+0800] {processor.py:208} INFO - Processing /Users/luisl/Library/Python/3.9/lib/python/site-packages/airflow/example_dags/example_bash_decorator.py took 0.116 seconds
[2025-04-21T15:03:44.130+0800] {processor.py:186} INFO - Started process (PID=11663) to work on /Users/luisl/Library/Python/3.9/lib/python/site-packages/airflow/example_dags/example_bash_decorator.py
[2025-04-21T15:03:44.133+0800] {processor.py:914} INFO - Processing file /Users/luisl/Library/Python/3.9/lib/python/site-packages/airflow/example_dags/example_bash_decorator.py for tasks to queue
[2025-04-21T15:03:44.133+0800] {logging_mixin.py:190} INFO - [2025-04-21T15:03:44.133+0800] {dagbag.py:588} INFO - Filling up the DagBag from /Users/luisl/Library/Python/3.9/lib/python/site-packages/airflow/example_dags/example_bash_decorator.py
[2025-04-21T15:03:44.150+0800] {processor.py:925} INFO - DAG(s) 'example_bash_decorator' retrieved from /Users/luisl/Library/Python/3.9/lib/python/site-packages/airflow/example_dags/example_bash_decorator.py
[2025-04-21T15:03:44.225+0800] {logging_mixin.py:190} INFO - [2025-04-21T15:03:44.225+0800] {dag.py:3239} INFO - Sync 1 DAGs
[2025-04-21T15:03:44.229+0800] {logging_mixin.py:190} INFO - [2025-04-21T15:03:44.229+0800] {dag.py:4180} INFO - Setting next_dagrun for example_bash_decorator to None, run_after=None
[2025-04-21T15:03:44.236+0800] {processor.py:208} INFO - Processing /Users/luisl/Library/Python/3.9/lib/python/site-packages/airflow/example_dags/example_bash_decorator.py took 0.107 seconds
[2025-04-21T15:04:47.420+0800] {processor.py:186} INFO - Started process (PID=11854) to work on /Users/luisl/Library/Python/3.9/lib/python/site-packages/airflow/example_dags/example_bash_decorator.py
[2025-04-21T15:04:47.423+0800] {processor.py:914} INFO - Processing file /Users/luisl/Library/Python/3.9/lib/python/site-packages/airflow/example_dags/example_bash_decorator.py for tasks to queue
[2025-04-21T15:04:47.424+0800] {logging_mixin.py:190} INFO - [2025-04-21T15:04:47.423+0800] {dagbag.py:588} INFO - Filling up the DagBag from /Users/luisl/Library/Python/3.9/lib/python/site-packages/airflow/example_dags/example_bash_decorator.py
[2025-04-21T15:04:47.440+0800] {processor.py:925} INFO - DAG(s) 'example_bash_decorator' retrieved from /Users/luisl/Library/Python/3.9/lib/python/site-packages/airflow/example_dags/example_bash_decorator.py
[2025-04-21T15:04:47.515+0800] {logging_mixin.py:190} INFO - [2025-04-21T15:04:47.515+0800] {dag.py:3239} INFO - Sync 1 DAGs
[2025-04-21T15:04:47.519+0800] {logging_mixin.py:190} INFO - [2025-04-21T15:04:47.519+0800] {dag.py:4180} INFO - Setting next_dagrun for example_bash_decorator to None, run_after=None
[2025-04-21T15:04:47.528+0800] {processor.py:208} INFO - Processing /Users/luisl/Library/Python/3.9/lib/python/site-packages/airflow/example_dags/example_bash_decorator.py took 0.109 seconds
[2025-04-21T15:06:19.359+0800] {processor.py:186} INFO - Started process (PID=12111) to work on /Users/luisl/Library/Python/3.9/lib/python/site-packages/airflow/example_dags/example_bash_decorator.py
[2025-04-21T15:06:19.362+0800] {processor.py:914} INFO - Processing file /Users/luisl/Library/Python/3.9/lib/python/site-packages/airflow/example_dags/example_bash_decorator.py for tasks to queue
[2025-04-21T15:06:19.363+0800] {logging_mixin.py:190} INFO - [2025-04-21T15:06:19.362+0800] {dagbag.py:588} INFO - Filling up the DagBag from /Users/luisl/Library/Python/3.9/lib/python/site-packages/airflow/example_dags/example_bash_decorator.py
[2025-04-21T15:06:19.381+0800] {processor.py:925} INFO - DAG(s) 'example_bash_decorator' retrieved from /Users/luisl/Library/Python/3.9/lib/python/site-packages/airflow/example_dags/example_bash_decorator.py
[2025-04-21T15:06:19.465+0800] {logging_mixin.py:190} INFO - [2025-04-21T15:06:19.464+0800] {dag.py:3239} INFO - Sync 1 DAGs
[2025-04-21T15:06:19.469+0800] {logging_mixin.py:190} INFO - [2025-04-21T15:06:19.469+0800] {dag.py:4180} INFO - Setting next_dagrun for example_bash_decorator to None, run_after=None
[2025-04-21T15:06:19.477+0800] {processor.py:208} INFO - Processing /Users/luisl/Library/Python/3.9/lib/python/site-packages/airflow/example_dags/example_bash_decorator.py took 0.120 seconds
[2025-04-21T15:08:36.816+0800] {processor.py:186} INFO - Started process (PID=12410) to work on /Users/luisl/Library/Python/3.9/lib/python/site-packages/airflow/example_dags/example_bash_decorator.py
[2025-04-21T15:08:36.818+0800] {processor.py:914} INFO - Processing file /Users/luisl/Library/Python/3.9/lib/python/site-packages/airflow/example_dags/example_bash_decorator.py for tasks to queue
[2025-04-21T15:08:36.819+0800] {logging_mixin.py:190} INFO - [2025-04-21T15:08:36.819+0800] {dagbag.py:588} INFO - Filling up the DagBag from /Users/luisl/Library/Python/3.9/lib/python/site-packages/airflow/example_dags/example_bash_decorator.py
[2025-04-21T15:08:36.837+0800] {processor.py:925} INFO - DAG(s) 'example_bash_decorator' retrieved from /Users/luisl/Library/Python/3.9/lib/python/site-packages/airflow/example_dags/example_bash_decorator.py
[2025-04-21T15:08:36.926+0800] {logging_mixin.py:190} INFO - [2025-04-21T15:08:36.926+0800] {dag.py:3239} INFO - Sync 1 DAGs
[2025-04-21T15:08:36.930+0800] {logging_mixin.py:190} INFO - [2025-04-21T15:08:36.930+0800] {dag.py:4180} INFO - Setting next_dagrun for example_bash_decorator to None, run_after=None
[2025-04-21T15:08:36.938+0800] {processor.py:208} INFO - Processing /Users/luisl/Library/Python/3.9/lib/python/site-packages/airflow/example_dags/example_bash_decorator.py took 0.123 seconds
[2025-04-21T15:10:30.127+0800] {processor.py:186} INFO - Started process (PID=12690) to work on /Users/luisl/Library/Python/3.9/lib/python/site-packages/airflow/example_dags/example_bash_decorator.py
[2025-04-21T15:10:30.129+0800] {processor.py:914} INFO - Processing file /Users/luisl/Library/Python/3.9/lib/python/site-packages/airflow/example_dags/example_bash_decorator.py for tasks to queue
[2025-04-21T15:10:30.130+0800] {logging_mixin.py:190} INFO - [2025-04-21T15:10:30.130+0800] {dagbag.py:588} INFO - Filling up the DagBag from /Users/luisl/Library/Python/3.9/lib/python/site-packages/airflow/example_dags/example_bash_decorator.py
[2025-04-21T15:10:30.149+0800] {processor.py:925} INFO - DAG(s) 'example_bash_decorator' retrieved from /Users/luisl/Library/Python/3.9/lib/python/site-packages/airflow/example_dags/example_bash_decorator.py
[2025-04-21T15:10:30.237+0800] {logging_mixin.py:190} INFO - [2025-04-21T15:10:30.237+0800] {dag.py:3239} INFO - Sync 1 DAGs
[2025-04-21T15:10:30.241+0800] {logging_mixin.py:190} INFO - [2025-04-21T15:10:30.241+0800] {dag.py:4180} INFO - Setting next_dagrun for example_bash_decorator to None, run_after=None
[2025-04-21T15:10:30.248+0800] {processor.py:208} INFO - Processing /Users/luisl/Library/Python/3.9/lib/python/site-packages/airflow/example_dags/example_bash_decorator.py took 0.123 seconds
[2025-04-21T15:11:32.211+0800] {processor.py:186} INFO - Started process (PID=12878) to work on /Users/luisl/Library/Python/3.9/lib/python/site-packages/airflow/example_dags/example_bash_decorator.py
[2025-04-21T15:11:32.213+0800] {processor.py:914} INFO - Processing file /Users/luisl/Library/Python/3.9/lib/python/site-packages/airflow/example_dags/example_bash_decorator.py for tasks to queue
[2025-04-21T15:11:32.214+0800] {logging_mixin.py:190} INFO - [2025-04-21T15:11:32.214+0800] {dagbag.py:588} INFO - Filling up the DagBag from /Users/luisl/Library/Python/3.9/lib/python/site-packages/airflow/example_dags/example_bash_decorator.py
[2025-04-21T15:11:32.231+0800] {processor.py:925} INFO - DAG(s) 'example_bash_decorator' retrieved from /Users/luisl/Library/Python/3.9/lib/python/site-packages/airflow/example_dags/example_bash_decorator.py
[2025-04-21T15:11:32.323+0800] {logging_mixin.py:190} INFO - [2025-04-21T15:11:32.323+0800] {dag.py:3239} INFO - Sync 1 DAGs
[2025-04-21T15:11:32.328+0800] {logging_mixin.py:190} INFO - [2025-04-21T15:11:32.328+0800] {dag.py:4180} INFO - Setting next_dagrun for example_bash_decorator to None, run_after=None
[2025-04-21T15:11:32.335+0800] {processor.py:208} INFO - Processing /Users/luisl/Library/Python/3.9/lib/python/site-packages/airflow/example_dags/example_bash_decorator.py took 0.125 seconds
[2025-04-21T15:12:36.809+0800] {processor.py:186} INFO - Started process (PID=13103) to work on /Users/luisl/Library/Python/3.9/lib/python/site-packages/airflow/example_dags/example_bash_decorator.py
[2025-04-21T15:12:36.811+0800] {processor.py:914} INFO - Processing file /Users/luisl/Library/Python/3.9/lib/python/site-packages/airflow/example_dags/example_bash_decorator.py for tasks to queue
[2025-04-21T15:12:36.812+0800] {logging_mixin.py:190} INFO - [2025-04-21T15:12:36.812+0800] {dagbag.py:588} INFO - Filling up the DagBag from /Users/luisl/Library/Python/3.9/lib/python/site-packages/airflow/example_dags/example_bash_decorator.py
[2025-04-21T15:12:36.831+0800] {processor.py:925} INFO - DAG(s) 'example_bash_decorator' retrieved from /Users/luisl/Library/Python/3.9/lib/python/site-packages/airflow/example_dags/example_bash_decorator.py
[2025-04-21T15:12:36.921+0800] {logging_mixin.py:190} INFO - [2025-04-21T15:12:36.921+0800] {dag.py:3239} INFO - Sync 1 DAGs
[2025-04-21T15:12:36.925+0800] {logging_mixin.py:190} INFO - [2025-04-21T15:12:36.925+0800] {dag.py:4180} INFO - Setting next_dagrun for example_bash_decorator to None, run_after=None
[2025-04-21T15:12:36.933+0800] {processor.py:208} INFO - Processing /Users/luisl/Library/Python/3.9/lib/python/site-packages/airflow/example_dags/example_bash_decorator.py took 0.125 seconds
[2025-04-21T15:13:43.351+0800] {processor.py:186} INFO - Started process (PID=13280) to work on /Users/luisl/Library/Python/3.9/lib/python/site-packages/airflow/example_dags/example_bash_decorator.py
[2025-04-21T15:13:43.353+0800] {processor.py:914} INFO - Processing file /Users/luisl/Library/Python/3.9/lib/python/site-packages/airflow/example_dags/example_bash_decorator.py for tasks to queue
[2025-04-21T15:13:43.353+0800] {logging_mixin.py:190} INFO - [2025-04-21T15:13:43.353+0800] {dagbag.py:588} INFO - Filling up the DagBag from /Users/luisl/Library/Python/3.9/lib/python/site-packages/airflow/example_dags/example_bash_decorator.py
[2025-04-21T15:13:43.374+0800] {processor.py:925} INFO - DAG(s) 'example_bash_decorator' retrieved from /Users/luisl/Library/Python/3.9/lib/python/site-packages/airflow/example_dags/example_bash_decorator.py
[2025-04-21T15:13:43.467+0800] {logging_mixin.py:190} INFO - [2025-04-21T15:13:43.467+0800] {dag.py:3239} INFO - Sync 1 DAGs
[2025-04-21T15:13:43.471+0800] {logging_mixin.py:190} INFO - [2025-04-21T15:13:43.471+0800] {dag.py:4180} INFO - Setting next_dagrun for example_bash_decorator to None, run_after=None
[2025-04-21T15:13:43.479+0800] {processor.py:208} INFO - Processing /Users/luisl/Library/Python/3.9/lib/python/site-packages/airflow/example_dags/example_bash_decorator.py took 0.130 seconds
[2025-04-21T15:14:48.513+0800] {processor.py:186} INFO - Started process (PID=13451) to work on /Users/luisl/Library/Python/3.9/lib/python/site-packages/airflow/example_dags/example_bash_decorator.py
[2025-04-21T15:14:48.516+0800] {processor.py:914} INFO - Processing file /Users/luisl/Library/Python/3.9/lib/python/site-packages/airflow/example_dags/example_bash_decorator.py for tasks to queue
[2025-04-21T15:14:48.516+0800] {logging_mixin.py:190} INFO - [2025-04-21T15:14:48.516+0800] {dagbag.py:588} INFO - Filling up the DagBag from /Users/luisl/Library/Python/3.9/lib/python/site-packages/airflow/example_dags/example_bash_decorator.py
[2025-04-21T15:14:48.532+0800] {processor.py:925} INFO - DAG(s) 'example_bash_decorator' retrieved from /Users/luisl/Library/Python/3.9/lib/python/site-packages/airflow/example_dags/example_bash_decorator.py
[2025-04-21T15:14:48.611+0800] {logging_mixin.py:190} INFO - [2025-04-21T15:14:48.611+0800] {dag.py:3239} INFO - Sync 1 DAGs
[2025-04-21T15:14:48.615+0800] {logging_mixin.py:190} INFO - [2025-04-21T15:14:48.615+0800] {dag.py:4180} INFO - Setting next_dagrun for example_bash_decorator to None, run_after=None
[2025-04-21T15:14:48.624+0800] {processor.py:208} INFO - Processing /Users/luisl/Library/Python/3.9/lib/python/site-packages/airflow/example_dags/example_bash_decorator.py took 0.112 seconds
[2025-04-21T15:16:15.862+0800] {processor.py:186} INFO - Started process (PID=13651) to work on /Users/luisl/Library/Python/3.9/lib/python/site-packages/airflow/example_dags/example_bash_decorator.py
[2025-04-21T15:16:15.865+0800] {processor.py:914} INFO - Processing file /Users/luisl/Library/Python/3.9/lib/python/site-packages/airflow/example_dags/example_bash_decorator.py for tasks to queue
[2025-04-21T15:16:15.865+0800] {logging_mixin.py:190} INFO - [2025-04-21T15:16:15.865+0800] {dagbag.py:588} INFO - Filling up the DagBag from /Users/luisl/Library/Python/3.9/lib/python/site-packages/airflow/example_dags/example_bash_decorator.py
[2025-04-21T15:16:15.884+0800] {processor.py:925} INFO - DAG(s) 'example_bash_decorator' retrieved from /Users/luisl/Library/Python/3.9/lib/python/site-packages/airflow/example_dags/example_bash_decorator.py
[2025-04-21T15:16:15.972+0800] {logging_mixin.py:190} INFO - [2025-04-21T15:16:15.972+0800] {dag.py:3239} INFO - Sync 1 DAGs
[2025-04-21T15:16:15.976+0800] {logging_mixin.py:190} INFO - [2025-04-21T15:16:15.976+0800] {dag.py:4180} INFO - Setting next_dagrun for example_bash_decorator to None, run_after=None
[2025-04-21T15:16:15.984+0800] {processor.py:208} INFO - Processing /Users/luisl/Library/Python/3.9/lib/python/site-packages/airflow/example_dags/example_bash_decorator.py took 0.123 seconds
[2025-04-21T15:19:04.129+0800] {processor.py:186} INFO - Started process (PID=13935) to work on /Users/luisl/Library/Python/3.9/lib/python/site-packages/airflow/example_dags/example_bash_decorator.py
[2025-04-21T15:19:04.131+0800] {processor.py:914} INFO - Processing file /Users/luisl/Library/Python/3.9/lib/python/site-packages/airflow/example_dags/example_bash_decorator.py for tasks to queue
[2025-04-21T15:19:04.131+0800] {logging_mixin.py:190} INFO - [2025-04-21T15:19:04.131+0800] {dagbag.py:588} INFO - Filling up the DagBag from /Users/luisl/Library/Python/3.9/lib/python/site-packages/airflow/example_dags/example_bash_decorator.py
[2025-04-21T15:19:04.150+0800] {processor.py:925} INFO - DAG(s) 'example_bash_decorator' retrieved from /Users/luisl/Library/Python/3.9/lib/python/site-packages/airflow/example_dags/example_bash_decorator.py
[2025-04-21T15:19:04.236+0800] {logging_mixin.py:190} INFO - [2025-04-21T15:19:04.236+0800] {dag.py:3239} INFO - Sync 1 DAGs
[2025-04-21T15:19:04.240+0800] {logging_mixin.py:190} INFO - [2025-04-21T15:19:04.240+0800] {dag.py:4180} INFO - Setting next_dagrun for example_bash_decorator to None, run_after=None
[2025-04-21T15:19:04.247+0800] {processor.py:208} INFO - Processing /Users/luisl/Library/Python/3.9/lib/python/site-packages/airflow/example_dags/example_bash_decorator.py took 0.120 seconds
[2025-04-21T15:21:52.854+0800] {processor.py:186} INFO - Started process (PID=14265) to work on /Users/luisl/Library/Python/3.9/lib/python/site-packages/airflow/example_dags/example_bash_decorator.py
[2025-04-21T15:21:52.856+0800] {processor.py:914} INFO - Processing file /Users/luisl/Library/Python/3.9/lib/python/site-packages/airflow/example_dags/example_bash_decorator.py for tasks to queue
[2025-04-21T15:21:52.857+0800] {logging_mixin.py:190} INFO - [2025-04-21T15:21:52.857+0800] {dagbag.py:588} INFO - Filling up the DagBag from /Users/luisl/Library/Python/3.9/lib/python/site-packages/airflow/example_dags/example_bash_decorator.py
[2025-04-21T15:21:52.875+0800] {processor.py:925} INFO - DAG(s) 'example_bash_decorator' retrieved from /Users/luisl/Library/Python/3.9/lib/python/site-packages/airflow/example_dags/example_bash_decorator.py
[2025-04-21T15:21:52.973+0800] {logging_mixin.py:190} INFO - [2025-04-21T15:21:52.973+0800] {dag.py:3239} INFO - Sync 1 DAGs
[2025-04-21T15:21:52.978+0800] {logging_mixin.py:190} INFO - [2025-04-21T15:21:52.977+0800] {dag.py:4180} INFO - Setting next_dagrun for example_bash_decorator to None, run_after=None
[2025-04-21T15:21:52.985+0800] {processor.py:208} INFO - Processing /Users/luisl/Library/Python/3.9/lib/python/site-packages/airflow/example_dags/example_bash_decorator.py took 0.133 seconds
[2025-04-21T15:23:40.608+0800] {processor.py:186} INFO - Started process (PID=14530) to work on /Users/luisl/Library/Python/3.9/lib/python/site-packages/airflow/example_dags/example_bash_decorator.py
[2025-04-21T15:23:40.610+0800] {processor.py:914} INFO - Processing file /Users/luisl/Library/Python/3.9/lib/python/site-packages/airflow/example_dags/example_bash_decorator.py for tasks to queue
[2025-04-21T15:23:40.611+0800] {logging_mixin.py:190} INFO - [2025-04-21T15:23:40.611+0800] {dagbag.py:588} INFO - Filling up the DagBag from /Users/luisl/Library/Python/3.9/lib/python/site-packages/airflow/example_dags/example_bash_decorator.py
[2025-04-21T15:23:40.630+0800] {processor.py:925} INFO - DAG(s) 'example_bash_decorator' retrieved from /Users/luisl/Library/Python/3.9/lib/python/site-packages/airflow/example_dags/example_bash_decorator.py
[2025-04-21T15:23:40.722+0800] {logging_mixin.py:190} INFO - [2025-04-21T15:23:40.722+0800] {dag.py:3239} INFO - Sync 1 DAGs
[2025-04-21T15:23:40.726+0800] {logging_mixin.py:190} INFO - [2025-04-21T15:23:40.726+0800] {dag.py:4180} INFO - Setting next_dagrun for example_bash_decorator to None, run_after=None
[2025-04-21T15:23:40.733+0800] {processor.py:208} INFO - Processing /Users/luisl/Library/Python/3.9/lib/python/site-packages/airflow/example_dags/example_bash_decorator.py took 0.127 seconds
[2025-04-21T15:24:52.186+0800] {processor.py:186} INFO - Started process (PID=14705) to work on /Users/luisl/Library/Python/3.9/lib/python/site-packages/airflow/example_dags/example_bash_decorator.py
[2025-04-21T15:24:52.189+0800] {processor.py:914} INFO - Processing file /Users/luisl/Library/Python/3.9/lib/python/site-packages/airflow/example_dags/example_bash_decorator.py for tasks to queue
[2025-04-21T15:24:52.190+0800] {logging_mixin.py:190} INFO - [2025-04-21T15:24:52.190+0800] {dagbag.py:588} INFO - Filling up the DagBag from /Users/luisl/Library/Python/3.9/lib/python/site-packages/airflow/example_dags/example_bash_decorator.py
[2025-04-21T15:24:52.208+0800] {processor.py:925} INFO - DAG(s) 'example_bash_decorator' retrieved from /Users/luisl/Library/Python/3.9/lib/python/site-packages/airflow/example_dags/example_bash_decorator.py
[2025-04-21T15:24:52.295+0800] {logging_mixin.py:190} INFO - [2025-04-21T15:24:52.295+0800] {dag.py:3239} INFO - Sync 1 DAGs
[2025-04-21T15:24:52.299+0800] {logging_mixin.py:190} INFO - [2025-04-21T15:24:52.299+0800] {dag.py:4180} INFO - Setting next_dagrun for example_bash_decorator to None, run_after=None
[2025-04-21T15:24:52.308+0800] {processor.py:208} INFO - Processing /Users/luisl/Library/Python/3.9/lib/python/site-packages/airflow/example_dags/example_bash_decorator.py took 0.124 seconds
[2025-04-21T15:25:59.796+0800] {processor.py:186} INFO - Started process (PID=14854) to work on /Users/luisl/Library/Python/3.9/lib/python/site-packages/airflow/example_dags/example_bash_decorator.py
[2025-04-21T15:25:59.798+0800] {processor.py:914} INFO - Processing file /Users/luisl/Library/Python/3.9/lib/python/site-packages/airflow/example_dags/example_bash_decorator.py for tasks to queue
[2025-04-21T15:25:59.798+0800] {logging_mixin.py:190} INFO - [2025-04-21T15:25:59.798+0800] {dagbag.py:588} INFO - Filling up the DagBag from /Users/luisl/Library/Python/3.9/lib/python/site-packages/airflow/example_dags/example_bash_decorator.py
[2025-04-21T15:25:59.817+0800] {processor.py:925} INFO - DAG(s) 'example_bash_decorator' retrieved from /Users/luisl/Library/Python/3.9/lib/python/site-packages/airflow/example_dags/example_bash_decorator.py
[2025-04-21T15:25:59.917+0800] {logging_mixin.py:190} INFO - [2025-04-21T15:25:59.917+0800] {dag.py:3239} INFO - Sync 1 DAGs
[2025-04-21T15:25:59.922+0800] {logging_mixin.py:190} INFO - [2025-04-21T15:25:59.922+0800] {dag.py:4180} INFO - Setting next_dagrun for example_bash_decorator to None, run_after=None
[2025-04-21T15:25:59.929+0800] {processor.py:208} INFO - Processing /Users/luisl/Library/Python/3.9/lib/python/site-packages/airflow/example_dags/example_bash_decorator.py took 0.136 seconds
[2025-04-21T15:27:21.906+0800] {processor.py:186} INFO - Started process (PID=15054) to work on /Users/luisl/Library/Python/3.9/lib/python/site-packages/airflow/example_dags/example_bash_decorator.py
[2025-04-21T15:27:21.909+0800] {processor.py:914} INFO - Processing file /Users/luisl/Library/Python/3.9/lib/python/site-packages/airflow/example_dags/example_bash_decorator.py for tasks to queue
[2025-04-21T15:27:21.909+0800] {logging_mixin.py:190} INFO - [2025-04-21T15:27:21.909+0800] {dagbag.py:588} INFO - Filling up the DagBag from /Users/luisl/Library/Python/3.9/lib/python/site-packages/airflow/example_dags/example_bash_decorator.py
[2025-04-21T15:27:21.926+0800] {processor.py:925} INFO - DAG(s) 'example_bash_decorator' retrieved from /Users/luisl/Library/Python/3.9/lib/python/site-packages/airflow/example_dags/example_bash_decorator.py
[2025-04-21T15:27:22.002+0800] {logging_mixin.py:190} INFO - [2025-04-21T15:27:22.002+0800] {dag.py:3239} INFO - Sync 1 DAGs
[2025-04-21T15:27:22.006+0800] {logging_mixin.py:190} INFO - [2025-04-21T15:27:22.006+0800] {dag.py:4180} INFO - Setting next_dagrun for example_bash_decorator to None, run_after=None
[2025-04-21T15:27:22.013+0800] {processor.py:208} INFO - Processing /Users/luisl/Library/Python/3.9/lib/python/site-packages/airflow/example_dags/example_bash_decorator.py took 0.109 seconds
[2025-04-21T15:28:25.291+0800] {processor.py:186} INFO - Started process (PID=15218) to work on /Users/luisl/Library/Python/3.9/lib/python/site-packages/airflow/example_dags/example_bash_decorator.py
[2025-04-21T15:28:25.294+0800] {processor.py:914} INFO - Processing file /Users/luisl/Library/Python/3.9/lib/python/site-packages/airflow/example_dags/example_bash_decorator.py for tasks to queue
[2025-04-21T15:28:25.294+0800] {logging_mixin.py:190} INFO - [2025-04-21T15:28:25.294+0800] {dagbag.py:588} INFO - Filling up the DagBag from /Users/luisl/Library/Python/3.9/lib/python/site-packages/airflow/example_dags/example_bash_decorator.py
[2025-04-21T15:28:25.313+0800] {processor.py:925} INFO - DAG(s) 'example_bash_decorator' retrieved from /Users/luisl/Library/Python/3.9/lib/python/site-packages/airflow/example_dags/example_bash_decorator.py
[2025-04-21T15:28:25.408+0800] {logging_mixin.py:190} INFO - [2025-04-21T15:28:25.408+0800] {dag.py:3239} INFO - Sync 1 DAGs
[2025-04-21T15:28:25.412+0800] {logging_mixin.py:190} INFO - [2025-04-21T15:28:25.412+0800] {dag.py:4180} INFO - Setting next_dagrun for example_bash_decorator to None, run_after=None
[2025-04-21T15:28:25.420+0800] {processor.py:208} INFO - Processing /Users/luisl/Library/Python/3.9/lib/python/site-packages/airflow/example_dags/example_bash_decorator.py took 0.130 seconds
[2025-04-21T15:29:29.611+0800] {processor.py:186} INFO - Started process (PID=15350) to work on /Users/luisl/Library/Python/3.9/lib/python/site-packages/airflow/example_dags/example_bash_decorator.py
[2025-04-21T15:29:29.614+0800] {processor.py:914} INFO - Processing file /Users/luisl/Library/Python/3.9/lib/python/site-packages/airflow/example_dags/example_bash_decorator.py for tasks to queue
[2025-04-21T15:29:29.615+0800] {logging_mixin.py:190} INFO - [2025-04-21T15:29:29.614+0800] {dagbag.py:588} INFO - Filling up the DagBag from /Users/luisl/Library/Python/3.9/lib/python/site-packages/airflow/example_dags/example_bash_decorator.py
[2025-04-21T15:29:29.631+0800] {processor.py:925} INFO - DAG(s) 'example_bash_decorator' retrieved from /Users/luisl/Library/Python/3.9/lib/python/site-packages/airflow/example_dags/example_bash_decorator.py
[2025-04-21T15:29:29.708+0800] {logging_mixin.py:190} INFO - [2025-04-21T15:29:29.708+0800] {dag.py:3239} INFO - Sync 1 DAGs
[2025-04-21T15:29:29.712+0800] {logging_mixin.py:190} INFO - [2025-04-21T15:29:29.712+0800] {dag.py:4180} INFO - Setting next_dagrun for example_bash_decorator to None, run_after=None
[2025-04-21T15:29:29.719+0800] {processor.py:208} INFO - Processing /Users/luisl/Library/Python/3.9/lib/python/site-packages/airflow/example_dags/example_bash_decorator.py took 0.109 seconds
[2025-04-21T15:43:38.314+0800] {processor.py:186} INFO - Started process (PID=16082) to work on /Users/luisl/Library/Python/3.9/lib/python/site-packages/airflow/example_dags/example_bash_decorator.py
[2025-04-21T15:43:38.317+0800] {processor.py:914} INFO - Processing file /Users/luisl/Library/Python/3.9/lib/python/site-packages/airflow/example_dags/example_bash_decorator.py for tasks to queue
[2025-04-21T15:43:38.317+0800] {logging_mixin.py:190} INFO - [2025-04-21T15:43:38.317+0800] {dagbag.py:588} INFO - Filling up the DagBag from /Users/luisl/Library/Python/3.9/lib/python/site-packages/airflow/example_dags/example_bash_decorator.py
[2025-04-21T15:43:38.333+0800] {processor.py:925} INFO - DAG(s) 'example_bash_decorator' retrieved from /Users/luisl/Library/Python/3.9/lib/python/site-packages/airflow/example_dags/example_bash_decorator.py
[2025-04-21T15:43:38.407+0800] {logging_mixin.py:190} INFO - [2025-04-21T15:43:38.407+0800] {dag.py:3239} INFO - Sync 1 DAGs
[2025-04-21T15:43:38.410+0800] {logging_mixin.py:190} INFO - [2025-04-21T15:43:38.410+0800] {dag.py:4180} INFO - Setting next_dagrun for example_bash_decorator to None, run_after=None
[2025-04-21T15:43:38.418+0800] {processor.py:208} INFO - Processing /Users/luisl/Library/Python/3.9/lib/python/site-packages/airflow/example_dags/example_bash_decorator.py took 0.105 seconds
[2025-04-21T15:44:41.741+0800] {processor.py:186} INFO - Started process (PID=16208) to work on /Users/luisl/Library/Python/3.9/lib/python/site-packages/airflow/example_dags/example_bash_decorator.py
[2025-04-21T15:44:41.743+0800] {processor.py:914} INFO - Processing file /Users/luisl/Library/Python/3.9/lib/python/site-packages/airflow/example_dags/example_bash_decorator.py for tasks to queue
[2025-04-21T15:44:41.744+0800] {logging_mixin.py:190} INFO - [2025-04-21T15:44:41.744+0800] {dagbag.py:588} INFO - Filling up the DagBag from /Users/luisl/Library/Python/3.9/lib/python/site-packages/airflow/example_dags/example_bash_decorator.py
[2025-04-21T15:44:41.761+0800] {processor.py:925} INFO - DAG(s) 'example_bash_decorator' retrieved from /Users/luisl/Library/Python/3.9/lib/python/site-packages/airflow/example_dags/example_bash_decorator.py
[2025-04-21T15:44:41.840+0800] {logging_mixin.py:190} INFO - [2025-04-21T15:44:41.840+0800] {dag.py:3239} INFO - Sync 1 DAGs
[2025-04-21T15:44:41.844+0800] {logging_mixin.py:190} INFO - [2025-04-21T15:44:41.844+0800] {dag.py:4180} INFO - Setting next_dagrun for example_bash_decorator to None, run_after=None
[2025-04-21T15:44:41.852+0800] {processor.py:208} INFO - Processing /Users/luisl/Library/Python/3.9/lib/python/site-packages/airflow/example_dags/example_bash_decorator.py took 0.112 seconds
[2025-04-21T15:45:45.870+0800] {processor.py:186} INFO - Started process (PID=16332) to work on /Users/luisl/Library/Python/3.9/lib/python/site-packages/airflow/example_dags/example_bash_decorator.py
[2025-04-21T15:45:45.872+0800] {processor.py:914} INFO - Processing file /Users/luisl/Library/Python/3.9/lib/python/site-packages/airflow/example_dags/example_bash_decorator.py for tasks to queue
[2025-04-21T15:45:45.873+0800] {logging_mixin.py:190} INFO - [2025-04-21T15:45:45.873+0800] {dagbag.py:588} INFO - Filling up the DagBag from /Users/luisl/Library/Python/3.9/lib/python/site-packages/airflow/example_dags/example_bash_decorator.py
[2025-04-21T15:45:45.889+0800] {processor.py:925} INFO - DAG(s) 'example_bash_decorator' retrieved from /Users/luisl/Library/Python/3.9/lib/python/site-packages/airflow/example_dags/example_bash_decorator.py
[2025-04-21T15:45:45.965+0800] {logging_mixin.py:190} INFO - [2025-04-21T15:45:45.965+0800] {dag.py:3239} INFO - Sync 1 DAGs
[2025-04-21T15:45:45.969+0800] {logging_mixin.py:190} INFO - [2025-04-21T15:45:45.969+0800] {dag.py:4180} INFO - Setting next_dagrun for example_bash_decorator to None, run_after=None
[2025-04-21T15:45:45.976+0800] {processor.py:208} INFO - Processing /Users/luisl/Library/Python/3.9/lib/python/site-packages/airflow/example_dags/example_bash_decorator.py took 0.108 seconds
[2025-04-21T15:46:54.924+0800] {processor.py:186} INFO - Started process (PID=16524) to work on /Users/luisl/Library/Python/3.9/lib/python/site-packages/airflow/example_dags/example_bash_decorator.py
[2025-04-21T15:46:54.926+0800] {processor.py:914} INFO - Processing file /Users/luisl/Library/Python/3.9/lib/python/site-packages/airflow/example_dags/example_bash_decorator.py for tasks to queue
[2025-04-21T15:46:54.927+0800] {logging_mixin.py:190} INFO - [2025-04-21T15:46:54.927+0800] {dagbag.py:588} INFO - Filling up the DagBag from /Users/luisl/Library/Python/3.9/lib/python/site-packages/airflow/example_dags/example_bash_decorator.py
[2025-04-21T15:46:54.945+0800] {processor.py:925} INFO - DAG(s) 'example_bash_decorator' retrieved from /Users/luisl/Library/Python/3.9/lib/python/site-packages/airflow/example_dags/example_bash_decorator.py
[2025-04-21T15:46:55.024+0800] {logging_mixin.py:190} INFO - [2025-04-21T15:46:55.024+0800] {dag.py:3239} INFO - Sync 1 DAGs
[2025-04-21T15:46:55.029+0800] {logging_mixin.py:190} INFO - [2025-04-21T15:46:55.028+0800] {dag.py:4180} INFO - Setting next_dagrun for example_bash_decorator to None, run_after=None
[2025-04-21T15:46:55.039+0800] {processor.py:208} INFO - Processing /Users/luisl/Library/Python/3.9/lib/python/site-packages/airflow/example_dags/example_bash_decorator.py took 0.116 seconds
[2025-04-21T15:48:01.992+0800] {processor.py:186} INFO - Started process (PID=16666) to work on /Users/luisl/Library/Python/3.9/lib/python/site-packages/airflow/example_dags/example_bash_decorator.py
[2025-04-21T15:48:01.995+0800] {processor.py:914} INFO - Processing file /Users/luisl/Library/Python/3.9/lib/python/site-packages/airflow/example_dags/example_bash_decorator.py for tasks to queue
[2025-04-21T15:48:01.996+0800] {logging_mixin.py:190} INFO - [2025-04-21T15:48:01.996+0800] {dagbag.py:588} INFO - Filling up the DagBag from /Users/luisl/Library/Python/3.9/lib/python/site-packages/airflow/example_dags/example_bash_decorator.py
[2025-04-21T15:48:02.015+0800] {processor.py:925} INFO - DAG(s) 'example_bash_decorator' retrieved from /Users/luisl/Library/Python/3.9/lib/python/site-packages/airflow/example_dags/example_bash_decorator.py
[2025-04-21T15:48:02.099+0800] {logging_mixin.py:190} INFO - [2025-04-21T15:48:02.099+0800] {dag.py:3239} INFO - Sync 1 DAGs
[2025-04-21T15:48:02.104+0800] {logging_mixin.py:190} INFO - [2025-04-21T15:48:02.104+0800] {dag.py:4180} INFO - Setting next_dagrun for example_bash_decorator to None, run_after=None
[2025-04-21T15:48:02.113+0800] {processor.py:208} INFO - Processing /Users/luisl/Library/Python/3.9/lib/python/site-packages/airflow/example_dags/example_bash_decorator.py took 0.122 seconds
[2025-04-21T15:49:03.263+0800] {processor.py:186} INFO - Started process (PID=16787) to work on /Users/luisl/Library/Python/3.9/lib/python/site-packages/airflow/example_dags/example_bash_decorator.py
[2025-04-21T15:49:03.266+0800] {processor.py:914} INFO - Processing file /Users/luisl/Library/Python/3.9/lib/python/site-packages/airflow/example_dags/example_bash_decorator.py for tasks to queue
[2025-04-21T15:49:03.266+0800] {logging_mixin.py:190} INFO - [2025-04-21T15:49:03.266+0800] {dagbag.py:588} INFO - Filling up the DagBag from /Users/luisl/Library/Python/3.9/lib/python/site-packages/airflow/example_dags/example_bash_decorator.py
[2025-04-21T15:49:03.284+0800] {processor.py:925} INFO - DAG(s) 'example_bash_decorator' retrieved from /Users/luisl/Library/Python/3.9/lib/python/site-packages/airflow/example_dags/example_bash_decorator.py
[2025-04-21T15:49:03.362+0800] {logging_mixin.py:190} INFO - [2025-04-21T15:49:03.362+0800] {dag.py:3239} INFO - Sync 1 DAGs
[2025-04-21T15:49:03.366+0800] {logging_mixin.py:190} INFO - [2025-04-21T15:49:03.366+0800] {dag.py:4180} INFO - Setting next_dagrun for example_bash_decorator to None, run_after=None
[2025-04-21T15:49:03.374+0800] {processor.py:208} INFO - Processing /Users/luisl/Library/Python/3.9/lib/python/site-packages/airflow/example_dags/example_bash_decorator.py took 0.112 seconds
[2025-04-21T15:50:05.206+0800] {processor.py:186} INFO - Started process (PID=16919) to work on /Users/luisl/Library/Python/3.9/lib/python/site-packages/airflow/example_dags/example_bash_decorator.py
[2025-04-21T15:50:05.208+0800] {processor.py:914} INFO - Processing file /Users/luisl/Library/Python/3.9/lib/python/site-packages/airflow/example_dags/example_bash_decorator.py for tasks to queue
[2025-04-21T15:50:05.209+0800] {logging_mixin.py:190} INFO - [2025-04-21T15:50:05.209+0800] {dagbag.py:588} INFO - Filling up the DagBag from /Users/luisl/Library/Python/3.9/lib/python/site-packages/airflow/example_dags/example_bash_decorator.py
[2025-04-21T15:50:05.227+0800] {processor.py:925} INFO - DAG(s) 'example_bash_decorator' retrieved from /Users/luisl/Library/Python/3.9/lib/python/site-packages/airflow/example_dags/example_bash_decorator.py
[2025-04-21T15:50:05.318+0800] {logging_mixin.py:190} INFO - [2025-04-21T15:50:05.318+0800] {dag.py:3239} INFO - Sync 1 DAGs
[2025-04-21T15:50:05.322+0800] {logging_mixin.py:190} INFO - [2025-04-21T15:50:05.322+0800] {dag.py:4180} INFO - Setting next_dagrun for example_bash_decorator to None, run_after=None
[2025-04-21T15:50:05.331+0800] {processor.py:208} INFO - Processing /Users/luisl/Library/Python/3.9/lib/python/site-packages/airflow/example_dags/example_bash_decorator.py took 0.127 seconds
[2025-04-21T16:19:51.957+0800] {processor.py:186} INFO - Started process (PID=17554) to work on /Users/luisl/Library/Python/3.9/lib/python/site-packages/airflow/example_dags/example_bash_decorator.py
[2025-04-21T16:19:51.960+0800] {processor.py:914} INFO - Processing file /Users/luisl/Library/Python/3.9/lib/python/site-packages/airflow/example_dags/example_bash_decorator.py for tasks to queue
[2025-04-21T16:19:51.961+0800] {logging_mixin.py:190} INFO - [2025-04-21T16:19:51.961+0800] {dagbag.py:588} INFO - Filling up the DagBag from /Users/luisl/Library/Python/3.9/lib/python/site-packages/airflow/example_dags/example_bash_decorator.py
[2025-04-21T16:19:51.978+0800] {processor.py:925} INFO - DAG(s) 'example_bash_decorator' retrieved from /Users/luisl/Library/Python/3.9/lib/python/site-packages/airflow/example_dags/example_bash_decorator.py
[2025-04-21T16:19:52.062+0800] {logging_mixin.py:190} INFO - [2025-04-21T16:19:52.062+0800] {dag.py:3239} INFO - Sync 1 DAGs
[2025-04-21T16:19:52.066+0800] {logging_mixin.py:190} INFO - [2025-04-21T16:19:52.066+0800] {dag.py:4180} INFO - Setting next_dagrun for example_bash_decorator to None, run_after=None
[2025-04-21T16:19:52.074+0800] {processor.py:208} INFO - Processing /Users/luisl/Library/Python/3.9/lib/python/site-packages/airflow/example_dags/example_bash_decorator.py took 0.118 seconds
[2025-04-21T16:21:01.261+0800] {processor.py:186} INFO - Started process (PID=17720) to work on /Users/luisl/Library/Python/3.9/lib/python/site-packages/airflow/example_dags/example_bash_decorator.py
[2025-04-21T16:21:01.264+0800] {processor.py:914} INFO - Processing file /Users/luisl/Library/Python/3.9/lib/python/site-packages/airflow/example_dags/example_bash_decorator.py for tasks to queue
[2025-04-21T16:21:01.265+0800] {logging_mixin.py:190} INFO - [2025-04-21T16:21:01.265+0800] {dagbag.py:588} INFO - Filling up the DagBag from /Users/luisl/Library/Python/3.9/lib/python/site-packages/airflow/example_dags/example_bash_decorator.py
[2025-04-21T16:21:01.283+0800] {processor.py:925} INFO - DAG(s) 'example_bash_decorator' retrieved from /Users/luisl/Library/Python/3.9/lib/python/site-packages/airflow/example_dags/example_bash_decorator.py
[2025-04-21T16:21:01.363+0800] {logging_mixin.py:190} INFO - [2025-04-21T16:21:01.363+0800] {dag.py:3239} INFO - Sync 1 DAGs
[2025-04-21T16:21:01.367+0800] {logging_mixin.py:190} INFO - [2025-04-21T16:21:01.367+0800] {dag.py:4180} INFO - Setting next_dagrun for example_bash_decorator to None, run_after=None
[2025-04-21T16:21:01.376+0800] {processor.py:208} INFO - Processing /Users/luisl/Library/Python/3.9/lib/python/site-packages/airflow/example_dags/example_bash_decorator.py took 0.116 seconds
[2025-04-21T16:22:09.058+0800] {processor.py:186} INFO - Started process (PID=17878) to work on /Users/luisl/Library/Python/3.9/lib/python/site-packages/airflow/example_dags/example_bash_decorator.py
[2025-04-21T16:22:09.061+0800] {processor.py:914} INFO - Processing file /Users/luisl/Library/Python/3.9/lib/python/site-packages/airflow/example_dags/example_bash_decorator.py for tasks to queue
[2025-04-21T16:22:09.062+0800] {logging_mixin.py:190} INFO - [2025-04-21T16:22:09.061+0800] {dagbag.py:588} INFO - Filling up the DagBag from /Users/luisl/Library/Python/3.9/lib/python/site-packages/airflow/example_dags/example_bash_decorator.py
[2025-04-21T16:22:09.080+0800] {processor.py:925} INFO - DAG(s) 'example_bash_decorator' retrieved from /Users/luisl/Library/Python/3.9/lib/python/site-packages/airflow/example_dags/example_bash_decorator.py
[2025-04-21T16:22:09.168+0800] {logging_mixin.py:190} INFO - [2025-04-21T16:22:09.168+0800] {dag.py:3239} INFO - Sync 1 DAGs
[2025-04-21T16:22:09.172+0800] {logging_mixin.py:190} INFO - [2025-04-21T16:22:09.172+0800] {dag.py:4180} INFO - Setting next_dagrun for example_bash_decorator to None, run_after=None
[2025-04-21T16:22:09.181+0800] {processor.py:208} INFO - Processing /Users/luisl/Library/Python/3.9/lib/python/site-packages/airflow/example_dags/example_bash_decorator.py took 0.124 seconds
[2025-04-21T16:23:13.891+0800] {processor.py:186} INFO - Started process (PID=18044) to work on /Users/luisl/Library/Python/3.9/lib/python/site-packages/airflow/example_dags/example_bash_decorator.py
[2025-04-21T16:23:13.894+0800] {processor.py:914} INFO - Processing file /Users/luisl/Library/Python/3.9/lib/python/site-packages/airflow/example_dags/example_bash_decorator.py for tasks to queue
[2025-04-21T16:23:13.894+0800] {logging_mixin.py:190} INFO - [2025-04-21T16:23:13.894+0800] {dagbag.py:588} INFO - Filling up the DagBag from /Users/luisl/Library/Python/3.9/lib/python/site-packages/airflow/example_dags/example_bash_decorator.py
[2025-04-21T16:23:13.912+0800] {processor.py:925} INFO - DAG(s) 'example_bash_decorator' retrieved from /Users/luisl/Library/Python/3.9/lib/python/site-packages/airflow/example_dags/example_bash_decorator.py
[2025-04-21T16:23:13.990+0800] {logging_mixin.py:190} INFO - [2025-04-21T16:23:13.989+0800] {dag.py:3239} INFO - Sync 1 DAGs
[2025-04-21T16:23:13.993+0800] {logging_mixin.py:190} INFO - [2025-04-21T16:23:13.993+0800] {dag.py:4180} INFO - Setting next_dagrun for example_bash_decorator to None, run_after=None
[2025-04-21T16:23:14.000+0800] {processor.py:208} INFO - Processing /Users/luisl/Library/Python/3.9/lib/python/site-packages/airflow/example_dags/example_bash_decorator.py took 0.111 seconds
[2025-04-21T16:24:15.492+0800] {processor.py:186} INFO - Started process (PID=18178) to work on /Users/luisl/Library/Python/3.9/lib/python/site-packages/airflow/example_dags/example_bash_decorator.py
[2025-04-21T16:24:15.495+0800] {processor.py:914} INFO - Processing file /Users/luisl/Library/Python/3.9/lib/python/site-packages/airflow/example_dags/example_bash_decorator.py for tasks to queue
[2025-04-21T16:24:15.495+0800] {logging_mixin.py:190} INFO - [2025-04-21T16:24:15.495+0800] {dagbag.py:588} INFO - Filling up the DagBag from /Users/luisl/Library/Python/3.9/lib/python/site-packages/airflow/example_dags/example_bash_decorator.py
[2025-04-21T16:24:15.511+0800] {processor.py:925} INFO - DAG(s) 'example_bash_decorator' retrieved from /Users/luisl/Library/Python/3.9/lib/python/site-packages/airflow/example_dags/example_bash_decorator.py
[2025-04-21T16:24:15.589+0800] {logging_mixin.py:190} INFO - [2025-04-21T16:24:15.589+0800] {dag.py:3239} INFO - Sync 1 DAGs
[2025-04-21T16:24:15.593+0800] {logging_mixin.py:190} INFO - [2025-04-21T16:24:15.593+0800] {dag.py:4180} INFO - Setting next_dagrun for example_bash_decorator to None, run_after=None
[2025-04-21T16:24:15.601+0800] {processor.py:208} INFO - Processing /Users/luisl/Library/Python/3.9/lib/python/site-packages/airflow/example_dags/example_bash_decorator.py took 0.110 seconds
[2025-04-21T16:25:21.802+0800] {processor.py:186} INFO - Started process (PID=18340) to work on /Users/luisl/Library/Python/3.9/lib/python/site-packages/airflow/example_dags/example_bash_decorator.py
[2025-04-21T16:25:21.804+0800] {processor.py:914} INFO - Processing file /Users/luisl/Library/Python/3.9/lib/python/site-packages/airflow/example_dags/example_bash_decorator.py for tasks to queue
[2025-04-21T16:25:21.805+0800] {logging_mixin.py:190} INFO - [2025-04-21T16:25:21.805+0800] {dagbag.py:588} INFO - Filling up the DagBag from /Users/luisl/Library/Python/3.9/lib/python/site-packages/airflow/example_dags/example_bash_decorator.py
[2025-04-21T16:25:21.823+0800] {processor.py:925} INFO - DAG(s) 'example_bash_decorator' retrieved from /Users/luisl/Library/Python/3.9/lib/python/site-packages/airflow/example_dags/example_bash_decorator.py
[2025-04-21T16:25:21.899+0800] {logging_mixin.py:190} INFO - [2025-04-21T16:25:21.899+0800] {dag.py:3239} INFO - Sync 1 DAGs
[2025-04-21T16:25:21.903+0800] {logging_mixin.py:190} INFO - [2025-04-21T16:25:21.903+0800] {dag.py:4180} INFO - Setting next_dagrun for example_bash_decorator to None, run_after=None
[2025-04-21T16:25:21.911+0800] {processor.py:208} INFO - Processing /Users/luisl/Library/Python/3.9/lib/python/site-packages/airflow/example_dags/example_bash_decorator.py took 0.110 seconds
[2025-04-21T16:26:24.983+0800] {processor.py:186} INFO - Started process (PID=18485) to work on /Users/luisl/Library/Python/3.9/lib/python/site-packages/airflow/example_dags/example_bash_decorator.py
[2025-04-21T16:26:24.986+0800] {processor.py:914} INFO - Processing file /Users/luisl/Library/Python/3.9/lib/python/site-packages/airflow/example_dags/example_bash_decorator.py for tasks to queue
[2025-04-21T16:26:24.987+0800] {logging_mixin.py:190} INFO - [2025-04-21T16:26:24.986+0800] {dagbag.py:588} INFO - Filling up the DagBag from /Users/luisl/Library/Python/3.9/lib/python/site-packages/airflow/example_dags/example_bash_decorator.py
[2025-04-21T16:26:25.003+0800] {processor.py:925} INFO - DAG(s) 'example_bash_decorator' retrieved from /Users/luisl/Library/Python/3.9/lib/python/site-packages/airflow/example_dags/example_bash_decorator.py
[2025-04-21T16:26:25.081+0800] {logging_mixin.py:190} INFO - [2025-04-21T16:26:25.081+0800] {dag.py:3239} INFO - Sync 1 DAGs
[2025-04-21T16:26:25.085+0800] {logging_mixin.py:190} INFO - [2025-04-21T16:26:25.085+0800] {dag.py:4180} INFO - Setting next_dagrun for example_bash_decorator to None, run_after=None
[2025-04-21T16:26:25.093+0800] {processor.py:208} INFO - Processing /Users/luisl/Library/Python/3.9/lib/python/site-packages/airflow/example_dags/example_bash_decorator.py took 0.111 seconds
[2025-04-21T16:27:44.134+0800] {processor.py:186} INFO - Started process (PID=18643) to work on /Users/luisl/Library/Python/3.9/lib/python/site-packages/airflow/example_dags/example_bash_decorator.py
[2025-04-21T16:27:44.136+0800] {processor.py:914} INFO - Processing file /Users/luisl/Library/Python/3.9/lib/python/site-packages/airflow/example_dags/example_bash_decorator.py for tasks to queue
[2025-04-21T16:27:44.137+0800] {logging_mixin.py:190} INFO - [2025-04-21T16:27:44.137+0800] {dagbag.py:588} INFO - Filling up the DagBag from /Users/luisl/Library/Python/3.9/lib/python/site-packages/airflow/example_dags/example_bash_decorator.py
[2025-04-21T16:27:44.157+0800] {processor.py:925} INFO - DAG(s) 'example_bash_decorator' retrieved from /Users/luisl/Library/Python/3.9/lib/python/site-packages/airflow/example_dags/example_bash_decorator.py
[2025-04-21T16:27:44.244+0800] {logging_mixin.py:190} INFO - [2025-04-21T16:27:44.244+0800] {dag.py:3239} INFO - Sync 1 DAGs
[2025-04-21T16:27:44.248+0800] {logging_mixin.py:190} INFO - [2025-04-21T16:27:44.248+0800] {dag.py:4180} INFO - Setting next_dagrun for example_bash_decorator to None, run_after=None
[2025-04-21T16:27:44.255+0800] {processor.py:208} INFO - Processing /Users/luisl/Library/Python/3.9/lib/python/site-packages/airflow/example_dags/example_bash_decorator.py took 0.123 seconds
[2025-04-21T16:30:40.753+0800] {processor.py:186} INFO - Started process (PID=19206) to work on /Users/luisl/Library/Python/3.9/lib/python/site-packages/airflow/example_dags/example_bash_decorator.py
[2025-04-21T16:30:40.756+0800] {processor.py:914} INFO - Processing file /Users/luisl/Library/Python/3.9/lib/python/site-packages/airflow/example_dags/example_bash_decorator.py for tasks to queue
[2025-04-21T16:30:40.756+0800] {logging_mixin.py:190} INFO - [2025-04-21T16:30:40.756+0800] {dagbag.py:588} INFO - Filling up the DagBag from /Users/luisl/Library/Python/3.9/lib/python/site-packages/airflow/example_dags/example_bash_decorator.py
[2025-04-21T16:30:40.779+0800] {processor.py:925} INFO - DAG(s) 'example_bash_decorator' retrieved from /Users/luisl/Library/Python/3.9/lib/python/site-packages/airflow/example_dags/example_bash_decorator.py
[2025-04-21T16:30:40.865+0800] {logging_mixin.py:190} INFO - [2025-04-21T16:30:40.865+0800] {dag.py:3239} INFO - Sync 1 DAGs
[2025-04-21T16:30:40.869+0800] {logging_mixin.py:190} INFO - [2025-04-21T16:30:40.869+0800] {dag.py:4180} INFO - Setting next_dagrun for example_bash_decorator to None, run_after=None
[2025-04-21T16:30:40.877+0800] {processor.py:208} INFO - Processing /Users/luisl/Library/Python/3.9/lib/python/site-packages/airflow/example_dags/example_bash_decorator.py took 0.125 seconds
[2025-04-21T16:33:33.028+0800] {processor.py:186} INFO - Started process (PID=19550) to work on /Users/luisl/Library/Python/3.9/lib/python/site-packages/airflow/example_dags/example_bash_decorator.py
[2025-04-21T16:33:33.031+0800] {processor.py:914} INFO - Processing file /Users/luisl/Library/Python/3.9/lib/python/site-packages/airflow/example_dags/example_bash_decorator.py for tasks to queue
[2025-04-21T16:33:33.031+0800] {logging_mixin.py:190} INFO - [2025-04-21T16:33:33.031+0800] {dagbag.py:588} INFO - Filling up the DagBag from /Users/luisl/Library/Python/3.9/lib/python/site-packages/airflow/example_dags/example_bash_decorator.py
[2025-04-21T16:33:33.050+0800] {processor.py:925} INFO - DAG(s) 'example_bash_decorator' retrieved from /Users/luisl/Library/Python/3.9/lib/python/site-packages/airflow/example_dags/example_bash_decorator.py
[2025-04-21T16:33:33.133+0800] {logging_mixin.py:190} INFO - [2025-04-21T16:33:33.133+0800] {dag.py:3239} INFO - Sync 1 DAGs
[2025-04-21T16:33:33.137+0800] {logging_mixin.py:190} INFO - [2025-04-21T16:33:33.137+0800] {dag.py:4180} INFO - Setting next_dagrun for example_bash_decorator to None, run_after=None
[2025-04-21T16:33:33.146+0800] {processor.py:208} INFO - Processing /Users/luisl/Library/Python/3.9/lib/python/site-packages/airflow/example_dags/example_bash_decorator.py took 0.120 seconds
[2025-04-21T16:36:20.965+0800] {processor.py:186} INFO - Started process (PID=19871) to work on /Users/luisl/Library/Python/3.9/lib/python/site-packages/airflow/example_dags/example_bash_decorator.py
[2025-04-21T16:36:20.967+0800] {processor.py:914} INFO - Processing file /Users/luisl/Library/Python/3.9/lib/python/site-packages/airflow/example_dags/example_bash_decorator.py for tasks to queue
[2025-04-21T16:36:20.968+0800] {logging_mixin.py:190} INFO - [2025-04-21T16:36:20.968+0800] {dagbag.py:588} INFO - Filling up the DagBag from /Users/luisl/Library/Python/3.9/lib/python/site-packages/airflow/example_dags/example_bash_decorator.py
[2025-04-21T16:36:20.990+0800] {processor.py:925} INFO - DAG(s) 'example_bash_decorator' retrieved from /Users/luisl/Library/Python/3.9/lib/python/site-packages/airflow/example_dags/example_bash_decorator.py
[2025-04-21T16:36:21.083+0800] {logging_mixin.py:190} INFO - [2025-04-21T16:36:21.083+0800] {dag.py:3239} INFO - Sync 1 DAGs
[2025-04-21T16:36:21.087+0800] {logging_mixin.py:190} INFO - [2025-04-21T16:36:21.087+0800] {dag.py:4180} INFO - Setting next_dagrun for example_bash_decorator to None, run_after=None
[2025-04-21T16:36:21.096+0800] {processor.py:208} INFO - Processing /Users/luisl/Library/Python/3.9/lib/python/site-packages/airflow/example_dags/example_bash_decorator.py took 0.133 seconds
[2025-04-21T16:39:09.443+0800] {processor.py:186} INFO - Started process (PID=20202) to work on /Users/luisl/Library/Python/3.9/lib/python/site-packages/airflow/example_dags/example_bash_decorator.py
[2025-04-21T16:39:09.445+0800] {processor.py:914} INFO - Processing file /Users/luisl/Library/Python/3.9/lib/python/site-packages/airflow/example_dags/example_bash_decorator.py for tasks to queue
[2025-04-21T16:39:09.446+0800] {logging_mixin.py:190} INFO - [2025-04-21T16:39:09.445+0800] {dagbag.py:588} INFO - Filling up the DagBag from /Users/luisl/Library/Python/3.9/lib/python/site-packages/airflow/example_dags/example_bash_decorator.py
[2025-04-21T16:39:09.464+0800] {processor.py:925} INFO - DAG(s) 'example_bash_decorator' retrieved from /Users/luisl/Library/Python/3.9/lib/python/site-packages/airflow/example_dags/example_bash_decorator.py
[2025-04-21T16:39:09.543+0800] {logging_mixin.py:190} INFO - [2025-04-21T16:39:09.543+0800] {dag.py:3239} INFO - Sync 1 DAGs
[2025-04-21T16:39:09.548+0800] {logging_mixin.py:190} INFO - [2025-04-21T16:39:09.548+0800] {dag.py:4180} INFO - Setting next_dagrun for example_bash_decorator to None, run_after=None
[2025-04-21T16:39:09.556+0800] {processor.py:208} INFO - Processing /Users/luisl/Library/Python/3.9/lib/python/site-packages/airflow/example_dags/example_bash_decorator.py took 0.114 seconds
[2025-04-21T16:42:03.266+0800] {processor.py:186} INFO - Started process (PID=20494) to work on /Users/luisl/Library/Python/3.9/lib/python/site-packages/airflow/example_dags/example_bash_decorator.py
[2025-04-21T16:42:03.269+0800] {processor.py:914} INFO - Processing file /Users/luisl/Library/Python/3.9/lib/python/site-packages/airflow/example_dags/example_bash_decorator.py for tasks to queue
[2025-04-21T16:42:03.269+0800] {logging_mixin.py:190} INFO - [2025-04-21T16:42:03.269+0800] {dagbag.py:588} INFO - Filling up the DagBag from /Users/luisl/Library/Python/3.9/lib/python/site-packages/airflow/example_dags/example_bash_decorator.py
[2025-04-21T16:42:03.286+0800] {processor.py:925} INFO - DAG(s) 'example_bash_decorator' retrieved from /Users/luisl/Library/Python/3.9/lib/python/site-packages/airflow/example_dags/example_bash_decorator.py
[2025-04-21T16:42:03.363+0800] {logging_mixin.py:190} INFO - [2025-04-21T16:42:03.363+0800] {dag.py:3239} INFO - Sync 1 DAGs
[2025-04-21T16:42:03.367+0800] {logging_mixin.py:190} INFO - [2025-04-21T16:42:03.367+0800] {dag.py:4180} INFO - Setting next_dagrun for example_bash_decorator to None, run_after=None
[2025-04-21T16:42:03.375+0800] {processor.py:208} INFO - Processing /Users/luisl/Library/Python/3.9/lib/python/site-packages/airflow/example_dags/example_bash_decorator.py took 0.110 seconds
[2025-04-21T16:44:57.908+0800] {processor.py:186} INFO - Started process (PID=20799) to work on /Users/luisl/Library/Python/3.9/lib/python/site-packages/airflow/example_dags/example_bash_decorator.py
[2025-04-21T16:44:57.911+0800] {processor.py:914} INFO - Processing file /Users/luisl/Library/Python/3.9/lib/python/site-packages/airflow/example_dags/example_bash_decorator.py for tasks to queue
[2025-04-21T16:44:57.911+0800] {logging_mixin.py:190} INFO - [2025-04-21T16:44:57.911+0800] {dagbag.py:588} INFO - Filling up the DagBag from /Users/luisl/Library/Python/3.9/lib/python/site-packages/airflow/example_dags/example_bash_decorator.py
[2025-04-21T16:44:57.929+0800] {processor.py:925} INFO - DAG(s) 'example_bash_decorator' retrieved from /Users/luisl/Library/Python/3.9/lib/python/site-packages/airflow/example_dags/example_bash_decorator.py
[2025-04-21T16:44:58.012+0800] {logging_mixin.py:190} INFO - [2025-04-21T16:44:58.012+0800] {dag.py:3239} INFO - Sync 1 DAGs
[2025-04-21T16:44:58.017+0800] {logging_mixin.py:190} INFO - [2025-04-21T16:44:58.017+0800] {dag.py:4180} INFO - Setting next_dagrun for example_bash_decorator to None, run_after=None
[2025-04-21T16:44:58.024+0800] {processor.py:208} INFO - Processing /Users/luisl/Library/Python/3.9/lib/python/site-packages/airflow/example_dags/example_bash_decorator.py took 0.118 seconds
[2025-04-21T16:47:46.893+0800] {processor.py:186} INFO - Started process (PID=21189) to work on /Users/luisl/Library/Python/3.9/lib/python/site-packages/airflow/example_dags/example_bash_decorator.py
[2025-04-21T16:47:46.895+0800] {processor.py:914} INFO - Processing file /Users/luisl/Library/Python/3.9/lib/python/site-packages/airflow/example_dags/example_bash_decorator.py for tasks to queue
[2025-04-21T16:47:46.896+0800] {logging_mixin.py:190} INFO - [2025-04-21T16:47:46.896+0800] {dagbag.py:588} INFO - Filling up the DagBag from /Users/luisl/Library/Python/3.9/lib/python/site-packages/airflow/example_dags/example_bash_decorator.py
[2025-04-21T16:47:46.914+0800] {processor.py:925} INFO - DAG(s) 'example_bash_decorator' retrieved from /Users/luisl/Library/Python/3.9/lib/python/site-packages/airflow/example_dags/example_bash_decorator.py
[2025-04-21T16:47:46.995+0800] {logging_mixin.py:190} INFO - [2025-04-21T16:47:46.995+0800] {dag.py:3239} INFO - Sync 1 DAGs
[2025-04-21T16:47:47.000+0800] {logging_mixin.py:190} INFO - [2025-04-21T16:47:47.000+0800] {dag.py:4180} INFO - Setting next_dagrun for example_bash_decorator to None, run_after=None
[2025-04-21T16:47:47.011+0800] {processor.py:208} INFO - Processing /Users/luisl/Library/Python/3.9/lib/python/site-packages/airflow/example_dags/example_bash_decorator.py took 0.119 seconds
[2025-04-21T16:50:38.585+0800] {processor.py:186} INFO - Started process (PID=21557) to work on /Users/luisl/Library/Python/3.9/lib/python/site-packages/airflow/example_dags/example_bash_decorator.py
[2025-04-21T16:50:38.587+0800] {processor.py:914} INFO - Processing file /Users/luisl/Library/Python/3.9/lib/python/site-packages/airflow/example_dags/example_bash_decorator.py for tasks to queue
[2025-04-21T16:50:38.588+0800] {logging_mixin.py:190} INFO - [2025-04-21T16:50:38.588+0800] {dagbag.py:588} INFO - Filling up the DagBag from /Users/luisl/Library/Python/3.9/lib/python/site-packages/airflow/example_dags/example_bash_decorator.py
[2025-04-21T16:50:38.612+0800] {processor.py:925} INFO - DAG(s) 'example_bash_decorator' retrieved from /Users/luisl/Library/Python/3.9/lib/python/site-packages/airflow/example_dags/example_bash_decorator.py
[2025-04-21T16:50:38.735+0800] {logging_mixin.py:190} INFO - [2025-04-21T16:50:38.735+0800] {dag.py:3239} INFO - Sync 1 DAGs
[2025-04-21T16:50:38.740+0800] {logging_mixin.py:190} INFO - [2025-04-21T16:50:38.739+0800] {dag.py:4180} INFO - Setting next_dagrun for example_bash_decorator to None, run_after=None
[2025-04-21T16:50:38.748+0800] {processor.py:208} INFO - Processing /Users/luisl/Library/Python/3.9/lib/python/site-packages/airflow/example_dags/example_bash_decorator.py took 0.165 seconds
[2025-04-21T16:53:32.200+0800] {processor.py:186} INFO - Started process (PID=21898) to work on /Users/luisl/Library/Python/3.9/lib/python/site-packages/airflow/example_dags/example_bash_decorator.py
[2025-04-21T16:53:32.203+0800] {processor.py:914} INFO - Processing file /Users/luisl/Library/Python/3.9/lib/python/site-packages/airflow/example_dags/example_bash_decorator.py for tasks to queue
[2025-04-21T16:53:32.204+0800] {logging_mixin.py:190} INFO - [2025-04-21T16:53:32.203+0800] {dagbag.py:588} INFO - Filling up the DagBag from /Users/luisl/Library/Python/3.9/lib/python/site-packages/airflow/example_dags/example_bash_decorator.py
[2025-04-21T16:53:32.221+0800] {processor.py:925} INFO - DAG(s) 'example_bash_decorator' retrieved from /Users/luisl/Library/Python/3.9/lib/python/site-packages/airflow/example_dags/example_bash_decorator.py
[2025-04-21T16:53:32.299+0800] {logging_mixin.py:190} INFO - [2025-04-21T16:53:32.298+0800] {dag.py:3239} INFO - Sync 1 DAGs
[2025-04-21T16:53:32.302+0800] {logging_mixin.py:190} INFO - [2025-04-21T16:53:32.302+0800] {dag.py:4180} INFO - Setting next_dagrun for example_bash_decorator to None, run_after=None
[2025-04-21T16:53:32.311+0800] {processor.py:208} INFO - Processing /Users/luisl/Library/Python/3.9/lib/python/site-packages/airflow/example_dags/example_bash_decorator.py took 0.112 seconds
[2025-04-21T16:56:22.378+0800] {processor.py:186} INFO - Started process (PID=22214) to work on /Users/luisl/Library/Python/3.9/lib/python/site-packages/airflow/example_dags/example_bash_decorator.py
[2025-04-21T16:56:22.380+0800] {processor.py:914} INFO - Processing file /Users/luisl/Library/Python/3.9/lib/python/site-packages/airflow/example_dags/example_bash_decorator.py for tasks to queue
[2025-04-21T16:56:22.381+0800] {logging_mixin.py:190} INFO - [2025-04-21T16:56:22.380+0800] {dagbag.py:588} INFO - Filling up the DagBag from /Users/luisl/Library/Python/3.9/lib/python/site-packages/airflow/example_dags/example_bash_decorator.py
[2025-04-21T16:56:22.398+0800] {processor.py:925} INFO - DAG(s) 'example_bash_decorator' retrieved from /Users/luisl/Library/Python/3.9/lib/python/site-packages/airflow/example_dags/example_bash_decorator.py
[2025-04-21T16:56:22.476+0800] {logging_mixin.py:190} INFO - [2025-04-21T16:56:22.476+0800] {dag.py:3239} INFO - Sync 1 DAGs
[2025-04-21T16:56:22.480+0800] {logging_mixin.py:190} INFO - [2025-04-21T16:56:22.480+0800] {dag.py:4180} INFO - Setting next_dagrun for example_bash_decorator to None, run_after=None
[2025-04-21T16:56:22.488+0800] {processor.py:208} INFO - Processing /Users/luisl/Library/Python/3.9/lib/python/site-packages/airflow/example_dags/example_bash_decorator.py took 0.112 seconds
[2025-04-21T16:59:09.942+0800] {processor.py:186} INFO - Started process (PID=22533) to work on /Users/luisl/Library/Python/3.9/lib/python/site-packages/airflow/example_dags/example_bash_decorator.py
[2025-04-21T16:59:09.944+0800] {processor.py:914} INFO - Processing file /Users/luisl/Library/Python/3.9/lib/python/site-packages/airflow/example_dags/example_bash_decorator.py for tasks to queue
[2025-04-21T16:59:09.945+0800] {logging_mixin.py:190} INFO - [2025-04-21T16:59:09.945+0800] {dagbag.py:588} INFO - Filling up the DagBag from /Users/luisl/Library/Python/3.9/lib/python/site-packages/airflow/example_dags/example_bash_decorator.py
[2025-04-21T16:59:09.961+0800] {processor.py:925} INFO - DAG(s) 'example_bash_decorator' retrieved from /Users/luisl/Library/Python/3.9/lib/python/site-packages/airflow/example_dags/example_bash_decorator.py
[2025-04-21T16:59:10.036+0800] {logging_mixin.py:190} INFO - [2025-04-21T16:59:10.036+0800] {dag.py:3239} INFO - Sync 1 DAGs
[2025-04-21T16:59:10.040+0800] {logging_mixin.py:190} INFO - [2025-04-21T16:59:10.040+0800] {dag.py:4180} INFO - Setting next_dagrun for example_bash_decorator to None, run_after=None
[2025-04-21T16:59:10.047+0800] {processor.py:208} INFO - Processing /Users/luisl/Library/Python/3.9/lib/python/site-packages/airflow/example_dags/example_bash_decorator.py took 0.106 seconds
[2025-04-21T17:03:21.747+0800] {processor.py:186} INFO - Started process (PID=23006) to work on /Users/luisl/Library/Python/3.9/lib/python/site-packages/airflow/example_dags/example_bash_decorator.py
[2025-04-21T17:03:21.750+0800] {processor.py:914} INFO - Processing file /Users/luisl/Library/Python/3.9/lib/python/site-packages/airflow/example_dags/example_bash_decorator.py for tasks to queue
[2025-04-21T17:03:21.750+0800] {logging_mixin.py:190} INFO - [2025-04-21T17:03:21.750+0800] {dagbag.py:588} INFO - Filling up the DagBag from /Users/luisl/Library/Python/3.9/lib/python/site-packages/airflow/example_dags/example_bash_decorator.py
[2025-04-21T17:03:21.770+0800] {processor.py:925} INFO - DAG(s) 'example_bash_decorator' retrieved from /Users/luisl/Library/Python/3.9/lib/python/site-packages/airflow/example_dags/example_bash_decorator.py
[2025-04-21T17:03:21.853+0800] {logging_mixin.py:190} INFO - [2025-04-21T17:03:21.853+0800] {dag.py:3239} INFO - Sync 1 DAGs
[2025-04-21T17:03:21.858+0800] {logging_mixin.py:190} INFO - [2025-04-21T17:03:21.858+0800] {dag.py:4180} INFO - Setting next_dagrun for example_bash_decorator to None, run_after=None
[2025-04-21T17:03:21.866+0800] {processor.py:208} INFO - Processing /Users/luisl/Library/Python/3.9/lib/python/site-packages/airflow/example_dags/example_bash_decorator.py took 0.120 seconds
