[2025-04-21T13:42:56.706+0800] {processor.py:186} INFO - Started process (PID=1462) to work on /Users/luisl/Library/Python/3.9/lib/python/site-packages/airflow/example_dags/example_dag_decorator.py
[2025-04-21T13:42:56.709+0800] {processor.py:914} INFO - Processing file /Users/luisl/Library/Python/3.9/lib/python/site-packages/airflow/example_dags/example_dag_decorator.py for tasks to queue
[2025-04-21T13:42:56.709+0800] {logging_mixin.py:190} INFO - [2025-04-21T13:42:56.709+0800] {dagbag.py:588} INFO - Filling up the DagBag from /Users/luisl/Library/Python/3.9/lib/python/site-packages/airflow/example_dags/example_dag_decorator.py
[2025-04-21T13:42:56.775+0800] {processor.py:925} INFO - DAG(s) 'example_dag_decorator' retrieved from /Users/luisl/Library/Python/3.9/lib/python/site-packages/airflow/example_dags/example_dag_decorator.py
[2025-04-21T13:42:56.878+0800] {logging_mixin.py:190} INFO - [2025-04-21T13:42:56.878+0800] {override.py:1930} INFO - Created Permission View: can read on DAG:example_dag_decorator
[2025-04-21T13:42:56.883+0800] {logging_mixin.py:190} INFO - [2025-04-21T13:42:56.882+0800] {override.py:1930} INFO - Created Permission View: can edit on DAG:example_dag_decorator
[2025-04-21T13:42:56.886+0800] {logging_mixin.py:190} INFO - [2025-04-21T13:42:56.886+0800] {override.py:1930} INFO - Created Permission View: can delete on DAG:example_dag_decorator
[2025-04-21T13:42:56.889+0800] {logging_mixin.py:190} INFO - [2025-04-21T13:42:56.889+0800] {override.py:1930} INFO - Created Permission View: can read on DAG Run:example_dag_decorator
[2025-04-21T13:42:56.892+0800] {logging_mixin.py:190} INFO - [2025-04-21T13:42:56.892+0800] {override.py:1930} INFO - Created Permission View: menu access on DAG Run:example_dag_decorator
[2025-04-21T13:42:56.895+0800] {logging_mixin.py:190} INFO - [2025-04-21T13:42:56.895+0800] {override.py:1930} INFO - Created Permission View: can delete on DAG Run:example_dag_decorator
[2025-04-21T13:42:56.897+0800] {logging_mixin.py:190} INFO - [2025-04-21T13:42:56.897+0800] {override.py:1930} INFO - Created Permission View: can create on DAG Run:example_dag_decorator
[2025-04-21T13:42:56.898+0800] {logging_mixin.py:190} INFO - [2025-04-21T13:42:56.897+0800] {dag.py:3239} INFO - Sync 1 DAGs
[2025-04-21T13:42:56.947+0800] {logging_mixin.py:190} INFO - [2025-04-21T13:42:56.947+0800] {dag.py:3262} INFO - Creating ORM DAG for example_dag_decorator
[2025-04-21T13:42:56.948+0800] {logging_mixin.py:190} INFO - [2025-04-21T13:42:56.948+0800] {dag.py:4180} INFO - Setting next_dagrun for example_dag_decorator to None, run_after=None
[2025-04-21T13:42:56.958+0800] {processor.py:208} INFO - Processing /Users/luisl/Library/Python/3.9/lib/python/site-packages/airflow/example_dags/example_dag_decorator.py took 0.254 seconds
[2025-04-21T13:46:13.985+0800] {processor.py:186} INFO - Started process (PID=1803) to work on /Users/luisl/Library/Python/3.9/lib/python/site-packages/airflow/example_dags/example_dag_decorator.py
[2025-04-21T13:46:13.987+0800] {processor.py:914} INFO - Processing file /Users/luisl/Library/Python/3.9/lib/python/site-packages/airflow/example_dags/example_dag_decorator.py for tasks to queue
[2025-04-21T13:46:13.988+0800] {logging_mixin.py:190} INFO - [2025-04-21T13:46:13.988+0800] {dagbag.py:588} INFO - Filling up the DagBag from /Users/luisl/Library/Python/3.9/lib/python/site-packages/airflow/example_dags/example_dag_decorator.py
[2025-04-21T13:46:14.057+0800] {processor.py:925} INFO - DAG(s) 'example_dag_decorator' retrieved from /Users/luisl/Library/Python/3.9/lib/python/site-packages/airflow/example_dags/example_dag_decorator.py
[2025-04-21T13:46:14.171+0800] {logging_mixin.py:190} INFO - [2025-04-21T13:46:14.171+0800] {dag.py:3239} INFO - Sync 1 DAGs
[2025-04-21T13:46:14.226+0800] {logging_mixin.py:190} INFO - [2025-04-21T13:46:14.226+0800] {dag.py:4180} INFO - Setting next_dagrun for example_dag_decorator to None, run_after=None
[2025-04-21T13:46:14.238+0800] {processor.py:208} INFO - Processing /Users/luisl/Library/Python/3.9/lib/python/site-packages/airflow/example_dags/example_dag_decorator.py took 0.255 seconds
[2025-04-21T13:49:22.862+0800] {processor.py:186} INFO - Started process (PID=2366) to work on /Users/luisl/Library/Python/3.9/lib/python/site-packages/airflow/example_dags/example_dag_decorator.py
[2025-04-21T13:49:22.865+0800] {processor.py:914} INFO - Processing file /Users/luisl/Library/Python/3.9/lib/python/site-packages/airflow/example_dags/example_dag_decorator.py for tasks to queue
[2025-04-21T13:49:22.866+0800] {logging_mixin.py:190} INFO - [2025-04-21T13:49:22.866+0800] {dagbag.py:588} INFO - Filling up the DagBag from /Users/luisl/Library/Python/3.9/lib/python/site-packages/airflow/example_dags/example_dag_decorator.py
[2025-04-21T13:49:22.932+0800] {processor.py:925} INFO - DAG(s) 'example_dag_decorator' retrieved from /Users/luisl/Library/Python/3.9/lib/python/site-packages/airflow/example_dags/example_dag_decorator.py
[2025-04-21T13:49:23.042+0800] {logging_mixin.py:190} INFO - [2025-04-21T13:49:23.042+0800] {dag.py:3239} INFO - Sync 1 DAGs
[2025-04-21T13:49:23.092+0800] {logging_mixin.py:190} INFO - [2025-04-21T13:49:23.092+0800] {dag.py:4180} INFO - Setting next_dagrun for example_dag_decorator to None, run_after=None
[2025-04-21T13:49:23.105+0800] {processor.py:208} INFO - Processing /Users/luisl/Library/Python/3.9/lib/python/site-packages/airflow/example_dags/example_dag_decorator.py took 0.245 seconds
[2025-04-21T13:52:31.565+0800] {processor.py:186} INFO - Started process (PID=2757) to work on /Users/luisl/Library/Python/3.9/lib/python/site-packages/airflow/example_dags/example_dag_decorator.py
[2025-04-21T13:52:31.568+0800] {processor.py:914} INFO - Processing file /Users/luisl/Library/Python/3.9/lib/python/site-packages/airflow/example_dags/example_dag_decorator.py for tasks to queue
[2025-04-21T13:52:31.569+0800] {logging_mixin.py:190} INFO - [2025-04-21T13:52:31.569+0800] {dagbag.py:588} INFO - Filling up the DagBag from /Users/luisl/Library/Python/3.9/lib/python/site-packages/airflow/example_dags/example_dag_decorator.py
[2025-04-21T13:52:31.640+0800] {processor.py:925} INFO - DAG(s) 'example_dag_decorator' retrieved from /Users/luisl/Library/Python/3.9/lib/python/site-packages/airflow/example_dags/example_dag_decorator.py
[2025-04-21T13:52:31.755+0800] {logging_mixin.py:190} INFO - [2025-04-21T13:52:31.755+0800] {dag.py:3239} INFO - Sync 1 DAGs
[2025-04-21T13:52:31.803+0800] {logging_mixin.py:190} INFO - [2025-04-21T13:52:31.803+0800] {dag.py:4180} INFO - Setting next_dagrun for example_dag_decorator to None, run_after=None
[2025-04-21T13:52:31.814+0800] {processor.py:208} INFO - Processing /Users/luisl/Library/Python/3.9/lib/python/site-packages/airflow/example_dags/example_dag_decorator.py took 0.251 seconds
[2025-04-21T13:55:39.803+0800] {processor.py:186} INFO - Started process (PID=3347) to work on /Users/luisl/Library/Python/3.9/lib/python/site-packages/airflow/example_dags/example_dag_decorator.py
[2025-04-21T13:55:39.806+0800] {processor.py:914} INFO - Processing file /Users/luisl/Library/Python/3.9/lib/python/site-packages/airflow/example_dags/example_dag_decorator.py for tasks to queue
[2025-04-21T13:55:39.807+0800] {logging_mixin.py:190} INFO - [2025-04-21T13:55:39.807+0800] {dagbag.py:588} INFO - Filling up the DagBag from /Users/luisl/Library/Python/3.9/lib/python/site-packages/airflow/example_dags/example_dag_decorator.py
[2025-04-21T13:55:39.874+0800] {processor.py:925} INFO - DAG(s) 'example_dag_decorator' retrieved from /Users/luisl/Library/Python/3.9/lib/python/site-packages/airflow/example_dags/example_dag_decorator.py
[2025-04-21T13:55:39.979+0800] {logging_mixin.py:190} INFO - [2025-04-21T13:55:39.979+0800] {dag.py:3239} INFO - Sync 1 DAGs
[2025-04-21T13:55:40.029+0800] {logging_mixin.py:190} INFO - [2025-04-21T13:55:40.029+0800] {dag.py:4180} INFO - Setting next_dagrun for example_dag_decorator to None, run_after=None
[2025-04-21T13:55:40.040+0800] {processor.py:208} INFO - Processing /Users/luisl/Library/Python/3.9/lib/python/site-packages/airflow/example_dags/example_dag_decorator.py took 0.238 seconds
[2025-04-21T13:58:56.660+0800] {processor.py:186} INFO - Started process (PID=3775) to work on /Users/luisl/Library/Python/3.9/lib/python/site-packages/airflow/example_dags/example_dag_decorator.py
[2025-04-21T13:58:56.663+0800] {processor.py:914} INFO - Processing file /Users/luisl/Library/Python/3.9/lib/python/site-packages/airflow/example_dags/example_dag_decorator.py for tasks to queue
[2025-04-21T13:58:56.664+0800] {logging_mixin.py:190} INFO - [2025-04-21T13:58:56.664+0800] {dagbag.py:588} INFO - Filling up the DagBag from /Users/luisl/Library/Python/3.9/lib/python/site-packages/airflow/example_dags/example_dag_decorator.py
[2025-04-21T13:58:56.734+0800] {processor.py:925} INFO - DAG(s) 'example_dag_decorator' retrieved from /Users/luisl/Library/Python/3.9/lib/python/site-packages/airflow/example_dags/example_dag_decorator.py
[2025-04-21T13:58:56.838+0800] {logging_mixin.py:190} INFO - [2025-04-21T13:58:56.838+0800] {dag.py:3239} INFO - Sync 1 DAGs
[2025-04-21T13:58:56.884+0800] {logging_mixin.py:190} INFO - [2025-04-21T13:58:56.884+0800] {dag.py:4180} INFO - Setting next_dagrun for example_dag_decorator to None, run_after=None
[2025-04-21T13:58:56.894+0800] {processor.py:208} INFO - Processing /Users/luisl/Library/Python/3.9/lib/python/site-packages/airflow/example_dags/example_dag_decorator.py took 0.236 seconds
[2025-04-21T14:02:13.012+0800] {processor.py:186} INFO - Started process (PID=4049) to work on /Users/luisl/Library/Python/3.9/lib/python/site-packages/airflow/example_dags/example_dag_decorator.py
[2025-04-21T14:02:13.016+0800] {processor.py:914} INFO - Processing file /Users/luisl/Library/Python/3.9/lib/python/site-packages/airflow/example_dags/example_dag_decorator.py for tasks to queue
[2025-04-21T14:02:13.017+0800] {logging_mixin.py:190} INFO - [2025-04-21T14:02:13.017+0800] {dagbag.py:588} INFO - Filling up the DagBag from /Users/luisl/Library/Python/3.9/lib/python/site-packages/airflow/example_dags/example_dag_decorator.py
[2025-04-21T14:02:13.096+0800] {processor.py:925} INFO - DAG(s) 'example_dag_decorator' retrieved from /Users/luisl/Library/Python/3.9/lib/python/site-packages/airflow/example_dags/example_dag_decorator.py
[2025-04-21T14:02:13.216+0800] {logging_mixin.py:190} INFO - [2025-04-21T14:02:13.216+0800] {dag.py:3239} INFO - Sync 1 DAGs
[2025-04-21T14:02:13.272+0800] {logging_mixin.py:190} INFO - [2025-04-21T14:02:13.272+0800] {dag.py:4180} INFO - Setting next_dagrun for example_dag_decorator to None, run_after=None
[2025-04-21T14:02:13.285+0800] {processor.py:208} INFO - Processing /Users/luisl/Library/Python/3.9/lib/python/site-packages/airflow/example_dags/example_dag_decorator.py took 0.276 seconds
[2025-04-21T14:06:49.949+0800] {processor.py:186} INFO - Started process (PID=4847) to work on /Users/luisl/Library/Python/3.9/lib/python/site-packages/airflow/example_dags/example_dag_decorator.py
[2025-04-21T14:06:49.952+0800] {processor.py:914} INFO - Processing file /Users/luisl/Library/Python/3.9/lib/python/site-packages/airflow/example_dags/example_dag_decorator.py for tasks to queue
[2025-04-21T14:06:49.953+0800] {logging_mixin.py:190} INFO - [2025-04-21T14:06:49.953+0800] {dagbag.py:588} INFO - Filling up the DagBag from /Users/luisl/Library/Python/3.9/lib/python/site-packages/airflow/example_dags/example_dag_decorator.py
[2025-04-21T14:06:50.015+0800] {processor.py:925} INFO - DAG(s) 'example_dag_decorator' retrieved from /Users/luisl/Library/Python/3.9/lib/python/site-packages/airflow/example_dags/example_dag_decorator.py
[2025-04-21T14:06:50.125+0800] {logging_mixin.py:190} INFO - [2025-04-21T14:06:50.124+0800] {dag.py:3239} INFO - Sync 1 DAGs
[2025-04-21T14:06:50.169+0800] {logging_mixin.py:190} INFO - [2025-04-21T14:06:50.169+0800] {dag.py:4180} INFO - Setting next_dagrun for example_dag_decorator to None, run_after=None
[2025-04-21T14:06:50.179+0800] {processor.py:208} INFO - Processing /Users/luisl/Library/Python/3.9/lib/python/site-packages/airflow/example_dags/example_dag_decorator.py took 0.232 seconds
[2025-04-21T14:11:05.933+0800] {processor.py:186} INFO - Started process (PID=5368) to work on /Users/luisl/Library/Python/3.9/lib/python/site-packages/airflow/example_dags/example_dag_decorator.py
[2025-04-21T14:11:05.937+0800] {processor.py:914} INFO - Processing file /Users/luisl/Library/Python/3.9/lib/python/site-packages/airflow/example_dags/example_dag_decorator.py for tasks to queue
[2025-04-21T14:11:05.938+0800] {logging_mixin.py:190} INFO - [2025-04-21T14:11:05.937+0800] {dagbag.py:588} INFO - Filling up the DagBag from /Users/luisl/Library/Python/3.9/lib/python/site-packages/airflow/example_dags/example_dag_decorator.py
[2025-04-21T14:11:06.011+0800] {processor.py:925} INFO - DAG(s) 'example_dag_decorator' retrieved from /Users/luisl/Library/Python/3.9/lib/python/site-packages/airflow/example_dags/example_dag_decorator.py
[2025-04-21T14:11:06.128+0800] {logging_mixin.py:190} INFO - [2025-04-21T14:11:06.128+0800] {dag.py:3239} INFO - Sync 1 DAGs
[2025-04-21T14:11:06.172+0800] {logging_mixin.py:190} INFO - [2025-04-21T14:11:06.172+0800] {dag.py:4180} INFO - Setting next_dagrun for example_dag_decorator to None, run_after=None
[2025-04-21T14:11:06.182+0800] {processor.py:208} INFO - Processing /Users/luisl/Library/Python/3.9/lib/python/site-packages/airflow/example_dags/example_dag_decorator.py took 0.251 seconds
[2025-04-21T14:16:55.850+0800] {processor.py:186} INFO - Started process (PID=5879) to work on /Users/luisl/Library/Python/3.9/lib/python/site-packages/airflow/example_dags/example_dag_decorator.py
[2025-04-21T14:16:55.853+0800] {processor.py:914} INFO - Processing file /Users/luisl/Library/Python/3.9/lib/python/site-packages/airflow/example_dags/example_dag_decorator.py for tasks to queue
[2025-04-21T14:16:55.854+0800] {logging_mixin.py:190} INFO - [2025-04-21T14:16:55.854+0800] {dagbag.py:588} INFO - Filling up the DagBag from /Users/luisl/Library/Python/3.9/lib/python/site-packages/airflow/example_dags/example_dag_decorator.py
[2025-04-21T14:16:55.929+0800] {processor.py:925} INFO - DAG(s) 'example_dag_decorator' retrieved from /Users/luisl/Library/Python/3.9/lib/python/site-packages/airflow/example_dags/example_dag_decorator.py
[2025-04-21T14:16:56.046+0800] {logging_mixin.py:190} INFO - [2025-04-21T14:16:56.046+0800] {dag.py:3239} INFO - Sync 1 DAGs
[2025-04-21T14:16:56.097+0800] {logging_mixin.py:190} INFO - [2025-04-21T14:16:56.097+0800] {dag.py:4180} INFO - Setting next_dagrun for example_dag_decorator to None, run_after=None
[2025-04-21T14:16:56.108+0800] {processor.py:208} INFO - Processing /Users/luisl/Library/Python/3.9/lib/python/site-packages/airflow/example_dags/example_dag_decorator.py took 0.260 seconds
[2025-04-21T14:20:11.108+0800] {processor.py:186} INFO - Started process (PID=6185) to work on /Users/luisl/Library/Python/3.9/lib/python/site-packages/airflow/example_dags/example_dag_decorator.py
[2025-04-21T14:20:11.112+0800] {processor.py:914} INFO - Processing file /Users/luisl/Library/Python/3.9/lib/python/site-packages/airflow/example_dags/example_dag_decorator.py for tasks to queue
[2025-04-21T14:20:11.113+0800] {logging_mixin.py:190} INFO - [2025-04-21T14:20:11.113+0800] {dagbag.py:588} INFO - Filling up the DagBag from /Users/luisl/Library/Python/3.9/lib/python/site-packages/airflow/example_dags/example_dag_decorator.py
[2025-04-21T14:20:11.183+0800] {processor.py:925} INFO - DAG(s) 'example_dag_decorator' retrieved from /Users/luisl/Library/Python/3.9/lib/python/site-packages/airflow/example_dags/example_dag_decorator.py
[2025-04-21T14:20:11.330+0800] {logging_mixin.py:190} INFO - [2025-04-21T14:20:11.329+0800] {dag.py:3239} INFO - Sync 1 DAGs
[2025-04-21T14:20:11.418+0800] {logging_mixin.py:190} INFO - [2025-04-21T14:20:11.418+0800] {dag.py:4180} INFO - Setting next_dagrun for example_dag_decorator to None, run_after=None
[2025-04-21T14:20:11.434+0800] {processor.py:208} INFO - Processing /Users/luisl/Library/Python/3.9/lib/python/site-packages/airflow/example_dags/example_dag_decorator.py took 0.328 seconds
[2025-04-21T14:21:56.079+0800] {processor.py:186} INFO - Started process (PID=6429) to work on /Users/luisl/Library/Python/3.9/lib/python/site-packages/airflow/example_dags/example_dag_decorator.py
[2025-04-21T14:21:56.083+0800] {processor.py:914} INFO - Processing file /Users/luisl/Library/Python/3.9/lib/python/site-packages/airflow/example_dags/example_dag_decorator.py for tasks to queue
[2025-04-21T14:21:56.084+0800] {logging_mixin.py:190} INFO - [2025-04-21T14:21:56.084+0800] {dagbag.py:588} INFO - Filling up the DagBag from /Users/luisl/Library/Python/3.9/lib/python/site-packages/airflow/example_dags/example_dag_decorator.py
[2025-04-21T14:21:56.154+0800] {processor.py:925} INFO - DAG(s) 'example_dag_decorator' retrieved from /Users/luisl/Library/Python/3.9/lib/python/site-packages/airflow/example_dags/example_dag_decorator.py
[2025-04-21T14:21:56.256+0800] {logging_mixin.py:190} INFO - [2025-04-21T14:21:56.255+0800] {dag.py:3239} INFO - Sync 1 DAGs
[2025-04-21T14:21:56.301+0800] {logging_mixin.py:190} INFO - [2025-04-21T14:21:56.301+0800] {dag.py:4180} INFO - Setting next_dagrun for example_dag_decorator to None, run_after=None
[2025-04-21T14:21:56.311+0800] {processor.py:208} INFO - Processing /Users/luisl/Library/Python/3.9/lib/python/site-packages/airflow/example_dags/example_dag_decorator.py took 0.233 seconds
[2025-04-21T14:23:39.412+0800] {processor.py:186} INFO - Started process (PID=6654) to work on /Users/luisl/Library/Python/3.9/lib/python/site-packages/airflow/example_dags/example_dag_decorator.py
[2025-04-21T14:23:39.415+0800] {processor.py:914} INFO - Processing file /Users/luisl/Library/Python/3.9/lib/python/site-packages/airflow/example_dags/example_dag_decorator.py for tasks to queue
[2025-04-21T14:23:39.416+0800] {logging_mixin.py:190} INFO - [2025-04-21T14:23:39.416+0800] {dagbag.py:588} INFO - Filling up the DagBag from /Users/luisl/Library/Python/3.9/lib/python/site-packages/airflow/example_dags/example_dag_decorator.py
[2025-04-21T14:23:39.487+0800] {processor.py:925} INFO - DAG(s) 'example_dag_decorator' retrieved from /Users/luisl/Library/Python/3.9/lib/python/site-packages/airflow/example_dags/example_dag_decorator.py
[2025-04-21T14:23:39.592+0800] {logging_mixin.py:190} INFO - [2025-04-21T14:23:39.592+0800] {dag.py:3239} INFO - Sync 1 DAGs
[2025-04-21T14:23:39.637+0800] {logging_mixin.py:190} INFO - [2025-04-21T14:23:39.637+0800] {dag.py:4180} INFO - Setting next_dagrun for example_dag_decorator to None, run_after=None
[2025-04-21T14:23:39.648+0800] {processor.py:208} INFO - Processing /Users/luisl/Library/Python/3.9/lib/python/site-packages/airflow/example_dags/example_dag_decorator.py took 0.238 seconds
[2025-04-21T14:25:24.414+0800] {processor.py:186} INFO - Started process (PID=6885) to work on /Users/luisl/Library/Python/3.9/lib/python/site-packages/airflow/example_dags/example_dag_decorator.py
[2025-04-21T14:25:24.417+0800] {processor.py:914} INFO - Processing file /Users/luisl/Library/Python/3.9/lib/python/site-packages/airflow/example_dags/example_dag_decorator.py for tasks to queue
[2025-04-21T14:25:24.418+0800] {logging_mixin.py:190} INFO - [2025-04-21T14:25:24.418+0800] {dagbag.py:588} INFO - Filling up the DagBag from /Users/luisl/Library/Python/3.9/lib/python/site-packages/airflow/example_dags/example_dag_decorator.py
[2025-04-21T14:25:24.495+0800] {processor.py:925} INFO - DAG(s) 'example_dag_decorator' retrieved from /Users/luisl/Library/Python/3.9/lib/python/site-packages/airflow/example_dags/example_dag_decorator.py
[2025-04-21T14:25:24.598+0800] {logging_mixin.py:190} INFO - [2025-04-21T14:25:24.597+0800] {dag.py:3239} INFO - Sync 1 DAGs
[2025-04-21T14:25:24.641+0800] {logging_mixin.py:190} INFO - [2025-04-21T14:25:24.641+0800] {dag.py:4180} INFO - Setting next_dagrun for example_dag_decorator to None, run_after=None
[2025-04-21T14:25:24.651+0800] {processor.py:208} INFO - Processing /Users/luisl/Library/Python/3.9/lib/python/site-packages/airflow/example_dags/example_dag_decorator.py took 0.239 seconds
[2025-04-21T14:27:12.836+0800] {processor.py:186} INFO - Started process (PID=7281) to work on /Users/luisl/Library/Python/3.9/lib/python/site-packages/airflow/example_dags/example_dag_decorator.py
[2025-04-21T14:27:12.840+0800] {processor.py:914} INFO - Processing file /Users/luisl/Library/Python/3.9/lib/python/site-packages/airflow/example_dags/example_dag_decorator.py for tasks to queue
[2025-04-21T14:27:12.841+0800] {logging_mixin.py:190} INFO - [2025-04-21T14:27:12.840+0800] {dagbag.py:588} INFO - Filling up the DagBag from /Users/luisl/Library/Python/3.9/lib/python/site-packages/airflow/example_dags/example_dag_decorator.py
[2025-04-21T14:27:12.916+0800] {processor.py:925} INFO - DAG(s) 'example_dag_decorator' retrieved from /Users/luisl/Library/Python/3.9/lib/python/site-packages/airflow/example_dags/example_dag_decorator.py
[2025-04-21T14:27:13.023+0800] {logging_mixin.py:190} INFO - [2025-04-21T14:27:13.023+0800] {dag.py:3239} INFO - Sync 1 DAGs
[2025-04-21T14:27:13.076+0800] {logging_mixin.py:190} INFO - [2025-04-21T14:27:13.076+0800] {dag.py:4180} INFO - Setting next_dagrun for example_dag_decorator to None, run_after=None
[2025-04-21T14:27:13.087+0800] {processor.py:208} INFO - Processing /Users/luisl/Library/Python/3.9/lib/python/site-packages/airflow/example_dags/example_dag_decorator.py took 0.253 seconds
[2025-04-21T14:29:02.937+0800] {processor.py:186} INFO - Started process (PID=7520) to work on /Users/luisl/Library/Python/3.9/lib/python/site-packages/airflow/example_dags/example_dag_decorator.py
[2025-04-21T14:29:02.940+0800] {processor.py:914} INFO - Processing file /Users/luisl/Library/Python/3.9/lib/python/site-packages/airflow/example_dags/example_dag_decorator.py for tasks to queue
[2025-04-21T14:29:02.941+0800] {logging_mixin.py:190} INFO - [2025-04-21T14:29:02.941+0800] {dagbag.py:588} INFO - Filling up the DagBag from /Users/luisl/Library/Python/3.9/lib/python/site-packages/airflow/example_dags/example_dag_decorator.py
[2025-04-21T14:29:03.010+0800] {processor.py:925} INFO - DAG(s) 'example_dag_decorator' retrieved from /Users/luisl/Library/Python/3.9/lib/python/site-packages/airflow/example_dags/example_dag_decorator.py
[2025-04-21T14:29:03.112+0800] {logging_mixin.py:190} INFO - [2025-04-21T14:29:03.112+0800] {dag.py:3239} INFO - Sync 1 DAGs
[2025-04-21T14:29:03.158+0800] {logging_mixin.py:190} INFO - [2025-04-21T14:29:03.158+0800] {dag.py:4180} INFO - Setting next_dagrun for example_dag_decorator to None, run_after=None
[2025-04-21T14:29:03.169+0800] {processor.py:208} INFO - Processing /Users/luisl/Library/Python/3.9/lib/python/site-packages/airflow/example_dags/example_dag_decorator.py took 0.234 seconds
[2025-04-21T14:30:38.689+0800] {processor.py:186} INFO - Started process (PID=7716) to work on /Users/luisl/Library/Python/3.9/lib/python/site-packages/airflow/example_dags/example_dag_decorator.py
[2025-04-21T14:30:38.693+0800] {processor.py:914} INFO - Processing file /Users/luisl/Library/Python/3.9/lib/python/site-packages/airflow/example_dags/example_dag_decorator.py for tasks to queue
[2025-04-21T14:30:38.693+0800] {logging_mixin.py:190} INFO - [2025-04-21T14:30:38.693+0800] {dagbag.py:588} INFO - Filling up the DagBag from /Users/luisl/Library/Python/3.9/lib/python/site-packages/airflow/example_dags/example_dag_decorator.py
[2025-04-21T14:30:38.764+0800] {processor.py:925} INFO - DAG(s) 'example_dag_decorator' retrieved from /Users/luisl/Library/Python/3.9/lib/python/site-packages/airflow/example_dags/example_dag_decorator.py
[2025-04-21T14:30:38.868+0800] {logging_mixin.py:190} INFO - [2025-04-21T14:30:38.867+0800] {dag.py:3239} INFO - Sync 1 DAGs
[2025-04-21T14:30:38.919+0800] {logging_mixin.py:190} INFO - [2025-04-21T14:30:38.919+0800] {dag.py:4180} INFO - Setting next_dagrun for example_dag_decorator to None, run_after=None
[2025-04-21T14:30:38.932+0800] {processor.py:208} INFO - Processing /Users/luisl/Library/Python/3.9/lib/python/site-packages/airflow/example_dags/example_dag_decorator.py took 0.245 seconds
[2025-04-21T14:32:22.094+0800] {processor.py:186} INFO - Started process (PID=7948) to work on /Users/luisl/Library/Python/3.9/lib/python/site-packages/airflow/example_dags/example_dag_decorator.py
[2025-04-21T14:32:22.098+0800] {processor.py:914} INFO - Processing file /Users/luisl/Library/Python/3.9/lib/python/site-packages/airflow/example_dags/example_dag_decorator.py for tasks to queue
[2025-04-21T14:32:22.099+0800] {logging_mixin.py:190} INFO - [2025-04-21T14:32:22.099+0800] {dagbag.py:588} INFO - Filling up the DagBag from /Users/luisl/Library/Python/3.9/lib/python/site-packages/airflow/example_dags/example_dag_decorator.py
[2025-04-21T14:32:22.170+0800] {processor.py:925} INFO - DAG(s) 'example_dag_decorator' retrieved from /Users/luisl/Library/Python/3.9/lib/python/site-packages/airflow/example_dags/example_dag_decorator.py
[2025-04-21T14:32:22.278+0800] {logging_mixin.py:190} INFO - [2025-04-21T14:32:22.278+0800] {dag.py:3239} INFO - Sync 1 DAGs
[2025-04-21T14:32:22.326+0800] {logging_mixin.py:190} INFO - [2025-04-21T14:32:22.326+0800] {dag.py:4180} INFO - Setting next_dagrun for example_dag_decorator to None, run_after=None
[2025-04-21T14:32:22.337+0800] {processor.py:208} INFO - Processing /Users/luisl/Library/Python/3.9/lib/python/site-packages/airflow/example_dags/example_dag_decorator.py took 0.244 seconds
[2025-04-21T14:34:08.265+0800] {processor.py:186} INFO - Started process (PID=8201) to work on /Users/luisl/Library/Python/3.9/lib/python/site-packages/airflow/example_dags/example_dag_decorator.py
[2025-04-21T14:34:08.268+0800] {processor.py:914} INFO - Processing file /Users/luisl/Library/Python/3.9/lib/python/site-packages/airflow/example_dags/example_dag_decorator.py for tasks to queue
[2025-04-21T14:34:08.269+0800] {logging_mixin.py:190} INFO - [2025-04-21T14:34:08.269+0800] {dagbag.py:588} INFO - Filling up the DagBag from /Users/luisl/Library/Python/3.9/lib/python/site-packages/airflow/example_dags/example_dag_decorator.py
[2025-04-21T14:34:08.341+0800] {processor.py:925} INFO - DAG(s) 'example_dag_decorator' retrieved from /Users/luisl/Library/Python/3.9/lib/python/site-packages/airflow/example_dags/example_dag_decorator.py
[2025-04-21T14:34:08.449+0800] {logging_mixin.py:190} INFO - [2025-04-21T14:34:08.449+0800] {dag.py:3239} INFO - Sync 1 DAGs
[2025-04-21T14:34:08.501+0800] {logging_mixin.py:190} INFO - [2025-04-21T14:34:08.501+0800] {dag.py:4180} INFO - Setting next_dagrun for example_dag_decorator to None, run_after=None
[2025-04-21T14:34:08.512+0800] {processor.py:208} INFO - Processing /Users/luisl/Library/Python/3.9/lib/python/site-packages/airflow/example_dags/example_dag_decorator.py took 0.249 seconds
[2025-04-21T14:35:52.707+0800] {processor.py:186} INFO - Started process (PID=8411) to work on /Users/luisl/Library/Python/3.9/lib/python/site-packages/airflow/example_dags/example_dag_decorator.py
[2025-04-21T14:35:52.710+0800] {processor.py:914} INFO - Processing file /Users/luisl/Library/Python/3.9/lib/python/site-packages/airflow/example_dags/example_dag_decorator.py for tasks to queue
[2025-04-21T14:35:52.711+0800] {logging_mixin.py:190} INFO - [2025-04-21T14:35:52.711+0800] {dagbag.py:588} INFO - Filling up the DagBag from /Users/luisl/Library/Python/3.9/lib/python/site-packages/airflow/example_dags/example_dag_decorator.py
[2025-04-21T14:35:52.781+0800] {processor.py:925} INFO - DAG(s) 'example_dag_decorator' retrieved from /Users/luisl/Library/Python/3.9/lib/python/site-packages/airflow/example_dags/example_dag_decorator.py
[2025-04-21T14:35:52.885+0800] {logging_mixin.py:190} INFO - [2025-04-21T14:35:52.885+0800] {dag.py:3239} INFO - Sync 1 DAGs
[2025-04-21T14:35:52.932+0800] {logging_mixin.py:190} INFO - [2025-04-21T14:35:52.932+0800] {dag.py:4180} INFO - Setting next_dagrun for example_dag_decorator to None, run_after=None
[2025-04-21T14:35:52.944+0800] {processor.py:208} INFO - Processing /Users/luisl/Library/Python/3.9/lib/python/site-packages/airflow/example_dags/example_dag_decorator.py took 0.239 seconds
[2025-04-21T14:37:40.442+0800] {processor.py:186} INFO - Started process (PID=8645) to work on /Users/luisl/Library/Python/3.9/lib/python/site-packages/airflow/example_dags/example_dag_decorator.py
[2025-04-21T14:37:40.445+0800] {processor.py:914} INFO - Processing file /Users/luisl/Library/Python/3.9/lib/python/site-packages/airflow/example_dags/example_dag_decorator.py for tasks to queue
[2025-04-21T14:37:40.446+0800] {logging_mixin.py:190} INFO - [2025-04-21T14:37:40.446+0800] {dagbag.py:588} INFO - Filling up the DagBag from /Users/luisl/Library/Python/3.9/lib/python/site-packages/airflow/example_dags/example_dag_decorator.py
[2025-04-21T14:37:40.516+0800] {processor.py:925} INFO - DAG(s) 'example_dag_decorator' retrieved from /Users/luisl/Library/Python/3.9/lib/python/site-packages/airflow/example_dags/example_dag_decorator.py
[2025-04-21T14:37:40.619+0800] {logging_mixin.py:190} INFO - [2025-04-21T14:37:40.619+0800] {dag.py:3239} INFO - Sync 1 DAGs
[2025-04-21T14:37:40.664+0800] {logging_mixin.py:190} INFO - [2025-04-21T14:37:40.663+0800] {dag.py:4180} INFO - Setting next_dagrun for example_dag_decorator to None, run_after=None
[2025-04-21T14:37:40.674+0800] {processor.py:208} INFO - Processing /Users/luisl/Library/Python/3.9/lib/python/site-packages/airflow/example_dags/example_dag_decorator.py took 0.234 seconds
[2025-04-21T14:39:25.815+0800] {processor.py:186} INFO - Started process (PID=8926) to work on /Users/luisl/Library/Python/3.9/lib/python/site-packages/airflow/example_dags/example_dag_decorator.py
[2025-04-21T14:39:25.818+0800] {processor.py:914} INFO - Processing file /Users/luisl/Library/Python/3.9/lib/python/site-packages/airflow/example_dags/example_dag_decorator.py for tasks to queue
[2025-04-21T14:39:25.819+0800] {logging_mixin.py:190} INFO - [2025-04-21T14:39:25.819+0800] {dagbag.py:588} INFO - Filling up the DagBag from /Users/luisl/Library/Python/3.9/lib/python/site-packages/airflow/example_dags/example_dag_decorator.py
[2025-04-21T14:39:25.885+0800] {processor.py:925} INFO - DAG(s) 'example_dag_decorator' retrieved from /Users/luisl/Library/Python/3.9/lib/python/site-packages/airflow/example_dags/example_dag_decorator.py
[2025-04-21T14:39:25.986+0800] {logging_mixin.py:190} INFO - [2025-04-21T14:39:25.985+0800] {dag.py:3239} INFO - Sync 1 DAGs
[2025-04-21T14:39:26.032+0800] {logging_mixin.py:190} INFO - [2025-04-21T14:39:26.031+0800] {dag.py:4180} INFO - Setting next_dagrun for example_dag_decorator to None, run_after=None
[2025-04-21T14:39:26.042+0800] {processor.py:208} INFO - Processing /Users/luisl/Library/Python/3.9/lib/python/site-packages/airflow/example_dags/example_dag_decorator.py took 0.228 seconds
[2025-04-21T14:41:11.614+0800] {processor.py:186} INFO - Started process (PID=9157) to work on /Users/luisl/Library/Python/3.9/lib/python/site-packages/airflow/example_dags/example_dag_decorator.py
[2025-04-21T14:41:11.616+0800] {processor.py:914} INFO - Processing file /Users/luisl/Library/Python/3.9/lib/python/site-packages/airflow/example_dags/example_dag_decorator.py for tasks to queue
[2025-04-21T14:41:11.617+0800] {logging_mixin.py:190} INFO - [2025-04-21T14:41:11.617+0800] {dagbag.py:588} INFO - Filling up the DagBag from /Users/luisl/Library/Python/3.9/lib/python/site-packages/airflow/example_dags/example_dag_decorator.py
[2025-04-21T14:41:11.682+0800] {processor.py:925} INFO - DAG(s) 'example_dag_decorator' retrieved from /Users/luisl/Library/Python/3.9/lib/python/site-packages/airflow/example_dags/example_dag_decorator.py
[2025-04-21T14:41:11.795+0800] {logging_mixin.py:190} INFO - [2025-04-21T14:41:11.795+0800] {dag.py:3239} INFO - Sync 1 DAGs
[2025-04-21T14:41:11.841+0800] {logging_mixin.py:190} INFO - [2025-04-21T14:41:11.841+0800] {dag.py:4180} INFO - Setting next_dagrun for example_dag_decorator to None, run_after=None
[2025-04-21T14:41:11.852+0800] {processor.py:208} INFO - Processing /Users/luisl/Library/Python/3.9/lib/python/site-packages/airflow/example_dags/example_dag_decorator.py took 0.240 seconds
[2025-04-21T14:42:59.993+0800] {processor.py:186} INFO - Started process (PID=9442) to work on /Users/luisl/Library/Python/3.9/lib/python/site-packages/airflow/example_dags/example_dag_decorator.py
[2025-04-21T14:42:59.997+0800] {processor.py:914} INFO - Processing file /Users/luisl/Library/Python/3.9/lib/python/site-packages/airflow/example_dags/example_dag_decorator.py for tasks to queue
[2025-04-21T14:42:59.997+0800] {logging_mixin.py:190} INFO - [2025-04-21T14:42:59.997+0800] {dagbag.py:588} INFO - Filling up the DagBag from /Users/luisl/Library/Python/3.9/lib/python/site-packages/airflow/example_dags/example_dag_decorator.py
[2025-04-21T14:43:00.061+0800] {processor.py:925} INFO - DAG(s) 'example_dag_decorator' retrieved from /Users/luisl/Library/Python/3.9/lib/python/site-packages/airflow/example_dags/example_dag_decorator.py
[2025-04-21T14:43:00.164+0800] {logging_mixin.py:190} INFO - [2025-04-21T14:43:00.164+0800] {dag.py:3239} INFO - Sync 1 DAGs
[2025-04-21T14:43:00.213+0800] {logging_mixin.py:190} INFO - [2025-04-21T14:43:00.213+0800] {dag.py:4180} INFO - Setting next_dagrun for example_dag_decorator to None, run_after=None
[2025-04-21T14:43:00.224+0800] {processor.py:208} INFO - Processing /Users/luisl/Library/Python/3.9/lib/python/site-packages/airflow/example_dags/example_dag_decorator.py took 0.232 seconds
[2025-04-21T14:59:47.895+0800] {processor.py:186} INFO - Started process (PID=11053) to work on /Users/luisl/Library/Python/3.9/lib/python/site-packages/airflow/example_dags/example_dag_decorator.py
[2025-04-21T14:59:47.897+0800] {processor.py:914} INFO - Processing file /Users/luisl/Library/Python/3.9/lib/python/site-packages/airflow/example_dags/example_dag_decorator.py for tasks to queue
[2025-04-21T14:59:47.898+0800] {logging_mixin.py:190} INFO - [2025-04-21T14:59:47.898+0800] {dagbag.py:588} INFO - Filling up the DagBag from /Users/luisl/Library/Python/3.9/lib/python/site-packages/airflow/example_dags/example_dag_decorator.py
[2025-04-21T14:59:47.949+0800] {processor.py:925} INFO - DAG(s) 'example_dag_decorator' retrieved from /Users/luisl/Library/Python/3.9/lib/python/site-packages/airflow/example_dags/example_dag_decorator.py
[2025-04-21T14:59:48.070+0800] {logging_mixin.py:190} INFO - [2025-04-21T14:59:48.070+0800] {dag.py:3239} INFO - Sync 1 DAGs
[2025-04-21T14:59:48.141+0800] {logging_mixin.py:190} INFO - [2025-04-21T14:59:48.141+0800] {dag.py:4180} INFO - Setting next_dagrun for example_dag_decorator to None, run_after=None
[2025-04-21T14:59:48.151+0800] {processor.py:208} INFO - Processing /Users/luisl/Library/Python/3.9/lib/python/site-packages/airflow/example_dags/example_dag_decorator.py took 0.258 seconds
[2025-04-21T15:01:30.061+0800] {processor.py:186} INFO - Started process (PID=11300) to work on /Users/luisl/Library/Python/3.9/lib/python/site-packages/airflow/example_dags/example_dag_decorator.py
[2025-04-21T15:01:30.064+0800] {processor.py:914} INFO - Processing file /Users/luisl/Library/Python/3.9/lib/python/site-packages/airflow/example_dags/example_dag_decorator.py for tasks to queue
[2025-04-21T15:01:30.064+0800] {logging_mixin.py:190} INFO - [2025-04-21T15:01:30.064+0800] {dagbag.py:588} INFO - Filling up the DagBag from /Users/luisl/Library/Python/3.9/lib/python/site-packages/airflow/example_dags/example_dag_decorator.py
[2025-04-21T15:01:30.122+0800] {processor.py:925} INFO - DAG(s) 'example_dag_decorator' retrieved from /Users/luisl/Library/Python/3.9/lib/python/site-packages/airflow/example_dags/example_dag_decorator.py
[2025-04-21T15:01:30.208+0800] {logging_mixin.py:190} INFO - [2025-04-21T15:01:30.208+0800] {dag.py:3239} INFO - Sync 1 DAGs
[2025-04-21T15:01:30.244+0800] {logging_mixin.py:190} INFO - [2025-04-21T15:01:30.244+0800] {dag.py:4180} INFO - Setting next_dagrun for example_dag_decorator to None, run_after=None
[2025-04-21T15:01:30.252+0800] {processor.py:208} INFO - Processing /Users/luisl/Library/Python/3.9/lib/python/site-packages/airflow/example_dags/example_dag_decorator.py took 0.192 seconds
[2025-04-21T15:02:31.346+0800] {processor.py:186} INFO - Started process (PID=11462) to work on /Users/luisl/Library/Python/3.9/lib/python/site-packages/airflow/example_dags/example_dag_decorator.py
[2025-04-21T15:02:31.348+0800] {processor.py:914} INFO - Processing file /Users/luisl/Library/Python/3.9/lib/python/site-packages/airflow/example_dags/example_dag_decorator.py for tasks to queue
[2025-04-21T15:02:31.349+0800] {logging_mixin.py:190} INFO - [2025-04-21T15:02:31.349+0800] {dagbag.py:588} INFO - Filling up the DagBag from /Users/luisl/Library/Python/3.9/lib/python/site-packages/airflow/example_dags/example_dag_decorator.py
[2025-04-21T15:02:31.403+0800] {processor.py:925} INFO - DAG(s) 'example_dag_decorator' retrieved from /Users/luisl/Library/Python/3.9/lib/python/site-packages/airflow/example_dags/example_dag_decorator.py
[2025-04-21T15:02:31.484+0800] {logging_mixin.py:190} INFO - [2025-04-21T15:02:31.484+0800] {dag.py:3239} INFO - Sync 1 DAGs
[2025-04-21T15:02:31.519+0800] {logging_mixin.py:190} INFO - [2025-04-21T15:02:31.519+0800] {dag.py:4180} INFO - Setting next_dagrun for example_dag_decorator to None, run_after=None
[2025-04-21T15:02:31.527+0800] {processor.py:208} INFO - Processing /Users/luisl/Library/Python/3.9/lib/python/site-packages/airflow/example_dags/example_dag_decorator.py took 0.183 seconds
[2025-04-21T15:03:34.782+0800] {processor.py:186} INFO - Started process (PID=11634) to work on /Users/luisl/Library/Python/3.9/lib/python/site-packages/airflow/example_dags/example_dag_decorator.py
[2025-04-21T15:03:34.785+0800] {processor.py:914} INFO - Processing file /Users/luisl/Library/Python/3.9/lib/python/site-packages/airflow/example_dags/example_dag_decorator.py for tasks to queue
[2025-04-21T15:03:34.785+0800] {logging_mixin.py:190} INFO - [2025-04-21T15:03:34.785+0800] {dagbag.py:588} INFO - Filling up the DagBag from /Users/luisl/Library/Python/3.9/lib/python/site-packages/airflow/example_dags/example_dag_decorator.py
[2025-04-21T15:03:34.838+0800] {processor.py:925} INFO - DAG(s) 'example_dag_decorator' retrieved from /Users/luisl/Library/Python/3.9/lib/python/site-packages/airflow/example_dags/example_dag_decorator.py
[2025-04-21T15:03:34.926+0800] {logging_mixin.py:190} INFO - [2025-04-21T15:03:34.926+0800] {dag.py:3239} INFO - Sync 1 DAGs
[2025-04-21T15:03:34.961+0800] {logging_mixin.py:190} INFO - [2025-04-21T15:03:34.961+0800] {dag.py:4180} INFO - Setting next_dagrun for example_dag_decorator to None, run_after=None
[2025-04-21T15:03:34.968+0800] {processor.py:208} INFO - Processing /Users/luisl/Library/Python/3.9/lib/python/site-packages/airflow/example_dags/example_dag_decorator.py took 0.187 seconds
[2025-04-21T15:04:38.133+0800] {processor.py:186} INFO - Started process (PID=11829) to work on /Users/luisl/Library/Python/3.9/lib/python/site-packages/airflow/example_dags/example_dag_decorator.py
[2025-04-21T15:04:38.135+0800] {processor.py:914} INFO - Processing file /Users/luisl/Library/Python/3.9/lib/python/site-packages/airflow/example_dags/example_dag_decorator.py for tasks to queue
[2025-04-21T15:04:38.136+0800] {logging_mixin.py:190} INFO - [2025-04-21T15:04:38.136+0800] {dagbag.py:588} INFO - Filling up the DagBag from /Users/luisl/Library/Python/3.9/lib/python/site-packages/airflow/example_dags/example_dag_decorator.py
[2025-04-21T15:04:38.194+0800] {processor.py:925} INFO - DAG(s) 'example_dag_decorator' retrieved from /Users/luisl/Library/Python/3.9/lib/python/site-packages/airflow/example_dags/example_dag_decorator.py
[2025-04-21T15:04:38.284+0800] {logging_mixin.py:190} INFO - [2025-04-21T15:04:38.283+0800] {dag.py:3239} INFO - Sync 1 DAGs
[2025-04-21T15:04:38.322+0800] {logging_mixin.py:190} INFO - [2025-04-21T15:04:38.322+0800] {dag.py:4180} INFO - Setting next_dagrun for example_dag_decorator to None, run_after=None
[2025-04-21T15:04:38.330+0800] {processor.py:208} INFO - Processing /Users/luisl/Library/Python/3.9/lib/python/site-packages/airflow/example_dags/example_dag_decorator.py took 0.198 seconds
[2025-04-21T15:05:39.143+0800] {processor.py:186} INFO - Started process (PID=11993) to work on /Users/luisl/Library/Python/3.9/lib/python/site-packages/airflow/example_dags/example_dag_decorator.py
[2025-04-21T15:05:39.146+0800] {processor.py:914} INFO - Processing file /Users/luisl/Library/Python/3.9/lib/python/site-packages/airflow/example_dags/example_dag_decorator.py for tasks to queue
[2025-04-21T15:05:39.146+0800] {logging_mixin.py:190} INFO - [2025-04-21T15:05:39.146+0800] {dagbag.py:588} INFO - Filling up the DagBag from /Users/luisl/Library/Python/3.9/lib/python/site-packages/airflow/example_dags/example_dag_decorator.py
[2025-04-21T15:05:39.202+0800] {processor.py:925} INFO - DAG(s) 'example_dag_decorator' retrieved from /Users/luisl/Library/Python/3.9/lib/python/site-packages/airflow/example_dags/example_dag_decorator.py
[2025-04-21T15:05:39.286+0800] {logging_mixin.py:190} INFO - [2025-04-21T15:05:39.286+0800] {dag.py:3239} INFO - Sync 1 DAGs
[2025-04-21T15:05:39.319+0800] {logging_mixin.py:190} INFO - [2025-04-21T15:05:39.319+0800] {dag.py:4180} INFO - Setting next_dagrun for example_dag_decorator to None, run_after=None
[2025-04-21T15:05:39.327+0800] {processor.py:208} INFO - Processing /Users/luisl/Library/Python/3.9/lib/python/site-packages/airflow/example_dags/example_dag_decorator.py took 0.185 seconds
[2025-04-21T15:06:59.006+0800] {processor.py:186} INFO - Started process (PID=12221) to work on /Users/luisl/Library/Python/3.9/lib/python/site-packages/airflow/example_dags/example_dag_decorator.py
[2025-04-21T15:06:59.008+0800] {processor.py:914} INFO - Processing file /Users/luisl/Library/Python/3.9/lib/python/site-packages/airflow/example_dags/example_dag_decorator.py for tasks to queue
[2025-04-21T15:06:59.008+0800] {logging_mixin.py:190} INFO - [2025-04-21T15:06:59.008+0800] {dagbag.py:588} INFO - Filling up the DagBag from /Users/luisl/Library/Python/3.9/lib/python/site-packages/airflow/example_dags/example_dag_decorator.py
[2025-04-21T15:06:59.064+0800] {processor.py:925} INFO - DAG(s) 'example_dag_decorator' retrieved from /Users/luisl/Library/Python/3.9/lib/python/site-packages/airflow/example_dags/example_dag_decorator.py
[2025-04-21T15:06:59.153+0800] {logging_mixin.py:190} INFO - [2025-04-21T15:06:59.152+0800] {dag.py:3239} INFO - Sync 1 DAGs
[2025-04-21T15:06:59.187+0800] {logging_mixin.py:190} INFO - [2025-04-21T15:06:59.187+0800] {dag.py:4180} INFO - Setting next_dagrun for example_dag_decorator to None, run_after=None
[2025-04-21T15:06:59.195+0800] {processor.py:208} INFO - Processing /Users/luisl/Library/Python/3.9/lib/python/site-packages/airflow/example_dags/example_dag_decorator.py took 0.191 seconds
[2025-04-21T15:09:39.405+0800] {processor.py:186} INFO - Started process (PID=12530) to work on /Users/luisl/Library/Python/3.9/lib/python/site-packages/airflow/example_dags/example_dag_decorator.py
[2025-04-21T15:09:39.407+0800] {processor.py:914} INFO - Processing file /Users/luisl/Library/Python/3.9/lib/python/site-packages/airflow/example_dags/example_dag_decorator.py for tasks to queue
[2025-04-21T15:09:39.408+0800] {logging_mixin.py:190} INFO - [2025-04-21T15:09:39.408+0800] {dagbag.py:588} INFO - Filling up the DagBag from /Users/luisl/Library/Python/3.9/lib/python/site-packages/airflow/example_dags/example_dag_decorator.py
[2025-04-21T15:09:39.461+0800] {processor.py:925} INFO - DAG(s) 'example_dag_decorator' retrieved from /Users/luisl/Library/Python/3.9/lib/python/site-packages/airflow/example_dags/example_dag_decorator.py
[2025-04-21T15:09:39.542+0800] {logging_mixin.py:190} INFO - [2025-04-21T15:09:39.542+0800] {dag.py:3239} INFO - Sync 1 DAGs
[2025-04-21T15:09:39.579+0800] {logging_mixin.py:190} INFO - [2025-04-21T15:09:39.578+0800] {dag.py:4180} INFO - Setting next_dagrun for example_dag_decorator to None, run_after=None
[2025-04-21T15:09:39.586+0800] {processor.py:208} INFO - Processing /Users/luisl/Library/Python/3.9/lib/python/site-packages/airflow/example_dags/example_dag_decorator.py took 0.183 seconds
[2025-04-21T15:10:53.547+0800] {processor.py:186} INFO - Started process (PID=12774) to work on /Users/luisl/Library/Python/3.9/lib/python/site-packages/airflow/example_dags/example_dag_decorator.py
[2025-04-21T15:10:53.550+0800] {processor.py:914} INFO - Processing file /Users/luisl/Library/Python/3.9/lib/python/site-packages/airflow/example_dags/example_dag_decorator.py for tasks to queue
[2025-04-21T15:10:53.550+0800] {logging_mixin.py:190} INFO - [2025-04-21T15:10:53.550+0800] {dagbag.py:588} INFO - Filling up the DagBag from /Users/luisl/Library/Python/3.9/lib/python/site-packages/airflow/example_dags/example_dag_decorator.py
[2025-04-21T15:10:53.603+0800] {processor.py:925} INFO - DAG(s) 'example_dag_decorator' retrieved from /Users/luisl/Library/Python/3.9/lib/python/site-packages/airflow/example_dags/example_dag_decorator.py
[2025-04-21T15:10:53.689+0800] {logging_mixin.py:190} INFO - [2025-04-21T15:10:53.689+0800] {dag.py:3239} INFO - Sync 1 DAGs
[2025-04-21T15:10:53.725+0800] {logging_mixin.py:190} INFO - [2025-04-21T15:10:53.725+0800] {dag.py:4180} INFO - Setting next_dagrun for example_dag_decorator to None, run_after=None
[2025-04-21T15:10:53.734+0800] {processor.py:208} INFO - Processing /Users/luisl/Library/Python/3.9/lib/python/site-packages/airflow/example_dags/example_dag_decorator.py took 0.188 seconds
[2025-04-21T15:11:54.212+0800] {processor.py:186} INFO - Started process (PID=12939) to work on /Users/luisl/Library/Python/3.9/lib/python/site-packages/airflow/example_dags/example_dag_decorator.py
[2025-04-21T15:11:54.215+0800] {processor.py:914} INFO - Processing file /Users/luisl/Library/Python/3.9/lib/python/site-packages/airflow/example_dags/example_dag_decorator.py for tasks to queue
[2025-04-21T15:11:54.215+0800] {logging_mixin.py:190} INFO - [2025-04-21T15:11:54.215+0800] {dagbag.py:588} INFO - Filling up the DagBag from /Users/luisl/Library/Python/3.9/lib/python/site-packages/airflow/example_dags/example_dag_decorator.py
[2025-04-21T15:11:54.272+0800] {processor.py:925} INFO - DAG(s) 'example_dag_decorator' retrieved from /Users/luisl/Library/Python/3.9/lib/python/site-packages/airflow/example_dags/example_dag_decorator.py
[2025-04-21T15:11:54.353+0800] {logging_mixin.py:190} INFO - [2025-04-21T15:11:54.353+0800] {dag.py:3239} INFO - Sync 1 DAGs
[2025-04-21T15:11:54.387+0800] {logging_mixin.py:190} INFO - [2025-04-21T15:11:54.387+0800] {dag.py:4180} INFO - Setting next_dagrun for example_dag_decorator to None, run_after=None
[2025-04-21T15:11:54.395+0800] {processor.py:208} INFO - Processing /Users/luisl/Library/Python/3.9/lib/python/site-packages/airflow/example_dags/example_dag_decorator.py took 0.184 seconds
[2025-04-21T15:12:59.973+0800] {processor.py:186} INFO - Started process (PID=13162) to work on /Users/luisl/Library/Python/3.9/lib/python/site-packages/airflow/example_dags/example_dag_decorator.py
[2025-04-21T15:12:59.975+0800] {processor.py:914} INFO - Processing file /Users/luisl/Library/Python/3.9/lib/python/site-packages/airflow/example_dags/example_dag_decorator.py for tasks to queue
[2025-04-21T15:12:59.976+0800] {logging_mixin.py:190} INFO - [2025-04-21T15:12:59.976+0800] {dagbag.py:588} INFO - Filling up the DagBag from /Users/luisl/Library/Python/3.9/lib/python/site-packages/airflow/example_dags/example_dag_decorator.py
[2025-04-21T15:13:00.039+0800] {processor.py:925} INFO - DAG(s) 'example_dag_decorator' retrieved from /Users/luisl/Library/Python/3.9/lib/python/site-packages/airflow/example_dags/example_dag_decorator.py
[2025-04-21T15:13:00.125+0800] {logging_mixin.py:190} INFO - [2025-04-21T15:13:00.125+0800] {dag.py:3239} INFO - Sync 1 DAGs
[2025-04-21T15:13:00.167+0800] {logging_mixin.py:190} INFO - [2025-04-21T15:13:00.166+0800] {dag.py:4180} INFO - Setting next_dagrun for example_dag_decorator to None, run_after=None
[2025-04-21T15:13:00.175+0800] {processor.py:208} INFO - Processing /Users/luisl/Library/Python/3.9/lib/python/site-packages/airflow/example_dags/example_dag_decorator.py took 0.204 seconds
[2025-04-21T15:14:08.214+0800] {processor.py:186} INFO - Started process (PID=13348) to work on /Users/luisl/Library/Python/3.9/lib/python/site-packages/airflow/example_dags/example_dag_decorator.py
[2025-04-21T15:14:08.217+0800] {processor.py:914} INFO - Processing file /Users/luisl/Library/Python/3.9/lib/python/site-packages/airflow/example_dags/example_dag_decorator.py for tasks to queue
[2025-04-21T15:14:08.217+0800] {logging_mixin.py:190} INFO - [2025-04-21T15:14:08.217+0800] {dagbag.py:588} INFO - Filling up the DagBag from /Users/luisl/Library/Python/3.9/lib/python/site-packages/airflow/example_dags/example_dag_decorator.py
[2025-04-21T15:14:08.272+0800] {processor.py:925} INFO - DAG(s) 'example_dag_decorator' retrieved from /Users/luisl/Library/Python/3.9/lib/python/site-packages/airflow/example_dags/example_dag_decorator.py
[2025-04-21T15:14:08.361+0800] {logging_mixin.py:190} INFO - [2025-04-21T15:14:08.361+0800] {dag.py:3239} INFO - Sync 1 DAGs
[2025-04-21T15:14:08.404+0800] {logging_mixin.py:190} INFO - [2025-04-21T15:14:08.404+0800] {dag.py:4180} INFO - Setting next_dagrun for example_dag_decorator to None, run_after=None
[2025-04-21T15:14:08.413+0800] {processor.py:208} INFO - Processing /Users/luisl/Library/Python/3.9/lib/python/site-packages/airflow/example_dags/example_dag_decorator.py took 0.200 seconds
[2025-04-21T15:15:11.008+0800] {processor.py:186} INFO - Started process (PID=13507) to work on /Users/luisl/Library/Python/3.9/lib/python/site-packages/airflow/example_dags/example_dag_decorator.py
[2025-04-21T15:15:11.011+0800] {processor.py:914} INFO - Processing file /Users/luisl/Library/Python/3.9/lib/python/site-packages/airflow/example_dags/example_dag_decorator.py for tasks to queue
[2025-04-21T15:15:11.011+0800] {logging_mixin.py:190} INFO - [2025-04-21T15:15:11.011+0800] {dagbag.py:588} INFO - Filling up the DagBag from /Users/luisl/Library/Python/3.9/lib/python/site-packages/airflow/example_dags/example_dag_decorator.py
[2025-04-21T15:15:11.063+0800] {processor.py:925} INFO - DAG(s) 'example_dag_decorator' retrieved from /Users/luisl/Library/Python/3.9/lib/python/site-packages/airflow/example_dags/example_dag_decorator.py
[2025-04-21T15:15:11.143+0800] {logging_mixin.py:190} INFO - [2025-04-21T15:15:11.143+0800] {dag.py:3239} INFO - Sync 1 DAGs
[2025-04-21T15:15:11.175+0800] {logging_mixin.py:190} INFO - [2025-04-21T15:15:11.175+0800] {dag.py:4180} INFO - Setting next_dagrun for example_dag_decorator to None, run_after=None
[2025-04-21T15:15:11.182+0800] {processor.py:208} INFO - Processing /Users/luisl/Library/Python/3.9/lib/python/site-packages/airflow/example_dags/example_dag_decorator.py took 0.176 seconds
[2025-04-21T15:17:28.369+0800] {processor.py:186} INFO - Started process (PID=13781) to work on /Users/luisl/Library/Python/3.9/lib/python/site-packages/airflow/example_dags/example_dag_decorator.py
[2025-04-21T15:17:28.371+0800] {processor.py:914} INFO - Processing file /Users/luisl/Library/Python/3.9/lib/python/site-packages/airflow/example_dags/example_dag_decorator.py for tasks to queue
[2025-04-21T15:17:28.372+0800] {logging_mixin.py:190} INFO - [2025-04-21T15:17:28.372+0800] {dagbag.py:588} INFO - Filling up the DagBag from /Users/luisl/Library/Python/3.9/lib/python/site-packages/airflow/example_dags/example_dag_decorator.py
[2025-04-21T15:17:28.425+0800] {processor.py:925} INFO - DAG(s) 'example_dag_decorator' retrieved from /Users/luisl/Library/Python/3.9/lib/python/site-packages/airflow/example_dags/example_dag_decorator.py
[2025-04-21T15:17:28.505+0800] {logging_mixin.py:190} INFO - [2025-04-21T15:17:28.505+0800] {dag.py:3239} INFO - Sync 1 DAGs
[2025-04-21T15:17:28.536+0800] {logging_mixin.py:190} INFO - [2025-04-21T15:17:28.536+0800] {dag.py:4180} INFO - Setting next_dagrun for example_dag_decorator to None, run_after=None
[2025-04-21T15:17:28.543+0800] {processor.py:208} INFO - Processing /Users/luisl/Library/Python/3.9/lib/python/site-packages/airflow/example_dags/example_dag_decorator.py took 0.175 seconds
[2025-04-21T15:20:11.385+0800] {processor.py:186} INFO - Started process (PID=14043) to work on /Users/luisl/Library/Python/3.9/lib/python/site-packages/airflow/example_dags/example_dag_decorator.py
[2025-04-21T15:20:11.388+0800] {processor.py:914} INFO - Processing file /Users/luisl/Library/Python/3.9/lib/python/site-packages/airflow/example_dags/example_dag_decorator.py for tasks to queue
[2025-04-21T15:20:11.388+0800] {logging_mixin.py:190} INFO - [2025-04-21T15:20:11.388+0800] {dagbag.py:588} INFO - Filling up the DagBag from /Users/luisl/Library/Python/3.9/lib/python/site-packages/airflow/example_dags/example_dag_decorator.py
[2025-04-21T15:20:11.445+0800] {processor.py:925} INFO - DAG(s) 'example_dag_decorator' retrieved from /Users/luisl/Library/Python/3.9/lib/python/site-packages/airflow/example_dags/example_dag_decorator.py
[2025-04-21T15:20:11.531+0800] {logging_mixin.py:190} INFO - [2025-04-21T15:20:11.531+0800] {dag.py:3239} INFO - Sync 1 DAGs
[2025-04-21T15:20:11.563+0800] {logging_mixin.py:190} INFO - [2025-04-21T15:20:11.562+0800] {dag.py:4180} INFO - Setting next_dagrun for example_dag_decorator to None, run_after=None
[2025-04-21T15:20:11.570+0800] {processor.py:208} INFO - Processing /Users/luisl/Library/Python/3.9/lib/python/site-packages/airflow/example_dags/example_dag_decorator.py took 0.186 seconds
[2025-04-21T15:22:56.275+0800] {processor.py:186} INFO - Started process (PID=14395) to work on /Users/luisl/Library/Python/3.9/lib/python/site-packages/airflow/example_dags/example_dag_decorator.py
[2025-04-21T15:22:56.278+0800] {processor.py:914} INFO - Processing file /Users/luisl/Library/Python/3.9/lib/python/site-packages/airflow/example_dags/example_dag_decorator.py for tasks to queue
[2025-04-21T15:22:56.278+0800] {logging_mixin.py:190} INFO - [2025-04-21T15:22:56.278+0800] {dagbag.py:588} INFO - Filling up the DagBag from /Users/luisl/Library/Python/3.9/lib/python/site-packages/airflow/example_dags/example_dag_decorator.py
[2025-04-21T15:22:56.339+0800] {processor.py:925} INFO - DAG(s) 'example_dag_decorator' retrieved from /Users/luisl/Library/Python/3.9/lib/python/site-packages/airflow/example_dags/example_dag_decorator.py
[2025-04-21T15:22:56.425+0800] {logging_mixin.py:190} INFO - [2025-04-21T15:22:56.425+0800] {dag.py:3239} INFO - Sync 1 DAGs
[2025-04-21T15:22:56.458+0800] {logging_mixin.py:190} INFO - [2025-04-21T15:22:56.458+0800] {dag.py:4180} INFO - Setting next_dagrun for example_dag_decorator to None, run_after=None
[2025-04-21T15:22:56.465+0800] {processor.py:208} INFO - Processing /Users/luisl/Library/Python/3.9/lib/python/site-packages/airflow/example_dags/example_dag_decorator.py took 0.192 seconds
[2025-04-21T15:24:06.431+0800] {processor.py:186} INFO - Started process (PID=14594) to work on /Users/luisl/Library/Python/3.9/lib/python/site-packages/airflow/example_dags/example_dag_decorator.py
[2025-04-21T15:24:06.434+0800] {processor.py:914} INFO - Processing file /Users/luisl/Library/Python/3.9/lib/python/site-packages/airflow/example_dags/example_dag_decorator.py for tasks to queue
[2025-04-21T15:24:06.434+0800] {logging_mixin.py:190} INFO - [2025-04-21T15:24:06.434+0800] {dagbag.py:588} INFO - Filling up the DagBag from /Users/luisl/Library/Python/3.9/lib/python/site-packages/airflow/example_dags/example_dag_decorator.py
[2025-04-21T15:24:06.492+0800] {processor.py:925} INFO - DAG(s) 'example_dag_decorator' retrieved from /Users/luisl/Library/Python/3.9/lib/python/site-packages/airflow/example_dags/example_dag_decorator.py
[2025-04-21T15:24:06.578+0800] {logging_mixin.py:190} INFO - [2025-04-21T15:24:06.578+0800] {dag.py:3239} INFO - Sync 1 DAGs
[2025-04-21T15:24:06.617+0800] {logging_mixin.py:190} INFO - [2025-04-21T15:24:06.616+0800] {dag.py:4180} INFO - Setting next_dagrun for example_dag_decorator to None, run_after=None
[2025-04-21T15:24:06.627+0800] {processor.py:208} INFO - Processing /Users/luisl/Library/Python/3.9/lib/python/site-packages/airflow/example_dags/example_dag_decorator.py took 0.198 seconds
[2025-04-21T15:25:17.285+0800] {processor.py:186} INFO - Started process (PID=14768) to work on /Users/luisl/Library/Python/3.9/lib/python/site-packages/airflow/example_dags/example_dag_decorator.py
[2025-04-21T15:25:17.288+0800] {processor.py:914} INFO - Processing file /Users/luisl/Library/Python/3.9/lib/python/site-packages/airflow/example_dags/example_dag_decorator.py for tasks to queue
[2025-04-21T15:25:17.288+0800] {logging_mixin.py:190} INFO - [2025-04-21T15:25:17.288+0800] {dagbag.py:588} INFO - Filling up the DagBag from /Users/luisl/Library/Python/3.9/lib/python/site-packages/airflow/example_dags/example_dag_decorator.py
[2025-04-21T15:25:17.352+0800] {processor.py:925} INFO - DAG(s) 'example_dag_decorator' retrieved from /Users/luisl/Library/Python/3.9/lib/python/site-packages/airflow/example_dags/example_dag_decorator.py
[2025-04-21T15:25:17.443+0800] {logging_mixin.py:190} INFO - [2025-04-21T15:25:17.443+0800] {dag.py:3239} INFO - Sync 1 DAGs
[2025-04-21T15:25:17.479+0800] {logging_mixin.py:190} INFO - [2025-04-21T15:25:17.479+0800] {dag.py:4180} INFO - Setting next_dagrun for example_dag_decorator to None, run_after=None
[2025-04-21T15:25:17.487+0800] {processor.py:208} INFO - Processing /Users/luisl/Library/Python/3.9/lib/python/site-packages/airflow/example_dags/example_dag_decorator.py took 0.204 seconds
[2025-04-21T15:26:25.482+0800] {processor.py:186} INFO - Started process (PID=14912) to work on /Users/luisl/Library/Python/3.9/lib/python/site-packages/airflow/example_dags/example_dag_decorator.py
[2025-04-21T15:26:25.485+0800] {processor.py:914} INFO - Processing file /Users/luisl/Library/Python/3.9/lib/python/site-packages/airflow/example_dags/example_dag_decorator.py for tasks to queue
[2025-04-21T15:26:25.485+0800] {logging_mixin.py:190} INFO - [2025-04-21T15:26:25.485+0800] {dagbag.py:588} INFO - Filling up the DagBag from /Users/luisl/Library/Python/3.9/lib/python/site-packages/airflow/example_dags/example_dag_decorator.py
[2025-04-21T15:26:25.541+0800] {processor.py:925} INFO - DAG(s) 'example_dag_decorator' retrieved from /Users/luisl/Library/Python/3.9/lib/python/site-packages/airflow/example_dags/example_dag_decorator.py
[2025-04-21T15:26:25.625+0800] {logging_mixin.py:190} INFO - [2025-04-21T15:26:25.625+0800] {dag.py:3239} INFO - Sync 1 DAGs
[2025-04-21T15:26:25.664+0800] {logging_mixin.py:190} INFO - [2025-04-21T15:26:25.664+0800] {dag.py:4180} INFO - Setting next_dagrun for example_dag_decorator to None, run_after=None
[2025-04-21T15:26:25.672+0800] {processor.py:208} INFO - Processing /Users/luisl/Library/Python/3.9/lib/python/site-packages/airflow/example_dags/example_dag_decorator.py took 0.191 seconds
[2025-04-21T15:27:45.401+0800] {processor.py:186} INFO - Started process (PID=15109) to work on /Users/luisl/Library/Python/3.9/lib/python/site-packages/airflow/example_dags/example_dag_decorator.py
[2025-04-21T15:27:45.403+0800] {processor.py:914} INFO - Processing file /Users/luisl/Library/Python/3.9/lib/python/site-packages/airflow/example_dags/example_dag_decorator.py for tasks to queue
[2025-04-21T15:27:45.404+0800] {logging_mixin.py:190} INFO - [2025-04-21T15:27:45.404+0800] {dagbag.py:588} INFO - Filling up the DagBag from /Users/luisl/Library/Python/3.9/lib/python/site-packages/airflow/example_dags/example_dag_decorator.py
[2025-04-21T15:27:45.463+0800] {processor.py:925} INFO - DAG(s) 'example_dag_decorator' retrieved from /Users/luisl/Library/Python/3.9/lib/python/site-packages/airflow/example_dags/example_dag_decorator.py
[2025-04-21T15:27:45.553+0800] {logging_mixin.py:190} INFO - [2025-04-21T15:27:45.552+0800] {dag.py:3239} INFO - Sync 1 DAGs
[2025-04-21T15:27:45.587+0800] {logging_mixin.py:190} INFO - [2025-04-21T15:27:45.587+0800] {dag.py:4180} INFO - Setting next_dagrun for example_dag_decorator to None, run_after=None
[2025-04-21T15:27:45.594+0800] {processor.py:208} INFO - Processing /Users/luisl/Library/Python/3.9/lib/python/site-packages/airflow/example_dags/example_dag_decorator.py took 0.195 seconds
[2025-04-21T15:28:49.299+0800] {processor.py:186} INFO - Started process (PID=15269) to work on /Users/luisl/Library/Python/3.9/lib/python/site-packages/airflow/example_dags/example_dag_decorator.py
[2025-04-21T15:28:49.302+0800] {processor.py:914} INFO - Processing file /Users/luisl/Library/Python/3.9/lib/python/site-packages/airflow/example_dags/example_dag_decorator.py for tasks to queue
[2025-04-21T15:28:49.302+0800] {logging_mixin.py:190} INFO - [2025-04-21T15:28:49.302+0800] {dagbag.py:588} INFO - Filling up the DagBag from /Users/luisl/Library/Python/3.9/lib/python/site-packages/airflow/example_dags/example_dag_decorator.py
[2025-04-21T15:28:49.361+0800] {processor.py:925} INFO - DAG(s) 'example_dag_decorator' retrieved from /Users/luisl/Library/Python/3.9/lib/python/site-packages/airflow/example_dags/example_dag_decorator.py
[2025-04-21T15:28:49.449+0800] {logging_mixin.py:190} INFO - [2025-04-21T15:28:49.449+0800] {dag.py:3239} INFO - Sync 1 DAGs
[2025-04-21T15:28:49.487+0800] {logging_mixin.py:190} INFO - [2025-04-21T15:28:49.487+0800] {dag.py:4180} INFO - Setting next_dagrun for example_dag_decorator to None, run_after=None
[2025-04-21T15:28:49.495+0800] {processor.py:208} INFO - Processing /Users/luisl/Library/Python/3.9/lib/python/site-packages/airflow/example_dags/example_dag_decorator.py took 0.197 seconds
[2025-04-21T15:43:29.016+0800] {processor.py:186} INFO - Started process (PID=16063) to work on /Users/luisl/Library/Python/3.9/lib/python/site-packages/airflow/example_dags/example_dag_decorator.py
[2025-04-21T15:43:29.019+0800] {processor.py:914} INFO - Processing file /Users/luisl/Library/Python/3.9/lib/python/site-packages/airflow/example_dags/example_dag_decorator.py for tasks to queue
[2025-04-21T15:43:29.019+0800] {logging_mixin.py:190} INFO - [2025-04-21T15:43:29.019+0800] {dagbag.py:588} INFO - Filling up the DagBag from /Users/luisl/Library/Python/3.9/lib/python/site-packages/airflow/example_dags/example_dag_decorator.py
[2025-04-21T15:43:29.074+0800] {processor.py:925} INFO - DAG(s) 'example_dag_decorator' retrieved from /Users/luisl/Library/Python/3.9/lib/python/site-packages/airflow/example_dags/example_dag_decorator.py
[2025-04-21T15:43:29.156+0800] {logging_mixin.py:190} INFO - [2025-04-21T15:43:29.156+0800] {dag.py:3239} INFO - Sync 1 DAGs
[2025-04-21T15:43:29.188+0800] {logging_mixin.py:190} INFO - [2025-04-21T15:43:29.188+0800] {dag.py:4180} INFO - Setting next_dagrun for example_dag_decorator to None, run_after=None
[2025-04-21T15:43:29.195+0800] {processor.py:208} INFO - Processing /Users/luisl/Library/Python/3.9/lib/python/site-packages/airflow/example_dags/example_dag_decorator.py took 0.180 seconds
[2025-04-21T15:44:32.337+0800] {processor.py:186} INFO - Started process (PID=16189) to work on /Users/luisl/Library/Python/3.9/lib/python/site-packages/airflow/example_dags/example_dag_decorator.py
[2025-04-21T15:44:32.340+0800] {processor.py:914} INFO - Processing file /Users/luisl/Library/Python/3.9/lib/python/site-packages/airflow/example_dags/example_dag_decorator.py for tasks to queue
[2025-04-21T15:44:32.340+0800] {logging_mixin.py:190} INFO - [2025-04-21T15:44:32.340+0800] {dagbag.py:588} INFO - Filling up the DagBag from /Users/luisl/Library/Python/3.9/lib/python/site-packages/airflow/example_dags/example_dag_decorator.py
[2025-04-21T15:44:32.397+0800] {processor.py:925} INFO - DAG(s) 'example_dag_decorator' retrieved from /Users/luisl/Library/Python/3.9/lib/python/site-packages/airflow/example_dags/example_dag_decorator.py
[2025-04-21T15:44:32.479+0800] {logging_mixin.py:190} INFO - [2025-04-21T15:44:32.479+0800] {dag.py:3239} INFO - Sync 1 DAGs
[2025-04-21T15:44:32.513+0800] {logging_mixin.py:190} INFO - [2025-04-21T15:44:32.513+0800] {dag.py:4180} INFO - Setting next_dagrun for example_dag_decorator to None, run_after=None
[2025-04-21T15:44:32.521+0800] {processor.py:208} INFO - Processing /Users/luisl/Library/Python/3.9/lib/python/site-packages/airflow/example_dags/example_dag_decorator.py took 0.185 seconds
[2025-04-21T15:45:36.245+0800] {processor.py:186} INFO - Started process (PID=16312) to work on /Users/luisl/Library/Python/3.9/lib/python/site-packages/airflow/example_dags/example_dag_decorator.py
[2025-04-21T15:45:36.248+0800] {processor.py:914} INFO - Processing file /Users/luisl/Library/Python/3.9/lib/python/site-packages/airflow/example_dags/example_dag_decorator.py for tasks to queue
[2025-04-21T15:45:36.248+0800] {logging_mixin.py:190} INFO - [2025-04-21T15:45:36.248+0800] {dagbag.py:588} INFO - Filling up the DagBag from /Users/luisl/Library/Python/3.9/lib/python/site-packages/airflow/example_dags/example_dag_decorator.py
[2025-04-21T15:45:36.301+0800] {processor.py:925} INFO - DAG(s) 'example_dag_decorator' retrieved from /Users/luisl/Library/Python/3.9/lib/python/site-packages/airflow/example_dags/example_dag_decorator.py
[2025-04-21T15:45:36.391+0800] {logging_mixin.py:190} INFO - [2025-04-21T15:45:36.391+0800] {dag.py:3239} INFO - Sync 1 DAGs
[2025-04-21T15:45:36.429+0800] {logging_mixin.py:190} INFO - [2025-04-21T15:45:36.429+0800] {dag.py:4180} INFO - Setting next_dagrun for example_dag_decorator to None, run_after=None
[2025-04-21T15:45:36.437+0800] {processor.py:208} INFO - Processing /Users/luisl/Library/Python/3.9/lib/python/site-packages/airflow/example_dags/example_dag_decorator.py took 0.194 seconds
[2025-04-21T15:46:45.734+0800] {processor.py:186} INFO - Started process (PID=16501) to work on /Users/luisl/Library/Python/3.9/lib/python/site-packages/airflow/example_dags/example_dag_decorator.py
[2025-04-21T15:46:45.737+0800] {processor.py:914} INFO - Processing file /Users/luisl/Library/Python/3.9/lib/python/site-packages/airflow/example_dags/example_dag_decorator.py for tasks to queue
[2025-04-21T15:46:45.737+0800] {logging_mixin.py:190} INFO - [2025-04-21T15:46:45.737+0800] {dagbag.py:588} INFO - Filling up the DagBag from /Users/luisl/Library/Python/3.9/lib/python/site-packages/airflow/example_dags/example_dag_decorator.py
[2025-04-21T15:46:45.780+0800] {processor.py:925} INFO - DAG(s) 'example_dag_decorator' retrieved from /Users/luisl/Library/Python/3.9/lib/python/site-packages/airflow/example_dags/example_dag_decorator.py
[2025-04-21T15:46:45.860+0800] {logging_mixin.py:190} INFO - [2025-04-21T15:46:45.860+0800] {dag.py:3239} INFO - Sync 1 DAGs
[2025-04-21T15:46:45.895+0800] {logging_mixin.py:190} INFO - [2025-04-21T15:46:45.895+0800] {dag.py:4180} INFO - Setting next_dagrun for example_dag_decorator to None, run_after=None
[2025-04-21T15:46:45.903+0800] {processor.py:208} INFO - Processing /Users/luisl/Library/Python/3.9/lib/python/site-packages/airflow/example_dags/example_dag_decorator.py took 0.171 seconds
[2025-04-21T15:47:52.240+0800] {processor.py:186} INFO - Started process (PID=16646) to work on /Users/luisl/Library/Python/3.9/lib/python/site-packages/airflow/example_dags/example_dag_decorator.py
[2025-04-21T15:47:52.243+0800] {processor.py:914} INFO - Processing file /Users/luisl/Library/Python/3.9/lib/python/site-packages/airflow/example_dags/example_dag_decorator.py for tasks to queue
[2025-04-21T15:47:52.243+0800] {logging_mixin.py:190} INFO - [2025-04-21T15:47:52.243+0800] {dagbag.py:588} INFO - Filling up the DagBag from /Users/luisl/Library/Python/3.9/lib/python/site-packages/airflow/example_dags/example_dag_decorator.py
[2025-04-21T15:47:52.310+0800] {processor.py:925} INFO - DAG(s) 'example_dag_decorator' retrieved from /Users/luisl/Library/Python/3.9/lib/python/site-packages/airflow/example_dags/example_dag_decorator.py
[2025-04-21T15:47:52.400+0800] {logging_mixin.py:190} INFO - [2025-04-21T15:47:52.399+0800] {dag.py:3239} INFO - Sync 1 DAGs
[2025-04-21T15:47:52.438+0800] {logging_mixin.py:190} INFO - [2025-04-21T15:47:52.438+0800] {dag.py:4180} INFO - Setting next_dagrun for example_dag_decorator to None, run_after=None
[2025-04-21T15:47:52.446+0800] {processor.py:208} INFO - Processing /Users/luisl/Library/Python/3.9/lib/python/site-packages/airflow/example_dags/example_dag_decorator.py took 0.208 seconds
[2025-04-21T15:48:53.934+0800] {processor.py:186} INFO - Started process (PID=16768) to work on /Users/luisl/Library/Python/3.9/lib/python/site-packages/airflow/example_dags/example_dag_decorator.py
[2025-04-21T15:48:53.936+0800] {processor.py:914} INFO - Processing file /Users/luisl/Library/Python/3.9/lib/python/site-packages/airflow/example_dags/example_dag_decorator.py for tasks to queue
[2025-04-21T15:48:53.937+0800] {logging_mixin.py:190} INFO - [2025-04-21T15:48:53.937+0800] {dagbag.py:588} INFO - Filling up the DagBag from /Users/luisl/Library/Python/3.9/lib/python/site-packages/airflow/example_dags/example_dag_decorator.py
[2025-04-21T15:48:53.988+0800] {processor.py:925} INFO - DAG(s) 'example_dag_decorator' retrieved from /Users/luisl/Library/Python/3.9/lib/python/site-packages/airflow/example_dags/example_dag_decorator.py
[2025-04-21T15:48:54.069+0800] {logging_mixin.py:190} INFO - [2025-04-21T15:48:54.068+0800] {dag.py:3239} INFO - Sync 1 DAGs
[2025-04-21T15:48:54.103+0800] {logging_mixin.py:190} INFO - [2025-04-21T15:48:54.103+0800] {dag.py:4180} INFO - Setting next_dagrun for example_dag_decorator to None, run_after=None
[2025-04-21T15:48:54.111+0800] {processor.py:208} INFO - Processing /Users/luisl/Library/Python/3.9/lib/python/site-packages/airflow/example_dags/example_dag_decorator.py took 0.178 seconds
[2025-04-21T15:49:55.286+0800] {processor.py:186} INFO - Started process (PID=16898) to work on /Users/luisl/Library/Python/3.9/lib/python/site-packages/airflow/example_dags/example_dag_decorator.py
[2025-04-21T15:49:55.288+0800] {processor.py:914} INFO - Processing file /Users/luisl/Library/Python/3.9/lib/python/site-packages/airflow/example_dags/example_dag_decorator.py for tasks to queue
[2025-04-21T15:49:55.289+0800] {logging_mixin.py:190} INFO - [2025-04-21T15:49:55.289+0800] {dagbag.py:588} INFO - Filling up the DagBag from /Users/luisl/Library/Python/3.9/lib/python/site-packages/airflow/example_dags/example_dag_decorator.py
[2025-04-21T15:49:55.345+0800] {processor.py:925} INFO - DAG(s) 'example_dag_decorator' retrieved from /Users/luisl/Library/Python/3.9/lib/python/site-packages/airflow/example_dags/example_dag_decorator.py
[2025-04-21T15:49:55.436+0800] {logging_mixin.py:190} INFO - [2025-04-21T15:49:55.436+0800] {dag.py:3239} INFO - Sync 1 DAGs
[2025-04-21T15:49:55.478+0800] {logging_mixin.py:190} INFO - [2025-04-21T15:49:55.478+0800] {dag.py:4180} INFO - Setting next_dagrun for example_dag_decorator to None, run_after=None
[2025-04-21T15:49:55.486+0800] {processor.py:208} INFO - Processing /Users/luisl/Library/Python/3.9/lib/python/site-packages/airflow/example_dags/example_dag_decorator.py took 0.201 seconds
[2025-04-21T16:19:42.625+0800] {processor.py:186} INFO - Started process (PID=17535) to work on /Users/luisl/Library/Python/3.9/lib/python/site-packages/airflow/example_dags/example_dag_decorator.py
[2025-04-21T16:19:42.629+0800] {processor.py:914} INFO - Processing file /Users/luisl/Library/Python/3.9/lib/python/site-packages/airflow/example_dags/example_dag_decorator.py for tasks to queue
[2025-04-21T16:19:42.629+0800] {logging_mixin.py:190} INFO - [2025-04-21T16:19:42.629+0800] {dagbag.py:588} INFO - Filling up the DagBag from /Users/luisl/Library/Python/3.9/lib/python/site-packages/airflow/example_dags/example_dag_decorator.py
[2025-04-21T16:19:42.691+0800] {processor.py:925} INFO - DAG(s) 'example_dag_decorator' retrieved from /Users/luisl/Library/Python/3.9/lib/python/site-packages/airflow/example_dags/example_dag_decorator.py
[2025-04-21T16:19:42.788+0800] {logging_mixin.py:190} INFO - [2025-04-21T16:19:42.788+0800] {dag.py:3239} INFO - Sync 1 DAGs
[2025-04-21T16:19:42.826+0800] {logging_mixin.py:190} INFO - [2025-04-21T16:19:42.826+0800] {dag.py:4180} INFO - Setting next_dagrun for example_dag_decorator to None, run_after=None
[2025-04-21T16:19:42.834+0800] {processor.py:208} INFO - Processing /Users/luisl/Library/Python/3.9/lib/python/site-packages/airflow/example_dags/example_dag_decorator.py took 0.211 seconds
[2025-04-21T16:20:51.608+0800] {processor.py:186} INFO - Started process (PID=17697) to work on /Users/luisl/Library/Python/3.9/lib/python/site-packages/airflow/example_dags/example_dag_decorator.py
[2025-04-21T16:20:51.610+0800] {processor.py:914} INFO - Processing file /Users/luisl/Library/Python/3.9/lib/python/site-packages/airflow/example_dags/example_dag_decorator.py for tasks to queue
[2025-04-21T16:20:51.611+0800] {logging_mixin.py:190} INFO - [2025-04-21T16:20:51.611+0800] {dagbag.py:588} INFO - Filling up the DagBag from /Users/luisl/Library/Python/3.9/lib/python/site-packages/airflow/example_dags/example_dag_decorator.py
[2025-04-21T16:20:51.665+0800] {processor.py:925} INFO - DAG(s) 'example_dag_decorator' retrieved from /Users/luisl/Library/Python/3.9/lib/python/site-packages/airflow/example_dags/example_dag_decorator.py
[2025-04-21T16:20:51.750+0800] {logging_mixin.py:190} INFO - [2025-04-21T16:20:51.750+0800] {dag.py:3239} INFO - Sync 1 DAGs
[2025-04-21T16:20:51.788+0800] {logging_mixin.py:190} INFO - [2025-04-21T16:20:51.788+0800] {dag.py:4180} INFO - Setting next_dagrun for example_dag_decorator to None, run_after=None
[2025-04-21T16:20:51.796+0800] {processor.py:208} INFO - Processing /Users/luisl/Library/Python/3.9/lib/python/site-packages/airflow/example_dags/example_dag_decorator.py took 0.190 seconds
[2025-04-21T16:21:57.330+0800] {processor.py:186} INFO - Started process (PID=17851) to work on /Users/luisl/Library/Python/3.9/lib/python/site-packages/airflow/example_dags/example_dag_decorator.py
[2025-04-21T16:21:57.333+0800] {processor.py:914} INFO - Processing file /Users/luisl/Library/Python/3.9/lib/python/site-packages/airflow/example_dags/example_dag_decorator.py for tasks to queue
[2025-04-21T16:21:57.334+0800] {logging_mixin.py:190} INFO - [2025-04-21T16:21:57.334+0800] {dagbag.py:588} INFO - Filling up the DagBag from /Users/luisl/Library/Python/3.9/lib/python/site-packages/airflow/example_dags/example_dag_decorator.py
[2025-04-21T16:21:57.388+0800] {processor.py:925} INFO - DAG(s) 'example_dag_decorator' retrieved from /Users/luisl/Library/Python/3.9/lib/python/site-packages/airflow/example_dags/example_dag_decorator.py
[2025-04-21T16:21:57.467+0800] {logging_mixin.py:190} INFO - [2025-04-21T16:21:57.467+0800] {dag.py:3239} INFO - Sync 1 DAGs
[2025-04-21T16:21:57.504+0800] {logging_mixin.py:190} INFO - [2025-04-21T16:21:57.504+0800] {dag.py:4180} INFO - Setting next_dagrun for example_dag_decorator to None, run_after=None
[2025-04-21T16:21:57.512+0800] {processor.py:208} INFO - Processing /Users/luisl/Library/Python/3.9/lib/python/site-packages/airflow/example_dags/example_dag_decorator.py took 0.183 seconds
[2025-04-21T16:23:04.627+0800] {processor.py:186} INFO - Started process (PID=18007) to work on /Users/luisl/Library/Python/3.9/lib/python/site-packages/airflow/example_dags/example_dag_decorator.py
[2025-04-21T16:23:04.629+0800] {processor.py:914} INFO - Processing file /Users/luisl/Library/Python/3.9/lib/python/site-packages/airflow/example_dags/example_dag_decorator.py for tasks to queue
[2025-04-21T16:23:04.630+0800] {logging_mixin.py:190} INFO - [2025-04-21T16:23:04.630+0800] {dagbag.py:588} INFO - Filling up the DagBag from /Users/luisl/Library/Python/3.9/lib/python/site-packages/airflow/example_dags/example_dag_decorator.py
[2025-04-21T16:23:04.683+0800] {processor.py:925} INFO - DAG(s) 'example_dag_decorator' retrieved from /Users/luisl/Library/Python/3.9/lib/python/site-packages/airflow/example_dags/example_dag_decorator.py
[2025-04-21T16:23:04.766+0800] {logging_mixin.py:190} INFO - [2025-04-21T16:23:04.765+0800] {dag.py:3239} INFO - Sync 1 DAGs
[2025-04-21T16:23:04.799+0800] {logging_mixin.py:190} INFO - [2025-04-21T16:23:04.799+0800] {dag.py:4180} INFO - Setting next_dagrun for example_dag_decorator to None, run_after=None
[2025-04-21T16:23:04.806+0800] {processor.py:208} INFO - Processing /Users/luisl/Library/Python/3.9/lib/python/site-packages/airflow/example_dags/example_dag_decorator.py took 0.180 seconds
[2025-04-21T16:24:06.282+0800] {processor.py:186} INFO - Started process (PID=18157) to work on /Users/luisl/Library/Python/3.9/lib/python/site-packages/airflow/example_dags/example_dag_decorator.py
[2025-04-21T16:24:06.284+0800] {processor.py:914} INFO - Processing file /Users/luisl/Library/Python/3.9/lib/python/site-packages/airflow/example_dags/example_dag_decorator.py for tasks to queue
[2025-04-21T16:24:06.285+0800] {logging_mixin.py:190} INFO - [2025-04-21T16:24:06.285+0800] {dagbag.py:588} INFO - Filling up the DagBag from /Users/luisl/Library/Python/3.9/lib/python/site-packages/airflow/example_dags/example_dag_decorator.py
[2025-04-21T16:24:06.341+0800] {processor.py:925} INFO - DAG(s) 'example_dag_decorator' retrieved from /Users/luisl/Library/Python/3.9/lib/python/site-packages/airflow/example_dags/example_dag_decorator.py
[2025-04-21T16:24:06.422+0800] {logging_mixin.py:190} INFO - [2025-04-21T16:24:06.422+0800] {dag.py:3239} INFO - Sync 1 DAGs
[2025-04-21T16:24:06.454+0800] {logging_mixin.py:190} INFO - [2025-04-21T16:24:06.453+0800] {dag.py:4180} INFO - Setting next_dagrun for example_dag_decorator to None, run_after=None
[2025-04-21T16:24:06.461+0800] {processor.py:208} INFO - Processing /Users/luisl/Library/Python/3.9/lib/python/site-packages/airflow/example_dags/example_dag_decorator.py took 0.181 seconds
[2025-04-21T16:25:12.613+0800] {processor.py:186} INFO - Started process (PID=18322) to work on /Users/luisl/Library/Python/3.9/lib/python/site-packages/airflow/example_dags/example_dag_decorator.py
[2025-04-21T16:25:12.616+0800] {processor.py:914} INFO - Processing file /Users/luisl/Library/Python/3.9/lib/python/site-packages/airflow/example_dags/example_dag_decorator.py for tasks to queue
[2025-04-21T16:25:12.616+0800] {logging_mixin.py:190} INFO - [2025-04-21T16:25:12.616+0800] {dagbag.py:588} INFO - Filling up the DagBag from /Users/luisl/Library/Python/3.9/lib/python/site-packages/airflow/example_dags/example_dag_decorator.py
[2025-04-21T16:25:12.666+0800] {processor.py:925} INFO - DAG(s) 'example_dag_decorator' retrieved from /Users/luisl/Library/Python/3.9/lib/python/site-packages/airflow/example_dags/example_dag_decorator.py
[2025-04-21T16:25:12.742+0800] {logging_mixin.py:190} INFO - [2025-04-21T16:25:12.742+0800] {dag.py:3239} INFO - Sync 1 DAGs
[2025-04-21T16:25:12.776+0800] {logging_mixin.py:190} INFO - [2025-04-21T16:25:12.776+0800] {dag.py:4180} INFO - Setting next_dagrun for example_dag_decorator to None, run_after=None
[2025-04-21T16:25:12.784+0800] {processor.py:208} INFO - Processing /Users/luisl/Library/Python/3.9/lib/python/site-packages/airflow/example_dags/example_dag_decorator.py took 0.172 seconds
[2025-04-21T16:26:15.871+0800] {processor.py:186} INFO - Started process (PID=18460) to work on /Users/luisl/Library/Python/3.9/lib/python/site-packages/airflow/example_dags/example_dag_decorator.py
[2025-04-21T16:26:15.873+0800] {processor.py:914} INFO - Processing file /Users/luisl/Library/Python/3.9/lib/python/site-packages/airflow/example_dags/example_dag_decorator.py for tasks to queue
[2025-04-21T16:26:15.874+0800] {logging_mixin.py:190} INFO - [2025-04-21T16:26:15.874+0800] {dagbag.py:588} INFO - Filling up the DagBag from /Users/luisl/Library/Python/3.9/lib/python/site-packages/airflow/example_dags/example_dag_decorator.py
[2025-04-21T16:26:15.928+0800] {processor.py:925} INFO - DAG(s) 'example_dag_decorator' retrieved from /Users/luisl/Library/Python/3.9/lib/python/site-packages/airflow/example_dags/example_dag_decorator.py
[2025-04-21T16:26:16.007+0800] {logging_mixin.py:190} INFO - [2025-04-21T16:26:16.007+0800] {dag.py:3239} INFO - Sync 1 DAGs
[2025-04-21T16:26:16.038+0800] {logging_mixin.py:190} INFO - [2025-04-21T16:26:16.038+0800] {dag.py:4180} INFO - Setting next_dagrun for example_dag_decorator to None, run_after=None
[2025-04-21T16:26:16.045+0800] {processor.py:208} INFO - Processing /Users/luisl/Library/Python/3.9/lib/python/site-packages/airflow/example_dags/example_dag_decorator.py took 0.176 seconds
[2025-04-21T16:27:23.971+0800] {processor.py:186} INFO - Started process (PID=18609) to work on /Users/luisl/Library/Python/3.9/lib/python/site-packages/airflow/example_dags/example_dag_decorator.py
[2025-04-21T16:27:23.973+0800] {processor.py:914} INFO - Processing file /Users/luisl/Library/Python/3.9/lib/python/site-packages/airflow/example_dags/example_dag_decorator.py for tasks to queue
[2025-04-21T16:27:23.974+0800] {logging_mixin.py:190} INFO - [2025-04-21T16:27:23.974+0800] {dagbag.py:588} INFO - Filling up the DagBag from /Users/luisl/Library/Python/3.9/lib/python/site-packages/airflow/example_dags/example_dag_decorator.py
[2025-04-21T16:27:24.020+0800] {processor.py:925} INFO - DAG(s) 'example_dag_decorator' retrieved from /Users/luisl/Library/Python/3.9/lib/python/site-packages/airflow/example_dags/example_dag_decorator.py
[2025-04-21T16:27:24.112+0800] {logging_mixin.py:190} INFO - [2025-04-21T16:27:24.112+0800] {dag.py:3239} INFO - Sync 1 DAGs
[2025-04-21T16:27:24.149+0800] {logging_mixin.py:190} INFO - [2025-04-21T16:27:24.149+0800] {dag.py:4180} INFO - Setting next_dagrun for example_dag_decorator to None, run_after=None
[2025-04-21T16:27:24.157+0800] {processor.py:208} INFO - Processing /Users/luisl/Library/Python/3.9/lib/python/site-packages/airflow/example_dags/example_dag_decorator.py took 0.187 seconds
[2025-04-21T16:30:20.608+0800] {processor.py:186} INFO - Started process (PID=19154) to work on /Users/luisl/Library/Python/3.9/lib/python/site-packages/airflow/example_dags/example_dag_decorator.py
[2025-04-21T16:30:20.610+0800] {processor.py:914} INFO - Processing file /Users/luisl/Library/Python/3.9/lib/python/site-packages/airflow/example_dags/example_dag_decorator.py for tasks to queue
[2025-04-21T16:30:20.611+0800] {logging_mixin.py:190} INFO - [2025-04-21T16:30:20.611+0800] {dagbag.py:588} INFO - Filling up the DagBag from /Users/luisl/Library/Python/3.9/lib/python/site-packages/airflow/example_dags/example_dag_decorator.py
[2025-04-21T16:30:20.669+0800] {processor.py:925} INFO - DAG(s) 'example_dag_decorator' retrieved from /Users/luisl/Library/Python/3.9/lib/python/site-packages/airflow/example_dags/example_dag_decorator.py
[2025-04-21T16:30:20.761+0800] {logging_mixin.py:190} INFO - [2025-04-21T16:30:20.761+0800] {dag.py:3239} INFO - Sync 1 DAGs
[2025-04-21T16:30:20.800+0800] {logging_mixin.py:190} INFO - [2025-04-21T16:30:20.800+0800] {dag.py:4180} INFO - Setting next_dagrun for example_dag_decorator to None, run_after=None
[2025-04-21T16:30:20.809+0800] {processor.py:208} INFO - Processing /Users/luisl/Library/Python/3.9/lib/python/site-packages/airflow/example_dags/example_dag_decorator.py took 0.203 seconds
[2025-04-21T16:33:17.117+0800] {processor.py:186} INFO - Started process (PID=19518) to work on /Users/luisl/Library/Python/3.9/lib/python/site-packages/airflow/example_dags/example_dag_decorator.py
[2025-04-21T16:33:17.120+0800] {processor.py:914} INFO - Processing file /Users/luisl/Library/Python/3.9/lib/python/site-packages/airflow/example_dags/example_dag_decorator.py for tasks to queue
[2025-04-21T16:33:17.120+0800] {logging_mixin.py:190} INFO - [2025-04-21T16:33:17.120+0800] {dagbag.py:588} INFO - Filling up the DagBag from /Users/luisl/Library/Python/3.9/lib/python/site-packages/airflow/example_dags/example_dag_decorator.py
[2025-04-21T16:33:17.172+0800] {processor.py:925} INFO - DAG(s) 'example_dag_decorator' retrieved from /Users/luisl/Library/Python/3.9/lib/python/site-packages/airflow/example_dags/example_dag_decorator.py
[2025-04-21T16:33:17.251+0800] {logging_mixin.py:190} INFO - [2025-04-21T16:33:17.251+0800] {dag.py:3239} INFO - Sync 1 DAGs
[2025-04-21T16:33:17.282+0800] {logging_mixin.py:190} INFO - [2025-04-21T16:33:17.282+0800] {dag.py:4180} INFO - Setting next_dagrun for example_dag_decorator to None, run_after=None
[2025-04-21T16:33:17.289+0800] {processor.py:208} INFO - Processing /Users/luisl/Library/Python/3.9/lib/python/site-packages/airflow/example_dags/example_dag_decorator.py took 0.174 seconds
[2025-04-21T16:36:02.892+0800] {processor.py:186} INFO - Started process (PID=19834) to work on /Users/luisl/Library/Python/3.9/lib/python/site-packages/airflow/example_dags/example_dag_decorator.py
[2025-04-21T16:36:02.894+0800] {processor.py:914} INFO - Processing file /Users/luisl/Library/Python/3.9/lib/python/site-packages/airflow/example_dags/example_dag_decorator.py for tasks to queue
[2025-04-21T16:36:02.894+0800] {logging_mixin.py:190} INFO - [2025-04-21T16:36:02.894+0800] {dagbag.py:588} INFO - Filling up the DagBag from /Users/luisl/Library/Python/3.9/lib/python/site-packages/airflow/example_dags/example_dag_decorator.py
[2025-04-21T16:36:02.954+0800] {processor.py:925} INFO - DAG(s) 'example_dag_decorator' retrieved from /Users/luisl/Library/Python/3.9/lib/python/site-packages/airflow/example_dags/example_dag_decorator.py
[2025-04-21T16:36:03.046+0800] {logging_mixin.py:190} INFO - [2025-04-21T16:36:03.045+0800] {dag.py:3239} INFO - Sync 1 DAGs
[2025-04-21T16:36:03.087+0800] {logging_mixin.py:190} INFO - [2025-04-21T16:36:03.087+0800] {dag.py:4180} INFO - Setting next_dagrun for example_dag_decorator to None, run_after=None
[2025-04-21T16:36:03.096+0800] {processor.py:208} INFO - Processing /Users/luisl/Library/Python/3.9/lib/python/site-packages/airflow/example_dags/example_dag_decorator.py took 0.206 seconds
[2025-04-21T16:38:50.756+0800] {processor.py:186} INFO - Started process (PID=20175) to work on /Users/luisl/Library/Python/3.9/lib/python/site-packages/airflow/example_dags/example_dag_decorator.py
[2025-04-21T16:38:50.759+0800] {processor.py:914} INFO - Processing file /Users/luisl/Library/Python/3.9/lib/python/site-packages/airflow/example_dags/example_dag_decorator.py for tasks to queue
[2025-04-21T16:38:50.760+0800] {logging_mixin.py:190} INFO - [2025-04-21T16:38:50.760+0800] {dagbag.py:588} INFO - Filling up the DagBag from /Users/luisl/Library/Python/3.9/lib/python/site-packages/airflow/example_dags/example_dag_decorator.py
[2025-04-21T16:38:50.818+0800] {processor.py:925} INFO - DAG(s) 'example_dag_decorator' retrieved from /Users/luisl/Library/Python/3.9/lib/python/site-packages/airflow/example_dags/example_dag_decorator.py
[2025-04-21T16:38:50.909+0800] {logging_mixin.py:190} INFO - [2025-04-21T16:38:50.909+0800] {dag.py:3239} INFO - Sync 1 DAGs
[2025-04-21T16:38:50.951+0800] {logging_mixin.py:190} INFO - [2025-04-21T16:38:50.950+0800] {dag.py:4180} INFO - Setting next_dagrun for example_dag_decorator to None, run_after=None
[2025-04-21T16:38:50.959+0800] {processor.py:208} INFO - Processing /Users/luisl/Library/Python/3.9/lib/python/site-packages/airflow/example_dags/example_dag_decorator.py took 0.205 seconds
[2025-04-21T16:41:46.113+0800] {processor.py:186} INFO - Started process (PID=20464) to work on /Users/luisl/Library/Python/3.9/lib/python/site-packages/airflow/example_dags/example_dag_decorator.py
[2025-04-21T16:41:46.115+0800] {processor.py:914} INFO - Processing file /Users/luisl/Library/Python/3.9/lib/python/site-packages/airflow/example_dags/example_dag_decorator.py for tasks to queue
[2025-04-21T16:41:46.116+0800] {logging_mixin.py:190} INFO - [2025-04-21T16:41:46.116+0800] {dagbag.py:588} INFO - Filling up the DagBag from /Users/luisl/Library/Python/3.9/lib/python/site-packages/airflow/example_dags/example_dag_decorator.py
[2025-04-21T16:41:46.169+0800] {processor.py:925} INFO - DAG(s) 'example_dag_decorator' retrieved from /Users/luisl/Library/Python/3.9/lib/python/site-packages/airflow/example_dags/example_dag_decorator.py
[2025-04-21T16:41:46.251+0800] {logging_mixin.py:190} INFO - [2025-04-21T16:41:46.251+0800] {dag.py:3239} INFO - Sync 1 DAGs
[2025-04-21T16:41:46.293+0800] {logging_mixin.py:190} INFO - [2025-04-21T16:41:46.293+0800] {dag.py:4180} INFO - Setting next_dagrun for example_dag_decorator to None, run_after=None
[2025-04-21T16:41:46.301+0800] {processor.py:208} INFO - Processing /Users/luisl/Library/Python/3.9/lib/python/site-packages/airflow/example_dags/example_dag_decorator.py took 0.189 seconds
[2025-04-21T16:44:40.131+0800] {processor.py:186} INFO - Started process (PID=20765) to work on /Users/luisl/Library/Python/3.9/lib/python/site-packages/airflow/example_dags/example_dag_decorator.py
[2025-04-21T16:44:40.134+0800] {processor.py:914} INFO - Processing file /Users/luisl/Library/Python/3.9/lib/python/site-packages/airflow/example_dags/example_dag_decorator.py for tasks to queue
[2025-04-21T16:44:40.134+0800] {logging_mixin.py:190} INFO - [2025-04-21T16:44:40.134+0800] {dagbag.py:588} INFO - Filling up the DagBag from /Users/luisl/Library/Python/3.9/lib/python/site-packages/airflow/example_dags/example_dag_decorator.py
[2025-04-21T16:44:40.189+0800] {processor.py:925} INFO - DAG(s) 'example_dag_decorator' retrieved from /Users/luisl/Library/Python/3.9/lib/python/site-packages/airflow/example_dags/example_dag_decorator.py
[2025-04-21T16:44:40.300+0800] {logging_mixin.py:190} INFO - [2025-04-21T16:44:40.299+0800] {dag.py:3239} INFO - Sync 1 DAGs
[2025-04-21T16:44:40.346+0800] {logging_mixin.py:190} INFO - [2025-04-21T16:44:40.345+0800] {dag.py:4180} INFO - Setting next_dagrun for example_dag_decorator to None, run_after=None
[2025-04-21T16:44:40.353+0800] {processor.py:208} INFO - Processing /Users/luisl/Library/Python/3.9/lib/python/site-packages/airflow/example_dags/example_dag_decorator.py took 0.223 seconds
[2025-04-21T16:47:28.687+0800] {processor.py:186} INFO - Started process (PID=21157) to work on /Users/luisl/Library/Python/3.9/lib/python/site-packages/airflow/example_dags/example_dag_decorator.py
[2025-04-21T16:47:28.689+0800] {processor.py:914} INFO - Processing file /Users/luisl/Library/Python/3.9/lib/python/site-packages/airflow/example_dags/example_dag_decorator.py for tasks to queue
[2025-04-21T16:47:28.689+0800] {logging_mixin.py:190} INFO - [2025-04-21T16:47:28.689+0800] {dagbag.py:588} INFO - Filling up the DagBag from /Users/luisl/Library/Python/3.9/lib/python/site-packages/airflow/example_dags/example_dag_decorator.py
[2025-04-21T16:47:28.741+0800] {processor.py:925} INFO - DAG(s) 'example_dag_decorator' retrieved from /Users/luisl/Library/Python/3.9/lib/python/site-packages/airflow/example_dags/example_dag_decorator.py
[2025-04-21T16:47:28.821+0800] {logging_mixin.py:190} INFO - [2025-04-21T16:47:28.821+0800] {dag.py:3239} INFO - Sync 1 DAGs
[2025-04-21T16:47:28.852+0800] {logging_mixin.py:190} INFO - [2025-04-21T16:47:28.852+0800] {dag.py:4180} INFO - Setting next_dagrun for example_dag_decorator to None, run_after=None
[2025-04-21T16:47:28.859+0800] {processor.py:208} INFO - Processing /Users/luisl/Library/Python/3.9/lib/python/site-packages/airflow/example_dags/example_dag_decorator.py took 0.174 seconds
[2025-04-21T16:50:21.118+0800] {processor.py:186} INFO - Started process (PID=21530) to work on /Users/luisl/Library/Python/3.9/lib/python/site-packages/airflow/example_dags/example_dag_decorator.py
[2025-04-21T16:50:21.121+0800] {processor.py:914} INFO - Processing file /Users/luisl/Library/Python/3.9/lib/python/site-packages/airflow/example_dags/example_dag_decorator.py for tasks to queue
[2025-04-21T16:50:21.121+0800] {logging_mixin.py:190} INFO - [2025-04-21T16:50:21.121+0800] {dagbag.py:588} INFO - Filling up the DagBag from /Users/luisl/Library/Python/3.9/lib/python/site-packages/airflow/example_dags/example_dag_decorator.py
[2025-04-21T16:50:21.173+0800] {processor.py:925} INFO - DAG(s) 'example_dag_decorator' retrieved from /Users/luisl/Library/Python/3.9/lib/python/site-packages/airflow/example_dags/example_dag_decorator.py
[2025-04-21T16:50:21.259+0800] {logging_mixin.py:190} INFO - [2025-04-21T16:50:21.258+0800] {dag.py:3239} INFO - Sync 1 DAGs
[2025-04-21T16:50:21.292+0800] {logging_mixin.py:190} INFO - [2025-04-21T16:50:21.292+0800] {dag.py:4180} INFO - Setting next_dagrun for example_dag_decorator to None, run_after=None
[2025-04-21T16:50:21.302+0800] {processor.py:208} INFO - Processing /Users/luisl/Library/Python/3.9/lib/python/site-packages/airflow/example_dags/example_dag_decorator.py took 0.186 seconds
[2025-04-21T16:53:14.114+0800] {processor.py:186} INFO - Started process (PID=21871) to work on /Users/luisl/Library/Python/3.9/lib/python/site-packages/airflow/example_dags/example_dag_decorator.py
[2025-04-21T16:53:14.116+0800] {processor.py:914} INFO - Processing file /Users/luisl/Library/Python/3.9/lib/python/site-packages/airflow/example_dags/example_dag_decorator.py for tasks to queue
[2025-04-21T16:53:14.116+0800] {logging_mixin.py:190} INFO - [2025-04-21T16:53:14.116+0800] {dagbag.py:588} INFO - Filling up the DagBag from /Users/luisl/Library/Python/3.9/lib/python/site-packages/airflow/example_dags/example_dag_decorator.py
[2025-04-21T16:53:14.173+0800] {processor.py:925} INFO - DAG(s) 'example_dag_decorator' retrieved from /Users/luisl/Library/Python/3.9/lib/python/site-packages/airflow/example_dags/example_dag_decorator.py
[2025-04-21T16:53:14.256+0800] {logging_mixin.py:190} INFO - [2025-04-21T16:53:14.256+0800] {dag.py:3239} INFO - Sync 1 DAGs
[2025-04-21T16:53:14.289+0800] {logging_mixin.py:190} INFO - [2025-04-21T16:53:14.289+0800] {dag.py:4180} INFO - Setting next_dagrun for example_dag_decorator to None, run_after=None
[2025-04-21T16:53:14.296+0800] {processor.py:208} INFO - Processing /Users/luisl/Library/Python/3.9/lib/python/site-packages/airflow/example_dags/example_dag_decorator.py took 0.184 seconds
[2025-04-21T16:56:05.076+0800] {processor.py:186} INFO - Started process (PID=22189) to work on /Users/luisl/Library/Python/3.9/lib/python/site-packages/airflow/example_dags/example_dag_decorator.py
[2025-04-21T16:56:05.079+0800] {processor.py:914} INFO - Processing file /Users/luisl/Library/Python/3.9/lib/python/site-packages/airflow/example_dags/example_dag_decorator.py for tasks to queue
[2025-04-21T16:56:05.079+0800] {logging_mixin.py:190} INFO - [2025-04-21T16:56:05.079+0800] {dagbag.py:588} INFO - Filling up the DagBag from /Users/luisl/Library/Python/3.9/lib/python/site-packages/airflow/example_dags/example_dag_decorator.py
[2025-04-21T16:56:05.133+0800] {processor.py:925} INFO - DAG(s) 'example_dag_decorator' retrieved from /Users/luisl/Library/Python/3.9/lib/python/site-packages/airflow/example_dags/example_dag_decorator.py
[2025-04-21T16:56:05.215+0800] {logging_mixin.py:190} INFO - [2025-04-21T16:56:05.215+0800] {dag.py:3239} INFO - Sync 1 DAGs
[2025-04-21T16:56:05.246+0800] {logging_mixin.py:190} INFO - [2025-04-21T16:56:05.246+0800] {dag.py:4180} INFO - Setting next_dagrun for example_dag_decorator to None, run_after=None
[2025-04-21T16:56:05.253+0800] {processor.py:208} INFO - Processing /Users/luisl/Library/Python/3.9/lib/python/site-packages/airflow/example_dags/example_dag_decorator.py took 0.179 seconds
[2025-04-21T16:58:52.806+0800] {processor.py:186} INFO - Started process (PID=22499) to work on /Users/luisl/Library/Python/3.9/lib/python/site-packages/airflow/example_dags/example_dag_decorator.py
[2025-04-21T16:58:52.808+0800] {processor.py:914} INFO - Processing file /Users/luisl/Library/Python/3.9/lib/python/site-packages/airflow/example_dags/example_dag_decorator.py for tasks to queue
[2025-04-21T16:58:52.808+0800] {logging_mixin.py:190} INFO - [2025-04-21T16:58:52.808+0800] {dagbag.py:588} INFO - Filling up the DagBag from /Users/luisl/Library/Python/3.9/lib/python/site-packages/airflow/example_dags/example_dag_decorator.py
[2025-04-21T16:58:52.859+0800] {processor.py:925} INFO - DAG(s) 'example_dag_decorator' retrieved from /Users/luisl/Library/Python/3.9/lib/python/site-packages/airflow/example_dags/example_dag_decorator.py
[2025-04-21T16:58:52.941+0800] {logging_mixin.py:190} INFO - [2025-04-21T16:58:52.941+0800] {dag.py:3239} INFO - Sync 1 DAGs
[2025-04-21T16:58:52.978+0800] {logging_mixin.py:190} INFO - [2025-04-21T16:58:52.978+0800] {dag.py:4180} INFO - Setting next_dagrun for example_dag_decorator to None, run_after=None
[2025-04-21T16:58:52.986+0800] {processor.py:208} INFO - Processing /Users/luisl/Library/Python/3.9/lib/python/site-packages/airflow/example_dags/example_dag_decorator.py took 0.181 seconds
[2025-04-21T17:03:04.665+0800] {processor.py:186} INFO - Started process (PID=22981) to work on /Users/luisl/Library/Python/3.9/lib/python/site-packages/airflow/example_dags/example_dag_decorator.py
[2025-04-21T17:03:04.667+0800] {processor.py:914} INFO - Processing file /Users/luisl/Library/Python/3.9/lib/python/site-packages/airflow/example_dags/example_dag_decorator.py for tasks to queue
[2025-04-21T17:03:04.668+0800] {logging_mixin.py:190} INFO - [2025-04-21T17:03:04.668+0800] {dagbag.py:588} INFO - Filling up the DagBag from /Users/luisl/Library/Python/3.9/lib/python/site-packages/airflow/example_dags/example_dag_decorator.py
[2025-04-21T17:03:04.723+0800] {processor.py:925} INFO - DAG(s) 'example_dag_decorator' retrieved from /Users/luisl/Library/Python/3.9/lib/python/site-packages/airflow/example_dags/example_dag_decorator.py
[2025-04-21T17:03:04.810+0800] {logging_mixin.py:190} INFO - [2025-04-21T17:03:04.810+0800] {dag.py:3239} INFO - Sync 1 DAGs
[2025-04-21T17:03:04.844+0800] {logging_mixin.py:190} INFO - [2025-04-21T17:03:04.844+0800] {dag.py:4180} INFO - Setting next_dagrun for example_dag_decorator to None, run_after=None
[2025-04-21T17:03:04.851+0800] {processor.py:208} INFO - Processing /Users/luisl/Library/Python/3.9/lib/python/site-packages/airflow/example_dags/example_dag_decorator.py took 0.188 seconds
