[2025-04-21T13:42:34.568+0800] {processor.py:186} INFO - Started process (PID=1413) to work on /Users/luisl/Library/Python/3.9/lib/python/site-packages/airflow/example_dags/example_kubernetes_executor.py
[2025-04-21T13:42:34.571+0800] {processor.py:914} INFO - Processing file /Users/luisl/Library/Python/3.9/lib/python/site-packages/airflow/example_dags/example_kubernetes_executor.py for tasks to queue
[2025-04-21T13:42:34.571+0800] {logging_mixin.py:190} INFO - [2025-04-21T13:42:34.571+0800] {dagbag.py:588} INFO - Filling up the DagBag from /Users/luisl/Library/Python/3.9/lib/python/site-packages/airflow/example_dags/example_kubernetes_executor.py
[2025-04-21T13:42:34.590+0800] {logging_mixin.py:190} INFO - [2025-04-21T13:42:34.590+0800] {example_kubernetes_executor.py:39} WARNING - The example_kubernetes_executor example DAG requires the kubernetes provider. Please install it with: pip install apache-airflow[cncf.kubernetes]
[2025-04-21T13:42:34.590+0800] {processor.py:927} WARNING - No viable dags retrieved from /Users/luisl/Library/Python/3.9/lib/python/site-packages/airflow/example_dags/example_kubernetes_executor.py
[2025-04-21T13:42:34.641+0800] {processor.py:208} INFO - Processing /Users/luisl/Library/Python/3.9/lib/python/site-packages/airflow/example_dags/example_kubernetes_executor.py took 0.075 seconds
[2025-04-21T13:44:43.552+0800] {processor.py:186} INFO - Started process (PID=1657) to work on /Users/luisl/Library/Python/3.9/lib/python/site-packages/airflow/example_dags/example_kubernetes_executor.py
[2025-04-21T13:44:43.555+0800] {processor.py:914} INFO - Processing file /Users/luisl/Library/Python/3.9/lib/python/site-packages/airflow/example_dags/example_kubernetes_executor.py for tasks to queue
[2025-04-21T13:44:43.556+0800] {logging_mixin.py:190} INFO - [2025-04-21T13:44:43.556+0800] {dagbag.py:588} INFO - Filling up the DagBag from /Users/luisl/Library/Python/3.9/lib/python/site-packages/airflow/example_dags/example_kubernetes_executor.py
[2025-04-21T13:44:43.576+0800] {logging_mixin.py:190} INFO - [2025-04-21T13:44:43.575+0800] {example_kubernetes_executor.py:39} WARNING - The example_kubernetes_executor example DAG requires the kubernetes provider. Please install it with: pip install apache-airflow[cncf.kubernetes]
[2025-04-21T13:44:43.576+0800] {processor.py:927} WARNING - No viable dags retrieved from /Users/luisl/Library/Python/3.9/lib/python/site-packages/airflow/example_dags/example_kubernetes_executor.py
[2025-04-21T13:44:43.633+0800] {processor.py:208} INFO - Processing /Users/luisl/Library/Python/3.9/lib/python/site-packages/airflow/example_dags/example_kubernetes_executor.py took 0.083 seconds
[2025-04-21T13:47:57.176+0800] {processor.py:186} INFO - Started process (PID=2097) to work on /Users/luisl/Library/Python/3.9/lib/python/site-packages/airflow/example_dags/example_kubernetes_executor.py
[2025-04-21T13:47:57.179+0800] {processor.py:914} INFO - Processing file /Users/luisl/Library/Python/3.9/lib/python/site-packages/airflow/example_dags/example_kubernetes_executor.py for tasks to queue
[2025-04-21T13:47:57.180+0800] {logging_mixin.py:190} INFO - [2025-04-21T13:47:57.180+0800] {dagbag.py:588} INFO - Filling up the DagBag from /Users/luisl/Library/Python/3.9/lib/python/site-packages/airflow/example_dags/example_kubernetes_executor.py
[2025-04-21T13:47:57.199+0800] {logging_mixin.py:190} INFO - [2025-04-21T13:47:57.199+0800] {example_kubernetes_executor.py:39} WARNING - The example_kubernetes_executor example DAG requires the kubernetes provider. Please install it with: pip install apache-airflow[cncf.kubernetes]
[2025-04-21T13:47:57.199+0800] {processor.py:927} WARNING - No viable dags retrieved from /Users/luisl/Library/Python/3.9/lib/python/site-packages/airflow/example_dags/example_kubernetes_executor.py
[2025-04-21T13:47:57.252+0800] {processor.py:208} INFO - Processing /Users/luisl/Library/Python/3.9/lib/python/site-packages/airflow/example_dags/example_kubernetes_executor.py took 0.078 seconds
[2025-04-21T13:51:06.160+0800] {processor.py:186} INFO - Started process (PID=2564) to work on /Users/luisl/Library/Python/3.9/lib/python/site-packages/airflow/example_dags/example_kubernetes_executor.py
[2025-04-21T13:51:06.163+0800] {processor.py:914} INFO - Processing file /Users/luisl/Library/Python/3.9/lib/python/site-packages/airflow/example_dags/example_kubernetes_executor.py for tasks to queue
[2025-04-21T13:51:06.164+0800] {logging_mixin.py:190} INFO - [2025-04-21T13:51:06.164+0800] {dagbag.py:588} INFO - Filling up the DagBag from /Users/luisl/Library/Python/3.9/lib/python/site-packages/airflow/example_dags/example_kubernetes_executor.py
[2025-04-21T13:51:06.183+0800] {logging_mixin.py:190} INFO - [2025-04-21T13:51:06.183+0800] {example_kubernetes_executor.py:39} WARNING - The example_kubernetes_executor example DAG requires the kubernetes provider. Please install it with: pip install apache-airflow[cncf.kubernetes]
[2025-04-21T13:51:06.183+0800] {processor.py:927} WARNING - No viable dags retrieved from /Users/luisl/Library/Python/3.9/lib/python/site-packages/airflow/example_dags/example_kubernetes_executor.py
[2025-04-21T13:51:06.235+0800] {processor.py:208} INFO - Processing /Users/luisl/Library/Python/3.9/lib/python/site-packages/airflow/example_dags/example_kubernetes_executor.py took 0.078 seconds
[2025-04-21T13:54:14.514+0800] {processor.py:186} INFO - Started process (PID=2984) to work on /Users/luisl/Library/Python/3.9/lib/python/site-packages/airflow/example_dags/example_kubernetes_executor.py
[2025-04-21T13:54:14.518+0800] {processor.py:914} INFO - Processing file /Users/luisl/Library/Python/3.9/lib/python/site-packages/airflow/example_dags/example_kubernetes_executor.py for tasks to queue
[2025-04-21T13:54:14.519+0800] {logging_mixin.py:190} INFO - [2025-04-21T13:54:14.519+0800] {dagbag.py:588} INFO - Filling up the DagBag from /Users/luisl/Library/Python/3.9/lib/python/site-packages/airflow/example_dags/example_kubernetes_executor.py
[2025-04-21T13:54:14.539+0800] {logging_mixin.py:190} INFO - [2025-04-21T13:54:14.538+0800] {example_kubernetes_executor.py:39} WARNING - The example_kubernetes_executor example DAG requires the kubernetes provider. Please install it with: pip install apache-airflow[cncf.kubernetes]
[2025-04-21T13:54:14.539+0800] {processor.py:927} WARNING - No viable dags retrieved from /Users/luisl/Library/Python/3.9/lib/python/site-packages/airflow/example_dags/example_kubernetes_executor.py
[2025-04-21T13:54:14.594+0800] {processor.py:208} INFO - Processing /Users/luisl/Library/Python/3.9/lib/python/site-packages/airflow/example_dags/example_kubernetes_executor.py took 0.082 seconds
[2025-04-21T13:57:26.437+0800] {processor.py:186} INFO - Started process (PID=3627) to work on /Users/luisl/Library/Python/3.9/lib/python/site-packages/airflow/example_dags/example_kubernetes_executor.py
[2025-04-21T13:57:26.440+0800] {processor.py:914} INFO - Processing file /Users/luisl/Library/Python/3.9/lib/python/site-packages/airflow/example_dags/example_kubernetes_executor.py for tasks to queue
[2025-04-21T13:57:26.441+0800] {logging_mixin.py:190} INFO - [2025-04-21T13:57:26.441+0800] {dagbag.py:588} INFO - Filling up the DagBag from /Users/luisl/Library/Python/3.9/lib/python/site-packages/airflow/example_dags/example_kubernetes_executor.py
[2025-04-21T13:57:26.461+0800] {logging_mixin.py:190} INFO - [2025-04-21T13:57:26.461+0800] {example_kubernetes_executor.py:39} WARNING - The example_kubernetes_executor example DAG requires the kubernetes provider. Please install it with: pip install apache-airflow[cncf.kubernetes]
[2025-04-21T13:57:26.461+0800] {processor.py:927} WARNING - No viable dags retrieved from /Users/luisl/Library/Python/3.9/lib/python/site-packages/airflow/example_dags/example_kubernetes_executor.py
[2025-04-21T13:57:26.516+0800] {processor.py:208} INFO - Processing /Users/luisl/Library/Python/3.9/lib/python/site-packages/airflow/example_dags/example_kubernetes_executor.py took 0.081 seconds
[2025-04-21T14:00:43.655+0800] {processor.py:186} INFO - Started process (PID=3916) to work on /Users/luisl/Library/Python/3.9/lib/python/site-packages/airflow/example_dags/example_kubernetes_executor.py
[2025-04-21T14:00:43.658+0800] {processor.py:914} INFO - Processing file /Users/luisl/Library/Python/3.9/lib/python/site-packages/airflow/example_dags/example_kubernetes_executor.py for tasks to queue
[2025-04-21T14:00:43.659+0800] {logging_mixin.py:190} INFO - [2025-04-21T14:00:43.659+0800] {dagbag.py:588} INFO - Filling up the DagBag from /Users/luisl/Library/Python/3.9/lib/python/site-packages/airflow/example_dags/example_kubernetes_executor.py
[2025-04-21T14:00:43.680+0800] {logging_mixin.py:190} INFO - [2025-04-21T14:00:43.679+0800] {example_kubernetes_executor.py:39} WARNING - The example_kubernetes_executor example DAG requires the kubernetes provider. Please install it with: pip install apache-airflow[cncf.kubernetes]
[2025-04-21T14:00:43.680+0800] {processor.py:927} WARNING - No viable dags retrieved from /Users/luisl/Library/Python/3.9/lib/python/site-packages/airflow/example_dags/example_kubernetes_executor.py
[2025-04-21T14:00:43.733+0800] {processor.py:208} INFO - Processing /Users/luisl/Library/Python/3.9/lib/python/site-packages/airflow/example_dags/example_kubernetes_executor.py took 0.081 seconds
[2025-04-21T14:06:30.503+0800] {processor.py:186} INFO - Started process (PID=4775) to work on /Users/luisl/Library/Python/3.9/lib/python/site-packages/airflow/example_dags/example_kubernetes_executor.py
[2025-04-21T14:06:30.506+0800] {processor.py:914} INFO - Processing file /Users/luisl/Library/Python/3.9/lib/python/site-packages/airflow/example_dags/example_kubernetes_executor.py for tasks to queue
[2025-04-21T14:06:30.507+0800] {logging_mixin.py:190} INFO - [2025-04-21T14:06:30.507+0800] {dagbag.py:588} INFO - Filling up the DagBag from /Users/luisl/Library/Python/3.9/lib/python/site-packages/airflow/example_dags/example_kubernetes_executor.py
[2025-04-21T14:06:30.525+0800] {logging_mixin.py:190} INFO - [2025-04-21T14:06:30.525+0800] {example_kubernetes_executor.py:39} WARNING - The example_kubernetes_executor example DAG requires the kubernetes provider. Please install it with: pip install apache-airflow[cncf.kubernetes]
[2025-04-21T14:06:30.525+0800] {processor.py:927} WARNING - No viable dags retrieved from /Users/luisl/Library/Python/3.9/lib/python/site-packages/airflow/example_dags/example_kubernetes_executor.py
[2025-04-21T14:06:30.577+0800] {processor.py:208} INFO - Processing /Users/luisl/Library/Python/3.9/lib/python/site-packages/airflow/example_dags/example_kubernetes_executor.py took 0.076 seconds
[2025-04-21T14:10:45.970+0800] {processor.py:186} INFO - Started process (PID=5313) to work on /Users/luisl/Library/Python/3.9/lib/python/site-packages/airflow/example_dags/example_kubernetes_executor.py
[2025-04-21T14:10:45.973+0800] {processor.py:914} INFO - Processing file /Users/luisl/Library/Python/3.9/lib/python/site-packages/airflow/example_dags/example_kubernetes_executor.py for tasks to queue
[2025-04-21T14:10:45.974+0800] {logging_mixin.py:190} INFO - [2025-04-21T14:10:45.974+0800] {dagbag.py:588} INFO - Filling up the DagBag from /Users/luisl/Library/Python/3.9/lib/python/site-packages/airflow/example_dags/example_kubernetes_executor.py
[2025-04-21T14:10:45.992+0800] {logging_mixin.py:190} INFO - [2025-04-21T14:10:45.992+0800] {example_kubernetes_executor.py:39} WARNING - The example_kubernetes_executor example DAG requires the kubernetes provider. Please install it with: pip install apache-airflow[cncf.kubernetes]
[2025-04-21T14:10:45.993+0800] {processor.py:927} WARNING - No viable dags retrieved from /Users/luisl/Library/Python/3.9/lib/python/site-packages/airflow/example_dags/example_kubernetes_executor.py
[2025-04-21T14:10:46.045+0800] {processor.py:208} INFO - Processing /Users/luisl/Library/Python/3.9/lib/python/site-packages/airflow/example_dags/example_kubernetes_executor.py took 0.077 seconds
[2025-04-21T14:16:36.095+0800] {processor.py:186} INFO - Started process (PID=5852) to work on /Users/luisl/Library/Python/3.9/lib/python/site-packages/airflow/example_dags/example_kubernetes_executor.py
[2025-04-21T14:16:36.099+0800] {processor.py:914} INFO - Processing file /Users/luisl/Library/Python/3.9/lib/python/site-packages/airflow/example_dags/example_kubernetes_executor.py for tasks to queue
[2025-04-21T14:16:36.099+0800] {logging_mixin.py:190} INFO - [2025-04-21T14:16:36.099+0800] {dagbag.py:588} INFO - Filling up the DagBag from /Users/luisl/Library/Python/3.9/lib/python/site-packages/airflow/example_dags/example_kubernetes_executor.py
[2025-04-21T14:16:36.119+0800] {logging_mixin.py:190} INFO - [2025-04-21T14:16:36.119+0800] {example_kubernetes_executor.py:39} WARNING - The example_kubernetes_executor example DAG requires the kubernetes provider. Please install it with: pip install apache-airflow[cncf.kubernetes]
[2025-04-21T14:16:36.119+0800] {processor.py:927} WARNING - No viable dags retrieved from /Users/luisl/Library/Python/3.9/lib/python/site-packages/airflow/example_dags/example_kubernetes_executor.py
[2025-04-21T14:16:36.171+0800] {processor.py:208} INFO - Processing /Users/luisl/Library/Python/3.9/lib/python/site-packages/airflow/example_dags/example_kubernetes_executor.py took 0.077 seconds
[2025-04-21T14:18:47.577+0800] {processor.py:186} INFO - Started process (PID=6031) to work on /Users/luisl/Library/Python/3.9/lib/python/site-packages/airflow/example_dags/example_kubernetes_executor.py
[2025-04-21T14:18:47.581+0800] {processor.py:914} INFO - Processing file /Users/luisl/Library/Python/3.9/lib/python/site-packages/airflow/example_dags/example_kubernetes_executor.py for tasks to queue
[2025-04-21T14:18:47.582+0800] {logging_mixin.py:190} INFO - [2025-04-21T14:18:47.582+0800] {dagbag.py:588} INFO - Filling up the DagBag from /Users/luisl/Library/Python/3.9/lib/python/site-packages/airflow/example_dags/example_kubernetes_executor.py
[2025-04-21T14:18:47.601+0800] {logging_mixin.py:190} INFO - [2025-04-21T14:18:47.601+0800] {example_kubernetes_executor.py:39} WARNING - The example_kubernetes_executor example DAG requires the kubernetes provider. Please install it with: pip install apache-airflow[cncf.kubernetes]
[2025-04-21T14:18:47.602+0800] {processor.py:927} WARNING - No viable dags retrieved from /Users/luisl/Library/Python/3.9/lib/python/site-packages/airflow/example_dags/example_kubernetes_executor.py
[2025-04-21T14:18:47.653+0800] {processor.py:208} INFO - Processing /Users/luisl/Library/Python/3.9/lib/python/site-packages/airflow/example_dags/example_kubernetes_executor.py took 0.078 seconds
[2025-04-21T14:21:09.457+0800] {processor.py:186} INFO - Started process (PID=6320) to work on /Users/luisl/Library/Python/3.9/lib/python/site-packages/airflow/example_dags/example_kubernetes_executor.py
[2025-04-21T14:21:09.460+0800] {processor.py:914} INFO - Processing file /Users/luisl/Library/Python/3.9/lib/python/site-packages/airflow/example_dags/example_kubernetes_executor.py for tasks to queue
[2025-04-21T14:21:09.461+0800] {logging_mixin.py:190} INFO - [2025-04-21T14:21:09.461+0800] {dagbag.py:588} INFO - Filling up the DagBag from /Users/luisl/Library/Python/3.9/lib/python/site-packages/airflow/example_dags/example_kubernetes_executor.py
[2025-04-21T14:21:09.479+0800] {logging_mixin.py:190} INFO - [2025-04-21T14:21:09.479+0800] {example_kubernetes_executor.py:39} WARNING - The example_kubernetes_executor example DAG requires the kubernetes provider. Please install it with: pip install apache-airflow[cncf.kubernetes]
[2025-04-21T14:21:09.479+0800] {processor.py:927} WARNING - No viable dags retrieved from /Users/luisl/Library/Python/3.9/lib/python/site-packages/airflow/example_dags/example_kubernetes_executor.py
[2025-04-21T14:21:09.530+0800] {processor.py:208} INFO - Processing /Users/luisl/Library/Python/3.9/lib/python/site-packages/airflow/example_dags/example_kubernetes_executor.py took 0.075 seconds
[2025-04-21T14:22:55.139+0800] {processor.py:186} INFO - Started process (PID=6565) to work on /Users/luisl/Library/Python/3.9/lib/python/site-packages/airflow/example_dags/example_kubernetes_executor.py
[2025-04-21T14:22:55.142+0800] {processor.py:914} INFO - Processing file /Users/luisl/Library/Python/3.9/lib/python/site-packages/airflow/example_dags/example_kubernetes_executor.py for tasks to queue
[2025-04-21T14:22:55.143+0800] {logging_mixin.py:190} INFO - [2025-04-21T14:22:55.143+0800] {dagbag.py:588} INFO - Filling up the DagBag from /Users/luisl/Library/Python/3.9/lib/python/site-packages/airflow/example_dags/example_kubernetes_executor.py
[2025-04-21T14:22:55.161+0800] {logging_mixin.py:190} INFO - [2025-04-21T14:22:55.160+0800] {example_kubernetes_executor.py:39} WARNING - The example_kubernetes_executor example DAG requires the kubernetes provider. Please install it with: pip install apache-airflow[cncf.kubernetes]
[2025-04-21T14:22:55.161+0800] {processor.py:927} WARNING - No viable dags retrieved from /Users/luisl/Library/Python/3.9/lib/python/site-packages/airflow/example_dags/example_kubernetes_executor.py
[2025-04-21T14:22:55.211+0800] {processor.py:208} INFO - Processing /Users/luisl/Library/Python/3.9/lib/python/site-packages/airflow/example_dags/example_kubernetes_executor.py took 0.074 seconds
[2025-04-21T14:24:35.798+0800] {processor.py:186} INFO - Started process (PID=6773) to work on /Users/luisl/Library/Python/3.9/lib/python/site-packages/airflow/example_dags/example_kubernetes_executor.py
[2025-04-21T14:24:35.801+0800] {processor.py:914} INFO - Processing file /Users/luisl/Library/Python/3.9/lib/python/site-packages/airflow/example_dags/example_kubernetes_executor.py for tasks to queue
[2025-04-21T14:24:35.802+0800] {logging_mixin.py:190} INFO - [2025-04-21T14:24:35.802+0800] {dagbag.py:588} INFO - Filling up the DagBag from /Users/luisl/Library/Python/3.9/lib/python/site-packages/airflow/example_dags/example_kubernetes_executor.py
[2025-04-21T14:24:35.823+0800] {logging_mixin.py:190} INFO - [2025-04-21T14:24:35.823+0800] {example_kubernetes_executor.py:39} WARNING - The example_kubernetes_executor example DAG requires the kubernetes provider. Please install it with: pip install apache-airflow[cncf.kubernetes]
[2025-04-21T14:24:35.823+0800] {processor.py:927} WARNING - No viable dags retrieved from /Users/luisl/Library/Python/3.9/lib/python/site-packages/airflow/example_dags/example_kubernetes_executor.py
[2025-04-21T14:24:35.877+0800] {processor.py:208} INFO - Processing /Users/luisl/Library/Python/3.9/lib/python/site-packages/airflow/example_dags/example_kubernetes_executor.py took 0.081 seconds
[2025-04-21T14:26:28.682+0800] {processor.py:186} INFO - Started process (PID=7069) to work on /Users/luisl/Library/Python/3.9/lib/python/site-packages/airflow/example_dags/example_kubernetes_executor.py
[2025-04-21T14:26:28.685+0800] {processor.py:914} INFO - Processing file /Users/luisl/Library/Python/3.9/lib/python/site-packages/airflow/example_dags/example_kubernetes_executor.py for tasks to queue
[2025-04-21T14:26:28.686+0800] {logging_mixin.py:190} INFO - [2025-04-21T14:26:28.686+0800] {dagbag.py:588} INFO - Filling up the DagBag from /Users/luisl/Library/Python/3.9/lib/python/site-packages/airflow/example_dags/example_kubernetes_executor.py
[2025-04-21T14:26:28.704+0800] {logging_mixin.py:190} INFO - [2025-04-21T14:26:28.704+0800] {example_kubernetes_executor.py:39} WARNING - The example_kubernetes_executor example DAG requires the kubernetes provider. Please install it with: pip install apache-airflow[cncf.kubernetes]
[2025-04-21T14:26:28.704+0800] {processor.py:927} WARNING - No viable dags retrieved from /Users/luisl/Library/Python/3.9/lib/python/site-packages/airflow/example_dags/example_kubernetes_executor.py
[2025-04-21T14:26:28.758+0800] {processor.py:208} INFO - Processing /Users/luisl/Library/Python/3.9/lib/python/site-packages/airflow/example_dags/example_kubernetes_executor.py took 0.078 seconds
[2025-04-21T14:28:18.395+0800] {processor.py:186} INFO - Started process (PID=7433) to work on /Users/luisl/Library/Python/3.9/lib/python/site-packages/airflow/example_dags/example_kubernetes_executor.py
[2025-04-21T14:28:18.398+0800] {processor.py:914} INFO - Processing file /Users/luisl/Library/Python/3.9/lib/python/site-packages/airflow/example_dags/example_kubernetes_executor.py for tasks to queue
[2025-04-21T14:28:18.399+0800] {logging_mixin.py:190} INFO - [2025-04-21T14:28:18.399+0800] {dagbag.py:588} INFO - Filling up the DagBag from /Users/luisl/Library/Python/3.9/lib/python/site-packages/airflow/example_dags/example_kubernetes_executor.py
[2025-04-21T14:28:18.419+0800] {logging_mixin.py:190} INFO - [2025-04-21T14:28:18.419+0800] {example_kubernetes_executor.py:39} WARNING - The example_kubernetes_executor example DAG requires the kubernetes provider. Please install it with: pip install apache-airflow[cncf.kubernetes]
[2025-04-21T14:28:18.419+0800] {processor.py:927} WARNING - No viable dags retrieved from /Users/luisl/Library/Python/3.9/lib/python/site-packages/airflow/example_dags/example_kubernetes_executor.py
[2025-04-21T14:28:18.472+0800] {processor.py:208} INFO - Processing /Users/luisl/Library/Python/3.9/lib/python/site-packages/airflow/example_dags/example_kubernetes_executor.py took 0.079 seconds
[2025-04-21T14:29:55.743+0800] {processor.py:186} INFO - Started process (PID=7629) to work on /Users/luisl/Library/Python/3.9/lib/python/site-packages/airflow/example_dags/example_kubernetes_executor.py
[2025-04-21T14:29:55.747+0800] {processor.py:914} INFO - Processing file /Users/luisl/Library/Python/3.9/lib/python/site-packages/airflow/example_dags/example_kubernetes_executor.py for tasks to queue
[2025-04-21T14:29:55.748+0800] {logging_mixin.py:190} INFO - [2025-04-21T14:29:55.748+0800] {dagbag.py:588} INFO - Filling up the DagBag from /Users/luisl/Library/Python/3.9/lib/python/site-packages/airflow/example_dags/example_kubernetes_executor.py
[2025-04-21T14:29:55.768+0800] {logging_mixin.py:190} INFO - [2025-04-21T14:29:55.768+0800] {example_kubernetes_executor.py:39} WARNING - The example_kubernetes_executor example DAG requires the kubernetes provider. Please install it with: pip install apache-airflow[cncf.kubernetes]
[2025-04-21T14:29:55.768+0800] {processor.py:927} WARNING - No viable dags retrieved from /Users/luisl/Library/Python/3.9/lib/python/site-packages/airflow/example_dags/example_kubernetes_executor.py
[2025-04-21T14:29:55.820+0800] {processor.py:208} INFO - Processing /Users/luisl/Library/Python/3.9/lib/python/site-packages/airflow/example_dags/example_kubernetes_executor.py took 0.078 seconds
[2025-04-21T14:31:37.801+0800] {processor.py:186} INFO - Started process (PID=7853) to work on /Users/luisl/Library/Python/3.9/lib/python/site-packages/airflow/example_dags/example_kubernetes_executor.py
[2025-04-21T14:31:37.806+0800] {processor.py:914} INFO - Processing file /Users/luisl/Library/Python/3.9/lib/python/site-packages/airflow/example_dags/example_kubernetes_executor.py for tasks to queue
[2025-04-21T14:31:37.806+0800] {logging_mixin.py:190} INFO - [2025-04-21T14:31:37.806+0800] {dagbag.py:588} INFO - Filling up the DagBag from /Users/luisl/Library/Python/3.9/lib/python/site-packages/airflow/example_dags/example_kubernetes_executor.py
[2025-04-21T14:31:37.826+0800] {logging_mixin.py:190} INFO - [2025-04-21T14:31:37.826+0800] {example_kubernetes_executor.py:39} WARNING - The example_kubernetes_executor example DAG requires the kubernetes provider. Please install it with: pip install apache-airflow[cncf.kubernetes]
[2025-04-21T14:31:37.827+0800] {processor.py:927} WARNING - No viable dags retrieved from /Users/luisl/Library/Python/3.9/lib/python/site-packages/airflow/example_dags/example_kubernetes_executor.py
[2025-04-21T14:31:37.878+0800] {processor.py:208} INFO - Processing /Users/luisl/Library/Python/3.9/lib/python/site-packages/airflow/example_dags/example_kubernetes_executor.py took 0.079 seconds
[2025-04-21T14:33:22.536+0800] {processor.py:186} INFO - Started process (PID=8101) to work on /Users/luisl/Library/Python/3.9/lib/python/site-packages/airflow/example_dags/example_kubernetes_executor.py
[2025-04-21T14:33:22.539+0800] {processor.py:914} INFO - Processing file /Users/luisl/Library/Python/3.9/lib/python/site-packages/airflow/example_dags/example_kubernetes_executor.py for tasks to queue
[2025-04-21T14:33:22.540+0800] {logging_mixin.py:190} INFO - [2025-04-21T14:33:22.540+0800] {dagbag.py:588} INFO - Filling up the DagBag from /Users/luisl/Library/Python/3.9/lib/python/site-packages/airflow/example_dags/example_kubernetes_executor.py
[2025-04-21T14:33:22.557+0800] {logging_mixin.py:190} INFO - [2025-04-21T14:33:22.557+0800] {example_kubernetes_executor.py:39} WARNING - The example_kubernetes_executor example DAG requires the kubernetes provider. Please install it with: pip install apache-airflow[cncf.kubernetes]
[2025-04-21T14:33:22.557+0800] {processor.py:927} WARNING - No viable dags retrieved from /Users/luisl/Library/Python/3.9/lib/python/site-packages/airflow/example_dags/example_kubernetes_executor.py
[2025-04-21T14:33:22.609+0800] {processor.py:208} INFO - Processing /Users/luisl/Library/Python/3.9/lib/python/site-packages/airflow/example_dags/example_kubernetes_executor.py took 0.074 seconds
[2025-04-21T14:35:07.491+0800] {processor.py:186} INFO - Started process (PID=8322) to work on /Users/luisl/Library/Python/3.9/lib/python/site-packages/airflow/example_dags/example_kubernetes_executor.py
[2025-04-21T14:35:07.495+0800] {processor.py:914} INFO - Processing file /Users/luisl/Library/Python/3.9/lib/python/site-packages/airflow/example_dags/example_kubernetes_executor.py for tasks to queue
[2025-04-21T14:35:07.496+0800] {logging_mixin.py:190} INFO - [2025-04-21T14:35:07.496+0800] {dagbag.py:588} INFO - Filling up the DagBag from /Users/luisl/Library/Python/3.9/lib/python/site-packages/airflow/example_dags/example_kubernetes_executor.py
[2025-04-21T14:35:07.515+0800] {logging_mixin.py:190} INFO - [2025-04-21T14:35:07.515+0800] {example_kubernetes_executor.py:39} WARNING - The example_kubernetes_executor example DAG requires the kubernetes provider. Please install it with: pip install apache-airflow[cncf.kubernetes]
[2025-04-21T14:35:07.515+0800] {processor.py:927} WARNING - No viable dags retrieved from /Users/luisl/Library/Python/3.9/lib/python/site-packages/airflow/example_dags/example_kubernetes_executor.py
[2025-04-21T14:35:07.571+0800] {processor.py:208} INFO - Processing /Users/luisl/Library/Python/3.9/lib/python/site-packages/airflow/example_dags/example_kubernetes_executor.py took 0.081 seconds
[2025-04-21T14:36:56.572+0800] {processor.py:186} INFO - Started process (PID=8558) to work on /Users/luisl/Library/Python/3.9/lib/python/site-packages/airflow/example_dags/example_kubernetes_executor.py
[2025-04-21T14:36:56.576+0800] {processor.py:914} INFO - Processing file /Users/luisl/Library/Python/3.9/lib/python/site-packages/airflow/example_dags/example_kubernetes_executor.py for tasks to queue
[2025-04-21T14:36:56.577+0800] {logging_mixin.py:190} INFO - [2025-04-21T14:36:56.577+0800] {dagbag.py:588} INFO - Filling up the DagBag from /Users/luisl/Library/Python/3.9/lib/python/site-packages/airflow/example_dags/example_kubernetes_executor.py
[2025-04-21T14:36:56.598+0800] {logging_mixin.py:190} INFO - [2025-04-21T14:36:56.598+0800] {example_kubernetes_executor.py:39} WARNING - The example_kubernetes_executor example DAG requires the kubernetes provider. Please install it with: pip install apache-airflow[cncf.kubernetes]
[2025-04-21T14:36:56.598+0800] {processor.py:927} WARNING - No viable dags retrieved from /Users/luisl/Library/Python/3.9/lib/python/site-packages/airflow/example_dags/example_kubernetes_executor.py
[2025-04-21T14:36:56.652+0800] {processor.py:208} INFO - Processing /Users/luisl/Library/Python/3.9/lib/python/site-packages/airflow/example_dags/example_kubernetes_executor.py took 0.082 seconds
[2025-04-21T14:38:39.300+0800] {processor.py:186} INFO - Started process (PID=8828) to work on /Users/luisl/Library/Python/3.9/lib/python/site-packages/airflow/example_dags/example_kubernetes_executor.py
[2025-04-21T14:38:39.304+0800] {processor.py:914} INFO - Processing file /Users/luisl/Library/Python/3.9/lib/python/site-packages/airflow/example_dags/example_kubernetes_executor.py for tasks to queue
[2025-04-21T14:38:39.305+0800] {logging_mixin.py:190} INFO - [2025-04-21T14:38:39.304+0800] {dagbag.py:588} INFO - Filling up the DagBag from /Users/luisl/Library/Python/3.9/lib/python/site-packages/airflow/example_dags/example_kubernetes_executor.py
[2025-04-21T14:38:39.324+0800] {logging_mixin.py:190} INFO - [2025-04-21T14:38:39.324+0800] {example_kubernetes_executor.py:39} WARNING - The example_kubernetes_executor example DAG requires the kubernetes provider. Please install it with: pip install apache-airflow[cncf.kubernetes]
[2025-04-21T14:38:39.325+0800] {processor.py:927} WARNING - No viable dags retrieved from /Users/luisl/Library/Python/3.9/lib/python/site-packages/airflow/example_dags/example_kubernetes_executor.py
[2025-04-21T14:38:39.379+0800] {processor.py:208} INFO - Processing /Users/luisl/Library/Python/3.9/lib/python/site-packages/airflow/example_dags/example_kubernetes_executor.py took 0.081 seconds
[2025-04-21T14:40:23.696+0800] {processor.py:186} INFO - Started process (PID=9062) to work on /Users/luisl/Library/Python/3.9/lib/python/site-packages/airflow/example_dags/example_kubernetes_executor.py
[2025-04-21T14:40:23.699+0800] {processor.py:914} INFO - Processing file /Users/luisl/Library/Python/3.9/lib/python/site-packages/airflow/example_dags/example_kubernetes_executor.py for tasks to queue
[2025-04-21T14:40:23.700+0800] {logging_mixin.py:190} INFO - [2025-04-21T14:40:23.700+0800] {dagbag.py:588} INFO - Filling up the DagBag from /Users/luisl/Library/Python/3.9/lib/python/site-packages/airflow/example_dags/example_kubernetes_executor.py
[2025-04-21T14:40:23.719+0800] {logging_mixin.py:190} INFO - [2025-04-21T14:40:23.718+0800] {example_kubernetes_executor.py:39} WARNING - The example_kubernetes_executor example DAG requires the kubernetes provider. Please install it with: pip install apache-airflow[cncf.kubernetes]
[2025-04-21T14:40:23.719+0800] {processor.py:927} WARNING - No viable dags retrieved from /Users/luisl/Library/Python/3.9/lib/python/site-packages/airflow/example_dags/example_kubernetes_executor.py
[2025-04-21T14:40:23.771+0800] {processor.py:208} INFO - Processing /Users/luisl/Library/Python/3.9/lib/python/site-packages/airflow/example_dags/example_kubernetes_executor.py took 0.076 seconds
[2025-04-21T14:42:12.706+0800] {processor.py:186} INFO - Started process (PID=9315) to work on /Users/luisl/Library/Python/3.9/lib/python/site-packages/airflow/example_dags/example_kubernetes_executor.py
[2025-04-21T14:42:12.710+0800] {processor.py:914} INFO - Processing file /Users/luisl/Library/Python/3.9/lib/python/site-packages/airflow/example_dags/example_kubernetes_executor.py for tasks to queue
[2025-04-21T14:42:12.711+0800] {logging_mixin.py:190} INFO - [2025-04-21T14:42:12.711+0800] {dagbag.py:588} INFO - Filling up the DagBag from /Users/luisl/Library/Python/3.9/lib/python/site-packages/airflow/example_dags/example_kubernetes_executor.py
[2025-04-21T14:42:12.731+0800] {logging_mixin.py:190} INFO - [2025-04-21T14:42:12.731+0800] {example_kubernetes_executor.py:39} WARNING - The example_kubernetes_executor example DAG requires the kubernetes provider. Please install it with: pip install apache-airflow[cncf.kubernetes]
[2025-04-21T14:42:12.731+0800] {processor.py:927} WARNING - No viable dags retrieved from /Users/luisl/Library/Python/3.9/lib/python/site-packages/airflow/example_dags/example_kubernetes_executor.py
[2025-04-21T14:42:12.785+0800] {processor.py:208} INFO - Processing /Users/luisl/Library/Python/3.9/lib/python/site-packages/airflow/example_dags/example_kubernetes_executor.py took 0.081 seconds
[2025-04-21T14:59:30.885+0800] {processor.py:186} INFO - Started process (PID=11006) to work on /Users/luisl/Library/Python/3.9/lib/python/site-packages/airflow/example_dags/example_kubernetes_executor.py
[2025-04-21T14:59:30.887+0800] {processor.py:914} INFO - Processing file /Users/luisl/Library/Python/3.9/lib/python/site-packages/airflow/example_dags/example_kubernetes_executor.py for tasks to queue
[2025-04-21T14:59:30.888+0800] {logging_mixin.py:190} INFO - [2025-04-21T14:59:30.888+0800] {dagbag.py:588} INFO - Filling up the DagBag from /Users/luisl/Library/Python/3.9/lib/python/site-packages/airflow/example_dags/example_kubernetes_executor.py
[2025-04-21T14:59:30.900+0800] {logging_mixin.py:190} INFO - [2025-04-21T14:59:30.900+0800] {example_kubernetes_executor.py:39} WARNING - The example_kubernetes_executor example DAG requires the kubernetes provider. Please install it with: pip install apache-airflow[cncf.kubernetes]
[2025-04-21T14:59:30.900+0800] {processor.py:927} WARNING - No viable dags retrieved from /Users/luisl/Library/Python/3.9/lib/python/site-packages/airflow/example_dags/example_kubernetes_executor.py
[2025-04-21T14:59:30.935+0800] {processor.py:208} INFO - Processing /Users/luisl/Library/Python/3.9/lib/python/site-packages/airflow/example_dags/example_kubernetes_executor.py took 0.051 seconds
[2025-04-21T15:01:05.275+0800] {processor.py:186} INFO - Started process (PID=11234) to work on /Users/luisl/Library/Python/3.9/lib/python/site-packages/airflow/example_dags/example_kubernetes_executor.py
[2025-04-21T15:01:05.278+0800] {processor.py:914} INFO - Processing file /Users/luisl/Library/Python/3.9/lib/python/site-packages/airflow/example_dags/example_kubernetes_executor.py for tasks to queue
[2025-04-21T15:01:05.279+0800] {logging_mixin.py:190} INFO - [2025-04-21T15:01:05.278+0800] {dagbag.py:588} INFO - Filling up the DagBag from /Users/luisl/Library/Python/3.9/lib/python/site-packages/airflow/example_dags/example_kubernetes_executor.py
[2025-04-21T15:01:05.291+0800] {logging_mixin.py:190} INFO - [2025-04-21T15:01:05.291+0800] {example_kubernetes_executor.py:39} WARNING - The example_kubernetes_executor example DAG requires the kubernetes provider. Please install it with: pip install apache-airflow[cncf.kubernetes]
[2025-04-21T15:01:05.292+0800] {processor.py:927} WARNING - No viable dags retrieved from /Users/luisl/Library/Python/3.9/lib/python/site-packages/airflow/example_dags/example_kubernetes_executor.py
[2025-04-21T15:01:05.328+0800] {processor.py:208} INFO - Processing /Users/luisl/Library/Python/3.9/lib/python/site-packages/airflow/example_dags/example_kubernetes_executor.py took 0.054 seconds
[2025-04-21T15:02:07.340+0800] {processor.py:186} INFO - Started process (PID=11407) to work on /Users/luisl/Library/Python/3.9/lib/python/site-packages/airflow/example_dags/example_kubernetes_executor.py
[2025-04-21T15:02:07.343+0800] {processor.py:914} INFO - Processing file /Users/luisl/Library/Python/3.9/lib/python/site-packages/airflow/example_dags/example_kubernetes_executor.py for tasks to queue
[2025-04-21T15:02:07.344+0800] {logging_mixin.py:190} INFO - [2025-04-21T15:02:07.344+0800] {dagbag.py:588} INFO - Filling up the DagBag from /Users/luisl/Library/Python/3.9/lib/python/site-packages/airflow/example_dags/example_kubernetes_executor.py
[2025-04-21T15:02:07.358+0800] {logging_mixin.py:190} INFO - [2025-04-21T15:02:07.357+0800] {example_kubernetes_executor.py:39} WARNING - The example_kubernetes_executor example DAG requires the kubernetes provider. Please install it with: pip install apache-airflow[cncf.kubernetes]
[2025-04-21T15:02:07.358+0800] {processor.py:927} WARNING - No viable dags retrieved from /Users/luisl/Library/Python/3.9/lib/python/site-packages/airflow/example_dags/example_kubernetes_executor.py
[2025-04-21T15:02:07.396+0800] {processor.py:208} INFO - Processing /Users/luisl/Library/Python/3.9/lib/python/site-packages/airflow/example_dags/example_kubernetes_executor.py took 0.057 seconds
[2025-04-21T15:03:09.564+0800] {processor.py:186} INFO - Started process (PID=11555) to work on /Users/luisl/Library/Python/3.9/lib/python/site-packages/airflow/example_dags/example_kubernetes_executor.py
[2025-04-21T15:03:09.567+0800] {processor.py:914} INFO - Processing file /Users/luisl/Library/Python/3.9/lib/python/site-packages/airflow/example_dags/example_kubernetes_executor.py for tasks to queue
[2025-04-21T15:03:09.567+0800] {logging_mixin.py:190} INFO - [2025-04-21T15:03:09.567+0800] {dagbag.py:588} INFO - Filling up the DagBag from /Users/luisl/Library/Python/3.9/lib/python/site-packages/airflow/example_dags/example_kubernetes_executor.py
[2025-04-21T15:03:09.582+0800] {logging_mixin.py:190} INFO - [2025-04-21T15:03:09.581+0800] {example_kubernetes_executor.py:39} WARNING - The example_kubernetes_executor example DAG requires the kubernetes provider. Please install it with: pip install apache-airflow[cncf.kubernetes]
[2025-04-21T15:03:09.582+0800] {processor.py:927} WARNING - No viable dags retrieved from /Users/luisl/Library/Python/3.9/lib/python/site-packages/airflow/example_dags/example_kubernetes_executor.py
[2025-04-21T15:03:09.622+0800] {processor.py:208} INFO - Processing /Users/luisl/Library/Python/3.9/lib/python/site-packages/airflow/example_dags/example_kubernetes_executor.py took 0.060 seconds
[2025-04-21T15:04:14.601+0800] {processor.py:186} INFO - Started process (PID=11759) to work on /Users/luisl/Library/Python/3.9/lib/python/site-packages/airflow/example_dags/example_kubernetes_executor.py
[2025-04-21T15:04:14.603+0800] {processor.py:914} INFO - Processing file /Users/luisl/Library/Python/3.9/lib/python/site-packages/airflow/example_dags/example_kubernetes_executor.py for tasks to queue
[2025-04-21T15:04:14.604+0800] {logging_mixin.py:190} INFO - [2025-04-21T15:04:14.604+0800] {dagbag.py:588} INFO - Filling up the DagBag from /Users/luisl/Library/Python/3.9/lib/python/site-packages/airflow/example_dags/example_kubernetes_executor.py
[2025-04-21T15:04:14.618+0800] {logging_mixin.py:190} INFO - [2025-04-21T15:04:14.618+0800] {example_kubernetes_executor.py:39} WARNING - The example_kubernetes_executor example DAG requires the kubernetes provider. Please install it with: pip install apache-airflow[cncf.kubernetes]
[2025-04-21T15:04:14.619+0800] {processor.py:927} WARNING - No viable dags retrieved from /Users/luisl/Library/Python/3.9/lib/python/site-packages/airflow/example_dags/example_kubernetes_executor.py
[2025-04-21T15:04:14.656+0800] {processor.py:208} INFO - Processing /Users/luisl/Library/Python/3.9/lib/python/site-packages/airflow/example_dags/example_kubernetes_executor.py took 0.056 seconds
[2025-04-21T15:05:14.612+0800] {processor.py:186} INFO - Started process (PID=11937) to work on /Users/luisl/Library/Python/3.9/lib/python/site-packages/airflow/example_dags/example_kubernetes_executor.py
[2025-04-21T15:05:14.615+0800] {processor.py:914} INFO - Processing file /Users/luisl/Library/Python/3.9/lib/python/site-packages/airflow/example_dags/example_kubernetes_executor.py for tasks to queue
[2025-04-21T15:05:14.615+0800] {logging_mixin.py:190} INFO - [2025-04-21T15:05:14.615+0800] {dagbag.py:588} INFO - Filling up the DagBag from /Users/luisl/Library/Python/3.9/lib/python/site-packages/airflow/example_dags/example_kubernetes_executor.py
[2025-04-21T15:05:14.630+0800] {logging_mixin.py:190} INFO - [2025-04-21T15:05:14.629+0800] {example_kubernetes_executor.py:39} WARNING - The example_kubernetes_executor example DAG requires the kubernetes provider. Please install it with: pip install apache-airflow[cncf.kubernetes]
[2025-04-21T15:05:14.630+0800] {processor.py:927} WARNING - No viable dags retrieved from /Users/luisl/Library/Python/3.9/lib/python/site-packages/airflow/example_dags/example_kubernetes_executor.py
[2025-04-21T15:05:14.673+0800] {processor.py:208} INFO - Processing /Users/luisl/Library/Python/3.9/lib/python/site-packages/airflow/example_dags/example_kubernetes_executor.py took 0.063 seconds
[2025-04-21T15:06:16.118+0800] {processor.py:186} INFO - Started process (PID=12104) to work on /Users/luisl/Library/Python/3.9/lib/python/site-packages/airflow/example_dags/example_kubernetes_executor.py
[2025-04-21T15:06:16.121+0800] {processor.py:914} INFO - Processing file /Users/luisl/Library/Python/3.9/lib/python/site-packages/airflow/example_dags/example_kubernetes_executor.py for tasks to queue
[2025-04-21T15:06:16.121+0800] {logging_mixin.py:190} INFO - [2025-04-21T15:06:16.121+0800] {dagbag.py:588} INFO - Filling up the DagBag from /Users/luisl/Library/Python/3.9/lib/python/site-packages/airflow/example_dags/example_kubernetes_executor.py
[2025-04-21T15:06:16.134+0800] {logging_mixin.py:190} INFO - [2025-04-21T15:06:16.134+0800] {example_kubernetes_executor.py:39} WARNING - The example_kubernetes_executor example DAG requires the kubernetes provider. Please install it with: pip install apache-airflow[cncf.kubernetes]
[2025-04-21T15:06:16.134+0800] {processor.py:927} WARNING - No viable dags retrieved from /Users/luisl/Library/Python/3.9/lib/python/site-packages/airflow/example_dags/example_kubernetes_executor.py
[2025-04-21T15:06:16.170+0800] {processor.py:208} INFO - Processing /Users/luisl/Library/Python/3.9/lib/python/site-packages/airflow/example_dags/example_kubernetes_executor.py took 0.053 seconds
[2025-04-21T15:08:31.503+0800] {processor.py:186} INFO - Started process (PID=12396) to work on /Users/luisl/Library/Python/3.9/lib/python/site-packages/airflow/example_dags/example_kubernetes_executor.py
[2025-04-21T15:08:31.505+0800] {processor.py:914} INFO - Processing file /Users/luisl/Library/Python/3.9/lib/python/site-packages/airflow/example_dags/example_kubernetes_executor.py for tasks to queue
[2025-04-21T15:08:31.506+0800] {logging_mixin.py:190} INFO - [2025-04-21T15:08:31.506+0800] {dagbag.py:588} INFO - Filling up the DagBag from /Users/luisl/Library/Python/3.9/lib/python/site-packages/airflow/example_dags/example_kubernetes_executor.py
[2025-04-21T15:08:31.518+0800] {logging_mixin.py:190} INFO - [2025-04-21T15:08:31.518+0800] {example_kubernetes_executor.py:39} WARNING - The example_kubernetes_executor example DAG requires the kubernetes provider. Please install it with: pip install apache-airflow[cncf.kubernetes]
[2025-04-21T15:08:31.518+0800] {processor.py:927} WARNING - No viable dags retrieved from /Users/luisl/Library/Python/3.9/lib/python/site-packages/airflow/example_dags/example_kubernetes_executor.py
[2025-04-21T15:08:31.556+0800] {processor.py:208} INFO - Processing /Users/luisl/Library/Python/3.9/lib/python/site-packages/airflow/example_dags/example_kubernetes_executor.py took 0.054 seconds
[2025-04-21T15:10:26.941+0800] {processor.py:186} INFO - Started process (PID=12684) to work on /Users/luisl/Library/Python/3.9/lib/python/site-packages/airflow/example_dags/example_kubernetes_executor.py
[2025-04-21T15:10:26.944+0800] {processor.py:914} INFO - Processing file /Users/luisl/Library/Python/3.9/lib/python/site-packages/airflow/example_dags/example_kubernetes_executor.py for tasks to queue
[2025-04-21T15:10:26.944+0800] {logging_mixin.py:190} INFO - [2025-04-21T15:10:26.944+0800] {dagbag.py:588} INFO - Filling up the DagBag from /Users/luisl/Library/Python/3.9/lib/python/site-packages/airflow/example_dags/example_kubernetes_executor.py
[2025-04-21T15:10:26.957+0800] {logging_mixin.py:190} INFO - [2025-04-21T15:10:26.957+0800] {example_kubernetes_executor.py:39} WARNING - The example_kubernetes_executor example DAG requires the kubernetes provider. Please install it with: pip install apache-airflow[cncf.kubernetes]
[2025-04-21T15:10:26.957+0800] {processor.py:927} WARNING - No viable dags retrieved from /Users/luisl/Library/Python/3.9/lib/python/site-packages/airflow/example_dags/example_kubernetes_executor.py
[2025-04-21T15:10:26.994+0800] {processor.py:208} INFO - Processing /Users/luisl/Library/Python/3.9/lib/python/site-packages/airflow/example_dags/example_kubernetes_executor.py took 0.054 seconds
[2025-04-21T15:11:29.177+0800] {processor.py:186} INFO - Started process (PID=12872) to work on /Users/luisl/Library/Python/3.9/lib/python/site-packages/airflow/example_dags/example_kubernetes_executor.py
[2025-04-21T15:11:29.180+0800] {processor.py:914} INFO - Processing file /Users/luisl/Library/Python/3.9/lib/python/site-packages/airflow/example_dags/example_kubernetes_executor.py for tasks to queue
[2025-04-21T15:11:29.181+0800] {logging_mixin.py:190} INFO - [2025-04-21T15:11:29.180+0800] {dagbag.py:588} INFO - Filling up the DagBag from /Users/luisl/Library/Python/3.9/lib/python/site-packages/airflow/example_dags/example_kubernetes_executor.py
[2025-04-21T15:11:29.194+0800] {logging_mixin.py:190} INFO - [2025-04-21T15:11:29.194+0800] {example_kubernetes_executor.py:39} WARNING - The example_kubernetes_executor example DAG requires the kubernetes provider. Please install it with: pip install apache-airflow[cncf.kubernetes]
[2025-04-21T15:11:29.194+0800] {processor.py:927} WARNING - No viable dags retrieved from /Users/luisl/Library/Python/3.9/lib/python/site-packages/airflow/example_dags/example_kubernetes_executor.py
[2025-04-21T15:11:29.233+0800] {processor.py:208} INFO - Processing /Users/luisl/Library/Python/3.9/lib/python/site-packages/airflow/example_dags/example_kubernetes_executor.py took 0.058 seconds
[2025-04-21T15:12:33.550+0800] {processor.py:186} INFO - Started process (PID=13093) to work on /Users/luisl/Library/Python/3.9/lib/python/site-packages/airflow/example_dags/example_kubernetes_executor.py
[2025-04-21T15:12:33.552+0800] {processor.py:914} INFO - Processing file /Users/luisl/Library/Python/3.9/lib/python/site-packages/airflow/example_dags/example_kubernetes_executor.py for tasks to queue
[2025-04-21T15:12:33.552+0800] {logging_mixin.py:190} INFO - [2025-04-21T15:12:33.552+0800] {dagbag.py:588} INFO - Filling up the DagBag from /Users/luisl/Library/Python/3.9/lib/python/site-packages/airflow/example_dags/example_kubernetes_executor.py
[2025-04-21T15:12:33.565+0800] {logging_mixin.py:190} INFO - [2025-04-21T15:12:33.565+0800] {example_kubernetes_executor.py:39} WARNING - The example_kubernetes_executor example DAG requires the kubernetes provider. Please install it with: pip install apache-airflow[cncf.kubernetes]
[2025-04-21T15:12:33.565+0800] {processor.py:927} WARNING - No viable dags retrieved from /Users/luisl/Library/Python/3.9/lib/python/site-packages/airflow/example_dags/example_kubernetes_executor.py
[2025-04-21T15:12:33.600+0800] {processor.py:208} INFO - Processing /Users/luisl/Library/Python/3.9/lib/python/site-packages/airflow/example_dags/example_kubernetes_executor.py took 0.052 seconds
[2025-04-21T15:13:39.741+0800] {processor.py:186} INFO - Started process (PID=13274) to work on /Users/luisl/Library/Python/3.9/lib/python/site-packages/airflow/example_dags/example_kubernetes_executor.py
[2025-04-21T15:13:39.744+0800] {processor.py:914} INFO - Processing file /Users/luisl/Library/Python/3.9/lib/python/site-packages/airflow/example_dags/example_kubernetes_executor.py for tasks to queue
[2025-04-21T15:13:39.744+0800] {logging_mixin.py:190} INFO - [2025-04-21T15:13:39.744+0800] {dagbag.py:588} INFO - Filling up the DagBag from /Users/luisl/Library/Python/3.9/lib/python/site-packages/airflow/example_dags/example_kubernetes_executor.py
[2025-04-21T15:13:39.761+0800] {logging_mixin.py:190} INFO - [2025-04-21T15:13:39.760+0800] {example_kubernetes_executor.py:39} WARNING - The example_kubernetes_executor example DAG requires the kubernetes provider. Please install it with: pip install apache-airflow[cncf.kubernetes]
[2025-04-21T15:13:39.761+0800] {processor.py:927} WARNING - No viable dags retrieved from /Users/luisl/Library/Python/3.9/lib/python/site-packages/airflow/example_dags/example_kubernetes_executor.py
[2025-04-21T15:13:39.801+0800] {processor.py:208} INFO - Processing /Users/luisl/Library/Python/3.9/lib/python/site-packages/airflow/example_dags/example_kubernetes_executor.py took 0.062 seconds
[2025-04-21T15:14:45.249+0800] {processor.py:186} INFO - Started process (PID=13445) to work on /Users/luisl/Library/Python/3.9/lib/python/site-packages/airflow/example_dags/example_kubernetes_executor.py
[2025-04-21T15:14:45.252+0800] {processor.py:914} INFO - Processing file /Users/luisl/Library/Python/3.9/lib/python/site-packages/airflow/example_dags/example_kubernetes_executor.py for tasks to queue
[2025-04-21T15:14:45.253+0800] {logging_mixin.py:190} INFO - [2025-04-21T15:14:45.252+0800] {dagbag.py:588} INFO - Filling up the DagBag from /Users/luisl/Library/Python/3.9/lib/python/site-packages/airflow/example_dags/example_kubernetes_executor.py
[2025-04-21T15:14:45.265+0800] {logging_mixin.py:190} INFO - [2025-04-21T15:14:45.265+0800] {example_kubernetes_executor.py:39} WARNING - The example_kubernetes_executor example DAG requires the kubernetes provider. Please install it with: pip install apache-airflow[cncf.kubernetes]
[2025-04-21T15:14:45.265+0800] {processor.py:927} WARNING - No viable dags retrieved from /Users/luisl/Library/Python/3.9/lib/python/site-packages/airflow/example_dags/example_kubernetes_executor.py
[2025-04-21T15:14:45.304+0800] {processor.py:208} INFO - Processing /Users/luisl/Library/Python/3.9/lib/python/site-packages/airflow/example_dags/example_kubernetes_executor.py took 0.056 seconds
[2025-04-21T15:16:09.699+0800] {processor.py:186} INFO - Started process (PID=13638) to work on /Users/luisl/Library/Python/3.9/lib/python/site-packages/airflow/example_dags/example_kubernetes_executor.py
[2025-04-21T15:16:09.701+0800] {processor.py:914} INFO - Processing file /Users/luisl/Library/Python/3.9/lib/python/site-packages/airflow/example_dags/example_kubernetes_executor.py for tasks to queue
[2025-04-21T15:16:09.702+0800] {logging_mixin.py:190} INFO - [2025-04-21T15:16:09.702+0800] {dagbag.py:588} INFO - Filling up the DagBag from /Users/luisl/Library/Python/3.9/lib/python/site-packages/airflow/example_dags/example_kubernetes_executor.py
[2025-04-21T15:16:09.715+0800] {logging_mixin.py:190} INFO - [2025-04-21T15:16:09.715+0800] {example_kubernetes_executor.py:39} WARNING - The example_kubernetes_executor example DAG requires the kubernetes provider. Please install it with: pip install apache-airflow[cncf.kubernetes]
[2025-04-21T15:16:09.715+0800] {processor.py:927} WARNING - No viable dags retrieved from /Users/luisl/Library/Python/3.9/lib/python/site-packages/airflow/example_dags/example_kubernetes_executor.py
[2025-04-21T15:16:09.753+0800] {processor.py:208} INFO - Processing /Users/luisl/Library/Python/3.9/lib/python/site-packages/airflow/example_dags/example_kubernetes_executor.py took 0.055 seconds
[2025-04-21T15:18:58.693+0800] {processor.py:186} INFO - Started process (PID=13929) to work on /Users/luisl/Library/Python/3.9/lib/python/site-packages/airflow/example_dags/example_kubernetes_executor.py
[2025-04-21T15:18:58.696+0800] {processor.py:914} INFO - Processing file /Users/luisl/Library/Python/3.9/lib/python/site-packages/airflow/example_dags/example_kubernetes_executor.py for tasks to queue
[2025-04-21T15:18:58.696+0800] {logging_mixin.py:190} INFO - [2025-04-21T15:18:58.696+0800] {dagbag.py:588} INFO - Filling up the DagBag from /Users/luisl/Library/Python/3.9/lib/python/site-packages/airflow/example_dags/example_kubernetes_executor.py
[2025-04-21T15:18:58.708+0800] {logging_mixin.py:190} INFO - [2025-04-21T15:18:58.708+0800] {example_kubernetes_executor.py:39} WARNING - The example_kubernetes_executor example DAG requires the kubernetes provider. Please install it with: pip install apache-airflow[cncf.kubernetes]
[2025-04-21T15:18:58.708+0800] {processor.py:927} WARNING - No viable dags retrieved from /Users/luisl/Library/Python/3.9/lib/python/site-packages/airflow/example_dags/example_kubernetes_executor.py
[2025-04-21T15:18:58.743+0800] {processor.py:208} INFO - Processing /Users/luisl/Library/Python/3.9/lib/python/site-packages/airflow/example_dags/example_kubernetes_executor.py took 0.051 seconds
[2025-04-21T15:21:46.671+0800] {processor.py:186} INFO - Started process (PID=14259) to work on /Users/luisl/Library/Python/3.9/lib/python/site-packages/airflow/example_dags/example_kubernetes_executor.py
[2025-04-21T15:21:46.674+0800] {processor.py:914} INFO - Processing file /Users/luisl/Library/Python/3.9/lib/python/site-packages/airflow/example_dags/example_kubernetes_executor.py for tasks to queue
[2025-04-21T15:21:46.674+0800] {logging_mixin.py:190} INFO - [2025-04-21T15:21:46.674+0800] {dagbag.py:588} INFO - Filling up the DagBag from /Users/luisl/Library/Python/3.9/lib/python/site-packages/airflow/example_dags/example_kubernetes_executor.py
[2025-04-21T15:21:46.690+0800] {logging_mixin.py:190} INFO - [2025-04-21T15:21:46.689+0800] {example_kubernetes_executor.py:39} WARNING - The example_kubernetes_executor example DAG requires the kubernetes provider. Please install it with: pip install apache-airflow[cncf.kubernetes]
[2025-04-21T15:21:46.690+0800] {processor.py:927} WARNING - No viable dags retrieved from /Users/luisl/Library/Python/3.9/lib/python/site-packages/airflow/example_dags/example_kubernetes_executor.py
[2025-04-21T15:21:46.730+0800] {processor.py:208} INFO - Processing /Users/luisl/Library/Python/3.9/lib/python/site-packages/airflow/example_dags/example_kubernetes_executor.py took 0.060 seconds
[2025-04-21T15:23:37.314+0800] {processor.py:186} INFO - Started process (PID=14524) to work on /Users/luisl/Library/Python/3.9/lib/python/site-packages/airflow/example_dags/example_kubernetes_executor.py
[2025-04-21T15:23:37.317+0800] {processor.py:914} INFO - Processing file /Users/luisl/Library/Python/3.9/lib/python/site-packages/airflow/example_dags/example_kubernetes_executor.py for tasks to queue
[2025-04-21T15:23:37.317+0800] {logging_mixin.py:190} INFO - [2025-04-21T15:23:37.317+0800] {dagbag.py:588} INFO - Filling up the DagBag from /Users/luisl/Library/Python/3.9/lib/python/site-packages/airflow/example_dags/example_kubernetes_executor.py
[2025-04-21T15:23:37.332+0800] {logging_mixin.py:190} INFO - [2025-04-21T15:23:37.332+0800] {example_kubernetes_executor.py:39} WARNING - The example_kubernetes_executor example DAG requires the kubernetes provider. Please install it with: pip install apache-airflow[cncf.kubernetes]
[2025-04-21T15:23:37.332+0800] {processor.py:927} WARNING - No viable dags retrieved from /Users/luisl/Library/Python/3.9/lib/python/site-packages/airflow/example_dags/example_kubernetes_executor.py
[2025-04-21T15:23:37.372+0800] {processor.py:208} INFO - Processing /Users/luisl/Library/Python/3.9/lib/python/site-packages/airflow/example_dags/example_kubernetes_executor.py took 0.060 seconds
[2025-04-21T15:24:48.767+0800] {processor.py:186} INFO - Started process (PID=14695) to work on /Users/luisl/Library/Python/3.9/lib/python/site-packages/airflow/example_dags/example_kubernetes_executor.py
[2025-04-21T15:24:48.770+0800] {processor.py:914} INFO - Processing file /Users/luisl/Library/Python/3.9/lib/python/site-packages/airflow/example_dags/example_kubernetes_executor.py for tasks to queue
[2025-04-21T15:24:48.770+0800] {logging_mixin.py:190} INFO - [2025-04-21T15:24:48.770+0800] {dagbag.py:588} INFO - Filling up the DagBag from /Users/luisl/Library/Python/3.9/lib/python/site-packages/airflow/example_dags/example_kubernetes_executor.py
[2025-04-21T15:24:48.784+0800] {logging_mixin.py:190} INFO - [2025-04-21T15:24:48.784+0800] {example_kubernetes_executor.py:39} WARNING - The example_kubernetes_executor example DAG requires the kubernetes provider. Please install it with: pip install apache-airflow[cncf.kubernetes]
[2025-04-21T15:24:48.784+0800] {processor.py:927} WARNING - No viable dags retrieved from /Users/luisl/Library/Python/3.9/lib/python/site-packages/airflow/example_dags/example_kubernetes_executor.py
[2025-04-21T15:24:48.824+0800] {processor.py:208} INFO - Processing /Users/luisl/Library/Python/3.9/lib/python/site-packages/airflow/example_dags/example_kubernetes_executor.py took 0.058 seconds
[2025-04-21T15:25:56.525+0800] {processor.py:186} INFO - Started process (PID=14848) to work on /Users/luisl/Library/Python/3.9/lib/python/site-packages/airflow/example_dags/example_kubernetes_executor.py
[2025-04-21T15:25:56.527+0800] {processor.py:914} INFO - Processing file /Users/luisl/Library/Python/3.9/lib/python/site-packages/airflow/example_dags/example_kubernetes_executor.py for tasks to queue
[2025-04-21T15:25:56.528+0800] {logging_mixin.py:190} INFO - [2025-04-21T15:25:56.528+0800] {dagbag.py:588} INFO - Filling up the DagBag from /Users/luisl/Library/Python/3.9/lib/python/site-packages/airflow/example_dags/example_kubernetes_executor.py
[2025-04-21T15:25:56.542+0800] {logging_mixin.py:190} INFO - [2025-04-21T15:25:56.542+0800] {example_kubernetes_executor.py:39} WARNING - The example_kubernetes_executor example DAG requires the kubernetes provider. Please install it with: pip install apache-airflow[cncf.kubernetes]
[2025-04-21T15:25:56.542+0800] {processor.py:927} WARNING - No viable dags retrieved from /Users/luisl/Library/Python/3.9/lib/python/site-packages/airflow/example_dags/example_kubernetes_executor.py
[2025-04-21T15:25:56.580+0800] {processor.py:208} INFO - Processing /Users/luisl/Library/Python/3.9/lib/python/site-packages/airflow/example_dags/example_kubernetes_executor.py took 0.056 seconds
[2025-04-21T15:27:18.684+0800] {processor.py:186} INFO - Started process (PID=15048) to work on /Users/luisl/Library/Python/3.9/lib/python/site-packages/airflow/example_dags/example_kubernetes_executor.py
[2025-04-21T15:27:18.687+0800] {processor.py:914} INFO - Processing file /Users/luisl/Library/Python/3.9/lib/python/site-packages/airflow/example_dags/example_kubernetes_executor.py for tasks to queue
[2025-04-21T15:27:18.687+0800] {logging_mixin.py:190} INFO - [2025-04-21T15:27:18.687+0800] {dagbag.py:588} INFO - Filling up the DagBag from /Users/luisl/Library/Python/3.9/lib/python/site-packages/airflow/example_dags/example_kubernetes_executor.py
[2025-04-21T15:27:18.700+0800] {logging_mixin.py:190} INFO - [2025-04-21T15:27:18.700+0800] {example_kubernetes_executor.py:39} WARNING - The example_kubernetes_executor example DAG requires the kubernetes provider. Please install it with: pip install apache-airflow[cncf.kubernetes]
[2025-04-21T15:27:18.700+0800] {processor.py:927} WARNING - No viable dags retrieved from /Users/luisl/Library/Python/3.9/lib/python/site-packages/airflow/example_dags/example_kubernetes_executor.py
[2025-04-21T15:27:18.737+0800] {processor.py:208} INFO - Processing /Users/luisl/Library/Python/3.9/lib/python/site-packages/airflow/example_dags/example_kubernetes_executor.py took 0.054 seconds
[2025-04-21T15:28:21.761+0800] {processor.py:186} INFO - Started process (PID=15209) to work on /Users/luisl/Library/Python/3.9/lib/python/site-packages/airflow/example_dags/example_kubernetes_executor.py
[2025-04-21T15:28:21.764+0800] {processor.py:914} INFO - Processing file /Users/luisl/Library/Python/3.9/lib/python/site-packages/airflow/example_dags/example_kubernetes_executor.py for tasks to queue
[2025-04-21T15:28:21.764+0800] {logging_mixin.py:190} INFO - [2025-04-21T15:28:21.764+0800] {dagbag.py:588} INFO - Filling up the DagBag from /Users/luisl/Library/Python/3.9/lib/python/site-packages/airflow/example_dags/example_kubernetes_executor.py
[2025-04-21T15:28:21.778+0800] {logging_mixin.py:190} INFO - [2025-04-21T15:28:21.778+0800] {example_kubernetes_executor.py:39} WARNING - The example_kubernetes_executor example DAG requires the kubernetes provider. Please install it with: pip install apache-airflow[cncf.kubernetes]
[2025-04-21T15:28:21.778+0800] {processor.py:927} WARNING - No viable dags retrieved from /Users/luisl/Library/Python/3.9/lib/python/site-packages/airflow/example_dags/example_kubernetes_executor.py
[2025-04-21T15:28:21.818+0800] {processor.py:208} INFO - Processing /Users/luisl/Library/Python/3.9/lib/python/site-packages/airflow/example_dags/example_kubernetes_executor.py took 0.059 seconds
[2025-04-21T15:29:26.313+0800] {processor.py:186} INFO - Started process (PID=15344) to work on /Users/luisl/Library/Python/3.9/lib/python/site-packages/airflow/example_dags/example_kubernetes_executor.py
[2025-04-21T15:29:26.316+0800] {processor.py:914} INFO - Processing file /Users/luisl/Library/Python/3.9/lib/python/site-packages/airflow/example_dags/example_kubernetes_executor.py for tasks to queue
[2025-04-21T15:29:26.317+0800] {logging_mixin.py:190} INFO - [2025-04-21T15:29:26.317+0800] {dagbag.py:588} INFO - Filling up the DagBag from /Users/luisl/Library/Python/3.9/lib/python/site-packages/airflow/example_dags/example_kubernetes_executor.py
[2025-04-21T15:29:26.330+0800] {logging_mixin.py:190} INFO - [2025-04-21T15:29:26.329+0800] {example_kubernetes_executor.py:39} WARNING - The example_kubernetes_executor example DAG requires the kubernetes provider. Please install it with: pip install apache-airflow[cncf.kubernetes]
[2025-04-21T15:29:26.330+0800] {processor.py:927} WARNING - No viable dags retrieved from /Users/luisl/Library/Python/3.9/lib/python/site-packages/airflow/example_dags/example_kubernetes_executor.py
[2025-04-21T15:29:26.365+0800] {processor.py:208} INFO - Processing /Users/luisl/Library/Python/3.9/lib/python/site-packages/airflow/example_dags/example_kubernetes_executor.py took 0.053 seconds
[2025-04-21T15:43:19.200+0800] {processor.py:186} INFO - Started process (PID=16041) to work on /Users/luisl/Library/Python/3.9/lib/python/site-packages/airflow/example_dags/example_kubernetes_executor.py
[2025-04-21T15:43:19.202+0800] {processor.py:914} INFO - Processing file /Users/luisl/Library/Python/3.9/lib/python/site-packages/airflow/example_dags/example_kubernetes_executor.py for tasks to queue
[2025-04-21T15:43:19.202+0800] {logging_mixin.py:190} INFO - [2025-04-21T15:43:19.202+0800] {dagbag.py:588} INFO - Filling up the DagBag from /Users/luisl/Library/Python/3.9/lib/python/site-packages/airflow/example_dags/example_kubernetes_executor.py
[2025-04-21T15:43:19.215+0800] {logging_mixin.py:190} INFO - [2025-04-21T15:43:19.215+0800] {example_kubernetes_executor.py:39} WARNING - The example_kubernetes_executor example DAG requires the kubernetes provider. Please install it with: pip install apache-airflow[cncf.kubernetes]
[2025-04-21T15:43:19.215+0800] {processor.py:927} WARNING - No viable dags retrieved from /Users/luisl/Library/Python/3.9/lib/python/site-packages/airflow/example_dags/example_kubernetes_executor.py
[2025-04-21T15:43:19.254+0800] {processor.py:208} INFO - Processing /Users/luisl/Library/Python/3.9/lib/python/site-packages/airflow/example_dags/example_kubernetes_executor.py took 0.056 seconds
[2025-04-21T15:44:22.853+0800] {processor.py:186} INFO - Started process (PID=16170) to work on /Users/luisl/Library/Python/3.9/lib/python/site-packages/airflow/example_dags/example_kubernetes_executor.py
[2025-04-21T15:44:22.855+0800] {processor.py:914} INFO - Processing file /Users/luisl/Library/Python/3.9/lib/python/site-packages/airflow/example_dags/example_kubernetes_executor.py for tasks to queue
[2025-04-21T15:44:22.856+0800] {logging_mixin.py:190} INFO - [2025-04-21T15:44:22.856+0800] {dagbag.py:588} INFO - Filling up the DagBag from /Users/luisl/Library/Python/3.9/lib/python/site-packages/airflow/example_dags/example_kubernetes_executor.py
[2025-04-21T15:44:22.868+0800] {logging_mixin.py:190} INFO - [2025-04-21T15:44:22.868+0800] {example_kubernetes_executor.py:39} WARNING - The example_kubernetes_executor example DAG requires the kubernetes provider. Please install it with: pip install apache-airflow[cncf.kubernetes]
[2025-04-21T15:44:22.868+0800] {processor.py:927} WARNING - No viable dags retrieved from /Users/luisl/Library/Python/3.9/lib/python/site-packages/airflow/example_dags/example_kubernetes_executor.py
[2025-04-21T15:44:22.905+0800] {processor.py:208} INFO - Processing /Users/luisl/Library/Python/3.9/lib/python/site-packages/airflow/example_dags/example_kubernetes_executor.py took 0.054 seconds
[2025-04-21T15:45:26.154+0800] {processor.py:186} INFO - Started process (PID=16293) to work on /Users/luisl/Library/Python/3.9/lib/python/site-packages/airflow/example_dags/example_kubernetes_executor.py
[2025-04-21T15:45:26.158+0800] {processor.py:914} INFO - Processing file /Users/luisl/Library/Python/3.9/lib/python/site-packages/airflow/example_dags/example_kubernetes_executor.py for tasks to queue
[2025-04-21T15:45:26.159+0800] {logging_mixin.py:190} INFO - [2025-04-21T15:45:26.158+0800] {dagbag.py:588} INFO - Filling up the DagBag from /Users/luisl/Library/Python/3.9/lib/python/site-packages/airflow/example_dags/example_kubernetes_executor.py
[2025-04-21T15:45:26.173+0800] {logging_mixin.py:190} INFO - [2025-04-21T15:45:26.173+0800] {example_kubernetes_executor.py:39} WARNING - The example_kubernetes_executor example DAG requires the kubernetes provider. Please install it with: pip install apache-airflow[cncf.kubernetes]
[2025-04-21T15:45:26.173+0800] {processor.py:927} WARNING - No viable dags retrieved from /Users/luisl/Library/Python/3.9/lib/python/site-packages/airflow/example_dags/example_kubernetes_executor.py
[2025-04-21T15:45:26.215+0800] {processor.py:208} INFO - Processing /Users/luisl/Library/Python/3.9/lib/python/site-packages/airflow/example_dags/example_kubernetes_executor.py took 0.062 seconds
[2025-04-21T15:46:32.016+0800] {processor.py:186} INFO - Started process (PID=16465) to work on /Users/luisl/Library/Python/3.9/lib/python/site-packages/airflow/example_dags/example_kubernetes_executor.py
[2025-04-21T15:46:32.020+0800] {processor.py:914} INFO - Processing file /Users/luisl/Library/Python/3.9/lib/python/site-packages/airflow/example_dags/example_kubernetes_executor.py for tasks to queue
[2025-04-21T15:46:32.020+0800] {logging_mixin.py:190} INFO - [2025-04-21T15:46:32.020+0800] {dagbag.py:588} INFO - Filling up the DagBag from /Users/luisl/Library/Python/3.9/lib/python/site-packages/airflow/example_dags/example_kubernetes_executor.py
[2025-04-21T15:46:32.035+0800] {logging_mixin.py:190} INFO - [2025-04-21T15:46:32.035+0800] {example_kubernetes_executor.py:39} WARNING - The example_kubernetes_executor example DAG requires the kubernetes provider. Please install it with: pip install apache-airflow[cncf.kubernetes]
[2025-04-21T15:46:32.035+0800] {processor.py:927} WARNING - No viable dags retrieved from /Users/luisl/Library/Python/3.9/lib/python/site-packages/airflow/example_dags/example_kubernetes_executor.py
[2025-04-21T15:46:32.076+0800] {processor.py:208} INFO - Processing /Users/luisl/Library/Python/3.9/lib/python/site-packages/airflow/example_dags/example_kubernetes_executor.py took 0.062 seconds
[2025-04-21T15:47:42.449+0800] {processor.py:186} INFO - Started process (PID=16628) to work on /Users/luisl/Library/Python/3.9/lib/python/site-packages/airflow/example_dags/example_kubernetes_executor.py
[2025-04-21T15:47:42.451+0800] {processor.py:914} INFO - Processing file /Users/luisl/Library/Python/3.9/lib/python/site-packages/airflow/example_dags/example_kubernetes_executor.py for tasks to queue
[2025-04-21T15:47:42.452+0800] {logging_mixin.py:190} INFO - [2025-04-21T15:47:42.452+0800] {dagbag.py:588} INFO - Filling up the DagBag from /Users/luisl/Library/Python/3.9/lib/python/site-packages/airflow/example_dags/example_kubernetes_executor.py
[2025-04-21T15:47:42.464+0800] {logging_mixin.py:190} INFO - [2025-04-21T15:47:42.464+0800] {example_kubernetes_executor.py:39} WARNING - The example_kubernetes_executor example DAG requires the kubernetes provider. Please install it with: pip install apache-airflow[cncf.kubernetes]
[2025-04-21T15:47:42.464+0800] {processor.py:927} WARNING - No viable dags retrieved from /Users/luisl/Library/Python/3.9/lib/python/site-packages/airflow/example_dags/example_kubernetes_executor.py
[2025-04-21T15:47:42.500+0800] {processor.py:208} INFO - Processing /Users/luisl/Library/Python/3.9/lib/python/site-packages/airflow/example_dags/example_kubernetes_executor.py took 0.053 seconds
[2025-04-21T15:48:44.934+0800] {processor.py:186} INFO - Started process (PID=16750) to work on /Users/luisl/Library/Python/3.9/lib/python/site-packages/airflow/example_dags/example_kubernetes_executor.py
[2025-04-21T15:48:44.937+0800] {processor.py:914} INFO - Processing file /Users/luisl/Library/Python/3.9/lib/python/site-packages/airflow/example_dags/example_kubernetes_executor.py for tasks to queue
[2025-04-21T15:48:44.937+0800] {logging_mixin.py:190} INFO - [2025-04-21T15:48:44.937+0800] {dagbag.py:588} INFO - Filling up the DagBag from /Users/luisl/Library/Python/3.9/lib/python/site-packages/airflow/example_dags/example_kubernetes_executor.py
[2025-04-21T15:48:44.950+0800] {logging_mixin.py:190} INFO - [2025-04-21T15:48:44.950+0800] {example_kubernetes_executor.py:39} WARNING - The example_kubernetes_executor example DAG requires the kubernetes provider. Please install it with: pip install apache-airflow[cncf.kubernetes]
[2025-04-21T15:48:44.950+0800] {processor.py:927} WARNING - No viable dags retrieved from /Users/luisl/Library/Python/3.9/lib/python/site-packages/airflow/example_dags/example_kubernetes_executor.py
[2025-04-21T15:48:44.986+0800] {processor.py:208} INFO - Processing /Users/luisl/Library/Python/3.9/lib/python/site-packages/airflow/example_dags/example_kubernetes_executor.py took 0.053 seconds
[2025-04-21T15:49:45.203+0800] {processor.py:186} INFO - Started process (PID=16879) to work on /Users/luisl/Library/Python/3.9/lib/python/site-packages/airflow/example_dags/example_kubernetes_executor.py
[2025-04-21T15:49:45.205+0800] {processor.py:914} INFO - Processing file /Users/luisl/Library/Python/3.9/lib/python/site-packages/airflow/example_dags/example_kubernetes_executor.py for tasks to queue
[2025-04-21T15:49:45.206+0800] {logging_mixin.py:190} INFO - [2025-04-21T15:49:45.206+0800] {dagbag.py:588} INFO - Filling up the DagBag from /Users/luisl/Library/Python/3.9/lib/python/site-packages/airflow/example_dags/example_kubernetes_executor.py
[2025-04-21T15:49:45.220+0800] {logging_mixin.py:190} INFO - [2025-04-21T15:49:45.220+0800] {example_kubernetes_executor.py:39} WARNING - The example_kubernetes_executor example DAG requires the kubernetes provider. Please install it with: pip install apache-airflow[cncf.kubernetes]
[2025-04-21T15:49:45.220+0800] {processor.py:927} WARNING - No viable dags retrieved from /Users/luisl/Library/Python/3.9/lib/python/site-packages/airflow/example_dags/example_kubernetes_executor.py
[2025-04-21T15:49:45.264+0800] {processor.py:208} INFO - Processing /Users/luisl/Library/Python/3.9/lib/python/site-packages/airflow/example_dags/example_kubernetes_executor.py took 0.062 seconds
[2025-04-21T16:19:32.606+0800] {processor.py:186} INFO - Started process (PID=17517) to work on /Users/luisl/Library/Python/3.9/lib/python/site-packages/airflow/example_dags/example_kubernetes_executor.py
[2025-04-21T16:19:32.609+0800] {processor.py:914} INFO - Processing file /Users/luisl/Library/Python/3.9/lib/python/site-packages/airflow/example_dags/example_kubernetes_executor.py for tasks to queue
[2025-04-21T16:19:32.609+0800] {logging_mixin.py:190} INFO - [2025-04-21T16:19:32.609+0800] {dagbag.py:588} INFO - Filling up the DagBag from /Users/luisl/Library/Python/3.9/lib/python/site-packages/airflow/example_dags/example_kubernetes_executor.py
[2025-04-21T16:19:32.625+0800] {logging_mixin.py:190} INFO - [2025-04-21T16:19:32.625+0800] {example_kubernetes_executor.py:39} WARNING - The example_kubernetes_executor example DAG requires the kubernetes provider. Please install it with: pip install apache-airflow[cncf.kubernetes]
[2025-04-21T16:19:32.625+0800] {processor.py:927} WARNING - No viable dags retrieved from /Users/luisl/Library/Python/3.9/lib/python/site-packages/airflow/example_dags/example_kubernetes_executor.py
[2025-04-21T16:19:32.666+0800] {processor.py:208} INFO - Processing /Users/luisl/Library/Python/3.9/lib/python/site-packages/airflow/example_dags/example_kubernetes_executor.py took 0.062 seconds
[2025-04-21T16:20:42.123+0800] {processor.py:186} INFO - Started process (PID=17677) to work on /Users/luisl/Library/Python/3.9/lib/python/site-packages/airflow/example_dags/example_kubernetes_executor.py
[2025-04-21T16:20:42.125+0800] {processor.py:914} INFO - Processing file /Users/luisl/Library/Python/3.9/lib/python/site-packages/airflow/example_dags/example_kubernetes_executor.py for tasks to queue
[2025-04-21T16:20:42.126+0800] {logging_mixin.py:190} INFO - [2025-04-21T16:20:42.126+0800] {dagbag.py:588} INFO - Filling up the DagBag from /Users/luisl/Library/Python/3.9/lib/python/site-packages/airflow/example_dags/example_kubernetes_executor.py
[2025-04-21T16:20:42.139+0800] {logging_mixin.py:190} INFO - [2025-04-21T16:20:42.139+0800] {example_kubernetes_executor.py:39} WARNING - The example_kubernetes_executor example DAG requires the kubernetes provider. Please install it with: pip install apache-airflow[cncf.kubernetes]
[2025-04-21T16:20:42.139+0800] {processor.py:927} WARNING - No viable dags retrieved from /Users/luisl/Library/Python/3.9/lib/python/site-packages/airflow/example_dags/example_kubernetes_executor.py
[2025-04-21T16:20:42.179+0800] {processor.py:208} INFO - Processing /Users/luisl/Library/Python/3.9/lib/python/site-packages/airflow/example_dags/example_kubernetes_executor.py took 0.057 seconds
[2025-04-21T16:21:46.437+0800] {processor.py:186} INFO - Started process (PID=17824) to work on /Users/luisl/Library/Python/3.9/lib/python/site-packages/airflow/example_dags/example_kubernetes_executor.py
[2025-04-21T16:21:46.439+0800] {processor.py:914} INFO - Processing file /Users/luisl/Library/Python/3.9/lib/python/site-packages/airflow/example_dags/example_kubernetes_executor.py for tasks to queue
[2025-04-21T16:21:46.440+0800] {logging_mixin.py:190} INFO - [2025-04-21T16:21:46.440+0800] {dagbag.py:588} INFO - Filling up the DagBag from /Users/luisl/Library/Python/3.9/lib/python/site-packages/airflow/example_dags/example_kubernetes_executor.py
[2025-04-21T16:21:46.454+0800] {logging_mixin.py:190} INFO - [2025-04-21T16:21:46.454+0800] {example_kubernetes_executor.py:39} WARNING - The example_kubernetes_executor example DAG requires the kubernetes provider. Please install it with: pip install apache-airflow[cncf.kubernetes]
[2025-04-21T16:21:46.455+0800] {processor.py:927} WARNING - No viable dags retrieved from /Users/luisl/Library/Python/3.9/lib/python/site-packages/airflow/example_dags/example_kubernetes_executor.py
[2025-04-21T16:21:46.497+0800] {processor.py:208} INFO - Processing /Users/luisl/Library/Python/3.9/lib/python/site-packages/airflow/example_dags/example_kubernetes_executor.py took 0.062 seconds
[2025-04-21T16:22:55.349+0800] {processor.py:186} INFO - Started process (PID=17989) to work on /Users/luisl/Library/Python/3.9/lib/python/site-packages/airflow/example_dags/example_kubernetes_executor.py
[2025-04-21T16:22:55.351+0800] {processor.py:914} INFO - Processing file /Users/luisl/Library/Python/3.9/lib/python/site-packages/airflow/example_dags/example_kubernetes_executor.py for tasks to queue
[2025-04-21T16:22:55.351+0800] {logging_mixin.py:190} INFO - [2025-04-21T16:22:55.351+0800] {dagbag.py:588} INFO - Filling up the DagBag from /Users/luisl/Library/Python/3.9/lib/python/site-packages/airflow/example_dags/example_kubernetes_executor.py
[2025-04-21T16:22:55.365+0800] {logging_mixin.py:190} INFO - [2025-04-21T16:22:55.365+0800] {example_kubernetes_executor.py:39} WARNING - The example_kubernetes_executor example DAG requires the kubernetes provider. Please install it with: pip install apache-airflow[cncf.kubernetes]
[2025-04-21T16:22:55.365+0800] {processor.py:927} WARNING - No viable dags retrieved from /Users/luisl/Library/Python/3.9/lib/python/site-packages/airflow/example_dags/example_kubernetes_executor.py
[2025-04-21T16:22:55.401+0800] {processor.py:208} INFO - Processing /Users/luisl/Library/Python/3.9/lib/python/site-packages/airflow/example_dags/example_kubernetes_executor.py took 0.054 seconds
[2025-04-21T16:23:56.847+0800] {processor.py:186} INFO - Started process (PID=18135) to work on /Users/luisl/Library/Python/3.9/lib/python/site-packages/airflow/example_dags/example_kubernetes_executor.py
[2025-04-21T16:23:56.849+0800] {processor.py:914} INFO - Processing file /Users/luisl/Library/Python/3.9/lib/python/site-packages/airflow/example_dags/example_kubernetes_executor.py for tasks to queue
[2025-04-21T16:23:56.850+0800] {logging_mixin.py:190} INFO - [2025-04-21T16:23:56.850+0800] {dagbag.py:588} INFO - Filling up the DagBag from /Users/luisl/Library/Python/3.9/lib/python/site-packages/airflow/example_dags/example_kubernetes_executor.py
[2025-04-21T16:23:56.863+0800] {logging_mixin.py:190} INFO - [2025-04-21T16:23:56.863+0800] {example_kubernetes_executor.py:39} WARNING - The example_kubernetes_executor example DAG requires the kubernetes provider. Please install it with: pip install apache-airflow[cncf.kubernetes]
[2025-04-21T16:23:56.863+0800] {processor.py:927} WARNING - No viable dags retrieved from /Users/luisl/Library/Python/3.9/lib/python/site-packages/airflow/example_dags/example_kubernetes_executor.py
[2025-04-21T16:23:56.899+0800] {processor.py:208} INFO - Processing /Users/luisl/Library/Python/3.9/lib/python/site-packages/airflow/example_dags/example_kubernetes_executor.py took 0.054 seconds
[2025-04-21T16:25:02.907+0800] {processor.py:186} INFO - Started process (PID=18301) to work on /Users/luisl/Library/Python/3.9/lib/python/site-packages/airflow/example_dags/example_kubernetes_executor.py
[2025-04-21T16:25:02.910+0800] {processor.py:914} INFO - Processing file /Users/luisl/Library/Python/3.9/lib/python/site-packages/airflow/example_dags/example_kubernetes_executor.py for tasks to queue
[2025-04-21T16:25:02.911+0800] {logging_mixin.py:190} INFO - [2025-04-21T16:25:02.911+0800] {dagbag.py:588} INFO - Filling up the DagBag from /Users/luisl/Library/Python/3.9/lib/python/site-packages/airflow/example_dags/example_kubernetes_executor.py
[2025-04-21T16:25:02.925+0800] {logging_mixin.py:190} INFO - [2025-04-21T16:25:02.925+0800] {example_kubernetes_executor.py:39} WARNING - The example_kubernetes_executor example DAG requires the kubernetes provider. Please install it with: pip install apache-airflow[cncf.kubernetes]
[2025-04-21T16:25:02.925+0800] {processor.py:927} WARNING - No viable dags retrieved from /Users/luisl/Library/Python/3.9/lib/python/site-packages/airflow/example_dags/example_kubernetes_executor.py
[2025-04-21T16:25:02.966+0800] {processor.py:208} INFO - Processing /Users/luisl/Library/Python/3.9/lib/python/site-packages/airflow/example_dags/example_kubernetes_executor.py took 0.061 seconds
[2025-04-21T16:26:06.095+0800] {processor.py:186} INFO - Started process (PID=18439) to work on /Users/luisl/Library/Python/3.9/lib/python/site-packages/airflow/example_dags/example_kubernetes_executor.py
[2025-04-21T16:26:06.098+0800] {processor.py:914} INFO - Processing file /Users/luisl/Library/Python/3.9/lib/python/site-packages/airflow/example_dags/example_kubernetes_executor.py for tasks to queue
[2025-04-21T16:26:06.099+0800] {logging_mixin.py:190} INFO - [2025-04-21T16:26:06.098+0800] {dagbag.py:588} INFO - Filling up the DagBag from /Users/luisl/Library/Python/3.9/lib/python/site-packages/airflow/example_dags/example_kubernetes_executor.py
[2025-04-21T16:26:06.112+0800] {logging_mixin.py:190} INFO - [2025-04-21T16:26:06.112+0800] {example_kubernetes_executor.py:39} WARNING - The example_kubernetes_executor example DAG requires the kubernetes provider. Please install it with: pip install apache-airflow[cncf.kubernetes]
[2025-04-21T16:26:06.112+0800] {processor.py:927} WARNING - No viable dags retrieved from /Users/luisl/Library/Python/3.9/lib/python/site-packages/airflow/example_dags/example_kubernetes_executor.py
[2025-04-21T16:26:06.150+0800] {processor.py:208} INFO - Processing /Users/luisl/Library/Python/3.9/lib/python/site-packages/airflow/example_dags/example_kubernetes_executor.py took 0.056 seconds
[2025-04-21T16:27:10.666+0800] {processor.py:186} INFO - Started process (PID=18575) to work on /Users/luisl/Library/Python/3.9/lib/python/site-packages/airflow/example_dags/example_kubernetes_executor.py
[2025-04-21T16:27:10.669+0800] {processor.py:914} INFO - Processing file /Users/luisl/Library/Python/3.9/lib/python/site-packages/airflow/example_dags/example_kubernetes_executor.py for tasks to queue
[2025-04-21T16:27:10.669+0800] {logging_mixin.py:190} INFO - [2025-04-21T16:27:10.669+0800] {dagbag.py:588} INFO - Filling up the DagBag from /Users/luisl/Library/Python/3.9/lib/python/site-packages/airflow/example_dags/example_kubernetes_executor.py
[2025-04-21T16:27:10.684+0800] {logging_mixin.py:190} INFO - [2025-04-21T16:27:10.684+0800] {example_kubernetes_executor.py:39} WARNING - The example_kubernetes_executor example DAG requires the kubernetes provider. Please install it with: pip install apache-airflow[cncf.kubernetes]
[2025-04-21T16:27:10.684+0800] {processor.py:927} WARNING - No viable dags retrieved from /Users/luisl/Library/Python/3.9/lib/python/site-packages/airflow/example_dags/example_kubernetes_executor.py
[2025-04-21T16:27:10.722+0800] {processor.py:208} INFO - Processing /Users/luisl/Library/Python/3.9/lib/python/site-packages/airflow/example_dags/example_kubernetes_executor.py took 0.057 seconds
[2025-04-21T16:29:07.339+0800] {processor.py:186} INFO - Started process (PID=19030) to work on /Users/luisl/Library/Python/3.9/lib/python/site-packages/airflow/example_dags/example_kubernetes_executor.py
[2025-04-21T16:29:07.342+0800] {processor.py:914} INFO - Processing file /Users/luisl/Library/Python/3.9/lib/python/site-packages/airflow/example_dags/example_kubernetes_executor.py for tasks to queue
[2025-04-21T16:29:07.342+0800] {logging_mixin.py:190} INFO - [2025-04-21T16:29:07.342+0800] {dagbag.py:588} INFO - Filling up the DagBag from /Users/luisl/Library/Python/3.9/lib/python/site-packages/airflow/example_dags/example_kubernetes_executor.py
[2025-04-21T16:29:07.356+0800] {logging_mixin.py:190} INFO - [2025-04-21T16:29:07.355+0800] {example_kubernetes_executor.py:39} WARNING - The example_kubernetes_executor example DAG requires the kubernetes provider. Please install it with: pip install apache-airflow[cncf.kubernetes]
[2025-04-21T16:29:07.356+0800] {processor.py:927} WARNING - No viable dags retrieved from /Users/luisl/Library/Python/3.9/lib/python/site-packages/airflow/example_dags/example_kubernetes_executor.py
[2025-04-21T16:29:07.395+0800] {processor.py:208} INFO - Processing /Users/luisl/Library/Python/3.9/lib/python/site-packages/airflow/example_dags/example_kubernetes_executor.py took 0.057 seconds
[2025-04-21T16:32:00.172+0800] {processor.py:186} INFO - Started process (PID=19371) to work on /Users/luisl/Library/Python/3.9/lib/python/site-packages/airflow/example_dags/example_kubernetes_executor.py
[2025-04-21T16:32:00.175+0800] {processor.py:914} INFO - Processing file /Users/luisl/Library/Python/3.9/lib/python/site-packages/airflow/example_dags/example_kubernetes_executor.py for tasks to queue
[2025-04-21T16:32:00.175+0800] {logging_mixin.py:190} INFO - [2025-04-21T16:32:00.175+0800] {dagbag.py:588} INFO - Filling up the DagBag from /Users/luisl/Library/Python/3.9/lib/python/site-packages/airflow/example_dags/example_kubernetes_executor.py
[2025-04-21T16:32:00.190+0800] {logging_mixin.py:190} INFO - [2025-04-21T16:32:00.190+0800] {example_kubernetes_executor.py:39} WARNING - The example_kubernetes_executor example DAG requires the kubernetes provider. Please install it with: pip install apache-airflow[cncf.kubernetes]
[2025-04-21T16:32:00.190+0800] {processor.py:927} WARNING - No viable dags retrieved from /Users/luisl/Library/Python/3.9/lib/python/site-packages/airflow/example_dags/example_kubernetes_executor.py
[2025-04-21T16:32:00.228+0800] {processor.py:208} INFO - Processing /Users/luisl/Library/Python/3.9/lib/python/site-packages/airflow/example_dags/example_kubernetes_executor.py took 0.057 seconds
[2025-04-21T16:34:47.695+0800] {processor.py:186} INFO - Started process (PID=19712) to work on /Users/luisl/Library/Python/3.9/lib/python/site-packages/airflow/example_dags/example_kubernetes_executor.py
[2025-04-21T16:34:47.698+0800] {processor.py:914} INFO - Processing file /Users/luisl/Library/Python/3.9/lib/python/site-packages/airflow/example_dags/example_kubernetes_executor.py for tasks to queue
[2025-04-21T16:34:47.698+0800] {logging_mixin.py:190} INFO - [2025-04-21T16:34:47.698+0800] {dagbag.py:588} INFO - Filling up the DagBag from /Users/luisl/Library/Python/3.9/lib/python/site-packages/airflow/example_dags/example_kubernetes_executor.py
[2025-04-21T16:34:47.711+0800] {logging_mixin.py:190} INFO - [2025-04-21T16:34:47.711+0800] {example_kubernetes_executor.py:39} WARNING - The example_kubernetes_executor example DAG requires the kubernetes provider. Please install it with: pip install apache-airflow[cncf.kubernetes]
[2025-04-21T16:34:47.711+0800] {processor.py:927} WARNING - No viable dags retrieved from /Users/luisl/Library/Python/3.9/lib/python/site-packages/airflow/example_dags/example_kubernetes_executor.py
[2025-04-21T16:34:47.751+0800] {processor.py:208} INFO - Processing /Users/luisl/Library/Python/3.9/lib/python/site-packages/airflow/example_dags/example_kubernetes_executor.py took 0.057 seconds
[2025-04-21T16:37:39.130+0800] {processor.py:186} INFO - Started process (PID=20001) to work on /Users/luisl/Library/Python/3.9/lib/python/site-packages/airflow/example_dags/example_kubernetes_executor.py
[2025-04-21T16:37:39.133+0800] {processor.py:914} INFO - Processing file /Users/luisl/Library/Python/3.9/lib/python/site-packages/airflow/example_dags/example_kubernetes_executor.py for tasks to queue
[2025-04-21T16:37:39.134+0800] {logging_mixin.py:190} INFO - [2025-04-21T16:37:39.134+0800] {dagbag.py:588} INFO - Filling up the DagBag from /Users/luisl/Library/Python/3.9/lib/python/site-packages/airflow/example_dags/example_kubernetes_executor.py
[2025-04-21T16:37:39.149+0800] {logging_mixin.py:190} INFO - [2025-04-21T16:37:39.149+0800] {example_kubernetes_executor.py:39} WARNING - The example_kubernetes_executor example DAG requires the kubernetes provider. Please install it with: pip install apache-airflow[cncf.kubernetes]
[2025-04-21T16:37:39.149+0800] {processor.py:927} WARNING - No viable dags retrieved from /Users/luisl/Library/Python/3.9/lib/python/site-packages/airflow/example_dags/example_kubernetes_executor.py
[2025-04-21T16:37:39.190+0800] {processor.py:208} INFO - Processing /Users/luisl/Library/Python/3.9/lib/python/site-packages/airflow/example_dags/example_kubernetes_executor.py took 0.062 seconds
[2025-04-21T16:40:29.582+0800] {processor.py:186} INFO - Started process (PID=20357) to work on /Users/luisl/Library/Python/3.9/lib/python/site-packages/airflow/example_dags/example_kubernetes_executor.py
[2025-04-21T16:40:29.585+0800] {processor.py:914} INFO - Processing file /Users/luisl/Library/Python/3.9/lib/python/site-packages/airflow/example_dags/example_kubernetes_executor.py for tasks to queue
[2025-04-21T16:40:29.586+0800] {logging_mixin.py:190} INFO - [2025-04-21T16:40:29.586+0800] {dagbag.py:588} INFO - Filling up the DagBag from /Users/luisl/Library/Python/3.9/lib/python/site-packages/airflow/example_dags/example_kubernetes_executor.py
[2025-04-21T16:40:29.601+0800] {logging_mixin.py:190} INFO - [2025-04-21T16:40:29.601+0800] {example_kubernetes_executor.py:39} WARNING - The example_kubernetes_executor example DAG requires the kubernetes provider. Please install it with: pip install apache-airflow[cncf.kubernetes]
[2025-04-21T16:40:29.601+0800] {processor.py:927} WARNING - No viable dags retrieved from /Users/luisl/Library/Python/3.9/lib/python/site-packages/airflow/example_dags/example_kubernetes_executor.py
[2025-04-21T16:40:29.639+0800] {processor.py:208} INFO - Processing /Users/luisl/Library/Python/3.9/lib/python/site-packages/airflow/example_dags/example_kubernetes_executor.py took 0.059 seconds
[2025-04-21T16:43:21.521+0800] {processor.py:186} INFO - Started process (PID=20626) to work on /Users/luisl/Library/Python/3.9/lib/python/site-packages/airflow/example_dags/example_kubernetes_executor.py
[2025-04-21T16:43:21.523+0800] {processor.py:914} INFO - Processing file /Users/luisl/Library/Python/3.9/lib/python/site-packages/airflow/example_dags/example_kubernetes_executor.py for tasks to queue
[2025-04-21T16:43:21.524+0800] {logging_mixin.py:190} INFO - [2025-04-21T16:43:21.524+0800] {dagbag.py:588} INFO - Filling up the DagBag from /Users/luisl/Library/Python/3.9/lib/python/site-packages/airflow/example_dags/example_kubernetes_executor.py
[2025-04-21T16:43:21.538+0800] {logging_mixin.py:190} INFO - [2025-04-21T16:43:21.538+0800] {example_kubernetes_executor.py:39} WARNING - The example_kubernetes_executor example DAG requires the kubernetes provider. Please install it with: pip install apache-airflow[cncf.kubernetes]
[2025-04-21T16:43:21.538+0800] {processor.py:927} WARNING - No viable dags retrieved from /Users/luisl/Library/Python/3.9/lib/python/site-packages/airflow/example_dags/example_kubernetes_executor.py
[2025-04-21T16:43:21.574+0800] {processor.py:208} INFO - Processing /Users/luisl/Library/Python/3.9/lib/python/site-packages/airflow/example_dags/example_kubernetes_executor.py took 0.055 seconds
[2025-04-21T16:46:13.647+0800] {processor.py:186} INFO - Started process (PID=20984) to work on /Users/luisl/Library/Python/3.9/lib/python/site-packages/airflow/example_dags/example_kubernetes_executor.py
[2025-04-21T16:46:13.649+0800] {processor.py:914} INFO - Processing file /Users/luisl/Library/Python/3.9/lib/python/site-packages/airflow/example_dags/example_kubernetes_executor.py for tasks to queue
[2025-04-21T16:46:13.649+0800] {logging_mixin.py:190} INFO - [2025-04-21T16:46:13.649+0800] {dagbag.py:588} INFO - Filling up the DagBag from /Users/luisl/Library/Python/3.9/lib/python/site-packages/airflow/example_dags/example_kubernetes_executor.py
[2025-04-21T16:46:13.663+0800] {logging_mixin.py:190} INFO - [2025-04-21T16:46:13.663+0800] {example_kubernetes_executor.py:39} WARNING - The example_kubernetes_executor example DAG requires the kubernetes provider. Please install it with: pip install apache-airflow[cncf.kubernetes]
[2025-04-21T16:46:13.663+0800] {processor.py:927} WARNING - No viable dags retrieved from /Users/luisl/Library/Python/3.9/lib/python/site-packages/airflow/example_dags/example_kubernetes_executor.py
[2025-04-21T16:46:13.701+0800] {processor.py:208} INFO - Processing /Users/luisl/Library/Python/3.9/lib/python/site-packages/airflow/example_dags/example_kubernetes_executor.py took 0.055 seconds
[2025-04-21T16:49:05.528+0800] {processor.py:186} INFO - Started process (PID=21384) to work on /Users/luisl/Library/Python/3.9/lib/python/site-packages/airflow/example_dags/example_kubernetes_executor.py
[2025-04-21T16:49:05.531+0800] {processor.py:914} INFO - Processing file /Users/luisl/Library/Python/3.9/lib/python/site-packages/airflow/example_dags/example_kubernetes_executor.py for tasks to queue
[2025-04-21T16:49:05.531+0800] {logging_mixin.py:190} INFO - [2025-04-21T16:49:05.531+0800] {dagbag.py:588} INFO - Filling up the DagBag from /Users/luisl/Library/Python/3.9/lib/python/site-packages/airflow/example_dags/example_kubernetes_executor.py
[2025-04-21T16:49:05.546+0800] {logging_mixin.py:190} INFO - [2025-04-21T16:49:05.546+0800] {example_kubernetes_executor.py:39} WARNING - The example_kubernetes_executor example DAG requires the kubernetes provider. Please install it with: pip install apache-airflow[cncf.kubernetes]
[2025-04-21T16:49:05.546+0800] {processor.py:927} WARNING - No viable dags retrieved from /Users/luisl/Library/Python/3.9/lib/python/site-packages/airflow/example_dags/example_kubernetes_executor.py
[2025-04-21T16:49:05.584+0800] {processor.py:208} INFO - Processing /Users/luisl/Library/Python/3.9/lib/python/site-packages/airflow/example_dags/example_kubernetes_executor.py took 0.058 seconds
[2025-04-21T16:51:53.709+0800] {processor.py:186} INFO - Started process (PID=21733) to work on /Users/luisl/Library/Python/3.9/lib/python/site-packages/airflow/example_dags/example_kubernetes_executor.py
[2025-04-21T16:51:53.712+0800] {processor.py:914} INFO - Processing file /Users/luisl/Library/Python/3.9/lib/python/site-packages/airflow/example_dags/example_kubernetes_executor.py for tasks to queue
[2025-04-21T16:51:53.713+0800] {logging_mixin.py:190} INFO - [2025-04-21T16:51:53.713+0800] {dagbag.py:588} INFO - Filling up the DagBag from /Users/luisl/Library/Python/3.9/lib/python/site-packages/airflow/example_dags/example_kubernetes_executor.py
[2025-04-21T16:51:53.727+0800] {logging_mixin.py:190} INFO - [2025-04-21T16:51:53.727+0800] {example_kubernetes_executor.py:39} WARNING - The example_kubernetes_executor example DAG requires the kubernetes provider. Please install it with: pip install apache-airflow[cncf.kubernetes]
[2025-04-21T16:51:53.727+0800] {processor.py:927} WARNING - No viable dags retrieved from /Users/luisl/Library/Python/3.9/lib/python/site-packages/airflow/example_dags/example_kubernetes_executor.py
[2025-04-21T16:51:53.766+0800] {processor.py:208} INFO - Processing /Users/luisl/Library/Python/3.9/lib/python/site-packages/airflow/example_dags/example_kubernetes_executor.py took 0.058 seconds
[2025-04-21T16:54:50.526+0800] {processor.py:186} INFO - Started process (PID=22037) to work on /Users/luisl/Library/Python/3.9/lib/python/site-packages/airflow/example_dags/example_kubernetes_executor.py
[2025-04-21T16:54:50.528+0800] {processor.py:914} INFO - Processing file /Users/luisl/Library/Python/3.9/lib/python/site-packages/airflow/example_dags/example_kubernetes_executor.py for tasks to queue
[2025-04-21T16:54:50.529+0800] {logging_mixin.py:190} INFO - [2025-04-21T16:54:50.529+0800] {dagbag.py:588} INFO - Filling up the DagBag from /Users/luisl/Library/Python/3.9/lib/python/site-packages/airflow/example_dags/example_kubernetes_executor.py
[2025-04-21T16:54:50.542+0800] {logging_mixin.py:190} INFO - [2025-04-21T16:54:50.542+0800] {example_kubernetes_executor.py:39} WARNING - The example_kubernetes_executor example DAG requires the kubernetes provider. Please install it with: pip install apache-airflow[cncf.kubernetes]
[2025-04-21T16:54:50.542+0800] {processor.py:927} WARNING - No viable dags retrieved from /Users/luisl/Library/Python/3.9/lib/python/site-packages/airflow/example_dags/example_kubernetes_executor.py
[2025-04-21T16:54:50.578+0800] {processor.py:208} INFO - Processing /Users/luisl/Library/Python/3.9/lib/python/site-packages/airflow/example_dags/example_kubernetes_executor.py took 0.053 seconds
[2025-04-21T16:57:39.438+0800] {processor.py:186} INFO - Started process (PID=22351) to work on /Users/luisl/Library/Python/3.9/lib/python/site-packages/airflow/example_dags/example_kubernetes_executor.py
[2025-04-21T16:57:39.441+0800] {processor.py:914} INFO - Processing file /Users/luisl/Library/Python/3.9/lib/python/site-packages/airflow/example_dags/example_kubernetes_executor.py for tasks to queue
[2025-04-21T16:57:39.441+0800] {logging_mixin.py:190} INFO - [2025-04-21T16:57:39.441+0800] {dagbag.py:588} INFO - Filling up the DagBag from /Users/luisl/Library/Python/3.9/lib/python/site-packages/airflow/example_dags/example_kubernetes_executor.py
[2025-04-21T16:57:39.455+0800] {logging_mixin.py:190} INFO - [2025-04-21T16:57:39.455+0800] {example_kubernetes_executor.py:39} WARNING - The example_kubernetes_executor example DAG requires the kubernetes provider. Please install it with: pip install apache-airflow[cncf.kubernetes]
[2025-04-21T16:57:39.455+0800] {processor.py:927} WARNING - No viable dags retrieved from /Users/luisl/Library/Python/3.9/lib/python/site-packages/airflow/example_dags/example_kubernetes_executor.py
[2025-04-21T16:57:39.491+0800] {processor.py:208} INFO - Processing /Users/luisl/Library/Python/3.9/lib/python/site-packages/airflow/example_dags/example_kubernetes_executor.py took 0.055 seconds
[2025-04-21T17:02:46.940+0800] {processor.py:186} INFO - Started process (PID=22946) to work on /Users/luisl/Library/Python/3.9/lib/python/site-packages/airflow/example_dags/example_kubernetes_executor.py
[2025-04-21T17:02:46.943+0800] {processor.py:914} INFO - Processing file /Users/luisl/Library/Python/3.9/lib/python/site-packages/airflow/example_dags/example_kubernetes_executor.py for tasks to queue
[2025-04-21T17:02:46.943+0800] {logging_mixin.py:190} INFO - [2025-04-21T17:02:46.943+0800] {dagbag.py:588} INFO - Filling up the DagBag from /Users/luisl/Library/Python/3.9/lib/python/site-packages/airflow/example_dags/example_kubernetes_executor.py
[2025-04-21T17:02:46.957+0800] {logging_mixin.py:190} INFO - [2025-04-21T17:02:46.957+0800] {example_kubernetes_executor.py:39} WARNING - The example_kubernetes_executor example DAG requires the kubernetes provider. Please install it with: pip install apache-airflow[cncf.kubernetes]
[2025-04-21T17:02:46.958+0800] {processor.py:927} WARNING - No viable dags retrieved from /Users/luisl/Library/Python/3.9/lib/python/site-packages/airflow/example_dags/example_kubernetes_executor.py
[2025-04-21T17:02:46.995+0800] {processor.py:208} INFO - Processing /Users/luisl/Library/Python/3.9/lib/python/site-packages/airflow/example_dags/example_kubernetes_executor.py took 0.056 seconds
[2025-04-21T17:04:40.077+0800] {processor.py:186} INFO - Started process (PID=23158) to work on /Users/luisl/Library/Python/3.9/lib/python/site-packages/airflow/example_dags/example_kubernetes_executor.py
[2025-04-21T17:04:40.080+0800] {processor.py:914} INFO - Processing file /Users/luisl/Library/Python/3.9/lib/python/site-packages/airflow/example_dags/example_kubernetes_executor.py for tasks to queue
[2025-04-21T17:04:40.080+0800] {logging_mixin.py:190} INFO - [2025-04-21T17:04:40.080+0800] {dagbag.py:588} INFO - Filling up the DagBag from /Users/luisl/Library/Python/3.9/lib/python/site-packages/airflow/example_dags/example_kubernetes_executor.py
[2025-04-21T17:04:40.093+0800] {logging_mixin.py:190} INFO - [2025-04-21T17:04:40.093+0800] {example_kubernetes_executor.py:39} WARNING - The example_kubernetes_executor example DAG requires the kubernetes provider. Please install it with: pip install apache-airflow[cncf.kubernetes]
[2025-04-21T17:04:40.093+0800] {processor.py:927} WARNING - No viable dags retrieved from /Users/luisl/Library/Python/3.9/lib/python/site-packages/airflow/example_dags/example_kubernetes_executor.py
[2025-04-21T17:04:40.132+0800] {processor.py:208} INFO - Processing /Users/luisl/Library/Python/3.9/lib/python/site-packages/airflow/example_dags/example_kubernetes_executor.py took 0.056 seconds
